mode: set
github.com/remiges-tech/crux/db/error.go:18.59,21.28 2 0
github.com/remiges-tech/crux/db/error.go:21.28,22.21 1 0
github.com/remiges-tech/crux/db/error.go:23.16,24.119 1 0
github.com/remiges-tech/crux/db/error.go:25.16,26.115 1 0
github.com/remiges-tech/crux/db/error.go:27.16,28.112 1 0
github.com/remiges-tech/crux/db/error.go:29.16,31.99 1 0
github.com/remiges-tech/crux/db/error.go:32.16,33.99 1 0
github.com/remiges-tech/crux/db/error.go:34.11,35.98 1 0
github.com/remiges-tech/crux/db/error.go:37.8,37.23 1 0
github.com/remiges-tech/crux/db/error.go:37.23,38.45 1 0
github.com/remiges-tech/crux/db/error.go:38.45,41.4 1 0
github.com/remiges-tech/crux/db/error.go:42.8,44.3 1 0
github.com/remiges-tech/crux/db/error.go:45.2,45.32 1 0
github.com/remiges-tech/crux/db/pg.go:9.60,12.16 3 1
github.com/remiges-tech/crux/db/pg.go:12.16,14.3 1 0
github.com/remiges-tech/crux/db/pg.go:15.2,16.16 2 1
github.com/remiges-tech/crux/db/pg.go:16.16,18.3 1 0
github.com/remiges-tech/crux/db/pg.go:19.2,19.22 1 1
github.com/remiges-tech/crux/db/sqlc-gen/app.sql.go:24.77,27.2 2 0
github.com/remiges-tech/crux/db/sqlc-gen/app.sql.go:39.76,44.2 4 0
github.com/remiges-tech/crux/db/sqlc-gen/app.sql.go:66.80,74.16 2 0
github.com/remiges-tech/crux/db/sqlc-gen/app.sql.go:74.16,76.3 1 0
github.com/remiges-tech/crux/db/sqlc-gen/app.sql.go:77.2,79.18 3 0
github.com/remiges-tech/crux/db/sqlc-gen/app.sql.go:79.18,89.17 2 0
github.com/remiges-tech/crux/db/sqlc-gen/app.sql.go:89.17,91.4 1 0
github.com/remiges-tech/crux/db/sqlc-gen/app.sql.go:92.3,92.27 1 0
github.com/remiges-tech/crux/db/sqlc-gen/app.sql.go:94.2,94.35 1 0
github.com/remiges-tech/crux/db/sqlc-gen/app.sql.go:94.35,96.3 1 0
github.com/remiges-tech/crux/db/sqlc-gen/app.sql.go:97.2,97.19 1 0
github.com/remiges-tech/crux/db/sqlc-gen/app.sql.go:118.77,126.2 2 0
github.com/remiges-tech/crux/db/sqlc-gen/app.sql.go:162.90,164.16 2 0
github.com/remiges-tech/crux/db/sqlc-gen/app.sql.go:164.16,166.3 1 0
github.com/remiges-tech/crux/db/sqlc-gen/app.sql.go:167.2,169.18 3 0
github.com/remiges-tech/crux/db/sqlc-gen/app.sql.go:169.18,179.17 2 0
github.com/remiges-tech/crux/db/sqlc-gen/app.sql.go:179.17,181.4 1 0
github.com/remiges-tech/crux/db/sqlc-gen/app.sql.go:182.3,182.27 1 0
github.com/remiges-tech/crux/db/sqlc-gen/app.sql.go:184.2,184.35 1 0
github.com/remiges-tech/crux/db/sqlc-gen/app.sql.go:184.35,186.3 1 0
github.com/remiges-tech/crux/db/sqlc-gen/app.sql.go:187.2,187.19 1 0
github.com/remiges-tech/crux/db/sqlc-gen/app.sql.go:199.88,201.16 2 0
github.com/remiges-tech/crux/db/sqlc-gen/app.sql.go:201.16,203.3 1 0
github.com/remiges-tech/crux/db/sqlc-gen/app.sql.go:204.2,206.18 3 0
github.com/remiges-tech/crux/db/sqlc-gen/app.sql.go:206.18,216.17 2 0
github.com/remiges-tech/crux/db/sqlc-gen/app.sql.go:216.17,218.4 1 0
github.com/remiges-tech/crux/db/sqlc-gen/app.sql.go:219.3,219.27 1 0
github.com/remiges-tech/crux/db/sqlc-gen/app.sql.go:221.2,221.35 1 0
github.com/remiges-tech/crux/db/sqlc-gen/app.sql.go:221.35,223.3 1 0
github.com/remiges-tech/crux/db/sqlc-gen/app.sql.go:224.2,224.19 1 0
github.com/remiges-tech/crux/db/sqlc-gen/capgrant.sql.go:24.97,27.2 2 0
github.com/remiges-tech/crux/db/sqlc-gen/capgrant.sql.go:39.107,41.16 2 0
github.com/remiges-tech/crux/db/sqlc-gen/capgrant.sql.go:41.16,43.3 1 0
github.com/remiges-tech/crux/db/sqlc-gen/capgrant.sql.go:44.2,46.18 3 0
github.com/remiges-tech/crux/db/sqlc-gen/capgrant.sql.go:46.18,58.17 2 0
github.com/remiges-tech/crux/db/sqlc-gen/capgrant.sql.go:58.17,60.4 1 0
github.com/remiges-tech/crux/db/sqlc-gen/capgrant.sql.go:61.3,61.27 1 0
github.com/remiges-tech/crux/db/sqlc-gen/capgrant.sql.go:63.2,63.35 1 0
github.com/remiges-tech/crux/db/sqlc-gen/capgrant.sql.go:63.35,65.3 1 0
github.com/remiges-tech/crux/db/sqlc-gen/capgrant.sql.go:66.2,66.19 1 0
github.com/remiges-tech/crux/db/sqlc-gen/db.go:20.28,22.2 1 1
github.com/remiges-tech/crux/db/sqlc-gen/db.go:28.46,32.2 1 1
github.com/remiges-tech/crux/db/sqlc-gen/models.go:21.48,22.25 1 0
github.com/remiges-tech/crux/db/sqlc-gen/models.go:23.14,24.19 1 0
github.com/remiges-tech/crux/db/sqlc-gen/models.go:25.14,26.19 1 0
github.com/remiges-tech/crux/db/sqlc-gen/models.go:27.10,28.67 1 0
github.com/remiges-tech/crux/db/sqlc-gen/models.go:30.2,30.12 1 0
github.com/remiges-tech/crux/db/sqlc-gen/models.go:39.55,40.18 1 0
github.com/remiges-tech/crux/db/sqlc-gen/models.go:40.18,43.3 2 0
github.com/remiges-tech/crux/db/sqlc-gen/models.go:44.2,45.32 2 0
github.com/remiges-tech/crux/db/sqlc-gen/models.go:49.54,50.15 1 0
github.com/remiges-tech/crux/db/sqlc-gen/models.go:50.15,52.3 1 0
github.com/remiges-tech/crux/db/sqlc-gen/models.go:53.2,53.33 1 0
github.com/remiges-tech/crux/db/sqlc-gen/realmslice.sql.go:32.136,34.2 1 1
github.com/remiges-tech/crux/db/sqlc-gen/realmslice.sql.go:65.132,75.2 4 1
github.com/remiges-tech/crux/db/sqlc-gen/realmslice.sql.go:110.138,117.2 1 1
github.com/remiges-tech/crux/db/sqlc-gen/realmslice.sql.go:149.136,156.2 1 1
github.com/remiges-tech/crux/db/sqlc-gen/realmslice.sql.go:178.118,180.16 2 1
github.com/remiges-tech/crux/db/sqlc-gen/realmslice.sql.go:180.16,182.3 1 0
github.com/remiges-tech/crux/db/sqlc-gen/realmslice.sql.go:183.2,185.18 3 1
github.com/remiges-tech/crux/db/sqlc-gen/realmslice.sql.go:185.18,196.17 2 1
github.com/remiges-tech/crux/db/sqlc-gen/realmslice.sql.go:196.17,198.4 1 0
github.com/remiges-tech/crux/db/sqlc-gen/realmslice.sql.go:199.3,199.27 1 1
github.com/remiges-tech/crux/db/sqlc-gen/realmslice.sql.go:201.2,201.35 1 1
github.com/remiges-tech/crux/db/sqlc-gen/realmslice.sql.go:201.35,203.3 1 0
github.com/remiges-tech/crux/db/sqlc-gen/realmslice.sql.go:204.2,204.19 1 1
github.com/remiges-tech/crux/db/sqlc-gen/realmslice.sql.go:221.122,226.2 4 0
github.com/remiges-tech/crux/db/sqlc-gen/realmslice.sql.go:253.109,269.2 4 1
github.com/remiges-tech/crux/db/sqlc-gen/realmslice.sql.go:284.102,286.16 2 1
github.com/remiges-tech/crux/db/sqlc-gen/realmslice.sql.go:286.16,288.3 1 0
github.com/remiges-tech/crux/db/sqlc-gen/realmslice.sql.go:289.2,291.18 3 1
github.com/remiges-tech/crux/db/sqlc-gen/realmslice.sql.go:291.18,293.62 2 1
github.com/remiges-tech/crux/db/sqlc-gen/realmslice.sql.go:293.62,295.4 1 0
github.com/remiges-tech/crux/db/sqlc-gen/realmslice.sql.go:296.3,296.27 1 1
github.com/remiges-tech/crux/db/sqlc-gen/realmslice.sql.go:298.2,298.35 1 1
github.com/remiges-tech/crux/db/sqlc-gen/realmslice.sql.go:298.35,300.3 1 0
github.com/remiges-tech/crux/db/sqlc-gen/realmslice.sql.go:301.2,301.19 1 1
github.com/remiges-tech/crux/db/sqlc-gen/realmslice.sql.go:329.113,345.2 4 1
github.com/remiges-tech/crux/db/sqlc-gen/realmslice.sql.go:369.97,371.2 1 1
github.com/remiges-tech/crux/db/sqlc-gen/ruleset.sql.go:22.70,24.16 2 0
github.com/remiges-tech/crux/db/sqlc-gen/ruleset.sql.go:24.16,26.3 1 0
github.com/remiges-tech/crux/db/sqlc-gen/ruleset.sql.go:27.2,29.18 3 0
github.com/remiges-tech/crux/db/sqlc-gen/ruleset.sql.go:29.18,47.17 2 0
github.com/remiges-tech/crux/db/sqlc-gen/ruleset.sql.go:47.17,49.4 1 0
github.com/remiges-tech/crux/db/sqlc-gen/ruleset.sql.go:50.3,50.27 1 0
github.com/remiges-tech/crux/db/sqlc-gen/ruleset.sql.go:52.2,52.35 1 0
github.com/remiges-tech/crux/db/sqlc-gen/ruleset.sql.go:52.35,54.3 1 0
github.com/remiges-tech/crux/db/sqlc-gen/ruleset.sql.go:55.2,55.19 1 0
github.com/remiges-tech/crux/db/sqlc-gen/ruleset.sql.go:76.81,86.2 4 0
github.com/remiges-tech/crux/db/sqlc-gen/ruleset.sql.go:106.85,116.2 4 0
github.com/remiges-tech/crux/db/sqlc-gen/ruleset.sql.go:138.108,149.2 4 0
github.com/remiges-tech/crux/db/sqlc-gen/ruleset.sql.go:171.105,182.2 4 0
github.com/remiges-tech/crux/db/sqlc-gen/ruleset.sql.go:200.98,221.2 4 0
github.com/remiges-tech/crux/db/sqlc-gen/ruleset.sql.go:247.81,262.2 2 0
github.com/remiges-tech/crux/db/sqlc-gen/ruleset.sql.go:288.108,298.2 1 0
github.com/remiges-tech/crux/db/sqlc-gen/ruleset.sql.go:320.108,328.2 1 0
github.com/remiges-tech/crux/db/sqlc-gen/ruleset.sql.go:379.104,389.16 2 0
github.com/remiges-tech/crux/db/sqlc-gen/ruleset.sql.go:389.16,391.3 1 0
github.com/remiges-tech/crux/db/sqlc-gen/ruleset.sql.go:392.2,394.18 3 0
github.com/remiges-tech/crux/db/sqlc-gen/ruleset.sql.go:394.18,408.17 2 0
github.com/remiges-tech/crux/db/sqlc-gen/ruleset.sql.go:408.17,410.4 1 0
github.com/remiges-tech/crux/db/sqlc-gen/ruleset.sql.go:411.3,411.27 1 0
github.com/remiges-tech/crux/db/sqlc-gen/ruleset.sql.go:413.2,413.35 1 0
github.com/remiges-tech/crux/db/sqlc-gen/ruleset.sql.go:413.35,415.3 1 0
github.com/remiges-tech/crux/db/sqlc-gen/ruleset.sql.go:416.2,416.19 1 0
github.com/remiges-tech/crux/db/sqlc-gen/ruleset.sql.go:466.99,490.2 4 0
github.com/remiges-tech/crux/db/sqlc-gen/schema.sql.go:18.69,20.16 2 0
github.com/remiges-tech/crux/db/sqlc-gen/schema.sql.go:20.16,22.3 1 0
github.com/remiges-tech/crux/db/sqlc-gen/schema.sql.go:23.2,25.18 3 0
github.com/remiges-tech/crux/db/sqlc-gen/schema.sql.go:25.18,40.17 2 0
github.com/remiges-tech/crux/db/sqlc-gen/schema.sql.go:40.17,42.4 1 0
github.com/remiges-tech/crux/db/sqlc-gen/schema.sql.go:43.3,43.27 1 0
github.com/remiges-tech/crux/db/sqlc-gen/schema.sql.go:45.2,45.35 1 0
github.com/remiges-tech/crux/db/sqlc-gen/schema.sql.go:45.35,47.3 1 0
github.com/remiges-tech/crux/db/sqlc-gen/schema.sql.go:48.2,48.19 1 0
github.com/remiges-tech/crux/db/sqlc-gen/schema.sql.go:82.117,94.2 4 0
github.com/remiges-tech/crux/db/sqlc-gen/schema.sql.go:100.78,104.2 3 0
github.com/remiges-tech/crux/db/sqlc-gen/schema.sql.go:134.95,136.16 2 0
github.com/remiges-tech/crux/db/sqlc-gen/schema.sql.go:136.16,138.3 1 0
github.com/remiges-tech/crux/db/sqlc-gen/schema.sql.go:139.2,141.18 3 0
github.com/remiges-tech/crux/db/sqlc-gen/schema.sql.go:141.18,152.17 2 0
github.com/remiges-tech/crux/db/sqlc-gen/schema.sql.go:152.17,154.4 1 0
github.com/remiges-tech/crux/db/sqlc-gen/schema.sql.go:155.3,155.27 1 0
github.com/remiges-tech/crux/db/sqlc-gen/schema.sql.go:157.2,157.35 1 0
github.com/remiges-tech/crux/db/sqlc-gen/schema.sql.go:157.35,159.3 1 0
github.com/remiges-tech/crux/db/sqlc-gen/schema.sql.go:160.2,160.19 1 0
github.com/remiges-tech/crux/db/sqlc-gen/schema.sql.go:182.76,184.16 2 0
github.com/remiges-tech/crux/db/sqlc-gen/schema.sql.go:184.16,186.3 1 0
github.com/remiges-tech/crux/db/sqlc-gen/schema.sql.go:187.2,189.18 3 0
github.com/remiges-tech/crux/db/sqlc-gen/schema.sql.go:189.18,201.17 2 0
github.com/remiges-tech/crux/db/sqlc-gen/schema.sql.go:201.17,203.4 1 0
github.com/remiges-tech/crux/db/sqlc-gen/schema.sql.go:204.3,204.27 1 0
github.com/remiges-tech/crux/db/sqlc-gen/schema.sql.go:206.2,206.35 1 0
github.com/remiges-tech/crux/db/sqlc-gen/schema.sql.go:206.35,208.3 1 0
github.com/remiges-tech/crux/db/sqlc-gen/schema.sql.go:209.2,209.19 1 0
github.com/remiges-tech/crux/db/sqlc-gen/schema.sql.go:233.98,235.16 2 0
github.com/remiges-tech/crux/db/sqlc-gen/schema.sql.go:235.16,237.3 1 0
github.com/remiges-tech/crux/db/sqlc-gen/schema.sql.go:238.2,240.18 3 0
github.com/remiges-tech/crux/db/sqlc-gen/schema.sql.go:240.18,252.17 2 0
github.com/remiges-tech/crux/db/sqlc-gen/schema.sql.go:252.17,254.4 1 0
github.com/remiges-tech/crux/db/sqlc-gen/schema.sql.go:255.3,255.27 1 0
github.com/remiges-tech/crux/db/sqlc-gen/schema.sql.go:257.2,257.35 1 0
github.com/remiges-tech/crux/db/sqlc-gen/schema.sql.go:257.35,259.3 1 0
github.com/remiges-tech/crux/db/sqlc-gen/schema.sql.go:260.2,260.19 1 0
github.com/remiges-tech/crux/db/sqlc-gen/schema.sql.go:289.137,291.16 2 0
github.com/remiges-tech/crux/db/sqlc-gen/schema.sql.go:291.16,293.3 1 0
github.com/remiges-tech/crux/db/sqlc-gen/schema.sql.go:294.2,296.18 3 0
github.com/remiges-tech/crux/db/sqlc-gen/schema.sql.go:296.18,307.17 2 0
github.com/remiges-tech/crux/db/sqlc-gen/schema.sql.go:307.17,309.4 1 0
github.com/remiges-tech/crux/db/sqlc-gen/schema.sql.go:310.3,310.27 1 0
github.com/remiges-tech/crux/db/sqlc-gen/schema.sql.go:312.2,312.35 1 0
github.com/remiges-tech/crux/db/sqlc-gen/schema.sql.go:312.35,314.3 1 0
github.com/remiges-tech/crux/db/sqlc-gen/schema.sql.go:315.2,315.19 1 0
github.com/remiges-tech/crux/db/sqlc-gen/schema.sql.go:344.137,346.16 2 0
github.com/remiges-tech/crux/db/sqlc-gen/schema.sql.go:346.16,348.3 1 0
github.com/remiges-tech/crux/db/sqlc-gen/schema.sql.go:349.2,351.18 3 0
github.com/remiges-tech/crux/db/sqlc-gen/schema.sql.go:351.18,362.17 2 0
github.com/remiges-tech/crux/db/sqlc-gen/schema.sql.go:362.17,364.4 1 0
github.com/remiges-tech/crux/db/sqlc-gen/schema.sql.go:365.3,365.27 1 0
github.com/remiges-tech/crux/db/sqlc-gen/schema.sql.go:367.2,367.35 1 0
github.com/remiges-tech/crux/db/sqlc-gen/schema.sql.go:367.35,369.3 1 0
github.com/remiges-tech/crux/db/sqlc-gen/schema.sql.go:370.2,370.19 1 0
github.com/remiges-tech/crux/db/sqlc-gen/schema.sql.go:393.104,395.16 2 0
github.com/remiges-tech/crux/db/sqlc-gen/schema.sql.go:395.16,397.3 1 0
github.com/remiges-tech/crux/db/sqlc-gen/schema.sql.go:398.2,400.18 3 0
github.com/remiges-tech/crux/db/sqlc-gen/schema.sql.go:400.18,411.17 2 0
github.com/remiges-tech/crux/db/sqlc-gen/schema.sql.go:411.17,413.4 1 0
github.com/remiges-tech/crux/db/sqlc-gen/schema.sql.go:414.3,414.27 1 0
github.com/remiges-tech/crux/db/sqlc-gen/schema.sql.go:416.2,416.35 1 0
github.com/remiges-tech/crux/db/sqlc-gen/schema.sql.go:416.35,418.3 1 0
github.com/remiges-tech/crux/db/sqlc-gen/schema.sql.go:419.2,419.19 1 0
github.com/remiges-tech/crux/db/sqlc-gen/schema.sql.go:448.143,450.16 2 0
github.com/remiges-tech/crux/db/sqlc-gen/schema.sql.go:450.16,452.3 1 0
github.com/remiges-tech/crux/db/sqlc-gen/schema.sql.go:453.2,455.18 3 0
github.com/remiges-tech/crux/db/sqlc-gen/schema.sql.go:455.18,466.17 2 0
github.com/remiges-tech/crux/db/sqlc-gen/schema.sql.go:466.17,468.4 1 0
github.com/remiges-tech/crux/db/sqlc-gen/schema.sql.go:469.3,469.27 1 0
github.com/remiges-tech/crux/db/sqlc-gen/schema.sql.go:471.2,471.35 1 0
github.com/remiges-tech/crux/db/sqlc-gen/schema.sql.go:471.35,473.3 1 0
github.com/remiges-tech/crux/db/sqlc-gen/schema.sql.go:474.2,474.19 1 0
github.com/remiges-tech/crux/db/sqlc-gen/schema.sql.go:497.103,499.16 2 0
github.com/remiges-tech/crux/db/sqlc-gen/schema.sql.go:499.16,501.3 1 0
github.com/remiges-tech/crux/db/sqlc-gen/schema.sql.go:502.2,504.18 3 0
github.com/remiges-tech/crux/db/sqlc-gen/schema.sql.go:504.18,515.17 2 0
github.com/remiges-tech/crux/db/sqlc-gen/schema.sql.go:515.17,517.4 1 0
github.com/remiges-tech/crux/db/sqlc-gen/schema.sql.go:518.3,518.27 1 0
github.com/remiges-tech/crux/db/sqlc-gen/schema.sql.go:520.2,520.35 1 0
github.com/remiges-tech/crux/db/sqlc-gen/schema.sql.go:520.35,522.3 1 0
github.com/remiges-tech/crux/db/sqlc-gen/schema.sql.go:523.2,523.19 1 0
github.com/remiges-tech/crux/db/sqlc-gen/schema.sql.go:547.86,561.2 4 0
github.com/remiges-tech/crux/db/sqlc-gen/schema.sql.go:587.83,598.2 2 0
github.com/remiges-tech/crux/db/sqlc-gen/schema.sql.go:618.105,628.2 4 0
github.com/remiges-tech/crux/db/sqlc-gen/schema.sql.go:645.91,663.2 4 0
github.com/remiges-tech/crux/db/sqlc-gen/schema.sql.go:695.104,702.16 2 0
github.com/remiges-tech/crux/db/sqlc-gen/schema.sql.go:702.16,704.3 1 0
github.com/remiges-tech/crux/db/sqlc-gen/schema.sql.go:705.2,707.18 3 0
github.com/remiges-tech/crux/db/sqlc-gen/schema.sql.go:707.18,718.17 2 0
github.com/remiges-tech/crux/db/sqlc-gen/schema.sql.go:718.17,720.4 1 0
github.com/remiges-tech/crux/db/sqlc-gen/schema.sql.go:721.3,721.27 1 0
github.com/remiges-tech/crux/db/sqlc-gen/schema.sql.go:723.2,723.35 1 0
github.com/remiges-tech/crux/db/sqlc-gen/schema.sql.go:723.35,725.3 1 0
github.com/remiges-tech/crux/db/sqlc-gen/schema.sql.go:726.2,726.19 1 0
github.com/remiges-tech/crux/db/sqlc-gen/schema.sql.go:766.87,774.2 2 0
github.com/remiges-tech/crux/db/sqlc-gen/schema.sql.go:809.99,830.2 4 0
github.com/remiges-tech/crux/db/sqlc-gen/sqlc_tx.go:26.57,31.2 1 0
github.com/remiges-tech/crux/db/sqlc-gen/sqlc_tx.go:38.117,40.2 1 0
github.com/remiges-tech/crux/db/sqlc-gen/sqlc_tx.go:47.106,49.16 2 0
github.com/remiges-tech/crux/db/sqlc-gen/sqlc_tx.go:49.16,51.3 1 0
github.com/remiges-tech/crux/db/sqlc-gen/sqlc_tx.go:52.2,54.16 3 0
github.com/remiges-tech/crux/db/sqlc-gen/sqlc_tx.go:54.16,55.46 1 0
github.com/remiges-tech/crux/db/sqlc-gen/sqlc_tx.go:55.46,57.4 1 0
github.com/remiges-tech/crux/db/sqlc-gen/sqlc_tx.go:58.3,58.21 1 0
github.com/remiges-tech/crux/db/sqlc-gen/sqlc_tx.go:60.2,60.31 1 0
github.com/remiges-tech/crux/db/sqlc-gen/stepworkflow.sql.go:21.91,23.16 2 0
github.com/remiges-tech/crux/db/sqlc-gen/stepworkflow.sql.go:23.16,25.3 1 0
github.com/remiges-tech/crux/db/sqlc-gen/stepworkflow.sql.go:26.2,28.18 3 0
github.com/remiges-tech/crux/db/sqlc-gen/stepworkflow.sql.go:28.18,30.57 2 0
github.com/remiges-tech/crux/db/sqlc-gen/stepworkflow.sql.go:30.57,32.4 1 0
github.com/remiges-tech/crux/db/sqlc-gen/stepworkflow.sql.go:33.3,33.27 1 0
github.com/remiges-tech/crux/db/sqlc-gen/stepworkflow.sql.go:35.2,35.35 1 0
github.com/remiges-tech/crux/db/sqlc-gen/stepworkflow.sql.go:35.35,37.3 1 0
github.com/remiges-tech/crux/db/sqlc-gen/stepworkflow.sql.go:38.2,38.19 1 0
github.com/remiges-tech/crux/db/sqlc-gen/wfinstance.sql.go:36.109,47.16 2 0
github.com/remiges-tech/crux/db/sqlc-gen/wfinstance.sql.go:47.16,49.3 1 0
github.com/remiges-tech/crux/db/sqlc-gen/wfinstance.sql.go:50.2,52.18 3 0
github.com/remiges-tech/crux/db/sqlc-gen/wfinstance.sql.go:52.18,66.17 2 0
github.com/remiges-tech/crux/db/sqlc-gen/wfinstance.sql.go:66.17,68.4 1 0
github.com/remiges-tech/crux/db/sqlc-gen/wfinstance.sql.go:69.3,69.27 1 0
github.com/remiges-tech/crux/db/sqlc-gen/wfinstance.sql.go:71.2,71.35 1 0
github.com/remiges-tech/crux/db/sqlc-gen/wfinstance.sql.go:71.35,73.3 1 0
github.com/remiges-tech/crux/db/sqlc-gen/wfinstance.sql.go:74.2,74.19 1 0
github.com/remiges-tech/crux/db/sqlc-gen/wfinstance.sql.go:89.133,91.16 2 0
github.com/remiges-tech/crux/db/sqlc-gen/wfinstance.sql.go:91.16,93.3 1 0
github.com/remiges-tech/crux/db/sqlc-gen/wfinstance.sql.go:94.2,96.18 3 0
github.com/remiges-tech/crux/db/sqlc-gen/wfinstance.sql.go:96.18,110.17 2 0
github.com/remiges-tech/crux/db/sqlc-gen/wfinstance.sql.go:110.17,112.4 1 0
github.com/remiges-tech/crux/db/sqlc-gen/wfinstance.sql.go:113.3,113.27 1 0
github.com/remiges-tech/crux/db/sqlc-gen/wfinstance.sql.go:115.2,115.35 1 0
github.com/remiges-tech/crux/db/sqlc-gen/wfinstance.sql.go:115.35,117.3 1 0
github.com/remiges-tech/crux/db/sqlc-gen/wfinstance.sql.go:118.2,118.19 1 0
github.com/remiges-tech/crux/db/sqlc-gen/wfinstance.sql.go:133.115,135.16 2 0
github.com/remiges-tech/crux/db/sqlc-gen/wfinstance.sql.go:135.16,137.3 1 0
github.com/remiges-tech/crux/db/sqlc-gen/wfinstance.sql.go:138.2,140.18 3 0
github.com/remiges-tech/crux/db/sqlc-gen/wfinstance.sql.go:140.18,154.17 2 0
github.com/remiges-tech/crux/db/sqlc-gen/wfinstance.sql.go:154.17,156.4 1 0
github.com/remiges-tech/crux/db/sqlc-gen/wfinstance.sql.go:157.3,157.27 1 0
github.com/remiges-tech/crux/db/sqlc-gen/wfinstance.sql.go:159.2,159.35 1 0
github.com/remiges-tech/crux/db/sqlc-gen/wfinstance.sql.go:159.35,161.3 1 0
github.com/remiges-tech/crux/db/sqlc-gen/wfinstance.sql.go:162.2,162.19 1 0
github.com/remiges-tech/crux/db/sqlc-gen/wfinstance.sql.go:182.94,192.2 4 0
github.com/remiges-tech/crux/db/sqlc-gen/wfinstance.sql.go:212.109,220.16 2 0
github.com/remiges-tech/crux/db/sqlc-gen/wfinstance.sql.go:220.16,222.3 1 0
github.com/remiges-tech/crux/db/sqlc-gen/wfinstance.sql.go:223.2,225.18 3 0
github.com/remiges-tech/crux/db/sqlc-gen/wfinstance.sql.go:225.18,239.17 2 0
github.com/remiges-tech/crux/db/sqlc-gen/wfinstance.sql.go:239.17,241.4 1 0
github.com/remiges-tech/crux/db/sqlc-gen/wfinstance.sql.go:242.3,242.27 1 0
github.com/remiges-tech/crux/db/sqlc-gen/wfinstance.sql.go:244.2,244.35 1 0
github.com/remiges-tech/crux/db/sqlc-gen/wfinstance.sql.go:244.35,246.3 1 0
github.com/remiges-tech/crux/db/sqlc-gen/wfinstance.sql.go:247.2,247.19 1 0
github.com/remiges-tech/crux/db/sqlc-gen/wfinstance.sql.go:256.101,258.16 2 0
github.com/remiges-tech/crux/db/sqlc-gen/wfinstance.sql.go:258.16,260.3 1 0
github.com/remiges-tech/crux/db/sqlc-gen/wfinstance.sql.go:261.2,263.18 3 0
github.com/remiges-tech/crux/db/sqlc-gen/wfinstance.sql.go:263.18,277.17 2 0
github.com/remiges-tech/crux/db/sqlc-gen/wfinstance.sql.go:277.17,279.4 1 0
github.com/remiges-tech/crux/db/sqlc-gen/wfinstance.sql.go:280.3,280.27 1 0
github.com/remiges-tech/crux/db/sqlc-gen/wfinstance.sql.go:282.2,282.35 1 0
github.com/remiges-tech/crux/db/sqlc-gen/wfinstance.sql.go:282.35,284.3 1 0
github.com/remiges-tech/crux/db/sqlc-gen/wfinstance.sql.go:285.2,285.19 1 0
github.com/remiges-tech/crux/server/wsc_utils.go:22.58,24.19 2 0
github.com/remiges-tech/crux/server/wsc_utils.go:25.18,26.38 1 0
github.com/remiges-tech/crux/server/wsc_utils.go:27.15,28.52 1 0
github.com/remiges-tech/crux/server/wsc_utils.go:29.12,30.51 1 0
github.com/remiges-tech/crux/server/wsc_utils.go:31.10,32.41 1 0
github.com/remiges-tech/crux/server/wsc_utils.go:34.2,34.13 1 0
github.com/remiges-tech/crux/server/wsc_utils.go:37.35,39.16 2 0
github.com/remiges-tech/crux/server/wsc_utils.go:39.16,41.3 1 0
github.com/remiges-tech/crux/server/wsc_utils.go:42.2,42.17 1 0
github.com/remiges-tech/crux/server/wsc_utils.go:45.56,48.16 2 0
github.com/remiges-tech/crux/server/wsc_utils.go:48.16,50.3 1 0
github.com/remiges-tech/crux/server/wsc_utils.go:51.2,53.16 3 0
github.com/remiges-tech/crux/server/wsc_utils.go:53.16,55.3 1 0
github.com/remiges-tech/crux/server/wsc_utils.go:56.2,56.22 1 0
github.com/remiges-tech/crux/server/wsc_utils.go:60.36,62.2 1 0
github.com/remiges-tech/crux/server/wsc_utils.go:65.40,68.2 2 0
github.com/remiges-tech/crux/server/wsc_utils.go:71.45,73.2 1 0
github.com/remiges-tech/crux/server/wsc_utils.go:75.63,78.2 2 1
github.com/remiges-tech/crux/server/wsc_utils.go:81.82,83.16 2 0
github.com/remiges-tech/crux/server/wsc_utils.go:83.16,85.3 1 0
github.com/remiges-tech/crux/server/wsc_utils.go:86.2,88.16 3 0
github.com/remiges-tech/crux/server/wsc_utils.go:88.16,90.3 1 0
github.com/remiges-tech/crux/server/wsc_utils.go:92.2,92.52 1 0
github.com/remiges-tech/crux/server/wsc_utils.go:92.52,94.3 1 0
github.com/remiges-tech/crux/server/wsc_utils.go:96.2,96.16 1 0
github.com/remiges-tech/crux/server/wsc_utils.go:96.16,98.3 1 0
github.com/remiges-tech/crux/server/wsc_utils.go:100.2,100.18 1 0
github.com/remiges-tech/crux/server/wsc_utils.go:103.58,105.16 2 0
github.com/remiges-tech/crux/server/wsc_utils.go:105.16,107.3 1 0
github.com/remiges-tech/crux/server/wsc_utils.go:108.2,110.19 3 0
github.com/remiges-tech/crux/server/wsc_utils.go:113.61,115.2 1 0
github.com/remiges-tech/crux/server/realmslice/realmslice_activate.go:26.61,42.16 4 1
github.com/remiges-tech/crux/server/realmslice/realmslice_activate.go:42.16,46.3 3 0
github.com/remiges-tech/crux/server/realmslice/realmslice_activate.go:48.2,55.16 3 1
github.com/remiges-tech/crux/server/realmslice/realmslice_activate.go:55.16,58.3 2 0
github.com/remiges-tech/crux/server/realmslice/realmslice_activate.go:61.2,61.88 1 1
github.com/remiges-tech/crux/server/realmslice/realmslice_activate.go:61.88,61.109 1 1
github.com/remiges-tech/crux/server/realmslice/realmslice_activate.go:62.2,62.31 1 1
github.com/remiges-tech/crux/server/realmslice/realmslice_activate.go:62.31,66.3 3 1
github.com/remiges-tech/crux/server/realmslice/realmslice_activate.go:68.2,68.21 1 1
github.com/remiges-tech/crux/server/realmslice/realmslice_activate.go:68.21,69.34 1 0
github.com/remiges-tech/crux/server/realmslice/realmslice_activate.go:69.34,73.4 3 0
github.com/remiges-tech/crux/server/realmslice/realmslice_activate.go:73.9,75.4 1 0
github.com/remiges-tech/crux/server/realmslice/realmslice_activate.go:76.3,76.20 1 0
github.com/remiges-tech/crux/server/realmslice/realmslice_activate.go:79.2,80.9 2 1
github.com/remiges-tech/crux/server/realmslice/realmslice_activate.go:80.9,84.3 3 0
github.com/remiges-tech/crux/server/realmslice/realmslice_activate.go:86.2,91.16 2 1
github.com/remiges-tech/crux/server/realmslice/realmslice_activate.go:91.16,96.3 4 0
github.com/remiges-tech/crux/server/realmslice/realmslice_activate.go:97.2,98.67 2 1
github.com/remiges-tech/crux/server/realmslice/realmslice_apps.go:16.57,32.16 4 1
github.com/remiges-tech/crux/server/realmslice/realmslice_apps.go:32.16,36.3 3 0
github.com/remiges-tech/crux/server/realmslice/realmslice_apps.go:37.2,39.16 3 1
github.com/remiges-tech/crux/server/realmslice/realmslice_apps.go:39.16,43.3 3 0
github.com/remiges-tech/crux/server/realmslice/realmslice_apps.go:45.2,46.9 2 1
github.com/remiges-tech/crux/server/realmslice/realmslice_apps.go:46.9,49.3 2 0
github.com/remiges-tech/crux/server/realmslice/realmslice_apps.go:51.2,52.16 2 1
github.com/remiges-tech/crux/server/realmslice/realmslice_apps.go:52.16,57.3 4 0
github.com/remiges-tech/crux/server/realmslice/realmslice_apps.go:58.2,58.34 1 1
github.com/remiges-tech/crux/server/realmslice/realmslice_apps.go:58.34,62.3 3 1
github.com/remiges-tech/crux/server/realmslice/realmslice_apps.go:62.8,66.3 3 1
github.com/remiges-tech/crux/server/realmslice/realmslice_deactivate.go:26.63,42.16 4 1
github.com/remiges-tech/crux/server/realmslice/realmslice_deactivate.go:42.16,46.3 3 0
github.com/remiges-tech/crux/server/realmslice/realmslice_deactivate.go:48.2,55.16 3 1
github.com/remiges-tech/crux/server/realmslice/realmslice_deactivate.go:55.16,58.3 2 0
github.com/remiges-tech/crux/server/realmslice/realmslice_deactivate.go:61.2,61.88 1 1
github.com/remiges-tech/crux/server/realmslice/realmslice_deactivate.go:61.88,61.109 1 1
github.com/remiges-tech/crux/server/realmslice/realmslice_deactivate.go:62.2,62.31 1 1
github.com/remiges-tech/crux/server/realmslice/realmslice_deactivate.go:62.31,66.3 3 1
github.com/remiges-tech/crux/server/realmslice/realmslice_deactivate.go:68.2,68.21 1 1
github.com/remiges-tech/crux/server/realmslice/realmslice_deactivate.go:68.21,69.34 1 0
github.com/remiges-tech/crux/server/realmslice/realmslice_deactivate.go:69.34,73.4 3 0
github.com/remiges-tech/crux/server/realmslice/realmslice_deactivate.go:73.9,75.4 1 0
github.com/remiges-tech/crux/server/realmslice/realmslice_deactivate.go:76.3,76.20 1 0
github.com/remiges-tech/crux/server/realmslice/realmslice_deactivate.go:79.2,80.9 2 1
github.com/remiges-tech/crux/server/realmslice/realmslice_deactivate.go:80.9,84.3 3 0
github.com/remiges-tech/crux/server/realmslice/realmslice_deactivate.go:86.2,91.16 2 1
github.com/remiges-tech/crux/server/realmslice/realmslice_deactivate.go:91.16,96.3 4 0
github.com/remiges-tech/crux/server/realmslice/realmslice_deactivate.go:97.2,98.67 2 1
github.com/remiges-tech/crux/server/realmslice/realmslice_list.go:15.57,44.16 5 1
github.com/remiges-tech/crux/server/realmslice/realmslice_list.go:44.16,48.3 3 0
github.com/remiges-tech/crux/server/realmslice/realmslice_list.go:50.2,51.9 2 1
github.com/remiges-tech/crux/server/realmslice/realmslice_list.go:51.9,55.3 3 0
github.com/remiges-tech/crux/server/realmslice/realmslice_list.go:57.2,58.16 2 1
github.com/remiges-tech/crux/server/realmslice/realmslice_list.go:58.16,63.3 4 0
github.com/remiges-tech/crux/server/realmslice/realmslice_list.go:65.2,66.131 2 1
github.com/remiges-tech/crux/server/realmslice/realmslice_new.go:24.56,47.16 4 1
github.com/remiges-tech/crux/server/realmslice/realmslice_new.go:47.16,51.3 3 0
github.com/remiges-tech/crux/server/realmslice/realmslice_new.go:53.2,56.16 3 1
github.com/remiges-tech/crux/server/realmslice/realmslice_new.go:56.16,59.3 2 0
github.com/remiges-tech/crux/server/realmslice/realmslice_new.go:62.2,62.88 1 1
github.com/remiges-tech/crux/server/realmslice/realmslice_new.go:62.88,62.109 1 1
github.com/remiges-tech/crux/server/realmslice/realmslice_new.go:63.2,63.31 1 1
github.com/remiges-tech/crux/server/realmslice/realmslice_new.go:63.31,67.3 3 1
github.com/remiges-tech/crux/server/realmslice/realmslice_new.go:69.2,70.9 2 1
github.com/remiges-tech/crux/server/realmslice/realmslice_new.go:70.9,74.3 3 0
github.com/remiges-tech/crux/server/realmslice/realmslice_new.go:76.2,77.9 2 1
github.com/remiges-tech/crux/server/realmslice/realmslice_new.go:77.9,81.3 3 0
github.com/remiges-tech/crux/server/realmslice/realmslice_new.go:83.2,83.39 1 1
github.com/remiges-tech/crux/server/realmslice/realmslice_new.go:83.39,89.17 2 0
github.com/remiges-tech/crux/server/realmslice/realmslice_new.go:89.17,94.4 4 0
github.com/remiges-tech/crux/server/realmslice/realmslice_new.go:95.3,97.9 3 0
github.com/remiges-tech/crux/server/realmslice/realmslice_new.go:100.2,101.16 2 1
github.com/remiges-tech/crux/server/realmslice/realmslice_new.go:101.16,106.3 4 0
github.com/remiges-tech/crux/server/realmslice/realmslice_new.go:107.2,116.16 4 1
github.com/remiges-tech/crux/server/realmslice/realmslice_new.go:116.16,119.45 3 1
github.com/remiges-tech/crux/server/realmslice/realmslice_new.go:119.45,123.4 3 1
github.com/remiges-tech/crux/server/realmslice/realmslice_new.go:124.3,126.9 3 0
github.com/remiges-tech/crux/server/realmslice/realmslice_new.go:129.2,134.16 2 1
github.com/remiges-tech/crux/server/realmslice/realmslice_new.go:134.16,140.3 5 0
github.com/remiges-tech/crux/server/realmslice/realmslice_new.go:141.2,141.41 1 1
github.com/remiges-tech/crux/server/realmslice/realmslice_new.go:141.41,143.3 1 1
github.com/remiges-tech/crux/server/realmslice/realmslice_new.go:145.2,151.16 2 1
github.com/remiges-tech/crux/server/realmslice/realmslice_new.go:151.16,157.3 5 0
github.com/remiges-tech/crux/server/realmslice/realmslice_new.go:158.2,158.41 1 1
github.com/remiges-tech/crux/server/realmslice/realmslice_new.go:158.41,161.3 1 1
github.com/remiges-tech/crux/server/realmslice/realmslice_new.go:163.2,170.16 2 1
github.com/remiges-tech/crux/server/realmslice/realmslice_new.go:170.16,176.3 5 0
github.com/remiges-tech/crux/server/realmslice/realmslice_new.go:177.2,177.41 1 1
github.com/remiges-tech/crux/server/realmslice/realmslice_new.go:177.41,179.3 1 1
github.com/remiges-tech/crux/server/realmslice/realmslice_new.go:181.2,181.37 1 1
github.com/remiges-tech/crux/server/realmslice/realmslice_new.go:181.37,185.3 3 0
github.com/remiges-tech/crux/server/realmslice/realmslice_new.go:187.2,188.57 2 1
github.com/remiges-tech/crux/server/realmslice/realmslice_purge.go:15.58,38.16 4 1
github.com/remiges-tech/crux/server/realmslice/realmslice_purge.go:38.16,42.3 3 0
github.com/remiges-tech/crux/server/realmslice/realmslice_purge.go:44.2,45.9 2 1
github.com/remiges-tech/crux/server/realmslice/realmslice_purge.go:45.9,49.3 3 0
github.com/remiges-tech/crux/server/realmslice/realmslice_purge.go:51.2,52.16 2 1
github.com/remiges-tech/crux/server/realmslice/realmslice_purge.go:52.16,57.3 4 0
github.com/remiges-tech/crux/server/realmslice/realmslice_purge.go:58.2,58.41 1 1
github.com/remiges-tech/crux/server/realmslice/realmslice_purge.go:58.41,62.3 3 1
github.com/remiges-tech/crux/server/realmslice/realmslice_purge.go:64.2,65.59 2 1
github.com/remiges-tech/crux/testutils/test_utils.go:13.35,15.16 2 1
github.com/remiges-tech/crux/testutils/test_utils.go:15.16,17.3 1 0
github.com/remiges-tech/crux/testutils/test_utils.go:18.2,18.17 1 1
github.com/remiges-tech/crux/testutils/test_utils.go:21.56,24.16 2 0
github.com/remiges-tech/crux/testutils/test_utils.go:24.16,26.3 1 0
github.com/remiges-tech/crux/testutils/test_utils.go:27.2,29.16 3 0
github.com/remiges-tech/crux/testutils/test_utils.go:29.16,31.3 1 0
github.com/remiges-tech/crux/testutils/test_utils.go:32.2,32.22 1 0
github.com/remiges-tech/crux/types/types.go:15.39,16.13 1 0
github.com/remiges-tech/crux/types/types.go:17.31,18.14 1 0
github.com/remiges-tech/crux/types/types.go:20.2,20.14 1 0
