mode: set
github.com/remiges-tech/crux/db/error.go:18.59,21.28 2 1
github.com/remiges-tech/crux/db/error.go:21.28,22.21 1 0
github.com/remiges-tech/crux/db/error.go:23.16,24.119 1 0
github.com/remiges-tech/crux/db/error.go:25.16,26.115 1 0
github.com/remiges-tech/crux/db/error.go:27.16,28.112 1 0
github.com/remiges-tech/crux/db/error.go:29.16,31.99 1 0
github.com/remiges-tech/crux/db/error.go:32.16,33.99 1 0
github.com/remiges-tech/crux/db/error.go:34.11,35.98 1 0
github.com/remiges-tech/crux/db/error.go:37.8,37.23 1 1
github.com/remiges-tech/crux/db/error.go:37.23,38.45 1 1
github.com/remiges-tech/crux/db/error.go:38.45,41.4 1 1
github.com/remiges-tech/crux/db/error.go:42.8,44.3 1 0
github.com/remiges-tech/crux/db/error.go:45.2,45.32 1 0
github.com/remiges-tech/crux/db/pg.go:9.60,12.16 3 1
github.com/remiges-tech/crux/db/pg.go:12.16,14.3 1 0
github.com/remiges-tech/crux/db/pg.go:15.2,16.16 2 1
github.com/remiges-tech/crux/db/pg.go:16.16,18.3 1 0
github.com/remiges-tech/crux/db/pg.go:19.2,19.22 1 1
github.com/remiges-tech/crux/db/sqlc-gen/app.sql.go:24.77,27.2 2 0
github.com/remiges-tech/crux/db/sqlc-gen/app.sql.go:39.76,44.2 4 0
github.com/remiges-tech/crux/db/sqlc-gen/app.sql.go:66.80,74.16 2 0
github.com/remiges-tech/crux/db/sqlc-gen/app.sql.go:74.16,76.3 1 0
github.com/remiges-tech/crux/db/sqlc-gen/app.sql.go:77.2,79.18 3 0
github.com/remiges-tech/crux/db/sqlc-gen/app.sql.go:79.18,89.17 2 0
github.com/remiges-tech/crux/db/sqlc-gen/app.sql.go:89.17,91.4 1 0
github.com/remiges-tech/crux/db/sqlc-gen/app.sql.go:92.3,92.27 1 0
github.com/remiges-tech/crux/db/sqlc-gen/app.sql.go:94.2,94.35 1 0
github.com/remiges-tech/crux/db/sqlc-gen/app.sql.go:94.35,96.3 1 0
github.com/remiges-tech/crux/db/sqlc-gen/app.sql.go:97.2,97.19 1 0
github.com/remiges-tech/crux/db/sqlc-gen/app.sql.go:118.77,126.2 2 0
github.com/remiges-tech/crux/db/sqlc-gen/app.sql.go:162.90,164.16 2 0
github.com/remiges-tech/crux/db/sqlc-gen/app.sql.go:164.16,166.3 1 0
github.com/remiges-tech/crux/db/sqlc-gen/app.sql.go:167.2,169.18 3 0
github.com/remiges-tech/crux/db/sqlc-gen/app.sql.go:169.18,179.17 2 0
github.com/remiges-tech/crux/db/sqlc-gen/app.sql.go:179.17,181.4 1 0
github.com/remiges-tech/crux/db/sqlc-gen/app.sql.go:182.3,182.27 1 0
github.com/remiges-tech/crux/db/sqlc-gen/app.sql.go:184.2,184.35 1 0
github.com/remiges-tech/crux/db/sqlc-gen/app.sql.go:184.35,186.3 1 0
github.com/remiges-tech/crux/db/sqlc-gen/app.sql.go:187.2,187.19 1 0
github.com/remiges-tech/crux/db/sqlc-gen/app.sql.go:199.88,201.16 2 0
github.com/remiges-tech/crux/db/sqlc-gen/app.sql.go:201.16,203.3 1 0
github.com/remiges-tech/crux/db/sqlc-gen/app.sql.go:204.2,206.18 3 0
github.com/remiges-tech/crux/db/sqlc-gen/app.sql.go:206.18,216.17 2 0
github.com/remiges-tech/crux/db/sqlc-gen/app.sql.go:216.17,218.4 1 0
github.com/remiges-tech/crux/db/sqlc-gen/app.sql.go:219.3,219.27 1 0
github.com/remiges-tech/crux/db/sqlc-gen/app.sql.go:221.2,221.35 1 0
github.com/remiges-tech/crux/db/sqlc-gen/app.sql.go:221.35,223.3 1 0
github.com/remiges-tech/crux/db/sqlc-gen/app.sql.go:224.2,224.19 1 0
github.com/remiges-tech/crux/db/sqlc-gen/capgrant.sql.go:24.97,27.2 2 0
github.com/remiges-tech/crux/db/sqlc-gen/capgrant.sql.go:39.107,41.16 2 0
github.com/remiges-tech/crux/db/sqlc-gen/capgrant.sql.go:41.16,43.3 1 0
github.com/remiges-tech/crux/db/sqlc-gen/capgrant.sql.go:44.2,46.18 3 0
github.com/remiges-tech/crux/db/sqlc-gen/capgrant.sql.go:46.18,58.17 2 0
github.com/remiges-tech/crux/db/sqlc-gen/capgrant.sql.go:58.17,60.4 1 0
github.com/remiges-tech/crux/db/sqlc-gen/capgrant.sql.go:61.3,61.27 1 0
github.com/remiges-tech/crux/db/sqlc-gen/capgrant.sql.go:63.2,63.35 1 0
github.com/remiges-tech/crux/db/sqlc-gen/capgrant.sql.go:63.35,65.3 1 0
github.com/remiges-tech/crux/db/sqlc-gen/capgrant.sql.go:66.2,66.19 1 0
github.com/remiges-tech/crux/db/sqlc-gen/capgrant.sql.go:93.95,108.2 4 1
github.com/remiges-tech/crux/db/sqlc-gen/capgrant.sql.go:134.99,149.2 4 1
github.com/remiges-tech/crux/db/sqlc-gen/db.go:20.28,22.2 1 1
github.com/remiges-tech/crux/db/sqlc-gen/db.go:28.46,32.2 1 0
github.com/remiges-tech/crux/db/sqlc-gen/deactivated.sql.go:23.87,26.2 2 1
github.com/remiges-tech/crux/db/sqlc-gen/deactivated.sql.go:40.91,48.2 2 1
github.com/remiges-tech/crux/db/sqlc-gen/models.go:21.48,22.25 1 0
github.com/remiges-tech/crux/db/sqlc-gen/models.go:23.14,24.19 1 0
github.com/remiges-tech/crux/db/sqlc-gen/models.go:25.14,26.19 1 0
github.com/remiges-tech/crux/db/sqlc-gen/models.go:27.10,28.67 1 0
github.com/remiges-tech/crux/db/sqlc-gen/models.go:30.2,30.12 1 0
github.com/remiges-tech/crux/db/sqlc-gen/models.go:39.55,40.18 1 0
github.com/remiges-tech/crux/db/sqlc-gen/models.go:40.18,43.3 2 0
github.com/remiges-tech/crux/db/sqlc-gen/models.go:44.2,45.32 2 0
github.com/remiges-tech/crux/db/sqlc-gen/models.go:49.54,50.15 1 0
github.com/remiges-tech/crux/db/sqlc-gen/models.go:50.15,52.3 1 0
github.com/remiges-tech/crux/db/sqlc-gen/models.go:53.2,53.33 1 0
github.com/remiges-tech/crux/db/sqlc-gen/realmslice.sql.go:32.136,34.2 1 0
github.com/remiges-tech/crux/db/sqlc-gen/realmslice.sql.go:65.132,75.2 4 0
github.com/remiges-tech/crux/db/sqlc-gen/realmslice.sql.go:110.138,117.2 1 0
github.com/remiges-tech/crux/db/sqlc-gen/realmslice.sql.go:149.136,156.2 1 0
github.com/remiges-tech/crux/db/sqlc-gen/realmslice.sql.go:178.118,180.16 2 0
github.com/remiges-tech/crux/db/sqlc-gen/realmslice.sql.go:180.16,182.3 1 0
github.com/remiges-tech/crux/db/sqlc-gen/realmslice.sql.go:183.2,185.18 3 0
github.com/remiges-tech/crux/db/sqlc-gen/realmslice.sql.go:185.18,196.17 2 0
github.com/remiges-tech/crux/db/sqlc-gen/realmslice.sql.go:196.17,198.4 1 0
github.com/remiges-tech/crux/db/sqlc-gen/realmslice.sql.go:199.3,199.27 1 0
github.com/remiges-tech/crux/db/sqlc-gen/realmslice.sql.go:201.2,201.35 1 0
github.com/remiges-tech/crux/db/sqlc-gen/realmslice.sql.go:201.35,203.3 1 0
github.com/remiges-tech/crux/db/sqlc-gen/realmslice.sql.go:204.2,204.19 1 0
github.com/remiges-tech/crux/db/sqlc-gen/realmslice.sql.go:221.122,226.2 4 0
github.com/remiges-tech/crux/db/sqlc-gen/realmslice.sql.go:253.109,269.2 4 0
github.com/remiges-tech/crux/db/sqlc-gen/realmslice.sql.go:284.102,286.16 2 0
github.com/remiges-tech/crux/db/sqlc-gen/realmslice.sql.go:286.16,288.3 1 0
github.com/remiges-tech/crux/db/sqlc-gen/realmslice.sql.go:289.2,291.18 3 0
github.com/remiges-tech/crux/db/sqlc-gen/realmslice.sql.go:291.18,293.62 2 0
github.com/remiges-tech/crux/db/sqlc-gen/realmslice.sql.go:293.62,295.4 1 0
github.com/remiges-tech/crux/db/sqlc-gen/realmslice.sql.go:296.3,296.27 1 0
github.com/remiges-tech/crux/db/sqlc-gen/realmslice.sql.go:298.2,298.35 1 0
github.com/remiges-tech/crux/db/sqlc-gen/realmslice.sql.go:298.35,300.3 1 0
github.com/remiges-tech/crux/db/sqlc-gen/realmslice.sql.go:301.2,301.19 1 0
github.com/remiges-tech/crux/db/sqlc-gen/realmslice.sql.go:329.113,345.2 4 0
github.com/remiges-tech/crux/db/sqlc-gen/realmslice.sql.go:369.97,371.2 1 0
github.com/remiges-tech/crux/db/sqlc-gen/ruleset.sql.go:22.70,24.16 2 0
github.com/remiges-tech/crux/db/sqlc-gen/ruleset.sql.go:24.16,26.3 1 0
github.com/remiges-tech/crux/db/sqlc-gen/ruleset.sql.go:27.2,29.18 3 0
github.com/remiges-tech/crux/db/sqlc-gen/ruleset.sql.go:29.18,47.17 2 0
github.com/remiges-tech/crux/db/sqlc-gen/ruleset.sql.go:47.17,49.4 1 0
github.com/remiges-tech/crux/db/sqlc-gen/ruleset.sql.go:50.3,50.27 1 0
github.com/remiges-tech/crux/db/sqlc-gen/ruleset.sql.go:52.2,52.35 1 0
github.com/remiges-tech/crux/db/sqlc-gen/ruleset.sql.go:52.35,54.3 1 0
github.com/remiges-tech/crux/db/sqlc-gen/ruleset.sql.go:55.2,55.19 1 0
github.com/remiges-tech/crux/db/sqlc-gen/ruleset.sql.go:76.81,86.2 4 0
github.com/remiges-tech/crux/db/sqlc-gen/ruleset.sql.go:106.85,116.2 4 0
github.com/remiges-tech/crux/db/sqlc-gen/ruleset.sql.go:138.108,149.2 4 0
github.com/remiges-tech/crux/db/sqlc-gen/ruleset.sql.go:171.105,182.2 4 0
github.com/remiges-tech/crux/db/sqlc-gen/ruleset.sql.go:200.98,221.2 4 0
github.com/remiges-tech/crux/db/sqlc-gen/ruleset.sql.go:247.81,262.2 2 0
github.com/remiges-tech/crux/db/sqlc-gen/ruleset.sql.go:288.108,298.2 1 0
github.com/remiges-tech/crux/db/sqlc-gen/ruleset.sql.go:320.108,328.2 1 0
github.com/remiges-tech/crux/db/sqlc-gen/ruleset.sql.go:379.104,389.16 2 0
github.com/remiges-tech/crux/db/sqlc-gen/ruleset.sql.go:389.16,391.3 1 0
github.com/remiges-tech/crux/db/sqlc-gen/ruleset.sql.go:392.2,394.18 3 0
github.com/remiges-tech/crux/db/sqlc-gen/ruleset.sql.go:394.18,408.17 2 0
github.com/remiges-tech/crux/db/sqlc-gen/ruleset.sql.go:408.17,410.4 1 0
github.com/remiges-tech/crux/db/sqlc-gen/ruleset.sql.go:411.3,411.27 1 0
github.com/remiges-tech/crux/db/sqlc-gen/ruleset.sql.go:413.2,413.35 1 0
github.com/remiges-tech/crux/db/sqlc-gen/ruleset.sql.go:413.35,415.3 1 0
github.com/remiges-tech/crux/db/sqlc-gen/ruleset.sql.go:416.2,416.19 1 0
github.com/remiges-tech/crux/db/sqlc-gen/ruleset.sql.go:466.99,490.2 4 0
github.com/remiges-tech/crux/db/sqlc-gen/schema.sql.go:18.69,20.16 2 0
github.com/remiges-tech/crux/db/sqlc-gen/schema.sql.go:20.16,22.3 1 0
github.com/remiges-tech/crux/db/sqlc-gen/schema.sql.go:23.2,25.18 3 0
github.com/remiges-tech/crux/db/sqlc-gen/schema.sql.go:25.18,40.17 2 0
github.com/remiges-tech/crux/db/sqlc-gen/schema.sql.go:40.17,42.4 1 0
github.com/remiges-tech/crux/db/sqlc-gen/schema.sql.go:43.3,43.27 1 0
github.com/remiges-tech/crux/db/sqlc-gen/schema.sql.go:45.2,45.35 1 0
github.com/remiges-tech/crux/db/sqlc-gen/schema.sql.go:45.35,47.3 1 0
github.com/remiges-tech/crux/db/sqlc-gen/schema.sql.go:48.2,48.19 1 0
github.com/remiges-tech/crux/db/sqlc-gen/schema.sql.go:82.117,94.2 4 0
github.com/remiges-tech/crux/db/sqlc-gen/schema.sql.go:100.78,104.2 3 0
github.com/remiges-tech/crux/db/sqlc-gen/schema.sql.go:134.95,136.16 2 0
github.com/remiges-tech/crux/db/sqlc-gen/schema.sql.go:136.16,138.3 1 0
github.com/remiges-tech/crux/db/sqlc-gen/schema.sql.go:139.2,141.18 3 0
github.com/remiges-tech/crux/db/sqlc-gen/schema.sql.go:141.18,152.17 2 0
github.com/remiges-tech/crux/db/sqlc-gen/schema.sql.go:152.17,154.4 1 0
github.com/remiges-tech/crux/db/sqlc-gen/schema.sql.go:155.3,155.27 1 0
github.com/remiges-tech/crux/db/sqlc-gen/schema.sql.go:157.2,157.35 1 0
github.com/remiges-tech/crux/db/sqlc-gen/schema.sql.go:157.35,159.3 1 0
github.com/remiges-tech/crux/db/sqlc-gen/schema.sql.go:160.2,160.19 1 0
github.com/remiges-tech/crux/db/sqlc-gen/schema.sql.go:182.76,184.16 2 0
github.com/remiges-tech/crux/db/sqlc-gen/schema.sql.go:184.16,186.3 1 0
github.com/remiges-tech/crux/db/sqlc-gen/schema.sql.go:187.2,189.18 3 0
github.com/remiges-tech/crux/db/sqlc-gen/schema.sql.go:189.18,201.17 2 0
github.com/remiges-tech/crux/db/sqlc-gen/schema.sql.go:201.17,203.4 1 0
github.com/remiges-tech/crux/db/sqlc-gen/schema.sql.go:204.3,204.27 1 0
github.com/remiges-tech/crux/db/sqlc-gen/schema.sql.go:206.2,206.35 1 0
github.com/remiges-tech/crux/db/sqlc-gen/schema.sql.go:206.35,208.3 1 0
github.com/remiges-tech/crux/db/sqlc-gen/schema.sql.go:209.2,209.19 1 0
github.com/remiges-tech/crux/db/sqlc-gen/schema.sql.go:233.98,235.16 2 0
github.com/remiges-tech/crux/db/sqlc-gen/schema.sql.go:235.16,237.3 1 0
github.com/remiges-tech/crux/db/sqlc-gen/schema.sql.go:238.2,240.18 3 0
github.com/remiges-tech/crux/db/sqlc-gen/schema.sql.go:240.18,252.17 2 0
github.com/remiges-tech/crux/db/sqlc-gen/schema.sql.go:252.17,254.4 1 0
github.com/remiges-tech/crux/db/sqlc-gen/schema.sql.go:255.3,255.27 1 0
github.com/remiges-tech/crux/db/sqlc-gen/schema.sql.go:257.2,257.35 1 0
github.com/remiges-tech/crux/db/sqlc-gen/schema.sql.go:257.35,259.3 1 0
github.com/remiges-tech/crux/db/sqlc-gen/schema.sql.go:260.2,260.19 1 0
github.com/remiges-tech/crux/db/sqlc-gen/schema.sql.go:289.137,291.16 2 0
github.com/remiges-tech/crux/db/sqlc-gen/schema.sql.go:291.16,293.3 1 0
github.com/remiges-tech/crux/db/sqlc-gen/schema.sql.go:294.2,296.18 3 0
github.com/remiges-tech/crux/db/sqlc-gen/schema.sql.go:296.18,307.17 2 0
github.com/remiges-tech/crux/db/sqlc-gen/schema.sql.go:307.17,309.4 1 0
github.com/remiges-tech/crux/db/sqlc-gen/schema.sql.go:310.3,310.27 1 0
github.com/remiges-tech/crux/db/sqlc-gen/schema.sql.go:312.2,312.35 1 0
github.com/remiges-tech/crux/db/sqlc-gen/schema.sql.go:312.35,314.3 1 0
github.com/remiges-tech/crux/db/sqlc-gen/schema.sql.go:315.2,315.19 1 0
github.com/remiges-tech/crux/db/sqlc-gen/schema.sql.go:344.137,346.16 2 0
github.com/remiges-tech/crux/db/sqlc-gen/schema.sql.go:346.16,348.3 1 0
github.com/remiges-tech/crux/db/sqlc-gen/schema.sql.go:349.2,351.18 3 0
github.com/remiges-tech/crux/db/sqlc-gen/schema.sql.go:351.18,362.17 2 0
github.com/remiges-tech/crux/db/sqlc-gen/schema.sql.go:362.17,364.4 1 0
github.com/remiges-tech/crux/db/sqlc-gen/schema.sql.go:365.3,365.27 1 0
github.com/remiges-tech/crux/db/sqlc-gen/schema.sql.go:367.2,367.35 1 0
github.com/remiges-tech/crux/db/sqlc-gen/schema.sql.go:367.35,369.3 1 0
github.com/remiges-tech/crux/db/sqlc-gen/schema.sql.go:370.2,370.19 1 0
github.com/remiges-tech/crux/db/sqlc-gen/schema.sql.go:393.104,395.16 2 0
github.com/remiges-tech/crux/db/sqlc-gen/schema.sql.go:395.16,397.3 1 0
github.com/remiges-tech/crux/db/sqlc-gen/schema.sql.go:398.2,400.18 3 0
github.com/remiges-tech/crux/db/sqlc-gen/schema.sql.go:400.18,411.17 2 0
github.com/remiges-tech/crux/db/sqlc-gen/schema.sql.go:411.17,413.4 1 0
github.com/remiges-tech/crux/db/sqlc-gen/schema.sql.go:414.3,414.27 1 0
github.com/remiges-tech/crux/db/sqlc-gen/schema.sql.go:416.2,416.35 1 0
github.com/remiges-tech/crux/db/sqlc-gen/schema.sql.go:416.35,418.3 1 0
github.com/remiges-tech/crux/db/sqlc-gen/schema.sql.go:419.2,419.19 1 0
github.com/remiges-tech/crux/db/sqlc-gen/schema.sql.go:448.143,450.16 2 0
github.com/remiges-tech/crux/db/sqlc-gen/schema.sql.go:450.16,452.3 1 0
github.com/remiges-tech/crux/db/sqlc-gen/schema.sql.go:453.2,455.18 3 0
github.com/remiges-tech/crux/db/sqlc-gen/schema.sql.go:455.18,466.17 2 0
github.com/remiges-tech/crux/db/sqlc-gen/schema.sql.go:466.17,468.4 1 0
github.com/remiges-tech/crux/db/sqlc-gen/schema.sql.go:469.3,469.27 1 0
github.com/remiges-tech/crux/db/sqlc-gen/schema.sql.go:471.2,471.35 1 0
github.com/remiges-tech/crux/db/sqlc-gen/schema.sql.go:471.35,473.3 1 0
github.com/remiges-tech/crux/db/sqlc-gen/schema.sql.go:474.2,474.19 1 0
github.com/remiges-tech/crux/db/sqlc-gen/schema.sql.go:497.103,499.16 2 0
github.com/remiges-tech/crux/db/sqlc-gen/schema.sql.go:499.16,501.3 1 0
github.com/remiges-tech/crux/db/sqlc-gen/schema.sql.go:502.2,504.18 3 0
github.com/remiges-tech/crux/db/sqlc-gen/schema.sql.go:504.18,515.17 2 0
github.com/remiges-tech/crux/db/sqlc-gen/schema.sql.go:515.17,517.4 1 0
github.com/remiges-tech/crux/db/sqlc-gen/schema.sql.go:518.3,518.27 1 0
github.com/remiges-tech/crux/db/sqlc-gen/schema.sql.go:520.2,520.35 1 0
github.com/remiges-tech/crux/db/sqlc-gen/schema.sql.go:520.35,522.3 1 0
github.com/remiges-tech/crux/db/sqlc-gen/schema.sql.go:523.2,523.19 1 0
github.com/remiges-tech/crux/db/sqlc-gen/schema.sql.go:547.86,561.2 4 0
github.com/remiges-tech/crux/db/sqlc-gen/schema.sql.go:587.83,598.2 2 0
github.com/remiges-tech/crux/db/sqlc-gen/schema.sql.go:618.105,628.2 4 0
github.com/remiges-tech/crux/db/sqlc-gen/schema.sql.go:645.91,663.2 4 0
github.com/remiges-tech/crux/db/sqlc-gen/schema.sql.go:695.104,702.16 2 0
github.com/remiges-tech/crux/db/sqlc-gen/schema.sql.go:702.16,704.3 1 0
github.com/remiges-tech/crux/db/sqlc-gen/schema.sql.go:705.2,707.18 3 0
github.com/remiges-tech/crux/db/sqlc-gen/schema.sql.go:707.18,718.17 2 0
github.com/remiges-tech/crux/db/sqlc-gen/schema.sql.go:718.17,720.4 1 0
github.com/remiges-tech/crux/db/sqlc-gen/schema.sql.go:721.3,721.27 1 0
github.com/remiges-tech/crux/db/sqlc-gen/schema.sql.go:723.2,723.35 1 0
github.com/remiges-tech/crux/db/sqlc-gen/schema.sql.go:723.35,725.3 1 0
github.com/remiges-tech/crux/db/sqlc-gen/schema.sql.go:726.2,726.19 1 0
github.com/remiges-tech/crux/db/sqlc-gen/schema.sql.go:766.87,774.2 2 0
github.com/remiges-tech/crux/db/sqlc-gen/schema.sql.go:809.99,830.2 4 0
github.com/remiges-tech/crux/db/sqlc-gen/sqlc_tx.go:26.57,31.2 1 0
github.com/remiges-tech/crux/db/sqlc-gen/sqlc_tx.go:38.117,40.2 1 0
github.com/remiges-tech/crux/db/sqlc-gen/sqlc_tx.go:47.106,49.16 2 0
github.com/remiges-tech/crux/db/sqlc-gen/sqlc_tx.go:49.16,51.3 1 0
github.com/remiges-tech/crux/db/sqlc-gen/sqlc_tx.go:52.2,54.16 3 0
github.com/remiges-tech/crux/db/sqlc-gen/sqlc_tx.go:54.16,55.46 1 0
github.com/remiges-tech/crux/db/sqlc-gen/sqlc_tx.go:55.46,57.4 1 0
github.com/remiges-tech/crux/db/sqlc-gen/sqlc_tx.go:58.3,58.21 1 0
github.com/remiges-tech/crux/db/sqlc-gen/sqlc_tx.go:60.2,60.31 1 0
github.com/remiges-tech/crux/db/sqlc-gen/stepworkflow.sql.go:21.91,23.16 2 0
github.com/remiges-tech/crux/db/sqlc-gen/stepworkflow.sql.go:23.16,25.3 1 0
github.com/remiges-tech/crux/db/sqlc-gen/stepworkflow.sql.go:26.2,28.18 3 0
github.com/remiges-tech/crux/db/sqlc-gen/stepworkflow.sql.go:28.18,30.57 2 0
github.com/remiges-tech/crux/db/sqlc-gen/stepworkflow.sql.go:30.57,32.4 1 0
github.com/remiges-tech/crux/db/sqlc-gen/stepworkflow.sql.go:33.3,33.27 1 0
github.com/remiges-tech/crux/db/sqlc-gen/stepworkflow.sql.go:35.2,35.35 1 0
github.com/remiges-tech/crux/db/sqlc-gen/stepworkflow.sql.go:35.35,37.3 1 0
github.com/remiges-tech/crux/db/sqlc-gen/stepworkflow.sql.go:38.2,38.19 1 0
github.com/remiges-tech/crux/db/sqlc-gen/wfinstance.sql.go:36.109,47.16 2 0
github.com/remiges-tech/crux/db/sqlc-gen/wfinstance.sql.go:47.16,49.3 1 0
github.com/remiges-tech/crux/db/sqlc-gen/wfinstance.sql.go:50.2,52.18 3 0
github.com/remiges-tech/crux/db/sqlc-gen/wfinstance.sql.go:52.18,66.17 2 0
github.com/remiges-tech/crux/db/sqlc-gen/wfinstance.sql.go:66.17,68.4 1 0
github.com/remiges-tech/crux/db/sqlc-gen/wfinstance.sql.go:69.3,69.27 1 0
github.com/remiges-tech/crux/db/sqlc-gen/wfinstance.sql.go:71.2,71.35 1 0
github.com/remiges-tech/crux/db/sqlc-gen/wfinstance.sql.go:71.35,73.3 1 0
github.com/remiges-tech/crux/db/sqlc-gen/wfinstance.sql.go:74.2,74.19 1 0
github.com/remiges-tech/crux/db/sqlc-gen/wfinstance.sql.go:89.133,91.16 2 0
github.com/remiges-tech/crux/db/sqlc-gen/wfinstance.sql.go:91.16,93.3 1 0
github.com/remiges-tech/crux/db/sqlc-gen/wfinstance.sql.go:94.2,96.18 3 0
github.com/remiges-tech/crux/db/sqlc-gen/wfinstance.sql.go:96.18,110.17 2 0
github.com/remiges-tech/crux/db/sqlc-gen/wfinstance.sql.go:110.17,112.4 1 0
github.com/remiges-tech/crux/db/sqlc-gen/wfinstance.sql.go:113.3,113.27 1 0
github.com/remiges-tech/crux/db/sqlc-gen/wfinstance.sql.go:115.2,115.35 1 0
github.com/remiges-tech/crux/db/sqlc-gen/wfinstance.sql.go:115.35,117.3 1 0
github.com/remiges-tech/crux/db/sqlc-gen/wfinstance.sql.go:118.2,118.19 1 0
github.com/remiges-tech/crux/db/sqlc-gen/wfinstance.sql.go:133.115,135.16 2 0
github.com/remiges-tech/crux/db/sqlc-gen/wfinstance.sql.go:135.16,137.3 1 0
github.com/remiges-tech/crux/db/sqlc-gen/wfinstance.sql.go:138.2,140.18 3 0
github.com/remiges-tech/crux/db/sqlc-gen/wfinstance.sql.go:140.18,154.17 2 0
github.com/remiges-tech/crux/db/sqlc-gen/wfinstance.sql.go:154.17,156.4 1 0
github.com/remiges-tech/crux/db/sqlc-gen/wfinstance.sql.go:157.3,157.27 1 0
github.com/remiges-tech/crux/db/sqlc-gen/wfinstance.sql.go:159.2,159.35 1 0
github.com/remiges-tech/crux/db/sqlc-gen/wfinstance.sql.go:159.35,161.3 1 0
github.com/remiges-tech/crux/db/sqlc-gen/wfinstance.sql.go:162.2,162.19 1 0
github.com/remiges-tech/crux/db/sqlc-gen/wfinstance.sql.go:182.94,192.2 4 0
github.com/remiges-tech/crux/db/sqlc-gen/wfinstance.sql.go:212.109,220.16 2 0
github.com/remiges-tech/crux/db/sqlc-gen/wfinstance.sql.go:220.16,222.3 1 0
github.com/remiges-tech/crux/db/sqlc-gen/wfinstance.sql.go:223.2,225.18 3 0
github.com/remiges-tech/crux/db/sqlc-gen/wfinstance.sql.go:225.18,239.17 2 0
github.com/remiges-tech/crux/db/sqlc-gen/wfinstance.sql.go:239.17,241.4 1 0
github.com/remiges-tech/crux/db/sqlc-gen/wfinstance.sql.go:242.3,242.27 1 0
github.com/remiges-tech/crux/db/sqlc-gen/wfinstance.sql.go:244.2,244.35 1 0
github.com/remiges-tech/crux/db/sqlc-gen/wfinstance.sql.go:244.35,246.3 1 0
github.com/remiges-tech/crux/db/sqlc-gen/wfinstance.sql.go:247.2,247.19 1 0
github.com/remiges-tech/crux/db/sqlc-gen/wfinstance.sql.go:256.101,258.16 2 0
github.com/remiges-tech/crux/db/sqlc-gen/wfinstance.sql.go:258.16,260.3 1 0
github.com/remiges-tech/crux/db/sqlc-gen/wfinstance.sql.go:261.2,263.18 3 0
github.com/remiges-tech/crux/db/sqlc-gen/wfinstance.sql.go:263.18,277.17 2 0
github.com/remiges-tech/crux/db/sqlc-gen/wfinstance.sql.go:277.17,279.4 1 0
github.com/remiges-tech/crux/db/sqlc-gen/wfinstance.sql.go:280.3,280.27 1 0
github.com/remiges-tech/crux/db/sqlc-gen/wfinstance.sql.go:282.2,282.35 1 0
github.com/remiges-tech/crux/db/sqlc-gen/wfinstance.sql.go:282.35,284.3 1 0
github.com/remiges-tech/crux/db/sqlc-gen/wfinstance.sql.go:285.2,285.19 1 0
github.com/remiges-tech/crux/matching-engine/cache.go:13.63,15.32 1 0
github.com/remiges-tech/crux/matching-engine/cache.go:15.32,17.3 1 0
github.com/remiges-tech/crux/matching-engine/cache.go:19.2,19.39 1 0
github.com/remiges-tech/crux/matching-engine/cache.go:19.39,22.14 3 0
github.com/remiges-tech/crux/matching-engine/cache.go:22.14,25.4 2 0
github.com/remiges-tech/crux/matching-engine/cache.go:27.3,29.14 3 0
github.com/remiges-tech/crux/matching-engine/cache.go:29.14,32.4 2 0
github.com/remiges-tech/crux/matching-engine/cache.go:34.3,36.14 3 0
github.com/remiges-tech/crux/matching-engine/cache.go:36.14,45.71 3 0
github.com/remiges-tech/crux/matching-engine/cache.go:45.71,47.13 2 0
github.com/remiges-tech/crux/matching-engine/cache.go:50.4,52.69 2 0
github.com/remiges-tech/crux/matching-engine/cache.go:52.69,54.13 2 0
github.com/remiges-tech/crux/matching-engine/cache.go:57.4,64.23 3 0
github.com/remiges-tech/crux/matching-engine/cache.go:64.23,66.5 1 0
github.com/remiges-tech/crux/matching-engine/cache.go:66.10,66.30 1 0
github.com/remiges-tech/crux/matching-engine/cache.go:66.30,68.5 1 0
github.com/remiges-tech/crux/matching-engine/cache.go:72.2,72.12 1 0
github.com/remiges-tech/crux/matching-engine/cache.go:75.66,77.33 1 0
github.com/remiges-tech/crux/matching-engine/cache.go:77.33,79.3 1 0
github.com/remiges-tech/crux/matching-engine/cache.go:80.2,80.40 1 0
github.com/remiges-tech/crux/matching-engine/cache.go:80.40,84.14 3 0
github.com/remiges-tech/crux/matching-engine/cache.go:84.14,87.4 2 0
github.com/remiges-tech/crux/matching-engine/cache.go:89.3,91.14 3 0
github.com/remiges-tech/crux/matching-engine/cache.go:91.14,94.4 2 0
github.com/remiges-tech/crux/matching-engine/cache.go:96.3,98.14 3 0
github.com/remiges-tech/crux/matching-engine/cache.go:98.14,108.18 4 0
github.com/remiges-tech/crux/matching-engine/cache.go:108.18,111.5 2 0
github.com/remiges-tech/crux/matching-engine/cache.go:113.4,120.23 3 0
github.com/remiges-tech/crux/matching-engine/cache.go:120.23,123.5 1 0
github.com/remiges-tech/crux/matching-engine/cache.go:123.10,123.30 1 0
github.com/remiges-tech/crux/matching-engine/cache.go:123.30,125.5 1 0
github.com/remiges-tech/crux/matching-engine/cache.go:129.2,130.12 2 0
github.com/remiges-tech/crux/matching-engine/cache.go:132.91,137.16 4 0
github.com/remiges-tech/crux/matching-engine/cache.go:137.16,139.3 1 0
github.com/remiges-tech/crux/matching-engine/cache.go:141.2,142.16 2 0
github.com/remiges-tech/crux/matching-engine/cache.go:142.16,144.3 1 0
github.com/remiges-tech/crux/matching-engine/cache.go:145.2,145.12 1 0
github.com/remiges-tech/crux/matching-engine/cache.go:148.28,153.2 3 0
github.com/remiges-tech/crux/matching-engine/cache.go:155.60,161.16 4 0
github.com/remiges-tech/crux/matching-engine/cache.go:161.16,163.3 1 0
github.com/remiges-tech/crux/matching-engine/cache.go:165.2,166.16 2 0
github.com/remiges-tech/crux/matching-engine/cache.go:166.16,168.3 1 0
github.com/remiges-tech/crux/matching-engine/cache.go:169.2,170.16 2 0
github.com/remiges-tech/crux/matching-engine/cache.go:170.16,172.3 1 0
github.com/remiges-tech/crux/matching-engine/cache.go:174.2,174.12 1 0
github.com/remiges-tech/crux/matching-engine/cache.go:177.20,181.40 3 0
github.com/remiges-tech/crux/matching-engine/cache.go:181.40,184.3 2 0
github.com/remiges-tech/crux/matching-engine/cache.go:186.2,186.12 1 0
github.com/remiges-tech/crux/matching-engine/cache.go:189.62,193.40 3 0
github.com/remiges-tech/crux/matching-engine/cache.go:193.40,196.3 2 0
github.com/remiges-tech/crux/matching-engine/cache.go:198.2,199.16 2 0
github.com/remiges-tech/crux/matching-engine/cache.go:199.16,201.3 1 0
github.com/remiges-tech/crux/matching-engine/cache.go:203.2,204.16 2 0
github.com/remiges-tech/crux/matching-engine/cache.go:204.16,206.3 1 0
github.com/remiges-tech/crux/matching-engine/cache.go:207.2,208.16 2 0
github.com/remiges-tech/crux/matching-engine/cache.go:208.16,210.3 1 0
github.com/remiges-tech/crux/matching-engine/cache.go:212.2,212.12 1 0
github.com/remiges-tech/crux/matching-engine/cache_stats_collection.go:36.91,43.18 5 0
github.com/remiges-tech/crux/matching-engine/cache_stats_collection.go:43.18,45.3 1 0
github.com/remiges-tech/crux/matching-engine/cache_stats_collection.go:46.2,47.16 2 0
github.com/remiges-tech/crux/matching-engine/cache_stats_collection.go:47.16,49.3 1 0
github.com/remiges-tech/crux/matching-engine/cache_stats_collection.go:50.2,51.18 2 0
github.com/remiges-tech/crux/matching-engine/cache_stats_collection.go:51.18,53.3 1 0
github.com/remiges-tech/crux/matching-engine/cache_stats_collection.go:54.2,63.66 3 0
github.com/remiges-tech/crux/matching-engine/cache_stats_collection.go:63.66,64.55 1 0
github.com/remiges-tech/crux/matching-engine/cache_stats_collection.go:64.55,65.35 1 0
github.com/remiges-tech/crux/matching-engine/cache_stats_collection.go:65.35,68.5 1 0
github.com/remiges-tech/crux/matching-engine/cache_stats_collection.go:70.3,70.55 1 0
github.com/remiges-tech/crux/matching-engine/cache_stats_collection.go:70.55,71.35 1 0
github.com/remiges-tech/crux/matching-engine/cache_stats_collection.go:71.35,74.5 1 0
github.com/remiges-tech/crux/matching-engine/cache_stats_collection.go:77.2,77.68 1 0
github.com/remiges-tech/crux/matching-engine/cache_stats_collection.go:77.68,78.59 1 0
github.com/remiges-tech/crux/matching-engine/cache_stats_collection.go:78.59,80.37 2 0
github.com/remiges-tech/crux/matching-engine/cache_stats_collection.go:80.37,85.40 2 0
github.com/remiges-tech/crux/matching-engine/cache_stats_collection.go:85.40,90.6 1 0
github.com/remiges-tech/crux/matching-engine/cache_stats_collection.go:93.3,93.58 1 0
github.com/remiges-tech/crux/matching-engine/cache_stats_collection.go:93.58,95.37 2 0
github.com/remiges-tech/crux/matching-engine/cache_stats_collection.go:95.37,100.40 2 0
github.com/remiges-tech/crux/matching-engine/cache_stats_collection.go:100.40,105.6 1 0
github.com/remiges-tech/crux/matching-engine/cache_stats_collection.go:110.2,118.34 6 0
github.com/remiges-tech/crux/matching-engine/cache_utils.go:19.18,21.2 1 0
github.com/remiges-tech/crux/matching-engine/cache_utils.go:23.20,25.2 1 0
github.com/remiges-tech/crux/matching-engine/cache_utils.go:27.45,30.16 3 0
github.com/remiges-tech/crux/matching-engine/cache_utils.go:30.16,32.3 1 0
github.com/remiges-tech/crux/matching-engine/cache_utils.go:33.2,34.16 2 0
github.com/remiges-tech/crux/matching-engine/cache_utils.go:34.16,36.3 1 0
github.com/remiges-tech/crux/matching-engine/cache_utils.go:37.2,38.34 2 0
github.com/remiges-tech/crux/matching-engine/cache_utils.go:41.36,42.47 1 0
github.com/remiges-tech/crux/matching-engine/cache_utils.go:42.47,43.35 1 0
github.com/remiges-tech/crux/matching-engine/cache_utils.go:43.35,44.43 1 0
github.com/remiges-tech/crux/matching-engine/cache_utils.go:44.43,45.50 1 0
github.com/remiges-tech/crux/matching-engine/cache_utils.go:45.50,46.36 1 0
github.com/remiges-tech/crux/matching-engine/cache_utils.go:46.36,47.42 1 0
github.com/remiges-tech/crux/matching-engine/cache_utils.go:47.42,48.46 1 0
github.com/remiges-tech/crux/matching-engine/cache_utils.go:48.46,50.9 1 0
github.com/remiges-tech/crux/matching-engine/cache_utils.go:51.8,51.46 1 0
github.com/remiges-tech/crux/matching-engine/cache_utils.go:51.46,53.9 1 0
github.com/remiges-tech/crux/matching-engine/cache_utils.go:63.76,64.41 1 0
github.com/remiges-tech/crux/matching-engine/cache_utils.go:64.41,65.47 1 0
github.com/remiges-tech/crux/matching-engine/cache_utils.go:65.47,66.33 1 0
github.com/remiges-tech/crux/matching-engine/cache_utils.go:66.33,67.13 1 0
github.com/remiges-tech/crux/matching-engine/cache_utils.go:69.4,69.57 1 0
github.com/remiges-tech/crux/matching-engine/cache_utils.go:69.57,70.51 1 0
github.com/remiges-tech/crux/matching-engine/cache_utils.go:70.51,71.47 1 0
github.com/remiges-tech/crux/matching-engine/cache_utils.go:71.47,75.7 2 0
github.com/remiges-tech/crux/matching-engine/cache_utils.go:78.4,78.56 1 0
github.com/remiges-tech/crux/matching-engine/cache_utils.go:78.56,79.51 1 0
github.com/remiges-tech/crux/matching-engine/cache_utils.go:79.51,80.47 1 0
github.com/remiges-tech/crux/matching-engine/cache_utils.go:80.47,84.7 2 0
github.com/remiges-tech/crux/matching-engine/cache_utils.go:91.29,92.47 1 0
github.com/remiges-tech/crux/matching-engine/cache_utils.go:92.47,94.40 2 0
github.com/remiges-tech/crux/matching-engine/cache_utils.go:94.40,96.43 2 0
github.com/remiges-tech/crux/matching-engine/cache_utils.go:96.43,102.58 3 0
github.com/remiges-tech/crux/matching-engine/cache_utils.go:102.58,104.36 2 0
github.com/remiges-tech/crux/matching-engine/cache_utils.go:104.36,105.36 1 0
github.com/remiges-tech/crux/matching-engine/cache_utils.go:105.36,112.71 5 0
github.com/remiges-tech/crux/matching-engine/cache_utils.go:112.71,118.9 5 0
github.com/remiges-tech/crux/matching-engine/cache_utils.go:124.5,124.58 1 0
github.com/remiges-tech/crux/matching-engine/cache_utils.go:124.58,126.41 2 0
github.com/remiges-tech/crux/matching-engine/cache_utils.go:126.41,133.74 5 0
github.com/remiges-tech/crux/matching-engine/cache_utils.go:133.74,139.8 5 0
github.com/remiges-tech/crux/matching-engine/cache_utils.go:146.28,148.46 1 0
github.com/remiges-tech/crux/matching-engine/cache_utils.go:148.46,150.40 2 0
github.com/remiges-tech/crux/matching-engine/cache_utils.go:150.40,152.43 2 0
github.com/remiges-tech/crux/matching-engine/cache_utils.go:152.43,155.55 3 0
github.com/remiges-tech/crux/matching-engine/cache_utils.go:155.55,157.37 2 0
github.com/remiges-tech/crux/matching-engine/cache_utils.go:157.37,161.7 3 0
github.com/remiges-tech/crux/matching-engine/cache_utils.go:163.5,163.55 1 0
github.com/remiges-tech/crux/matching-engine/cache_utils.go:163.55,165.37 2 0
github.com/remiges-tech/crux/matching-engine/cache_utils.go:165.37,169.7 3 0
github.com/remiges-tech/crux/matching-engine/cache_utils.go:178.76,180.27 1 0
github.com/remiges-tech/crux/matching-engine/cache_utils.go:182.14,185.49 2 0
github.com/remiges-tech/crux/matching-engine/cache_utils.go:185.49,188.4 2 0
github.com/remiges-tech/crux/matching-engine/cache_utils.go:190.3,191.52 2 0
github.com/remiges-tech/crux/matching-engine/cache_utils.go:191.52,193.58 2 0
github.com/remiges-tech/crux/matching-engine/cache_utils.go:193.58,196.5 2 0
github.com/remiges-tech/crux/matching-engine/cache_utils.go:197.4,197.38 1 0
github.com/remiges-tech/crux/matching-engine/cache_utils.go:197.38,198.46 1 0
github.com/remiges-tech/crux/matching-engine/cache_utils.go:198.46,200.6 1 0
github.com/remiges-tech/crux/matching-engine/cache_utils.go:203.3,203.30 1 0
github.com/remiges-tech/crux/matching-engine/cache_utils.go:203.30,204.43 1 0
github.com/remiges-tech/crux/matching-engine/cache_utils.go:204.43,206.5 1 0
github.com/remiges-tech/crux/matching-engine/cache_utils.go:208.30,210.22 1 0
github.com/remiges-tech/crux/matching-engine/cache_utils.go:210.22,211.24 1 0
github.com/remiges-tech/crux/matching-engine/cache_utils.go:211.24,213.5 1 0
github.com/remiges-tech/crux/matching-engine/cache_utils.go:216.21,217.26 1 0
github.com/remiges-tech/crux/matching-engine/cache_utils.go:217.26,218.41 1 0
github.com/remiges-tech/crux/matching-engine/cache_utils.go:218.41,220.5 1 0
github.com/remiges-tech/crux/matching-engine/cache_utils.go:222.14,223.24 1 0
github.com/remiges-tech/crux/matching-engine/cache_utils.go:225.2,225.14 1 0
github.com/remiges-tech/crux/matching-engine/cache_utils.go:228.66,232.18 2 0
github.com/remiges-tech/crux/matching-engine/cache_utils.go:233.19,234.35 1 0
github.com/remiges-tech/crux/matching-engine/cache_utils.go:234.35,235.65 1 0
github.com/remiges-tech/crux/matching-engine/cache_utils.go:235.65,237.5 1 0
github.com/remiges-tech/crux/matching-engine/cache_utils.go:238.4,238.93 1 0
github.com/remiges-tech/crux/matching-engine/cache_utils.go:238.93,240.5 1 0
github.com/remiges-tech/crux/matching-engine/cache_utils.go:243.21,244.32 1 0
github.com/remiges-tech/crux/matching-engine/cache_utils.go:244.32,245.88 1 0
github.com/remiges-tech/crux/matching-engine/cache_utils.go:245.88,247.5 1 0
github.com/remiges-tech/crux/matching-engine/cache_utils.go:249.22,250.37 1 0
github.com/remiges-tech/crux/matching-engine/cache_utils.go:252.2,252.14 1 0
github.com/remiges-tech/crux/matching-engine/cache_utils.go:254.124,257.18 3 0
github.com/remiges-tech/crux/matching-engine/cache_utils.go:257.18,259.3 1 0
github.com/remiges-tech/crux/matching-engine/cache_utils.go:261.2,263.16 3 0
github.com/remiges-tech/crux/matching-engine/cache_utils.go:263.16,265.3 1 0
github.com/remiges-tech/crux/matching-engine/cache_utils.go:267.2,269.18 3 0
github.com/remiges-tech/crux/matching-engine/cache_utils.go:269.18,271.3 1 0
github.com/remiges-tech/crux/matching-engine/cache_utils.go:273.2,276.17 3 0
github.com/remiges-tech/crux/matching-engine/cache_utils.go:276.17,278.3 1 0
github.com/remiges-tech/crux/matching-engine/cache_utils.go:278.8,278.24 1 0
github.com/remiges-tech/crux/matching-engine/cache_utils.go:278.24,280.3 1 0
github.com/remiges-tech/crux/matching-engine/cache_utils.go:282.2,282.23 1 0
github.com/remiges-tech/crux/matching-engine/cache_utils.go:282.23,284.3 1 0
github.com/remiges-tech/crux/matching-engine/cache_utils.go:286.2,286.23 1 0
github.com/remiges-tech/crux/matching-engine/cache_utils.go:286.23,288.3 1 0
github.com/remiges-tech/crux/matching-engine/cache_utils.go:290.2,291.16 2 0
github.com/remiges-tech/crux/matching-engine/cache_utils.go:291.16,293.3 1 0
github.com/remiges-tech/crux/matching-engine/cache_utils.go:295.2,296.16 2 0
github.com/remiges-tech/crux/matching-engine/cache_utils.go:296.16,298.3 1 0
github.com/remiges-tech/crux/matching-engine/cache_utils.go:300.2,300.55 1 0
github.com/remiges-tech/crux/matching-engine/cache_utils.go:304.54,307.13 3 0
github.com/remiges-tech/crux/matching-engine/cache_utils.go:307.13,309.3 1 0
github.com/remiges-tech/crux/matching-engine/cache_utils.go:311.2,313.13 3 0
github.com/remiges-tech/crux/matching-engine/cache_utils.go:313.13,315.3 1 0
github.com/remiges-tech/crux/matching-engine/cache_utils.go:317.2,319.13 3 0
github.com/remiges-tech/crux/matching-engine/cache_utils.go:319.13,321.3 1 0
github.com/remiges-tech/crux/matching-engine/cache_utils.go:323.2,327.20 4 0
github.com/remiges-tech/crux/matching-engine/cache_utils.go:327.20,329.3 1 0
github.com/remiges-tech/crux/matching-engine/cache_utils.go:329.8,331.3 1 0
github.com/remiges-tech/crux/matching-engine/cache_utils.go:333.2,333.24 1 0
github.com/remiges-tech/crux/matching-engine/cache_utils.go:333.24,335.3 1 0
github.com/remiges-tech/crux/matching-engine/cache_utils.go:337.2,340.16 3 0
github.com/remiges-tech/crux/matching-engine/cache_utils.go:340.16,343.3 1 0
github.com/remiges-tech/crux/matching-engine/cache_utils.go:345.2,346.16 2 0
github.com/remiges-tech/crux/matching-engine/cache_utils.go:346.16,349.3 1 0
github.com/remiges-tech/crux/matching-engine/cache_utils.go:351.2,351.86 1 0
github.com/remiges-tech/crux/matching-engine/cache_utils.go:355.107,359.18 3 0
github.com/remiges-tech/crux/matching-engine/cache_utils.go:359.18,362.3 1 0
github.com/remiges-tech/crux/matching-engine/cache_utils.go:364.2,366.16 3 0
github.com/remiges-tech/crux/matching-engine/cache_utils.go:366.16,369.3 1 0
github.com/remiges-tech/crux/matching-engine/cache_utils.go:371.2,374.18 3 0
github.com/remiges-tech/crux/matching-engine/cache_utils.go:374.18,377.3 1 0
github.com/remiges-tech/crux/matching-engine/cache_utils.go:379.2,382.14 3 0
github.com/remiges-tech/crux/matching-engine/cache_utils.go:382.14,383.37 1 0
github.com/remiges-tech/crux/matching-engine/cache_utils.go:383.37,386.4 1 0
github.com/remiges-tech/crux/matching-engine/cache_utils.go:389.2,390.14 2 0
github.com/remiges-tech/crux/matching-engine/cache_utils.go:390.14,391.37 1 0
github.com/remiges-tech/crux/matching-engine/cache_utils.go:391.37,393.4 1 0
github.com/remiges-tech/crux/matching-engine/cache_utils.go:396.2,396.25 1 0
github.com/remiges-tech/crux/matching-engine/cache_utils.go:398.68,402.17 3 0
github.com/remiges-tech/crux/matching-engine/cache_utils.go:403.17,404.60 1 0
github.com/remiges-tech/crux/matching-engine/cache_utils.go:405.16,406.55 1 0
github.com/remiges-tech/crux/matching-engine/cache_utils.go:407.18,408.65 1 0
github.com/remiges-tech/crux/matching-engine/cache_utils.go:409.30,410.36 1 0
github.com/remiges-tech/crux/matching-engine/cache_utils.go:411.22,412.65 1 0
github.com/remiges-tech/crux/matching-engine/cache_utils.go:414.2,414.16 1 0
github.com/remiges-tech/crux/matching-engine/cache_utils.go:414.16,416.3 1 0
github.com/remiges-tech/crux/matching-engine/cache_utils.go:417.2,417.26 1 0
github.com/remiges-tech/crux/matching-engine/cache_utils.go:420.105,424.18 3 0
github.com/remiges-tech/crux/matching-engine/cache_utils.go:424.18,426.3 1 0
github.com/remiges-tech/crux/matching-engine/cache_utils.go:428.2,430.16 3 0
github.com/remiges-tech/crux/matching-engine/cache_utils.go:430.16,432.3 1 0
github.com/remiges-tech/crux/matching-engine/cache_utils.go:434.2,436.18 3 0
github.com/remiges-tech/crux/matching-engine/cache_utils.go:436.18,438.3 1 0
github.com/remiges-tech/crux/matching-engine/cache_utils.go:440.2,442.49 2 0
github.com/remiges-tech/crux/matching-engine/cache_utils.go:442.49,444.3 1 0
github.com/remiges-tech/crux/matching-engine/cache_utils.go:445.2,445.48 1 0
github.com/remiges-tech/crux/matching-engine/cache_utils.go:445.48,447.3 1 0
github.com/remiges-tech/crux/matching-engine/cache_utils.go:449.2,449.22 1 0
github.com/remiges-tech/crux/matching-engine/cache_utils.go:452.127,460.2 4 0
github.com/remiges-tech/crux/matching-engine/cache_utils.go:461.43,462.41 1 0
github.com/remiges-tech/crux/matching-engine/cache_utils.go:462.41,463.37 1 0
github.com/remiges-tech/crux/matching-engine/cache_utils.go:463.37,464.40 1 0
github.com/remiges-tech/crux/matching-engine/cache_utils.go:464.40,469.54 3 0
github.com/remiges-tech/crux/matching-engine/cache_utils.go:469.54,471.6 1 0
github.com/remiges-tech/crux/matching-engine/cache_utils.go:474.5,474.58 1 0
github.com/remiges-tech/crux/matching-engine/cache_utils.go:474.58,475.39 1 0
github.com/remiges-tech/crux/matching-engine/cache_utils.go:475.39,477.47 2 0
github.com/remiges-tech/crux/matching-engine/cache_utils.go:477.47,479.8 1 0
github.com/remiges-tech/crux/matching-engine/cache_utils.go:484.5,484.54 1 0
github.com/remiges-tech/crux/matching-engine/cache_utils.go:484.54,486.6 1 0
github.com/remiges-tech/crux/matching-engine/cache_utils.go:489.5,489.58 1 0
github.com/remiges-tech/crux/matching-engine/cache_utils.go:489.58,490.41 1 0
github.com/remiges-tech/crux/matching-engine/cache_utils.go:490.41,492.48 2 0
github.com/remiges-tech/crux/matching-engine/cache_utils.go:492.48,494.8 1 0
github.com/remiges-tech/crux/matching-engine/collect_actions.go:5.83,14.43 3 0
github.com/remiges-tech/crux/matching-engine/collect_actions.go:14.43,16.43 2 0
github.com/remiges-tech/crux/matching-engine/collect_actions.go:16.43,17.23 1 0
github.com/remiges-tech/crux/matching-engine/collect_actions.go:17.23,19.10 2 0
github.com/remiges-tech/crux/matching-engine/collect_actions.go:22.3,22.13 1 0
github.com/remiges-tech/crux/matching-engine/collect_actions.go:22.13,24.4 1 0
github.com/remiges-tech/crux/matching-engine/collect_actions.go:29.2,29.46 1 0
github.com/remiges-tech/crux/matching-engine/collect_actions.go:29.46,31.3 1 0
github.com/remiges-tech/crux/matching-engine/collect_actions.go:34.2,34.60 1 0
github.com/remiges-tech/crux/matching-engine/collect_actions.go:34.60,36.57 2 0
github.com/remiges-tech/crux/matching-engine/collect_actions.go:36.57,37.36 1 0
github.com/remiges-tech/crux/matching-engine/collect_actions.go:37.36,40.10 3 0
github.com/remiges-tech/crux/matching-engine/collect_actions.go:43.3,43.13 1 0
github.com/remiges-tech/crux/matching-engine/collect_actions.go:43.13,45.4 1 0
github.com/remiges-tech/crux/matching-engine/collect_actions.go:48.2,48.21 1 0
github.com/remiges-tech/crux/matching-engine/do_match.go:15.129,19.52 2 0
github.com/remiges-tech/crux/matching-engine/do_match.go:19.52,24.3 1 0
github.com/remiges-tech/crux/matching-engine/do_match.go:26.2,28.37 2 0
github.com/remiges-tech/crux/matching-engine/do_match.go:28.37,34.17 3 0
github.com/remiges-tech/crux/matching-engine/do_match.go:34.17,39.4 1 0
github.com/remiges-tech/crux/matching-engine/do_match.go:41.3,41.14 1 0
github.com/remiges-tech/crux/matching-engine/do_match.go:41.14,45.42 2 0
github.com/remiges-tech/crux/matching-engine/do_match.go:45.42,49.16 2 0
github.com/remiges-tech/crux/matching-engine/do_match.go:49.16,51.6 1 0
github.com/remiges-tech/crux/matching-engine/do_match.go:53.5,53.40 1 0
github.com/remiges-tech/crux/matching-engine/do_match.go:53.40,55.6 1 0
github.com/remiges-tech/crux/matching-engine/do_match.go:57.5,59.19 3 0
github.com/remiges-tech/crux/matching-engine/do_match.go:59.19,64.6 1 0
github.com/remiges-tech/crux/matching-engine/do_match.go:67.4,67.41 1 0
github.com/remiges-tech/crux/matching-engine/do_match.go:67.41,70.5 1 0
github.com/remiges-tech/crux/matching-engine/do_match.go:72.4,72.33 1 0
github.com/remiges-tech/crux/matching-engine/do_match.go:72.33,76.5 2 0
github.com/remiges-tech/crux/matching-engine/do_match.go:77.9,77.48 1 0
github.com/remiges-tech/crux/matching-engine/do_match.go:77.48,80.15 2 0
github.com/remiges-tech/crux/matching-engine/do_match.go:80.15,82.5 1 0
github.com/remiges-tech/crux/matching-engine/do_match.go:84.4,84.39 1 0
github.com/remiges-tech/crux/matching-engine/do_match.go:84.39,86.5 1 0
github.com/remiges-tech/crux/matching-engine/do_match.go:88.4,90.18 3 0
github.com/remiges-tech/crux/matching-engine/do_match.go:90.18,95.5 1 0
github.com/remiges-tech/crux/matching-engine/do_match.go:95.10,95.21 1 0
github.com/remiges-tech/crux/matching-engine/do_match.go:95.21,97.5 1 0
github.com/remiges-tech/crux/matching-engine/do_match.go:101.2,103.30 2 0
github.com/remiges-tech/crux/matching-engine/do_match.go:106.82,107.35 1 0
github.com/remiges-tech/crux/matching-engine/do_match.go:107.35,108.33 1 0
github.com/remiges-tech/crux/matching-engine/do_match.go:108.33,111.39 2 0
github.com/remiges-tech/crux/matching-engine/do_match.go:111.39,115.5 1 0
github.com/remiges-tech/crux/matching-engine/do_match.go:116.4,116.24 1 0
github.com/remiges-tech/crux/matching-engine/do_match.go:117.9,119.39 1 0
github.com/remiges-tech/crux/matching-engine/do_match.go:119.39,123.5 1 0
github.com/remiges-tech/crux/matching-engine/do_match.go:126.2,126.19 1 0
github.com/remiges-tech/crux/matching-engine/do_match.go:129.114,133.2 1 0
github.com/remiges-tech/crux/matching-engine/match_pattern.go:33.124,35.35 1 0
github.com/remiges-tech/crux/matching-engine/match_pattern.go:35.35,40.45 3 0
github.com/remiges-tech/crux/matching-engine/match_pattern.go:40.45,45.4 3 0
github.com/remiges-tech/crux/matching-engine/match_pattern.go:48.3,48.26 1 0
github.com/remiges-tech/crux/matching-engine/match_pattern.go:48.26,49.41 1 0
github.com/remiges-tech/crux/matching-engine/match_pattern.go:49.41,50.26 1 0
github.com/remiges-tech/crux/matching-engine/match_pattern.go:50.26,53.6 2 0
github.com/remiges-tech/crux/matching-engine/match_pattern.go:58.3,58.26 1 0
github.com/remiges-tech/crux/matching-engine/match_pattern.go:58.26,61.4 2 0
github.com/remiges-tech/crux/matching-engine/match_pattern.go:63.3,65.17 2 0
github.com/remiges-tech/crux/matching-engine/match_pattern.go:65.17,67.4 1 0
github.com/remiges-tech/crux/matching-engine/match_pattern.go:69.3,69.15 1 0
github.com/remiges-tech/crux/matching-engine/match_pattern.go:69.15,71.4 1 0
github.com/remiges-tech/crux/matching-engine/match_pattern.go:75.2,75.18 1 0
github.com/remiges-tech/crux/matching-engine/match_pattern.go:78.87,79.41 1 0
github.com/remiges-tech/crux/matching-engine/match_pattern.go:79.41,81.32 1 0
github.com/remiges-tech/crux/matching-engine/match_pattern.go:81.32,82.56 1 0
github.com/remiges-tech/crux/matching-engine/match_pattern.go:82.56,84.36 1 0
github.com/remiges-tech/crux/matching-engine/match_pattern.go:84.36,87.6 1 0
github.com/remiges-tech/crux/matching-engine/match_pattern.go:91.2,91.11 1 0
github.com/remiges-tech/crux/matching-engine/match_pattern.go:96.101,99.16 2 0
github.com/remiges-tech/crux/matching-engine/match_pattern.go:99.16,101.3 1 0
github.com/remiges-tech/crux/matching-engine/match_pattern.go:102.2,102.12 1 0
github.com/remiges-tech/crux/matching-engine/match_pattern.go:103.12,104.47 1 0
github.com/remiges-tech/crux/matching-engine/match_pattern.go:105.12,106.47 1 0
github.com/remiges-tech/crux/matching-engine/match_pattern.go:108.2,109.28 2 0
github.com/remiges-tech/crux/matching-engine/match_pattern.go:109.28,111.3 1 0
github.com/remiges-tech/crux/matching-engine/match_pattern.go:112.2,114.12 3 0
github.com/remiges-tech/crux/matching-engine/match_pattern.go:115.12,117.25 2 0
github.com/remiges-tech/crux/matching-engine/match_pattern.go:118.12,120.42 2 0
github.com/remiges-tech/crux/matching-engine/match_pattern.go:121.12,123.24 2 0
github.com/remiges-tech/crux/matching-engine/match_pattern.go:124.12,126.41 2 0
github.com/remiges-tech/crux/matching-engine/match_pattern.go:128.2,128.16 1 0
github.com/remiges-tech/crux/matching-engine/match_pattern.go:128.16,130.3 1 0
github.com/remiges-tech/crux/matching-engine/match_pattern.go:131.2,131.19 1 0
github.com/remiges-tech/crux/matching-engine/match_pattern.go:135.78,139.17 3 0
github.com/remiges-tech/crux/matching-engine/match_pattern.go:140.16,141.60 1 0
github.com/remiges-tech/crux/matching-engine/match_pattern.go:142.15,143.55 1 0
github.com/remiges-tech/crux/matching-engine/match_pattern.go:144.17,145.65 1 0
github.com/remiges-tech/crux/matching-engine/match_pattern.go:146.25,147.36 1 0
github.com/remiges-tech/crux/matching-engine/match_pattern.go:148.14,149.65 1 0
github.com/remiges-tech/crux/matching-engine/match_pattern.go:151.2,151.16 1 0
github.com/remiges-tech/crux/matching-engine/match_pattern.go:151.16,153.3 1 0
github.com/remiges-tech/crux/matching-engine/match_pattern.go:154.2,154.31 1 0
github.com/remiges-tech/crux/matching-engine/match_pattern.go:161.42,162.12 1 0
github.com/remiges-tech/crux/matching-engine/match_pattern.go:162.12,164.3 1 0
github.com/remiges-tech/crux/matching-engine/match_pattern.go:165.2,166.18 2 0
github.com/remiges-tech/crux/matching-engine/match_pattern.go:167.11,168.24 1 0
github.com/remiges-tech/crux/matching-engine/match_pattern.go:168.24,170.4 1 0
github.com/remiges-tech/crux/matching-engine/match_pattern.go:171.15,172.32 1 0
github.com/remiges-tech/crux/matching-engine/match_pattern.go:172.32,174.4 1 0
github.com/remiges-tech/crux/matching-engine/match_pattern.go:175.14,176.30 1 0
github.com/remiges-tech/crux/matching-engine/match_pattern.go:176.30,178.4 1 0
github.com/remiges-tech/crux/matching-engine/match_pattern.go:179.17,180.42 1 0
github.com/remiges-tech/crux/matching-engine/match_pattern.go:180.42,182.4 1 0
github.com/remiges-tech/crux/matching-engine/match_pattern.go:183.10,184.40 1 0
github.com/remiges-tech/crux/matching-engine/match_pattern.go:186.2,186.14 1 0
github.com/remiges-tech/crux/matching-engine/match_pattern.go:186.14,188.3 1 0
github.com/remiges-tech/crux/matching-engine/match_pattern.go:188.8,190.3 1 0
github.com/remiges-tech/crux/matching-engine/match_pattern.go:192.76,194.36 1 0
github.com/remiges-tech/crux/matching-engine/match_pattern.go:194.36,196.32 1 0
github.com/remiges-tech/crux/matching-engine/match_pattern.go:196.32,199.4 1 0
github.com/remiges-tech/crux/matching-engine/verify_data.go:41.35,43.2 1 0
github.com/remiges-tech/crux/matching-engine/verify_data.go:48.63,50.29 2 0
github.com/remiges-tech/crux/matching-engine/verify_data.go:50.29,52.25 1 0
github.com/remiges-tech/crux/matching-engine/verify_data.go:52.25,55.4 2 0
github.com/remiges-tech/crux/matching-engine/verify_data.go:56.3,56.56 1 0
github.com/remiges-tech/crux/matching-engine/verify_data.go:56.56,58.4 1 0
github.com/remiges-tech/crux/matching-engine/verify_data.go:59.3,59.55 1 0
github.com/remiges-tech/crux/matching-engine/verify_data.go:59.55,61.4 1 0
github.com/remiges-tech/crux/matching-engine/verify_data.go:63.2,63.13 1 0
github.com/remiges-tech/crux/matching-engine/verify_data.go:66.58,68.32 2 0
github.com/remiges-tech/crux/matching-engine/verify_data.go:68.32,71.3 2 0
github.com/remiges-tech/crux/matching-engine/verify_data.go:72.2,76.46 3 0
github.com/remiges-tech/crux/matching-engine/verify_data.go:76.46,78.58 2 0
github.com/remiges-tech/crux/matching-engine/verify_data.go:78.59,80.4 0 0
github.com/remiges-tech/crux/matching-engine/verify_data.go:80.9,84.4 3 0
github.com/remiges-tech/crux/matching-engine/verify_data.go:86.3,86.39 1 0
github.com/remiges-tech/crux/matching-engine/verify_data.go:86.39,90.4 3 0
github.com/remiges-tech/crux/matching-engine/verify_data.go:90.9,90.77 1 0
github.com/remiges-tech/crux/matching-engine/verify_data.go:90.77,94.4 3 0
github.com/remiges-tech/crux/matching-engine/verify_data.go:95.3,95.40 1 0
github.com/remiges-tech/crux/matching-engine/verify_data.go:95.40,96.44 1 0
github.com/remiges-tech/crux/matching-engine/verify_data.go:96.44,100.5 3 0
github.com/remiges-tech/crux/matching-engine/verify_data.go:104.3,104.64 1 0
github.com/remiges-tech/crux/matching-engine/verify_data.go:104.64,106.4 1 0
github.com/remiges-tech/crux/matching-engine/verify_data.go:108.3,108.82 1 0
github.com/remiges-tech/crux/matching-engine/verify_data.go:108.82,112.4 3 0
github.com/remiges-tech/crux/matching-engine/verify_data.go:113.3,113.70 1 0
github.com/remiges-tech/crux/matching-engine/verify_data.go:113.70,115.4 1 0
github.com/remiges-tech/crux/matching-engine/verify_data.go:119.2,119.46 1 0
github.com/remiges-tech/crux/matching-engine/verify_data.go:119.46,122.3 2 0
github.com/remiges-tech/crux/matching-engine/verify_data.go:124.2,124.13 1 0
github.com/remiges-tech/crux/matching-engine/verify_data.go:128.57,131.77 3 0
github.com/remiges-tech/crux/matching-engine/verify_data.go:131.77,134.3 2 0
github.com/remiges-tech/crux/matching-engine/verify_data.go:135.2,135.45 1 0
github.com/remiges-tech/crux/matching-engine/verify_data.go:135.45,137.28 2 0
github.com/remiges-tech/crux/matching-engine/verify_data.go:137.28,141.4 3 0
github.com/remiges-tech/crux/matching-engine/verify_data.go:146.2,146.50 1 0
github.com/remiges-tech/crux/matching-engine/verify_data.go:146.50,149.3 2 0
github.com/remiges-tech/crux/matching-engine/verify_data.go:150.2,152.54 2 0
github.com/remiges-tech/crux/matching-engine/verify_data.go:152.54,154.32 2 0
github.com/remiges-tech/crux/matching-engine/verify_data.go:154.32,158.4 3 0
github.com/remiges-tech/crux/matching-engine/verify_data.go:158.9,158.34 1 0
github.com/remiges-tech/crux/matching-engine/verify_data.go:158.34,160.4 1 0
github.com/remiges-tech/crux/matching-engine/verify_data.go:160.9,160.30 1 0
github.com/remiges-tech/crux/matching-engine/verify_data.go:160.30,162.4 1 0
github.com/remiges-tech/crux/matching-engine/verify_data.go:166.2,166.44 1 0
github.com/remiges-tech/crux/matching-engine/verify_data.go:166.44,169.3 2 0
github.com/remiges-tech/crux/matching-engine/verify_data.go:171.2,171.94 1 0
github.com/remiges-tech/crux/matching-engine/verify_data.go:171.94,174.3 2 0
github.com/remiges-tech/crux/matching-engine/verify_data.go:175.2,175.13 1 0
github.com/remiges-tech/crux/matching-engine/verify_data.go:178.59,180.26 2 0
github.com/remiges-tech/crux/matching-engine/verify_data.go:180.26,182.3 1 0
github.com/remiges-tech/crux/matching-engine/verify_data.go:184.2,186.11 2 0
github.com/remiges-tech/crux/matching-engine/verify_data.go:189.55,191.38 1 0
github.com/remiges-tech/crux/matching-engine/verify_data.go:191.38,192.22 1 0
github.com/remiges-tech/crux/matching-engine/verify_data.go:192.22,195.4 1 0
github.com/remiges-tech/crux/matching-engine/verify_data.go:197.2,197.12 1 0
github.com/remiges-tech/crux/matching-engine/verify_data.go:204.69,208.16 3 0
github.com/remiges-tech/crux/matching-engine/verify_data.go:208.16,210.3 1 0
github.com/remiges-tech/crux/matching-engine/verify_data.go:211.2,211.61 1 0
github.com/remiges-tech/crux/matching-engine/verify_data.go:211.61,213.3 1 0
github.com/remiges-tech/crux/matching-engine/verify_data.go:214.2,214.60 1 0
github.com/remiges-tech/crux/matching-engine/verify_data.go:214.60,216.3 1 0
github.com/remiges-tech/crux/matching-engine/verify_data.go:218.2,218.13 1 0
github.com/remiges-tech/crux/matching-engine/verify_data.go:221.82,224.37 2 0
github.com/remiges-tech/crux/matching-engine/verify_data.go:224.37,226.42 1 0
github.com/remiges-tech/crux/matching-engine/verify_data.go:226.42,230.21 2 0
github.com/remiges-tech/crux/matching-engine/verify_data.go:230.21,234.63 1 0
github.com/remiges-tech/crux/matching-engine/verify_data.go:234.63,237.6 2 0
github.com/remiges-tech/crux/matching-engine/verify_data.go:239.5,239.22 1 0
github.com/remiges-tech/crux/matching-engine/verify_data.go:241.4,241.38 1 0
github.com/remiges-tech/crux/matching-engine/verify_data.go:241.38,245.5 2 0
github.com/remiges-tech/crux/matching-engine/verify_data.go:246.4,246.26 1 0
github.com/remiges-tech/crux/matching-engine/verify_data.go:246.26,250.5 2 0
github.com/remiges-tech/crux/matching-engine/verify_data.go:253.3,253.11 1 0
github.com/remiges-tech/crux/matching-engine/verify_data.go:253.11,255.43 2 0
github.com/remiges-tech/crux/matching-engine/verify_data.go:255.43,256.26 1 0
github.com/remiges-tech/crux/matching-engine/verify_data.go:256.26,259.11 2 0
github.com/remiges-tech/crux/matching-engine/verify_data.go:262.4,262.18 1 0
github.com/remiges-tech/crux/matching-engine/verify_data.go:262.18,266.5 2 0
github.com/remiges-tech/crux/matching-engine/verify_data.go:269.2,269.13 1 0
github.com/remiges-tech/crux/matching-engine/verify_data.go:272.64,275.26 2 0
github.com/remiges-tech/crux/matching-engine/verify_data.go:275.26,277.33 1 0
github.com/remiges-tech/crux/matching-engine/verify_data.go:277.33,279.24 1 0
github.com/remiges-tech/crux/matching-engine/verify_data.go:279.24,281.5 1 0
github.com/remiges-tech/crux/matching-engine/verify_data.go:284.2,284.63 1 0
github.com/remiges-tech/crux/matching-engine/verify_data.go:287.48,288.38 1 0
github.com/remiges-tech/crux/matching-engine/verify_data.go:288.38,289.22 1 0
github.com/remiges-tech/crux/matching-engine/verify_data.go:289.22,291.4 1 0
github.com/remiges-tech/crux/matching-engine/verify_data.go:293.2,293.11 1 0
github.com/remiges-tech/crux/matching-engine/verify_data.go:296.51,297.24 1 0
github.com/remiges-tech/crux/matching-engine/verify_data.go:297.24,299.13 1 0
github.com/remiges-tech/crux/matching-engine/verify_data.go:299.13,302.4 1 0
github.com/remiges-tech/crux/matching-engine/verify_data.go:304.2,304.14 1 0
github.com/remiges-tech/crux/matching-engine/verify_data.go:308.47,311.17 2 0
github.com/remiges-tech/crux/matching-engine/verify_data.go:312.16,313.21 1 0
github.com/remiges-tech/crux/matching-engine/verify_data.go:314.15,315.20 1 0
github.com/remiges-tech/crux/matching-engine/verify_data.go:316.17,317.24 1 0
github.com/remiges-tech/crux/matching-engine/verify_data.go:318.15,320.23 1 0
github.com/remiges-tech/crux/matching-engine/verify_data.go:321.16,323.23 1 0
github.com/remiges-tech/crux/matching-engine/verify_data.go:324.14,327.20 3 0
github.com/remiges-tech/crux/matching-engine/verify_data.go:330.2,330.11 1 0
github.com/remiges-tech/crux/matching-engine/verify_data.go:333.81,336.37 2 0
github.com/remiges-tech/crux/matching-engine/verify_data.go:336.37,337.43 1 0
github.com/remiges-tech/crux/matching-engine/verify_data.go:337.43,344.23 4 0
github.com/remiges-tech/crux/matching-engine/verify_data.go:344.23,347.5 2 0
github.com/remiges-tech/crux/matching-engine/verify_data.go:348.4,348.53 1 0
github.com/remiges-tech/crux/matching-engine/verify_data.go:348.53,350.10 2 0
github.com/remiges-tech/crux/matching-engine/verify_data.go:353.4,353.14 1 0
github.com/remiges-tech/crux/matching-engine/verify_data.go:353.14,356.5 2 0
github.com/remiges-tech/crux/matching-engine/verify_data.go:359.3,359.53 1 0
github.com/remiges-tech/crux/matching-engine/verify_data.go:359.53,362.65 2 0
github.com/remiges-tech/crux/matching-engine/verify_data.go:362.65,364.10 2 0
github.com/remiges-tech/crux/matching-engine/verify_data.go:367.4,367.14 1 0
github.com/remiges-tech/crux/matching-engine/verify_data.go:367.14,371.5 2 0
github.com/remiges-tech/crux/matching-engine/verify_data.go:375.3,375.11 1 0
github.com/remiges-tech/crux/matching-engine/verify_data.go:375.11,378.30 2 0
github.com/remiges-tech/crux/matching-engine/verify_data.go:378.30,381.5 2 0
github.com/remiges-tech/crux/matching-engine/verify_data.go:382.4,382.53 1 0
github.com/remiges-tech/crux/matching-engine/verify_data.go:382.53,385.5 2 0
github.com/remiges-tech/crux/matching-engine/verify_data.go:386.4,387.74 2 0
github.com/remiges-tech/crux/matching-engine/verify_data.go:387.74,390.5 2 0
github.com/remiges-tech/crux/matching-engine/verify_data.go:394.2,394.13 1 0
github.com/remiges-tech/crux/matching-engine/verify_data.go:397.70,399.31 2 0
github.com/remiges-tech/crux/matching-engine/verify_data.go:399.31,401.23 1 0
github.com/remiges-tech/crux/matching-engine/verify_data.go:401.23,403.4 1 0
github.com/remiges-tech/crux/matching-engine/verify_data.go:404.3,404.37 1 0
github.com/remiges-tech/crux/matching-engine/verify_data.go:404.37,406.4 1 0
github.com/remiges-tech/crux/matching-engine/verify_data.go:408.2,408.27 1 0
github.com/remiges-tech/crux/matching-engine/verify_data.go:411.50,412.31 1 0
github.com/remiges-tech/crux/matching-engine/verify_data.go:412.31,413.23 1 0
github.com/remiges-tech/crux/matching-engine/verify_data.go:413.23,415.4 1 0
github.com/remiges-tech/crux/matching-engine/verify_data.go:417.2,417.11 1 0
github.com/remiges-tech/crux/matching-engine/verify_data.go:420.50,423.35 2 0
github.com/remiges-tech/crux/matching-engine/verify_data.go:423.35,424.38 1 0
github.com/remiges-tech/crux/matching-engine/verify_data.go:424.38,426.74 1 0
github.com/remiges-tech/crux/matching-engine/verify_data.go:426.74,429.5 1 0
github.com/remiges-tech/crux/matching-engine/verify_data.go:433.2,433.18 1 0
github.com/remiges-tech/crux/matching-engine/verify_data.go:436.43,438.16 2 0
github.com/remiges-tech/crux/matching-engine/verify_data.go:438.16,440.3 1 0
github.com/remiges-tech/crux/matching-engine/verify_data.go:441.2,441.41 1 0
github.com/remiges-tech/crux/matching-engine/verify_data.go:441.41,444.14 2 0
github.com/remiges-tech/crux/matching-engine/verify_data.go:444.14,446.4 1 0
github.com/remiges-tech/crux/matching-engine/verify_data.go:447.3,448.17 2 0
github.com/remiges-tech/crux/matching-engine/verify_data.go:448.17,450.4 1 0
github.com/remiges-tech/crux/matching-engine/verify_data.go:452.2,452.43 1 0
github.com/remiges-tech/crux/matching-engine/verify_data.go:452.43,454.3 1 0
github.com/remiges-tech/crux/matching-engine/verify_data.go:455.2,455.18 1 0
github.com/remiges-tech/crux/server/wsc_utils.go:25.58,27.19 2 0
github.com/remiges-tech/crux/server/wsc_utils.go:28.18,29.38 1 0
github.com/remiges-tech/crux/server/wsc_utils.go:30.15,31.52 1 0
github.com/remiges-tech/crux/server/wsc_utils.go:32.12,33.51 1 0
github.com/remiges-tech/crux/server/wsc_utils.go:34.10,35.41 1 0
github.com/remiges-tech/crux/server/wsc_utils.go:37.2,37.13 1 0
github.com/remiges-tech/crux/server/wsc_utils.go:40.35,42.16 2 0
github.com/remiges-tech/crux/server/wsc_utils.go:42.16,44.3 1 0
github.com/remiges-tech/crux/server/wsc_utils.go:45.2,45.17 1 0
github.com/remiges-tech/crux/server/wsc_utils.go:48.56,51.16 2 0
github.com/remiges-tech/crux/server/wsc_utils.go:51.16,53.3 1 0
github.com/remiges-tech/crux/server/wsc_utils.go:54.2,56.16 3 0
github.com/remiges-tech/crux/server/wsc_utils.go:56.16,58.3 1 0
github.com/remiges-tech/crux/server/wsc_utils.go:59.2,59.22 1 0
github.com/remiges-tech/crux/server/wsc_utils.go:63.36,65.2 1 0
github.com/remiges-tech/crux/server/wsc_utils.go:68.40,71.2 2 0
github.com/remiges-tech/crux/server/wsc_utils.go:74.45,76.2 1 0
github.com/remiges-tech/crux/server/wsc_utils.go:78.63,81.2 2 1
github.com/remiges-tech/crux/server/wsc_utils.go:84.82,86.16 2 0
github.com/remiges-tech/crux/server/wsc_utils.go:86.16,88.3 1 0
github.com/remiges-tech/crux/server/wsc_utils.go:89.2,91.16 3 0
github.com/remiges-tech/crux/server/wsc_utils.go:91.16,93.3 1 0
github.com/remiges-tech/crux/server/wsc_utils.go:95.2,95.52 1 0
github.com/remiges-tech/crux/server/wsc_utils.go:95.52,97.3 1 0
github.com/remiges-tech/crux/server/wsc_utils.go:99.2,99.16 1 0
github.com/remiges-tech/crux/server/wsc_utils.go:99.16,101.3 1 0
github.com/remiges-tech/crux/server/wsc_utils.go:103.2,103.18 1 0
github.com/remiges-tech/crux/server/wsc_utils.go:106.58,108.16 2 0
github.com/remiges-tech/crux/server/wsc_utils.go:108.16,110.3 1 0
github.com/remiges-tech/crux/server/wsc_utils.go:111.2,113.19 3 0
github.com/remiges-tech/crux/server/wsc_utils.go:116.61,118.2 1 0
github.com/remiges-tech/crux/server/wsc_utils.go:120.60,123.27 3 0
github.com/remiges-tech/crux/server/wsc_utils.go:123.27,126.31 2 0
github.com/remiges-tech/crux/server/wsc_utils.go:126.31,127.27 1 0
github.com/remiges-tech/crux/server/wsc_utils.go:128.17,130.54 2 0
github.com/remiges-tech/crux/server/wsc_utils.go:131.19,133.54 2 0
github.com/remiges-tech/crux/server/wsc_utils.go:134.22,136.54 2 0
github.com/remiges-tech/crux/server/wsc_utils.go:137.20,139.54 2 0
github.com/remiges-tech/crux/server/wsc_utils.go:140.20,142.54 2 0
github.com/remiges-tech/crux/server/wsc_utils.go:143.20,145.54 2 0
github.com/remiges-tech/crux/server/wsc_utils.go:146.12,148.54 2 0
github.com/remiges-tech/crux/server/wsc_utils.go:153.2,153.25 1 0
github.com/remiges-tech/crux/server/auth/user_activate.go:17.55,37.16 5 1
github.com/remiges-tech/crux/server/auth/user_activate.go:37.16,41.3 3 0
github.com/remiges-tech/crux/server/auth/user_activate.go:44.2,45.20 2 1
github.com/remiges-tech/crux/server/auth/user_activate.go:45.20,49.3 3 0
github.com/remiges-tech/crux/server/auth/user_activate.go:52.2,53.9 2 1
github.com/remiges-tech/crux/server/auth/user_activate.go:53.9,57.3 3 0
github.com/remiges-tech/crux/server/auth/user_activate.go:60.2,65.16 2 1
github.com/remiges-tech/crux/server/auth/user_activate.go:65.16,70.3 4 1
github.com/remiges-tech/crux/server/auth/user_activate.go:72.2,76.16 2 1
github.com/remiges-tech/crux/server/auth/user_activate.go:76.16,81.3 4 0
github.com/remiges-tech/crux/server/auth/user_activate.go:84.2,87.74 2 1
github.com/remiges-tech/crux/server/auth/user_deactivate.go:17.57,44.16 5 1
github.com/remiges-tech/crux/server/auth/user_deactivate.go:44.16,48.3 3 0
github.com/remiges-tech/crux/server/auth/user_deactivate.go:51.2,52.20 2 1
github.com/remiges-tech/crux/server/auth/user_deactivate.go:52.20,56.3 3 0
github.com/remiges-tech/crux/server/auth/user_deactivate.go:59.2,60.9 2 1
github.com/remiges-tech/crux/server/auth/user_deactivate.go:60.9,64.3 3 0
github.com/remiges-tech/crux/server/auth/user_deactivate.go:67.2,72.16 2 1
github.com/remiges-tech/crux/server/auth/user_deactivate.go:72.16,77.3 4 1
github.com/remiges-tech/crux/server/auth/user_deactivate.go:79.2,85.16 2 1
github.com/remiges-tech/crux/server/auth/user_deactivate.go:85.16,90.3 4 0
github.com/remiges-tech/crux/server/auth/user_deactivate.go:93.2,96.74 2 1
github.com/remiges-tech/crux/testutils/test_utils.go:13.35,15.16 2 1
github.com/remiges-tech/crux/testutils/test_utils.go:15.16,17.3 1 0
github.com/remiges-tech/crux/testutils/test_utils.go:18.2,18.17 1 1
github.com/remiges-tech/crux/testutils/test_utils.go:21.56,24.16 2 1
github.com/remiges-tech/crux/testutils/test_utils.go:24.16,26.3 1 0
github.com/remiges-tech/crux/testutils/test_utils.go:27.2,29.16 3 1
github.com/remiges-tech/crux/testutils/test_utils.go:29.16,31.3 1 0
github.com/remiges-tech/crux/testutils/test_utils.go:32.2,32.22 1 1
github.com/remiges-tech/crux/types/types.go:15.39,16.13 1 0
github.com/remiges-tech/crux/types/types.go:17.31,18.14 1 0
github.com/remiges-tech/crux/types/types.go:20.2,20.14 1 0
