mode: set
github.com/remiges-tech/crux/db/error.go:18.59,21.28 2 0
github.com/remiges-tech/crux/db/error.go:21.28,22.21 1 0
github.com/remiges-tech/crux/db/error.go:23.16,24.119 1 0
github.com/remiges-tech/crux/db/error.go:25.16,26.115 1 0
github.com/remiges-tech/crux/db/error.go:27.16,28.112 1 0
github.com/remiges-tech/crux/db/error.go:29.16,31.99 1 0
github.com/remiges-tech/crux/db/error.go:32.16,33.99 1 0
github.com/remiges-tech/crux/db/error.go:35.8,35.23 1 0
github.com/remiges-tech/crux/db/error.go:35.23,36.45 1 0
github.com/remiges-tech/crux/db/error.go:36.45,39.4 2 0
github.com/remiges-tech/crux/db/error.go:40.8,42.3 1 0
github.com/remiges-tech/crux/db/error.go:43.2,43.32 1 0
github.com/remiges-tech/crux/db/pg.go:9.60,12.16 3 1
github.com/remiges-tech/crux/db/pg.go:12.16,14.3 1 0
github.com/remiges-tech/crux/db/pg.go:15.2,16.16 2 1
github.com/remiges-tech/crux/db/pg.go:16.16,18.3 1 0
github.com/remiges-tech/crux/db/pg.go:19.2,19.22 1 1
github.com/remiges-tech/crux/db/sqlc-gen/db.go:20.28,22.2 1 1
github.com/remiges-tech/crux/db/sqlc-gen/db.go:28.46,32.2 1 1
github.com/remiges-tech/crux/db/sqlc-gen/models.go:21.48,22.25 1 1
github.com/remiges-tech/crux/db/sqlc-gen/models.go:23.14,24.19 1 0
github.com/remiges-tech/crux/db/sqlc-gen/models.go:25.14,26.19 1 1
github.com/remiges-tech/crux/db/sqlc-gen/models.go:27.10,28.67 1 0
github.com/remiges-tech/crux/db/sqlc-gen/models.go:30.2,30.12 1 1
github.com/remiges-tech/crux/db/sqlc-gen/models.go:39.55,40.18 1 0
github.com/remiges-tech/crux/db/sqlc-gen/models.go:40.18,43.3 2 0
github.com/remiges-tech/crux/db/sqlc-gen/models.go:44.2,45.32 2 0
github.com/remiges-tech/crux/db/sqlc-gen/models.go:49.54,50.15 1 0
github.com/remiges-tech/crux/db/sqlc-gen/models.go:50.15,52.3 1 0
github.com/remiges-tech/crux/db/sqlc-gen/models.go:53.2,53.33 1 0
github.com/remiges-tech/crux/db/sqlc-gen/ruleset.sql.go:33.81,43.2 4 0
github.com/remiges-tech/crux/db/sqlc-gen/ruleset.sql.go:63.85,73.2 4 0
github.com/remiges-tech/crux/db/sqlc-gen/ruleset.sql.go:95.108,106.2 4 0
github.com/remiges-tech/crux/db/sqlc-gen/ruleset.sql.go:128.105,139.2 4 0
github.com/remiges-tech/crux/db/sqlc-gen/ruleset.sql.go:157.98,178.2 4 0
github.com/remiges-tech/crux/db/sqlc-gen/ruleset.sql.go:204.81,219.2 2 0
github.com/remiges-tech/crux/db/sqlc-gen/ruleset.sql.go:245.108,255.2 1 0
github.com/remiges-tech/crux/db/sqlc-gen/ruleset.sql.go:277.108,285.2 1 0
github.com/remiges-tech/crux/db/sqlc-gen/ruleset.sql.go:336.104,346.16 2 0
github.com/remiges-tech/crux/db/sqlc-gen/ruleset.sql.go:346.16,348.3 1 0
github.com/remiges-tech/crux/db/sqlc-gen/ruleset.sql.go:349.2,351.18 3 0
github.com/remiges-tech/crux/db/sqlc-gen/ruleset.sql.go:351.18,365.17 2 0
github.com/remiges-tech/crux/db/sqlc-gen/ruleset.sql.go:365.17,367.4 1 0
github.com/remiges-tech/crux/db/sqlc-gen/ruleset.sql.go:368.3,368.27 1 0
github.com/remiges-tech/crux/db/sqlc-gen/ruleset.sql.go:370.2,370.35 1 0
github.com/remiges-tech/crux/db/sqlc-gen/ruleset.sql.go:370.35,372.3 1 0
github.com/remiges-tech/crux/db/sqlc-gen/ruleset.sql.go:373.2,373.19 1 0
github.com/remiges-tech/crux/db/sqlc-gen/ruleset.sql.go:423.99,447.2 4 0
github.com/remiges-tech/crux/db/sqlc-gen/schema.sql.go:45.117,57.2 4 1
github.com/remiges-tech/crux/db/sqlc-gen/schema.sql.go:63.78,67.2 3 0
github.com/remiges-tech/crux/db/sqlc-gen/schema.sql.go:97.95,99.16 2 0
github.com/remiges-tech/crux/db/sqlc-gen/schema.sql.go:99.16,101.3 1 0
github.com/remiges-tech/crux/db/sqlc-gen/schema.sql.go:102.2,104.18 3 0
github.com/remiges-tech/crux/db/sqlc-gen/schema.sql.go:104.18,115.17 2 0
github.com/remiges-tech/crux/db/sqlc-gen/schema.sql.go:115.17,117.4 1 0
github.com/remiges-tech/crux/db/sqlc-gen/schema.sql.go:118.3,118.27 1 0
github.com/remiges-tech/crux/db/sqlc-gen/schema.sql.go:120.2,120.35 1 0
github.com/remiges-tech/crux/db/sqlc-gen/schema.sql.go:120.35,122.3 1 0
github.com/remiges-tech/crux/db/sqlc-gen/schema.sql.go:123.2,123.19 1 0
github.com/remiges-tech/crux/db/sqlc-gen/schema.sql.go:145.76,147.16 2 0
github.com/remiges-tech/crux/db/sqlc-gen/schema.sql.go:147.16,149.3 1 0
github.com/remiges-tech/crux/db/sqlc-gen/schema.sql.go:150.2,152.18 3 0
github.com/remiges-tech/crux/db/sqlc-gen/schema.sql.go:152.18,164.17 2 0
github.com/remiges-tech/crux/db/sqlc-gen/schema.sql.go:164.17,166.4 1 0
github.com/remiges-tech/crux/db/sqlc-gen/schema.sql.go:167.3,167.27 1 0
github.com/remiges-tech/crux/db/sqlc-gen/schema.sql.go:169.2,169.35 1 0
github.com/remiges-tech/crux/db/sqlc-gen/schema.sql.go:169.35,171.3 1 0
github.com/remiges-tech/crux/db/sqlc-gen/schema.sql.go:172.2,172.19 1 0
github.com/remiges-tech/crux/db/sqlc-gen/schema.sql.go:196.98,198.16 2 0
github.com/remiges-tech/crux/db/sqlc-gen/schema.sql.go:198.16,200.3 1 0
github.com/remiges-tech/crux/db/sqlc-gen/schema.sql.go:201.2,203.18 3 0
github.com/remiges-tech/crux/db/sqlc-gen/schema.sql.go:203.18,215.17 2 0
github.com/remiges-tech/crux/db/sqlc-gen/schema.sql.go:215.17,217.4 1 0
github.com/remiges-tech/crux/db/sqlc-gen/schema.sql.go:218.3,218.27 1 0
github.com/remiges-tech/crux/db/sqlc-gen/schema.sql.go:220.2,220.35 1 0
github.com/remiges-tech/crux/db/sqlc-gen/schema.sql.go:220.35,222.3 1 0
github.com/remiges-tech/crux/db/sqlc-gen/schema.sql.go:223.2,223.19 1 0
github.com/remiges-tech/crux/db/sqlc-gen/schema.sql.go:252.137,254.16 2 0
github.com/remiges-tech/crux/db/sqlc-gen/schema.sql.go:254.16,256.3 1 0
github.com/remiges-tech/crux/db/sqlc-gen/schema.sql.go:257.2,259.18 3 0
github.com/remiges-tech/crux/db/sqlc-gen/schema.sql.go:259.18,270.17 2 0
github.com/remiges-tech/crux/db/sqlc-gen/schema.sql.go:270.17,272.4 1 0
github.com/remiges-tech/crux/db/sqlc-gen/schema.sql.go:273.3,273.27 1 0
github.com/remiges-tech/crux/db/sqlc-gen/schema.sql.go:275.2,275.35 1 0
github.com/remiges-tech/crux/db/sqlc-gen/schema.sql.go:275.35,277.3 1 0
github.com/remiges-tech/crux/db/sqlc-gen/schema.sql.go:278.2,278.19 1 0
github.com/remiges-tech/crux/db/sqlc-gen/schema.sql.go:307.137,309.16 2 0
github.com/remiges-tech/crux/db/sqlc-gen/schema.sql.go:309.16,311.3 1 0
github.com/remiges-tech/crux/db/sqlc-gen/schema.sql.go:312.2,314.18 3 0
github.com/remiges-tech/crux/db/sqlc-gen/schema.sql.go:314.18,325.17 2 0
github.com/remiges-tech/crux/db/sqlc-gen/schema.sql.go:325.17,327.4 1 0
github.com/remiges-tech/crux/db/sqlc-gen/schema.sql.go:328.3,328.27 1 0
github.com/remiges-tech/crux/db/sqlc-gen/schema.sql.go:330.2,330.35 1 0
github.com/remiges-tech/crux/db/sqlc-gen/schema.sql.go:330.35,332.3 1 0
github.com/remiges-tech/crux/db/sqlc-gen/schema.sql.go:333.2,333.19 1 0
github.com/remiges-tech/crux/db/sqlc-gen/schema.sql.go:356.104,358.16 2 0
github.com/remiges-tech/crux/db/sqlc-gen/schema.sql.go:358.16,360.3 1 0
github.com/remiges-tech/crux/db/sqlc-gen/schema.sql.go:361.2,363.18 3 0
github.com/remiges-tech/crux/db/sqlc-gen/schema.sql.go:363.18,374.17 2 0
github.com/remiges-tech/crux/db/sqlc-gen/schema.sql.go:374.17,376.4 1 0
github.com/remiges-tech/crux/db/sqlc-gen/schema.sql.go:377.3,377.27 1 0
github.com/remiges-tech/crux/db/sqlc-gen/schema.sql.go:379.2,379.35 1 0
github.com/remiges-tech/crux/db/sqlc-gen/schema.sql.go:379.35,381.3 1 0
github.com/remiges-tech/crux/db/sqlc-gen/schema.sql.go:382.2,382.19 1 0
github.com/remiges-tech/crux/db/sqlc-gen/schema.sql.go:411.143,413.16 2 0
github.com/remiges-tech/crux/db/sqlc-gen/schema.sql.go:413.16,415.3 1 0
github.com/remiges-tech/crux/db/sqlc-gen/schema.sql.go:416.2,418.18 3 0
github.com/remiges-tech/crux/db/sqlc-gen/schema.sql.go:418.18,429.17 2 0
github.com/remiges-tech/crux/db/sqlc-gen/schema.sql.go:429.17,431.4 1 0
github.com/remiges-tech/crux/db/sqlc-gen/schema.sql.go:432.3,432.27 1 0
github.com/remiges-tech/crux/db/sqlc-gen/schema.sql.go:434.2,434.35 1 0
github.com/remiges-tech/crux/db/sqlc-gen/schema.sql.go:434.35,436.3 1 0
github.com/remiges-tech/crux/db/sqlc-gen/schema.sql.go:437.2,437.19 1 0
github.com/remiges-tech/crux/db/sqlc-gen/schema.sql.go:460.103,462.16 2 0
github.com/remiges-tech/crux/db/sqlc-gen/schema.sql.go:462.16,464.3 1 0
github.com/remiges-tech/crux/db/sqlc-gen/schema.sql.go:465.2,467.18 3 0
github.com/remiges-tech/crux/db/sqlc-gen/schema.sql.go:467.18,478.17 2 0
github.com/remiges-tech/crux/db/sqlc-gen/schema.sql.go:478.17,480.4 1 0
github.com/remiges-tech/crux/db/sqlc-gen/schema.sql.go:481.3,481.27 1 0
github.com/remiges-tech/crux/db/sqlc-gen/schema.sql.go:483.2,483.35 1 0
github.com/remiges-tech/crux/db/sqlc-gen/schema.sql.go:483.35,485.3 1 0
github.com/remiges-tech/crux/db/sqlc-gen/schema.sql.go:486.2,486.19 1 0
github.com/remiges-tech/crux/db/sqlc-gen/schema.sql.go:512.86,526.2 4 1
github.com/remiges-tech/crux/db/sqlc-gen/schema.sql.go:552.83,563.2 2 1
github.com/remiges-tech/crux/db/sqlc-gen/schema.sql.go:583.105,593.2 4 0
github.com/remiges-tech/crux/db/sqlc-gen/schema.sql.go:610.91,628.2 4 0
github.com/remiges-tech/crux/db/sqlc-gen/schema.sql.go:660.104,667.16 2 1
github.com/remiges-tech/crux/db/sqlc-gen/schema.sql.go:667.16,669.3 1 0
github.com/remiges-tech/crux/db/sqlc-gen/schema.sql.go:670.2,672.18 3 1
github.com/remiges-tech/crux/db/sqlc-gen/schema.sql.go:672.18,683.17 2 1
github.com/remiges-tech/crux/db/sqlc-gen/schema.sql.go:683.17,685.4 1 0
github.com/remiges-tech/crux/db/sqlc-gen/schema.sql.go:686.3,686.27 1 1
github.com/remiges-tech/crux/db/sqlc-gen/schema.sql.go:688.2,688.35 1 1
github.com/remiges-tech/crux/db/sqlc-gen/schema.sql.go:688.35,690.3 1 0
github.com/remiges-tech/crux/db/sqlc-gen/schema.sql.go:691.2,691.19 1 1
github.com/remiges-tech/crux/db/sqlc-gen/schema.sql.go:731.87,739.2 2 1
github.com/remiges-tech/crux/db/sqlc-gen/schema.sql.go:774.99,795.2 4 1
github.com/remiges-tech/crux/db/sqlc-gen/stepworkflow.sql.go:21.91,23.16 2 0
github.com/remiges-tech/crux/db/sqlc-gen/stepworkflow.sql.go:23.16,25.3 1 0
github.com/remiges-tech/crux/db/sqlc-gen/stepworkflow.sql.go:26.2,28.18 3 0
github.com/remiges-tech/crux/db/sqlc-gen/stepworkflow.sql.go:28.18,30.57 2 0
github.com/remiges-tech/crux/db/sqlc-gen/stepworkflow.sql.go:30.57,32.4 1 0
github.com/remiges-tech/crux/db/sqlc-gen/stepworkflow.sql.go:33.3,33.27 1 0
github.com/remiges-tech/crux/db/sqlc-gen/stepworkflow.sql.go:35.2,35.35 1 0
github.com/remiges-tech/crux/db/sqlc-gen/stepworkflow.sql.go:35.35,37.3 1 0
github.com/remiges-tech/crux/db/sqlc-gen/stepworkflow.sql.go:38.2,38.19 1 0
github.com/remiges-tech/crux/db/sqlc-gen/wfinstance.sql.go:45.119,56.16 2 0
github.com/remiges-tech/crux/db/sqlc-gen/wfinstance.sql.go:56.16,58.3 1 0
github.com/remiges-tech/crux/db/sqlc-gen/wfinstance.sql.go:59.2,61.18 3 0
github.com/remiges-tech/crux/db/sqlc-gen/wfinstance.sql.go:61.18,63.64 2 0
github.com/remiges-tech/crux/db/sqlc-gen/wfinstance.sql.go:63.64,65.4 1 0
github.com/remiges-tech/crux/db/sqlc-gen/wfinstance.sql.go:66.3,66.27 1 0
github.com/remiges-tech/crux/db/sqlc-gen/wfinstance.sql.go:68.2,68.35 1 0
github.com/remiges-tech/crux/db/sqlc-gen/wfinstance.sql.go:68.35,70.3 1 0
github.com/remiges-tech/crux/db/sqlc-gen/wfinstance.sql.go:71.2,71.19 1 0
github.com/remiges-tech/crux/db/sqlc-gen/wfinstance.sql.go:100.100,105.2 4 0
github.com/remiges-tech/crux/db/sqlc-gen/wfinstance.sql.go:124.94,134.2 4 0
github.com/remiges-tech/crux/db/sqlc-gen/wfinstance.sql.go:154.109,162.16 2 0
github.com/remiges-tech/crux/db/sqlc-gen/wfinstance.sql.go:162.16,164.3 1 0
github.com/remiges-tech/crux/db/sqlc-gen/wfinstance.sql.go:165.2,167.18 3 0
github.com/remiges-tech/crux/db/sqlc-gen/wfinstance.sql.go:167.18,181.17 2 0
github.com/remiges-tech/crux/db/sqlc-gen/wfinstance.sql.go:181.17,183.4 1 0
github.com/remiges-tech/crux/db/sqlc-gen/wfinstance.sql.go:184.3,184.27 1 0
github.com/remiges-tech/crux/db/sqlc-gen/wfinstance.sql.go:186.2,186.35 1 0
github.com/remiges-tech/crux/db/sqlc-gen/wfinstance.sql.go:186.35,188.3 1 0
github.com/remiges-tech/crux/db/sqlc-gen/wfinstance.sql.go:189.2,189.19 1 0
github.com/remiges-tech/crux/db/sqlc-gen/wfinstance.sql.go:198.101,200.16 2 0
github.com/remiges-tech/crux/db/sqlc-gen/wfinstance.sql.go:200.16,202.3 1 0
github.com/remiges-tech/crux/db/sqlc-gen/wfinstance.sql.go:203.2,205.18 3 0
github.com/remiges-tech/crux/db/sqlc-gen/wfinstance.sql.go:205.18,219.17 2 0
github.com/remiges-tech/crux/db/sqlc-gen/wfinstance.sql.go:219.17,221.4 1 0
github.com/remiges-tech/crux/db/sqlc-gen/wfinstance.sql.go:222.3,222.27 1 0
github.com/remiges-tech/crux/db/sqlc-gen/wfinstance.sql.go:224.2,224.35 1 0
github.com/remiges-tech/crux/db/sqlc-gen/wfinstance.sql.go:224.35,226.3 1 0
github.com/remiges-tech/crux/db/sqlc-gen/wfinstance.sql.go:227.2,227.19 1 0
github.com/remiges-tech/crux/server/wsc_utils.go:20.58,22.19 2 0
github.com/remiges-tech/crux/server/wsc_utils.go:23.18,24.38 1 0
github.com/remiges-tech/crux/server/wsc_utils.go:25.15,26.52 1 0
github.com/remiges-tech/crux/server/wsc_utils.go:27.12,28.51 1 0
github.com/remiges-tech/crux/server/wsc_utils.go:29.10,30.41 1 0
github.com/remiges-tech/crux/server/wsc_utils.go:32.2,32.13 1 0
github.com/remiges-tech/crux/server/wsc_utils.go:35.35,37.16 2 1
github.com/remiges-tech/crux/server/wsc_utils.go:37.16,39.3 1 0
github.com/remiges-tech/crux/server/wsc_utils.go:40.2,40.17 1 1
github.com/remiges-tech/crux/server/wsc_utils.go:43.56,46.16 2 1
github.com/remiges-tech/crux/server/wsc_utils.go:46.16,48.3 1 0
github.com/remiges-tech/crux/server/wsc_utils.go:49.2,51.16 3 1
github.com/remiges-tech/crux/server/wsc_utils.go:51.16,53.3 1 0
github.com/remiges-tech/crux/server/wsc_utils.go:54.2,54.22 1 1
github.com/remiges-tech/crux/server/wsc_utils.go:58.36,60.2 1 1
github.com/remiges-tech/crux/server/wsc_utils.go:63.40,66.2 2 0
github.com/remiges-tech/crux/server/wsc_utils.go:69.45,71.2 1 0
github.com/remiges-tech/crux/server/wsc_utils.go:73.63,76.2 2 1
github.com/remiges-tech/crux/server/schema/schema_delete.go:15.55,24.16 4 1
github.com/remiges-tech/crux/server/schema/schema_delete.go:24.16,28.3 3 0
github.com/remiges-tech/crux/server/schema/schema_delete.go:31.2,35.16 4 1
github.com/remiges-tech/crux/server/schema/schema_delete.go:35.16,38.3 2 0
github.com/remiges-tech/crux/server/schema/schema_delete.go:40.2,40.84 1 1
github.com/remiges-tech/crux/server/schema/schema_delete.go:40.84,40.105 1 1
github.com/remiges-tech/crux/server/schema/schema_delete.go:41.2,41.23 1 1
github.com/remiges-tech/crux/server/schema/schema_delete.go:41.23,45.3 3 1
github.com/remiges-tech/crux/server/schema/schema_delete.go:46.2,47.9 2 1
github.com/remiges-tech/crux/server/schema/schema_delete.go:47.9,51.3 3 0
github.com/remiges-tech/crux/server/schema/schema_delete.go:52.2,58.16 2 1
github.com/remiges-tech/crux/server/schema/schema_delete.go:58.16,63.3 4 0
github.com/remiges-tech/crux/server/schema/schema_delete.go:65.2,66.67 2 1
github.com/remiges-tech/crux/server/schema/schema_get.go:32.52,49.16 6 1
github.com/remiges-tech/crux/server/schema/schema_get.go:49.16,53.3 3 0
github.com/remiges-tech/crux/server/schema/schema_get.go:56.2,57.16 2 1
github.com/remiges-tech/crux/server/schema/schema_get.go:57.16,60.3 2 0
github.com/remiges-tech/crux/server/schema/schema_get.go:63.2,63.84 1 1
github.com/remiges-tech/crux/server/schema/schema_get.go:63.84,63.105 1 1
github.com/remiges-tech/crux/server/schema/schema_get.go:64.2,64.23 1 1
github.com/remiges-tech/crux/server/schema/schema_get.go:64.23,68.3 3 1
github.com/remiges-tech/crux/server/schema/schema_get.go:69.2,70.9 2 1
github.com/remiges-tech/crux/server/schema/schema_get.go:70.9,74.3 3 0
github.com/remiges-tech/crux/server/schema/schema_get.go:75.2,81.16 2 1
github.com/remiges-tech/crux/server/schema/schema_get.go:81.16,86.3 4 0
github.com/remiges-tech/crux/server/schema/schema_get.go:88.2,89.21 2 1
github.com/remiges-tech/crux/server/schema/schema_get.go:89.21,93.3 3 0
github.com/remiges-tech/crux/server/schema/schema_get.go:95.2,96.72 2 1
github.com/remiges-tech/crux/server/schema/schema_get.go:99.127,117.16 13 1
github.com/remiges-tech/crux/server/schema/schema_get.go:117.16,119.3 1 0
github.com/remiges-tech/crux/server/schema/schema_get.go:120.2,121.16 2 1
github.com/remiges-tech/crux/server/schema/schema_get.go:121.16,123.3 1 0
github.com/remiges-tech/crux/server/schema/schema_get.go:124.2,126.15 3 1
github.com/remiges-tech/crux/server/schema/schema_get.go:130.49,132.16 2 1
github.com/remiges-tech/crux/server/schema/schema_get.go:132.16,134.3 1 0
github.com/remiges-tech/crux/server/schema/schema_get.go:135.2,135.12 1 1
github.com/remiges-tech/crux/server/schema/schema_list.go:28.53,37.16 4 1
github.com/remiges-tech/crux/server/schema/schema_list.go:37.16,41.3 3 0
github.com/remiges-tech/crux/server/schema/schema_list.go:43.2,46.16 3 1
github.com/remiges-tech/crux/server/schema/schema_list.go:46.16,49.3 2 1
github.com/remiges-tech/crux/server/schema/schema_list.go:52.2,52.87 1 1
github.com/remiges-tech/crux/server/schema/schema_list.go:52.87,52.108 1 0
github.com/remiges-tech/crux/server/schema/schema_list.go:53.2,53.31 1 1
github.com/remiges-tech/crux/server/schema/schema_list.go:53.31,57.3 3 0
github.com/remiges-tech/crux/server/schema/schema_list.go:58.2,59.9 2 1
github.com/remiges-tech/crux/server/schema/schema_list.go:59.9,63.3 3 0
github.com/remiges-tech/crux/server/schema/schema_list.go:65.2,65.76 1 1
github.com/remiges-tech/crux/server/schema/schema_list.go:65.76,67.3 1 1
github.com/remiges-tech/crux/server/schema/schema_list.go:67.8,67.86 1 1
github.com/remiges-tech/crux/server/schema/schema_list.go:67.86,68.19 1 1
github.com/remiges-tech/crux/server/schema/schema_list.go:68.19,70.4 1 1
github.com/remiges-tech/crux/server/schema/schema_list.go:70.9,74.4 3 0
github.com/remiges-tech/crux/server/schema/schema_list.go:75.8,79.3 3 0
github.com/remiges-tech/crux/server/schema/schema_list.go:80.2,80.40 1 1
github.com/remiges-tech/crux/server/schema/schema_list.go:80.40,85.3 4 0
github.com/remiges-tech/crux/server/schema/schema_list.go:86.2,87.54 2 1
github.com/remiges-tech/crux/server/schema/schema_list.go:90.106,97.2 1 1
github.com/remiges-tech/crux/server/schema/schema_new.go:18.52,27.16 4 1
github.com/remiges-tech/crux/server/schema/schema_new.go:27.16,31.3 3 0
github.com/remiges-tech/crux/server/schema/schema_new.go:33.2,36.16 3 1
github.com/remiges-tech/crux/server/schema/schema_new.go:36.16,39.3 2 1
github.com/remiges-tech/crux/server/schema/schema_new.go:42.2,42.87 1 1
github.com/remiges-tech/crux/server/schema/schema_new.go:42.87,42.108 1 1
github.com/remiges-tech/crux/server/schema/schema_new.go:43.2,45.31 3 1
github.com/remiges-tech/crux/server/schema/schema_new.go:45.31,49.3 3 1
github.com/remiges-tech/crux/server/schema/schema_new.go:51.2,52.9 2 1
github.com/remiges-tech/crux/server/schema/schema_new.go:52.9,56.3 3 0
github.com/remiges-tech/crux/server/schema/schema_new.go:57.2,58.16 2 1
github.com/remiges-tech/crux/server/schema/schema_new.go:58.16,63.3 4 0
github.com/remiges-tech/crux/server/schema/schema_new.go:65.2,66.16 2 1
github.com/remiges-tech/crux/server/schema/schema_new.go:66.16,71.3 4 0
github.com/remiges-tech/crux/server/schema/schema_new.go:72.2,82.16 2 1
github.com/remiges-tech/crux/server/schema/schema_new.go:82.16,86.3 3 0
github.com/remiges-tech/crux/server/schema/schema_new.go:87.2,123.53 4 1
github.com/remiges-tech/crux/server/schema/schema_new.go:126.64,134.2 6 1
github.com/remiges-tech/crux/server/schema/schema_new.go:136.74,139.37 3 1
github.com/remiges-tech/crux/server/schema/schema_new.go:139.37,141.39 2 1
github.com/remiges-tech/crux/server/schema/schema_new.go:141.39,145.4 3 1
github.com/remiges-tech/crux/server/schema/schema_new.go:146.3,146.38 1 1
github.com/remiges-tech/crux/server/schema/schema_new.go:146.38,150.4 3 1
github.com/remiges-tech/crux/server/schema/schema_new.go:151.3,151.64 1 1
github.com/remiges-tech/crux/server/schema/schema_new.go:151.64,155.4 3 1
github.com/remiges-tech/crux/server/schema/schema_new.go:156.3,156.64 1 1
github.com/remiges-tech/crux/server/schema/schema_new.go:156.64,158.4 1 1
github.com/remiges-tech/crux/server/schema/schema_new.go:159.3,160.45 2 1
github.com/remiges-tech/crux/server/schema/schema_new.go:160.45,164.4 3 0
github.com/remiges-tech/crux/server/schema/schema_new.go:165.3,165.70 1 1
github.com/remiges-tech/crux/server/schema/schema_new.go:165.70,167.4 1 1
github.com/remiges-tech/crux/server/schema/schema_new.go:169.2,169.36 1 1
github.com/remiges-tech/crux/server/schema/schema_new.go:169.36,173.3 3 1
github.com/remiges-tech/crux/server/schema/schema_new.go:174.2,174.25 1 1
github.com/remiges-tech/crux/server/schema/schema_new.go:177.60,180.45 3 1
github.com/remiges-tech/crux/server/schema/schema_new.go:180.45,181.28 1 1
github.com/remiges-tech/crux/server/schema/schema_new.go:181.28,185.4 3 1
github.com/remiges-tech/crux/server/schema/schema_new.go:187.2,187.42 1 1
github.com/remiges-tech/crux/server/schema/schema_new.go:187.42,191.3 3 1
github.com/remiges-tech/crux/server/schema/schema_new.go:192.2,192.54 1 1
github.com/remiges-tech/crux/server/schema/schema_new.go:192.54,193.32 1 1
github.com/remiges-tech/crux/server/schema/schema_new.go:193.32,197.4 3 1
github.com/remiges-tech/crux/server/schema/schema_new.go:197.9,197.34 1 1
github.com/remiges-tech/crux/server/schema/schema_new.go:197.34,199.4 1 1
github.com/remiges-tech/crux/server/schema/schema_new.go:199.9,199.30 1 1
github.com/remiges-tech/crux/server/schema/schema_new.go:199.30,201.4 1 1
github.com/remiges-tech/crux/server/schema/schema_new.go:204.2,204.34 1 1
github.com/remiges-tech/crux/server/schema/schema_new.go:204.34,208.3 3 1
github.com/remiges-tech/crux/server/schema/schema_new.go:209.2,209.86 1 1
github.com/remiges-tech/crux/server/schema/schema_new.go:209.86,213.3 3 1
github.com/remiges-tech/crux/server/schema/schema_new.go:214.2,214.25 1 1
github.com/remiges-tech/crux/server/schema/schema_new.go:217.55,219.26 2 1
github.com/remiges-tech/crux/server/schema/schema_new.go:219.26,221.3 1 1
github.com/remiges-tech/crux/server/schema/schema_new.go:223.2,224.11 2 1
github.com/remiges-tech/crux/server/schema/schema_new.go:227.49,228.43 1 1
github.com/remiges-tech/crux/server/schema/schema_new.go:228.43,229.22 1 1
github.com/remiges-tech/crux/server/schema/schema_new.go:229.22,232.4 2 1
github.com/remiges-tech/crux/server/schema/schema_new.go:234.2,234.12 1 1
github.com/remiges-tech/crux/server/schema/schema_new.go:237.49,239.26 2 1
github.com/remiges-tech/crux/server/schema/schema_new.go:239.26,241.3 1 1
github.com/remiges-tech/crux/server/schema/schema_new.go:242.2,242.18 1 1
github.com/remiges-tech/crux/server/schema/schema_update.go:29.55,38.16 4 1
github.com/remiges-tech/crux/server/schema/schema_update.go:38.16,42.3 3 0
github.com/remiges-tech/crux/server/schema/schema_update.go:44.2,47.16 3 1
github.com/remiges-tech/crux/server/schema/schema_update.go:47.16,50.3 2 1
github.com/remiges-tech/crux/server/schema/schema_update.go:53.2,53.87 1 1
github.com/remiges-tech/crux/server/schema/schema_update.go:53.87,53.108 1 1
github.com/remiges-tech/crux/server/schema/schema_update.go:54.2,56.31 3 1
github.com/remiges-tech/crux/server/schema/schema_update.go:56.31,60.3 3 1
github.com/remiges-tech/crux/server/schema/schema_update.go:62.2,63.9 2 1
github.com/remiges-tech/crux/server/schema/schema_update.go:63.9,67.3 3 0
github.com/remiges-tech/crux/server/schema/schema_update.go:69.2,70.9 2 1
github.com/remiges-tech/crux/server/schema/schema_update.go:70.9,74.3 3 0
github.com/remiges-tech/crux/server/schema/schema_update.go:76.2,77.16 2 1
github.com/remiges-tech/crux/server/schema/schema_update.go:77.16,81.3 3 0
github.com/remiges-tech/crux/server/schema/schema_update.go:82.2,83.56 2 1
github.com/remiges-tech/crux/server/schema/schema_update.go:86.134,88.16 2 1
github.com/remiges-tech/crux/server/schema/schema_update.go:88.16,91.3 2 0
github.com/remiges-tech/crux/server/schema/schema_update.go:93.2,94.16 2 1
github.com/remiges-tech/crux/server/schema/schema_update.go:94.16,97.3 2 0
github.com/remiges-tech/crux/server/schema/schema_update.go:99.2,100.16 2 1
github.com/remiges-tech/crux/server/schema/schema_update.go:100.16,102.3 1 0
github.com/remiges-tech/crux/server/schema/schema_update.go:103.2,110.16 4 1
github.com/remiges-tech/crux/server/schema/schema_update.go:110.16,113.3 2 0
github.com/remiges-tech/crux/server/schema/schema_update.go:114.2,114.49 1 1
github.com/remiges-tech/crux/server/schema/schema_update.go:114.49,124.17 2 0
github.com/remiges-tech/crux/server/schema/schema_update.go:124.17,127.4 2 0
github.com/remiges-tech/crux/server/schema/schema_update.go:128.8,128.56 1 1
github.com/remiges-tech/crux/server/schema/schema_update.go:128.56,138.17 2 0
github.com/remiges-tech/crux/server/schema/schema_update.go:138.17,141.4 2 0
github.com/remiges-tech/crux/server/schema/schema_update.go:142.8,152.17 2 1
github.com/remiges-tech/crux/server/schema/schema_update.go:152.17,155.4 2 0
github.com/remiges-tech/crux/server/schema/schema_update.go:159.2,159.37 1 1
github.com/remiges-tech/crux/server/schema/schema_update.go:159.37,161.3 1 0
github.com/remiges-tech/crux/server/schema/schema_update.go:162.2,178.12 3 1
github.com/remiges-tech/crux/server/schema/schema_update.go:181.79,183.55 2 1
github.com/remiges-tech/crux/server/schema/schema_update.go:183.55,186.3 2 0
github.com/remiges-tech/crux/server/schema/schema_update.go:186.8,186.62 1 1
github.com/remiges-tech/crux/server/schema/schema_update.go:186.62,189.3 2 0
github.com/remiges-tech/crux/server/schema/schema_update.go:189.8,189.62 1 1
github.com/remiges-tech/crux/server/schema/schema_update.go:189.62,193.3 3 0
github.com/remiges-tech/crux/server/schema/schema_update.go:193.8,198.3 4 1
github.com/remiges-tech/crux/server/schema/schema_update.go:200.2,200.25 1 1
github.com/remiges-tech/crux/server/schema/schema_update.go:202.75,205.37 2 1
github.com/remiges-tech/crux/server/schema/schema_update.go:205.37,207.39 2 1
github.com/remiges-tech/crux/server/schema/schema_update.go:207.39,211.4 3 1
github.com/remiges-tech/crux/server/schema/schema_update.go:212.3,212.38 1 1
github.com/remiges-tech/crux/server/schema/schema_update.go:212.38,216.4 3 0
github.com/remiges-tech/crux/server/schema/schema_update.go:217.3,217.64 1 1
github.com/remiges-tech/crux/server/schema/schema_update.go:217.64,221.4 3 1
github.com/remiges-tech/crux/server/schema/schema_update.go:223.2,223.25 1 1
github.com/remiges-tech/crux/server/schema/schema_update.go:226.73,230.32 3 1
github.com/remiges-tech/crux/server/schema/schema_update.go:230.32,231.28 1 1
github.com/remiges-tech/crux/server/schema/schema_update.go:231.28,235.4 3 1
github.com/remiges-tech/crux/server/schema/schema_update.go:237.2,237.41 1 1
github.com/remiges-tech/crux/server/schema/schema_update.go:237.41,238.32 1 1
github.com/remiges-tech/crux/server/schema/schema_update.go:238.32,242.4 3 1
github.com/remiges-tech/crux/server/schema/schema_update.go:244.2,244.25 1 1
github.com/remiges-tech/crux/testutils/test_utils.go:13.35,15.16 2 1
github.com/remiges-tech/crux/testutils/test_utils.go:15.16,17.3 1 0
github.com/remiges-tech/crux/testutils/test_utils.go:18.2,18.17 1 1
github.com/remiges-tech/crux/testutils/test_utils.go:21.56,24.16 2 1
github.com/remiges-tech/crux/testutils/test_utils.go:24.16,26.3 1 0
github.com/remiges-tech/crux/testutils/test_utils.go:27.2,29.16 3 1
github.com/remiges-tech/crux/testutils/test_utils.go:29.16,31.3 1 0
github.com/remiges-tech/crux/testutils/test_utils.go:32.2,32.22 1 1
github.com/remiges-tech/crux/types/types.go:15.39,16.13 1 0
github.com/remiges-tech/crux/types/types.go:17.31,18.14 1 0
github.com/remiges-tech/crux/types/types.go:20.2,20.14 1 0
