mode: set
github.com/remiges-tech/crux/db/error.go:18.59,21.28 2 1
github.com/remiges-tech/crux/db/error.go:21.28,22.21 1 1
github.com/remiges-tech/crux/db/error.go:23.16,24.119 1 0
github.com/remiges-tech/crux/db/error.go:25.16,26.115 1 1
github.com/remiges-tech/crux/db/error.go:27.16,28.110 1 0
github.com/remiges-tech/crux/db/error.go:29.16,31.99 1 0
github.com/remiges-tech/crux/db/error.go:32.16,33.99 1 0
github.com/remiges-tech/crux/db/error.go:34.11,35.98 1 0
github.com/remiges-tech/crux/db/error.go:37.8,37.23 1 0
github.com/remiges-tech/crux/db/error.go:37.23,38.45 1 0
github.com/remiges-tech/crux/db/error.go:38.45,41.4 1 0
github.com/remiges-tech/crux/db/error.go:41.9,43.4 1 0
github.com/remiges-tech/crux/db/error.go:44.8,46.3 1 0
github.com/remiges-tech/crux/db/pg.go:9.60,12.16 3 1
github.com/remiges-tech/crux/db/pg.go:12.16,14.3 1 0
github.com/remiges-tech/crux/db/pg.go:15.2,16.16 2 1
github.com/remiges-tech/crux/db/pg.go:16.16,18.3 1 0
github.com/remiges-tech/crux/db/pg.go:19.2,19.22 1 1
github.com/remiges-tech/crux/db/sqlc-gen/app.sql.go:24.77,27.2 2 0
github.com/remiges-tech/crux/db/sqlc-gen/app.sql.go:39.76,44.2 4 0
github.com/remiges-tech/crux/db/sqlc-gen/app.sql.go:66.80,74.16 2 0
github.com/remiges-tech/crux/db/sqlc-gen/app.sql.go:74.16,76.3 1 0
github.com/remiges-tech/crux/db/sqlc-gen/app.sql.go:77.2,79.18 3 0
github.com/remiges-tech/crux/db/sqlc-gen/app.sql.go:79.18,89.17 2 0
github.com/remiges-tech/crux/db/sqlc-gen/app.sql.go:89.17,91.4 1 0
github.com/remiges-tech/crux/db/sqlc-gen/app.sql.go:92.3,92.27 1 0
github.com/remiges-tech/crux/db/sqlc-gen/app.sql.go:94.2,94.35 1 0
github.com/remiges-tech/crux/db/sqlc-gen/app.sql.go:94.35,96.3 1 0
github.com/remiges-tech/crux/db/sqlc-gen/app.sql.go:97.2,97.19 1 0
github.com/remiges-tech/crux/db/sqlc-gen/app.sql.go:118.77,126.2 2 0
github.com/remiges-tech/crux/db/sqlc-gen/app.sql.go:162.90,164.16 2 0
github.com/remiges-tech/crux/db/sqlc-gen/app.sql.go:164.16,166.3 1 0
github.com/remiges-tech/crux/db/sqlc-gen/app.sql.go:167.2,169.18 3 0
github.com/remiges-tech/crux/db/sqlc-gen/app.sql.go:169.18,179.17 2 0
github.com/remiges-tech/crux/db/sqlc-gen/app.sql.go:179.17,181.4 1 0
github.com/remiges-tech/crux/db/sqlc-gen/app.sql.go:182.3,182.27 1 0
github.com/remiges-tech/crux/db/sqlc-gen/app.sql.go:184.2,184.35 1 0
github.com/remiges-tech/crux/db/sqlc-gen/app.sql.go:184.35,186.3 1 0
github.com/remiges-tech/crux/db/sqlc-gen/app.sql.go:187.2,187.19 1 0
github.com/remiges-tech/crux/db/sqlc-gen/app.sql.go:199.88,201.16 2 0
github.com/remiges-tech/crux/db/sqlc-gen/app.sql.go:201.16,203.3 1 0
github.com/remiges-tech/crux/db/sqlc-gen/app.sql.go:204.2,206.18 3 0
github.com/remiges-tech/crux/db/sqlc-gen/app.sql.go:206.18,216.17 2 0
github.com/remiges-tech/crux/db/sqlc-gen/app.sql.go:216.17,218.4 1 0
github.com/remiges-tech/crux/db/sqlc-gen/app.sql.go:219.3,219.27 1 0
github.com/remiges-tech/crux/db/sqlc-gen/app.sql.go:221.2,221.35 1 0
github.com/remiges-tech/crux/db/sqlc-gen/app.sql.go:221.35,223.3 1 0
github.com/remiges-tech/crux/db/sqlc-gen/app.sql.go:224.2,224.19 1 0
github.com/remiges-tech/crux/db/sqlc-gen/capgrant.sql.go:32.86,34.16 2 0
github.com/remiges-tech/crux/db/sqlc-gen/capgrant.sql.go:34.16,36.3 1 0
github.com/remiges-tech/crux/db/sqlc-gen/capgrant.sql.go:37.2,39.18 3 0
github.com/remiges-tech/crux/db/sqlc-gen/capgrant.sql.go:39.18,48.17 2 0
github.com/remiges-tech/crux/db/sqlc-gen/capgrant.sql.go:48.17,50.4 1 0
github.com/remiges-tech/crux/db/sqlc-gen/capgrant.sql.go:51.3,51.27 1 0
github.com/remiges-tech/crux/db/sqlc-gen/capgrant.sql.go:53.2,53.35 1 0
github.com/remiges-tech/crux/db/sqlc-gen/capgrant.sql.go:53.35,55.3 1 0
github.com/remiges-tech/crux/db/sqlc-gen/capgrant.sql.go:56.2,56.19 1 0
github.com/remiges-tech/crux/db/sqlc-gen/capgrant.sql.go:69.97,72.2 2 0
github.com/remiges-tech/crux/db/sqlc-gen/capgrant.sql.go:84.107,86.16 2 0
github.com/remiges-tech/crux/db/sqlc-gen/capgrant.sql.go:86.16,88.3 1 0
github.com/remiges-tech/crux/db/sqlc-gen/capgrant.sql.go:89.2,91.18 3 0
github.com/remiges-tech/crux/db/sqlc-gen/capgrant.sql.go:91.18,103.17 2 0
github.com/remiges-tech/crux/db/sqlc-gen/capgrant.sql.go:103.17,105.4 1 0
github.com/remiges-tech/crux/db/sqlc-gen/capgrant.sql.go:106.3,106.27 1 0
github.com/remiges-tech/crux/db/sqlc-gen/capgrant.sql.go:108.2,108.35 1 0
github.com/remiges-tech/crux/db/sqlc-gen/capgrant.sql.go:108.35,110.3 1 0
github.com/remiges-tech/crux/db/sqlc-gen/capgrant.sql.go:111.2,111.19 1 0
github.com/remiges-tech/crux/db/sqlc-gen/capgrant.sql.go:138.95,153.2 4 0
github.com/remiges-tech/crux/db/sqlc-gen/capgrant.sql.go:179.99,194.2 4 0
github.com/remiges-tech/crux/db/sqlc-gen/config.sql.go:30.88,32.16 2 1
github.com/remiges-tech/crux/db/sqlc-gen/config.sql.go:32.16,34.3 1 0
github.com/remiges-tech/crux/db/sqlc-gen/config.sql.go:35.2,37.18 3 1
github.com/remiges-tech/crux/db/sqlc-gen/config.sql.go:37.18,44.17 2 1
github.com/remiges-tech/crux/db/sqlc-gen/config.sql.go:44.17,46.4 1 0
github.com/remiges-tech/crux/db/sqlc-gen/config.sql.go:47.3,47.27 1 1
github.com/remiges-tech/crux/db/sqlc-gen/config.sql.go:49.2,49.35 1 1
github.com/remiges-tech/crux/db/sqlc-gen/config.sql.go:49.35,51.3 1 0
github.com/remiges-tech/crux/db/sqlc-gen/config.sql.go:52.2,52.19 1 1
github.com/remiges-tech/crux/db/sqlc-gen/config.sql.go:74.77,84.2 2 1
github.com/remiges-tech/crux/db/sqlc-gen/db.go:20.28,22.2 1 1
github.com/remiges-tech/crux/db/sqlc-gen/db.go:28.46,32.2 1 0
github.com/remiges-tech/crux/db/sqlc-gen/deactivated.sql.go:23.87,26.2 2 0
github.com/remiges-tech/crux/db/sqlc-gen/deactivated.sql.go:40.91,48.2 2 0
github.com/remiges-tech/crux/db/sqlc-gen/models.go:21.48,22.25 1 0
github.com/remiges-tech/crux/db/sqlc-gen/models.go:23.14,24.19 1 0
github.com/remiges-tech/crux/db/sqlc-gen/models.go:25.14,26.19 1 0
github.com/remiges-tech/crux/db/sqlc-gen/models.go:27.10,28.67 1 0
github.com/remiges-tech/crux/db/sqlc-gen/models.go:30.2,30.12 1 0
github.com/remiges-tech/crux/db/sqlc-gen/models.go:39.55,40.18 1 0
github.com/remiges-tech/crux/db/sqlc-gen/models.go:40.18,43.3 2 0
github.com/remiges-tech/crux/db/sqlc-gen/models.go:44.2,45.32 2 0
github.com/remiges-tech/crux/db/sqlc-gen/models.go:49.54,50.15 1 0
github.com/remiges-tech/crux/db/sqlc-gen/models.go:50.15,52.3 1 0
github.com/remiges-tech/crux/db/sqlc-gen/models.go:53.2,53.33 1 0
github.com/remiges-tech/crux/db/sqlc-gen/realmslice.sql.go:32.136,34.2 1 0
github.com/remiges-tech/crux/db/sqlc-gen/realmslice.sql.go:65.132,75.2 4 0
github.com/remiges-tech/crux/db/sqlc-gen/realmslice.sql.go:110.138,117.2 1 0
github.com/remiges-tech/crux/db/sqlc-gen/realmslice.sql.go:149.136,156.2 1 0
github.com/remiges-tech/crux/db/sqlc-gen/realmslice.sql.go:178.118,180.16 2 0
github.com/remiges-tech/crux/db/sqlc-gen/realmslice.sql.go:180.16,182.3 1 0
github.com/remiges-tech/crux/db/sqlc-gen/realmslice.sql.go:183.2,185.18 3 0
github.com/remiges-tech/crux/db/sqlc-gen/realmslice.sql.go:185.18,196.17 2 0
github.com/remiges-tech/crux/db/sqlc-gen/realmslice.sql.go:196.17,198.4 1 0
github.com/remiges-tech/crux/db/sqlc-gen/realmslice.sql.go:199.3,199.27 1 0
github.com/remiges-tech/crux/db/sqlc-gen/realmslice.sql.go:201.2,201.35 1 0
github.com/remiges-tech/crux/db/sqlc-gen/realmslice.sql.go:201.35,203.3 1 0
github.com/remiges-tech/crux/db/sqlc-gen/realmslice.sql.go:204.2,204.19 1 0
github.com/remiges-tech/crux/db/sqlc-gen/realmslice.sql.go:221.122,226.2 4 0
github.com/remiges-tech/crux/db/sqlc-gen/realmslice.sql.go:253.109,269.2 4 0
github.com/remiges-tech/crux/db/sqlc-gen/realmslice.sql.go:284.102,286.16 2 0
github.com/remiges-tech/crux/db/sqlc-gen/realmslice.sql.go:286.16,288.3 1 0
github.com/remiges-tech/crux/db/sqlc-gen/realmslice.sql.go:289.2,291.18 3 0
github.com/remiges-tech/crux/db/sqlc-gen/realmslice.sql.go:291.18,293.62 2 0
github.com/remiges-tech/crux/db/sqlc-gen/realmslice.sql.go:293.62,295.4 1 0
github.com/remiges-tech/crux/db/sqlc-gen/realmslice.sql.go:296.3,296.27 1 0
github.com/remiges-tech/crux/db/sqlc-gen/realmslice.sql.go:298.2,298.35 1 0
github.com/remiges-tech/crux/db/sqlc-gen/realmslice.sql.go:298.35,300.3 1 0
github.com/remiges-tech/crux/db/sqlc-gen/realmslice.sql.go:301.2,301.19 1 0
github.com/remiges-tech/crux/db/sqlc-gen/realmslice.sql.go:329.113,345.2 4 0
github.com/remiges-tech/crux/db/sqlc-gen/realmslice.sql.go:369.97,371.2 1 0
github.com/remiges-tech/crux/db/sqlc-gen/ruleset.sql.go:22.70,24.16 2 0
github.com/remiges-tech/crux/db/sqlc-gen/ruleset.sql.go:24.16,26.3 1 0
github.com/remiges-tech/crux/db/sqlc-gen/ruleset.sql.go:27.2,29.18 3 0
github.com/remiges-tech/crux/db/sqlc-gen/ruleset.sql.go:29.18,47.17 2 0
github.com/remiges-tech/crux/db/sqlc-gen/ruleset.sql.go:47.17,49.4 1 0
github.com/remiges-tech/crux/db/sqlc-gen/ruleset.sql.go:50.3,50.27 1 0
github.com/remiges-tech/crux/db/sqlc-gen/ruleset.sql.go:52.2,52.35 1 0
github.com/remiges-tech/crux/db/sqlc-gen/ruleset.sql.go:52.35,54.3 1 0
github.com/remiges-tech/crux/db/sqlc-gen/ruleset.sql.go:55.2,55.19 1 0
github.com/remiges-tech/crux/db/sqlc-gen/ruleset.sql.go:76.81,86.2 4 0
github.com/remiges-tech/crux/db/sqlc-gen/ruleset.sql.go:106.85,116.2 4 0
github.com/remiges-tech/crux/db/sqlc-gen/ruleset.sql.go:138.108,149.2 4 0
github.com/remiges-tech/crux/db/sqlc-gen/ruleset.sql.go:171.105,182.2 4 0
github.com/remiges-tech/crux/db/sqlc-gen/ruleset.sql.go:202.98,228.2 4 0
github.com/remiges-tech/crux/db/sqlc-gen/ruleset.sql.go:257.81,272.2 2 0
github.com/remiges-tech/crux/db/sqlc-gen/ruleset.sql.go:300.108,311.2 1 0
github.com/remiges-tech/crux/db/sqlc-gen/ruleset.sql.go:333.108,341.2 1 0
github.com/remiges-tech/crux/db/sqlc-gen/ruleset.sql.go:392.104,402.16 2 0
github.com/remiges-tech/crux/db/sqlc-gen/ruleset.sql.go:402.16,404.3 1 0
github.com/remiges-tech/crux/db/sqlc-gen/ruleset.sql.go:405.2,407.18 3 0
github.com/remiges-tech/crux/db/sqlc-gen/ruleset.sql.go:407.18,421.17 2 0
github.com/remiges-tech/crux/db/sqlc-gen/ruleset.sql.go:421.17,423.4 1 0
github.com/remiges-tech/crux/db/sqlc-gen/ruleset.sql.go:424.3,424.27 1 0
github.com/remiges-tech/crux/db/sqlc-gen/ruleset.sql.go:426.2,426.35 1 0
github.com/remiges-tech/crux/db/sqlc-gen/ruleset.sql.go:426.35,428.3 1 0
github.com/remiges-tech/crux/db/sqlc-gen/ruleset.sql.go:429.2,429.19 1 0
github.com/remiges-tech/crux/db/sqlc-gen/ruleset.sql.go:479.99,503.2 4 0
github.com/remiges-tech/crux/db/sqlc-gen/schema.sql.go:18.69,20.16 2 0
github.com/remiges-tech/crux/db/sqlc-gen/schema.sql.go:20.16,22.3 1 0
github.com/remiges-tech/crux/db/sqlc-gen/schema.sql.go:23.2,25.18 3 0
github.com/remiges-tech/crux/db/sqlc-gen/schema.sql.go:25.18,40.17 2 0
github.com/remiges-tech/crux/db/sqlc-gen/schema.sql.go:40.17,42.4 1 0
github.com/remiges-tech/crux/db/sqlc-gen/schema.sql.go:43.3,43.27 1 0
github.com/remiges-tech/crux/db/sqlc-gen/schema.sql.go:45.2,45.35 1 0
github.com/remiges-tech/crux/db/sqlc-gen/schema.sql.go:45.35,47.3 1 0
github.com/remiges-tech/crux/db/sqlc-gen/schema.sql.go:48.2,48.19 1 0
github.com/remiges-tech/crux/db/sqlc-gen/schema.sql.go:84.117,101.2 4 0
github.com/remiges-tech/crux/db/sqlc-gen/schema.sql.go:107.78,111.2 3 0
github.com/remiges-tech/crux/db/sqlc-gen/schema.sql.go:143.95,150.16 2 0
github.com/remiges-tech/crux/db/sqlc-gen/schema.sql.go:150.16,152.3 1 0
github.com/remiges-tech/crux/db/sqlc-gen/schema.sql.go:153.2,155.18 3 0
github.com/remiges-tech/crux/db/sqlc-gen/schema.sql.go:155.18,166.17 2 0
github.com/remiges-tech/crux/db/sqlc-gen/schema.sql.go:166.17,168.4 1 0
github.com/remiges-tech/crux/db/sqlc-gen/schema.sql.go:169.3,169.27 1 0
github.com/remiges-tech/crux/db/sqlc-gen/schema.sql.go:171.2,171.35 1 0
github.com/remiges-tech/crux/db/sqlc-gen/schema.sql.go:171.35,173.3 1 0
github.com/remiges-tech/crux/db/sqlc-gen/schema.sql.go:174.2,174.19 1 0
github.com/remiges-tech/crux/db/sqlc-gen/schema.sql.go:201.86,215.2 4 0
github.com/remiges-tech/crux/db/sqlc-gen/schema.sql.go:243.83,255.2 2 0
github.com/remiges-tech/crux/db/sqlc-gen/schema.sql.go:277.105,288.2 4 0
github.com/remiges-tech/crux/db/sqlc-gen/schema.sql.go:307.91,330.2 4 0
github.com/remiges-tech/crux/db/sqlc-gen/schema.sql.go:362.104,369.16 2 0
github.com/remiges-tech/crux/db/sqlc-gen/schema.sql.go:369.16,371.3 1 0
github.com/remiges-tech/crux/db/sqlc-gen/schema.sql.go:372.2,374.18 3 0
github.com/remiges-tech/crux/db/sqlc-gen/schema.sql.go:374.18,385.17 2 0
github.com/remiges-tech/crux/db/sqlc-gen/schema.sql.go:385.17,387.4 1 0
github.com/remiges-tech/crux/db/sqlc-gen/schema.sql.go:388.3,388.27 1 0
github.com/remiges-tech/crux/db/sqlc-gen/schema.sql.go:390.2,390.35 1 0
github.com/remiges-tech/crux/db/sqlc-gen/schema.sql.go:390.35,392.3 1 0
github.com/remiges-tech/crux/db/sqlc-gen/schema.sql.go:393.2,393.19 1 0
github.com/remiges-tech/crux/db/sqlc-gen/schema.sql.go:433.87,441.2 2 0
github.com/remiges-tech/crux/db/sqlc-gen/schema.sql.go:476.99,497.2 4 0
github.com/remiges-tech/crux/db/sqlc-gen/sqlc_tx.go:26.57,31.2 1 0
github.com/remiges-tech/crux/db/sqlc-gen/sqlc_tx.go:38.117,40.2 1 0
github.com/remiges-tech/crux/db/sqlc-gen/sqlc_tx.go:47.106,49.16 2 0
github.com/remiges-tech/crux/db/sqlc-gen/sqlc_tx.go:49.16,51.3 1 0
github.com/remiges-tech/crux/db/sqlc-gen/sqlc_tx.go:52.2,54.16 3 0
github.com/remiges-tech/crux/db/sqlc-gen/sqlc_tx.go:54.16,55.46 1 0
github.com/remiges-tech/crux/db/sqlc-gen/sqlc_tx.go:55.46,57.4 1 0
github.com/remiges-tech/crux/db/sqlc-gen/sqlc_tx.go:58.3,58.21 1 0
github.com/remiges-tech/crux/db/sqlc-gen/sqlc_tx.go:60.2,60.31 1 0
github.com/remiges-tech/crux/db/sqlc-gen/stepworkflow.sql.go:21.91,23.16 2 0
github.com/remiges-tech/crux/db/sqlc-gen/stepworkflow.sql.go:23.16,25.3 1 0
github.com/remiges-tech/crux/db/sqlc-gen/stepworkflow.sql.go:26.2,28.18 3 0
github.com/remiges-tech/crux/db/sqlc-gen/stepworkflow.sql.go:28.18,30.57 2 0
github.com/remiges-tech/crux/db/sqlc-gen/stepworkflow.sql.go:30.57,32.4 1 0
github.com/remiges-tech/crux/db/sqlc-gen/stepworkflow.sql.go:33.3,33.27 1 0
github.com/remiges-tech/crux/db/sqlc-gen/stepworkflow.sql.go:35.2,35.35 1 0
github.com/remiges-tech/crux/db/sqlc-gen/stepworkflow.sql.go:35.35,37.3 1 0
github.com/remiges-tech/crux/db/sqlc-gen/stepworkflow.sql.go:38.2,38.19 1 0
github.com/remiges-tech/crux/db/sqlc-gen/wfinstance.sql.go:36.109,47.16 2 0
github.com/remiges-tech/crux/db/sqlc-gen/wfinstance.sql.go:47.16,49.3 1 0
github.com/remiges-tech/crux/db/sqlc-gen/wfinstance.sql.go:50.2,52.18 3 0
github.com/remiges-tech/crux/db/sqlc-gen/wfinstance.sql.go:52.18,66.17 2 0
github.com/remiges-tech/crux/db/sqlc-gen/wfinstance.sql.go:66.17,68.4 1 0
github.com/remiges-tech/crux/db/sqlc-gen/wfinstance.sql.go:69.3,69.27 1 0
github.com/remiges-tech/crux/db/sqlc-gen/wfinstance.sql.go:71.2,71.35 1 0
github.com/remiges-tech/crux/db/sqlc-gen/wfinstance.sql.go:71.35,73.3 1 0
github.com/remiges-tech/crux/db/sqlc-gen/wfinstance.sql.go:74.2,74.19 1 0
github.com/remiges-tech/crux/db/sqlc-gen/wfinstance.sql.go:89.133,91.16 2 0
github.com/remiges-tech/crux/db/sqlc-gen/wfinstance.sql.go:91.16,93.3 1 0
github.com/remiges-tech/crux/db/sqlc-gen/wfinstance.sql.go:94.2,96.18 3 0
github.com/remiges-tech/crux/db/sqlc-gen/wfinstance.sql.go:96.18,110.17 2 0
github.com/remiges-tech/crux/db/sqlc-gen/wfinstance.sql.go:110.17,112.4 1 0
github.com/remiges-tech/crux/db/sqlc-gen/wfinstance.sql.go:113.3,113.27 1 0
github.com/remiges-tech/crux/db/sqlc-gen/wfinstance.sql.go:115.2,115.35 1 0
github.com/remiges-tech/crux/db/sqlc-gen/wfinstance.sql.go:115.35,117.3 1 0
github.com/remiges-tech/crux/db/sqlc-gen/wfinstance.sql.go:118.2,118.19 1 0
github.com/remiges-tech/crux/db/sqlc-gen/wfinstance.sql.go:133.115,135.16 2 0
github.com/remiges-tech/crux/db/sqlc-gen/wfinstance.sql.go:135.16,137.3 1 0
github.com/remiges-tech/crux/db/sqlc-gen/wfinstance.sql.go:138.2,140.18 3 0
github.com/remiges-tech/crux/db/sqlc-gen/wfinstance.sql.go:140.18,154.17 2 0
github.com/remiges-tech/crux/db/sqlc-gen/wfinstance.sql.go:154.17,156.4 1 0
github.com/remiges-tech/crux/db/sqlc-gen/wfinstance.sql.go:157.3,157.27 1 0
github.com/remiges-tech/crux/db/sqlc-gen/wfinstance.sql.go:159.2,159.35 1 0
github.com/remiges-tech/crux/db/sqlc-gen/wfinstance.sql.go:159.35,161.3 1 0
github.com/remiges-tech/crux/db/sqlc-gen/wfinstance.sql.go:162.2,162.19 1 0
github.com/remiges-tech/crux/db/sqlc-gen/wfinstance.sql.go:182.94,192.2 4 0
github.com/remiges-tech/crux/db/sqlc-gen/wfinstance.sql.go:212.109,220.16 2 0
github.com/remiges-tech/crux/db/sqlc-gen/wfinstance.sql.go:220.16,222.3 1 0
github.com/remiges-tech/crux/db/sqlc-gen/wfinstance.sql.go:223.2,225.18 3 0
github.com/remiges-tech/crux/db/sqlc-gen/wfinstance.sql.go:225.18,239.17 2 0
github.com/remiges-tech/crux/db/sqlc-gen/wfinstance.sql.go:239.17,241.4 1 0
github.com/remiges-tech/crux/db/sqlc-gen/wfinstance.sql.go:242.3,242.27 1 0
github.com/remiges-tech/crux/db/sqlc-gen/wfinstance.sql.go:244.2,244.35 1 0
github.com/remiges-tech/crux/db/sqlc-gen/wfinstance.sql.go:244.35,246.3 1 0
github.com/remiges-tech/crux/db/sqlc-gen/wfinstance.sql.go:247.2,247.19 1 0
github.com/remiges-tech/crux/db/sqlc-gen/wfinstance.sql.go:256.101,258.16 2 0
github.com/remiges-tech/crux/db/sqlc-gen/wfinstance.sql.go:258.16,260.3 1 0
github.com/remiges-tech/crux/db/sqlc-gen/wfinstance.sql.go:261.2,263.18 3 0
github.com/remiges-tech/crux/db/sqlc-gen/wfinstance.sql.go:263.18,277.17 2 0
github.com/remiges-tech/crux/db/sqlc-gen/wfinstance.sql.go:277.17,279.4 1 0
github.com/remiges-tech/crux/db/sqlc-gen/wfinstance.sql.go:280.3,280.27 1 0
github.com/remiges-tech/crux/db/sqlc-gen/wfinstance.sql.go:282.2,282.35 1 0
github.com/remiges-tech/crux/db/sqlc-gen/wfinstance.sql.go:282.35,284.3 1 0
github.com/remiges-tech/crux/db/sqlc-gen/wfinstance.sql.go:285.2,285.19 1 0
github.com/remiges-tech/crux/matching-engine/cache.go:13.63,15.32 1 0
github.com/remiges-tech/crux/matching-engine/cache.go:15.32,17.3 1 0
github.com/remiges-tech/crux/matching-engine/cache.go:19.2,19.39 1 0
github.com/remiges-tech/crux/matching-engine/cache.go:19.39,22.14 3 0
github.com/remiges-tech/crux/matching-engine/cache.go:22.14,25.4 2 0
github.com/remiges-tech/crux/matching-engine/cache.go:27.3,29.14 3 0
github.com/remiges-tech/crux/matching-engine/cache.go:29.14,32.4 2 0
github.com/remiges-tech/crux/matching-engine/cache.go:34.3,36.14 3 0
github.com/remiges-tech/crux/matching-engine/cache.go:36.14,45.71 3 0
github.com/remiges-tech/crux/matching-engine/cache.go:45.71,47.13 2 0
github.com/remiges-tech/crux/matching-engine/cache.go:50.4,52.69 2 0
github.com/remiges-tech/crux/matching-engine/cache.go:52.69,54.13 2 0
github.com/remiges-tech/crux/matching-engine/cache.go:57.4,64.23 3 0
github.com/remiges-tech/crux/matching-engine/cache.go:64.23,66.5 1 0
github.com/remiges-tech/crux/matching-engine/cache.go:66.10,66.30 1 0
github.com/remiges-tech/crux/matching-engine/cache.go:66.30,68.5 1 0
github.com/remiges-tech/crux/matching-engine/cache.go:72.2,72.12 1 0
github.com/remiges-tech/crux/matching-engine/cache.go:75.66,77.33 1 0
github.com/remiges-tech/crux/matching-engine/cache.go:77.33,79.3 1 0
github.com/remiges-tech/crux/matching-engine/cache.go:80.2,80.40 1 0
github.com/remiges-tech/crux/matching-engine/cache.go:80.40,84.14 3 0
github.com/remiges-tech/crux/matching-engine/cache.go:84.14,87.4 2 0
github.com/remiges-tech/crux/matching-engine/cache.go:89.3,91.14 3 0
github.com/remiges-tech/crux/matching-engine/cache.go:91.14,94.4 2 0
github.com/remiges-tech/crux/matching-engine/cache.go:96.3,98.14 3 0
github.com/remiges-tech/crux/matching-engine/cache.go:98.14,108.18 4 0
github.com/remiges-tech/crux/matching-engine/cache.go:108.18,111.5 2 0
github.com/remiges-tech/crux/matching-engine/cache.go:113.4,120.23 3 0
github.com/remiges-tech/crux/matching-engine/cache.go:120.23,123.5 1 0
github.com/remiges-tech/crux/matching-engine/cache.go:123.10,123.30 1 0
github.com/remiges-tech/crux/matching-engine/cache.go:123.30,127.5 3 0
github.com/remiges-tech/crux/matching-engine/cache.go:131.2,132.12 2 0
github.com/remiges-tech/crux/matching-engine/cache.go:134.91,139.16 4 0
github.com/remiges-tech/crux/matching-engine/cache.go:139.16,141.3 1 0
github.com/remiges-tech/crux/matching-engine/cache.go:143.2,144.16 2 0
github.com/remiges-tech/crux/matching-engine/cache.go:144.16,146.3 1 0
github.com/remiges-tech/crux/matching-engine/cache.go:147.2,147.12 1 0
github.com/remiges-tech/crux/matching-engine/cache.go:150.28,155.2 3 0
github.com/remiges-tech/crux/matching-engine/cache.go:157.58,163.16 4 0
github.com/remiges-tech/crux/matching-engine/cache.go:163.16,165.3 1 0
github.com/remiges-tech/crux/matching-engine/cache.go:167.2,168.16 2 0
github.com/remiges-tech/crux/matching-engine/cache.go:168.16,170.3 1 0
github.com/remiges-tech/crux/matching-engine/cache.go:171.2,172.16 2 0
github.com/remiges-tech/crux/matching-engine/cache.go:172.16,174.3 1 0
github.com/remiges-tech/crux/matching-engine/cache.go:176.2,176.12 1 0
github.com/remiges-tech/crux/matching-engine/cache.go:179.20,183.40 3 0
github.com/remiges-tech/crux/matching-engine/cache.go:183.40,186.3 2 0
github.com/remiges-tech/crux/matching-engine/cache.go:188.2,188.12 1 0
github.com/remiges-tech/crux/matching-engine/cache.go:191.62,195.40 3 0
github.com/remiges-tech/crux/matching-engine/cache.go:195.40,198.3 2 0
github.com/remiges-tech/crux/matching-engine/cache.go:200.2,201.16 2 0
github.com/remiges-tech/crux/matching-engine/cache.go:201.16,203.3 1 0
github.com/remiges-tech/crux/matching-engine/cache.go:205.2,206.16 2 0
github.com/remiges-tech/crux/matching-engine/cache.go:206.16,208.3 1 0
github.com/remiges-tech/crux/matching-engine/cache.go:209.2,210.16 2 0
github.com/remiges-tech/crux/matching-engine/cache.go:210.16,212.3 1 0
github.com/remiges-tech/crux/matching-engine/cache.go:214.2,214.12 1 0
github.com/remiges-tech/crux/matching-engine/cache_data_structures.go:122.13,125.2 2 1
github.com/remiges-tech/crux/matching-engine/cache_data_structures.go:133.40,135.2 1 0
github.com/remiges-tech/crux/matching-engine/cache_stats_collection.go:36.91,43.18 5 0
github.com/remiges-tech/crux/matching-engine/cache_stats_collection.go:43.18,45.3 1 0
github.com/remiges-tech/crux/matching-engine/cache_stats_collection.go:46.2,47.16 2 0
github.com/remiges-tech/crux/matching-engine/cache_stats_collection.go:47.16,49.3 1 0
github.com/remiges-tech/crux/matching-engine/cache_stats_collection.go:50.2,51.18 2 0
github.com/remiges-tech/crux/matching-engine/cache_stats_collection.go:51.18,53.3 1 0
github.com/remiges-tech/crux/matching-engine/cache_stats_collection.go:54.2,63.66 3 0
github.com/remiges-tech/crux/matching-engine/cache_stats_collection.go:63.66,64.55 1 0
github.com/remiges-tech/crux/matching-engine/cache_stats_collection.go:64.55,65.35 1 0
github.com/remiges-tech/crux/matching-engine/cache_stats_collection.go:65.35,68.5 1 0
github.com/remiges-tech/crux/matching-engine/cache_stats_collection.go:70.3,70.55 1 0
github.com/remiges-tech/crux/matching-engine/cache_stats_collection.go:70.55,71.35 1 0
github.com/remiges-tech/crux/matching-engine/cache_stats_collection.go:71.35,74.5 1 0
github.com/remiges-tech/crux/matching-engine/cache_stats_collection.go:77.2,77.68 1 0
github.com/remiges-tech/crux/matching-engine/cache_stats_collection.go:77.68,78.59 1 0
github.com/remiges-tech/crux/matching-engine/cache_stats_collection.go:78.59,80.37 2 0
github.com/remiges-tech/crux/matching-engine/cache_stats_collection.go:80.37,85.40 2 0
github.com/remiges-tech/crux/matching-engine/cache_stats_collection.go:85.40,90.6 1 0
github.com/remiges-tech/crux/matching-engine/cache_stats_collection.go:93.3,93.58 1 0
github.com/remiges-tech/crux/matching-engine/cache_stats_collection.go:93.58,95.37 2 0
github.com/remiges-tech/crux/matching-engine/cache_stats_collection.go:95.37,100.40 2 0
github.com/remiges-tech/crux/matching-engine/cache_stats_collection.go:100.40,105.6 1 0
github.com/remiges-tech/crux/matching-engine/cache_stats_collection.go:110.2,118.34 6 0
github.com/remiges-tech/crux/matching-engine/cache_utils.go:19.18,21.2 1 0
github.com/remiges-tech/crux/matching-engine/cache_utils.go:23.20,25.2 1 0
github.com/remiges-tech/crux/matching-engine/cache_utils.go:27.43,30.16 3 0
github.com/remiges-tech/crux/matching-engine/cache_utils.go:30.16,32.3 1 0
github.com/remiges-tech/crux/matching-engine/cache_utils.go:33.2,34.16 2 0
github.com/remiges-tech/crux/matching-engine/cache_utils.go:34.16,36.3 1 0
github.com/remiges-tech/crux/matching-engine/cache_utils.go:37.2,38.34 2 0
github.com/remiges-tech/crux/matching-engine/cache_utils.go:41.36,42.47 1 0
github.com/remiges-tech/crux/matching-engine/cache_utils.go:42.47,43.35 1 0
github.com/remiges-tech/crux/matching-engine/cache_utils.go:43.35,44.43 1 0
github.com/remiges-tech/crux/matching-engine/cache_utils.go:44.43,45.50 1 0
github.com/remiges-tech/crux/matching-engine/cache_utils.go:45.50,46.36 1 0
github.com/remiges-tech/crux/matching-engine/cache_utils.go:46.36,47.42 1 0
github.com/remiges-tech/crux/matching-engine/cache_utils.go:47.42,48.46 1 0
github.com/remiges-tech/crux/matching-engine/cache_utils.go:48.46,50.9 1 0
github.com/remiges-tech/crux/matching-engine/cache_utils.go:51.8,51.46 1 0
github.com/remiges-tech/crux/matching-engine/cache_utils.go:51.46,53.9 1 0
github.com/remiges-tech/crux/matching-engine/cache_utils.go:63.76,64.41 1 0
github.com/remiges-tech/crux/matching-engine/cache_utils.go:64.41,65.47 1 0
github.com/remiges-tech/crux/matching-engine/cache_utils.go:65.47,66.33 1 0
github.com/remiges-tech/crux/matching-engine/cache_utils.go:66.33,67.13 1 0
github.com/remiges-tech/crux/matching-engine/cache_utils.go:69.4,69.57 1 0
github.com/remiges-tech/crux/matching-engine/cache_utils.go:69.57,70.51 1 0
github.com/remiges-tech/crux/matching-engine/cache_utils.go:70.51,71.47 1 0
github.com/remiges-tech/crux/matching-engine/cache_utils.go:71.47,75.7 2 0
github.com/remiges-tech/crux/matching-engine/cache_utils.go:78.4,78.56 1 0
github.com/remiges-tech/crux/matching-engine/cache_utils.go:78.56,79.51 1 0
github.com/remiges-tech/crux/matching-engine/cache_utils.go:79.51,80.47 1 0
github.com/remiges-tech/crux/matching-engine/cache_utils.go:80.47,84.7 2 0
github.com/remiges-tech/crux/matching-engine/cache_utils.go:91.29,93.47 1 0
github.com/remiges-tech/crux/matching-engine/cache_utils.go:93.47,95.40 2 0
github.com/remiges-tech/crux/matching-engine/cache_utils.go:95.40,97.43 2 0
github.com/remiges-tech/crux/matching-engine/cache_utils.go:97.43,103.58 3 0
github.com/remiges-tech/crux/matching-engine/cache_utils.go:103.58,105.36 2 0
github.com/remiges-tech/crux/matching-engine/cache_utils.go:105.36,106.36 1 0
github.com/remiges-tech/crux/matching-engine/cache_utils.go:106.36,113.71 5 0
github.com/remiges-tech/crux/matching-engine/cache_utils.go:113.71,119.9 5 0
github.com/remiges-tech/crux/matching-engine/cache_utils.go:125.5,125.58 1 0
github.com/remiges-tech/crux/matching-engine/cache_utils.go:125.58,127.41 2 0
github.com/remiges-tech/crux/matching-engine/cache_utils.go:127.41,134.74 5 0
github.com/remiges-tech/crux/matching-engine/cache_utils.go:134.74,140.8 5 0
github.com/remiges-tech/crux/matching-engine/cache_utils.go:147.28,149.46 1 0
github.com/remiges-tech/crux/matching-engine/cache_utils.go:149.46,151.40 2 0
github.com/remiges-tech/crux/matching-engine/cache_utils.go:151.40,153.43 2 0
github.com/remiges-tech/crux/matching-engine/cache_utils.go:153.43,156.55 3 0
github.com/remiges-tech/crux/matching-engine/cache_utils.go:156.55,158.37 2 0
github.com/remiges-tech/crux/matching-engine/cache_utils.go:158.37,162.7 3 0
github.com/remiges-tech/crux/matching-engine/cache_utils.go:164.5,164.55 1 0
github.com/remiges-tech/crux/matching-engine/cache_utils.go:164.55,166.37 2 0
github.com/remiges-tech/crux/matching-engine/cache_utils.go:166.37,170.7 3 0
github.com/remiges-tech/crux/matching-engine/cache_utils.go:179.76,181.27 1 0
github.com/remiges-tech/crux/matching-engine/cache_utils.go:183.14,186.49 2 0
github.com/remiges-tech/crux/matching-engine/cache_utils.go:186.49,189.4 2 0
github.com/remiges-tech/crux/matching-engine/cache_utils.go:191.3,192.52 2 0
github.com/remiges-tech/crux/matching-engine/cache_utils.go:192.52,194.58 2 0
github.com/remiges-tech/crux/matching-engine/cache_utils.go:194.58,197.5 2 0
github.com/remiges-tech/crux/matching-engine/cache_utils.go:198.4,198.38 1 0
github.com/remiges-tech/crux/matching-engine/cache_utils.go:198.38,199.46 1 0
github.com/remiges-tech/crux/matching-engine/cache_utils.go:199.46,201.6 1 0
github.com/remiges-tech/crux/matching-engine/cache_utils.go:204.3,204.30 1 0
github.com/remiges-tech/crux/matching-engine/cache_utils.go:204.30,205.43 1 0
github.com/remiges-tech/crux/matching-engine/cache_utils.go:205.43,207.5 1 0
github.com/remiges-tech/crux/matching-engine/cache_utils.go:209.30,211.22 1 0
github.com/remiges-tech/crux/matching-engine/cache_utils.go:211.22,212.24 1 0
github.com/remiges-tech/crux/matching-engine/cache_utils.go:212.24,214.5 1 0
github.com/remiges-tech/crux/matching-engine/cache_utils.go:217.21,218.26 1 0
github.com/remiges-tech/crux/matching-engine/cache_utils.go:218.26,219.41 1 0
github.com/remiges-tech/crux/matching-engine/cache_utils.go:219.41,221.5 1 0
github.com/remiges-tech/crux/matching-engine/cache_utils.go:223.14,224.24 1 0
github.com/remiges-tech/crux/matching-engine/cache_utils.go:226.2,226.14 1 0
github.com/remiges-tech/crux/matching-engine/cache_utils.go:229.66,233.18 2 0
github.com/remiges-tech/crux/matching-engine/cache_utils.go:234.19,235.35 1 0
github.com/remiges-tech/crux/matching-engine/cache_utils.go:235.35,236.65 1 0
github.com/remiges-tech/crux/matching-engine/cache_utils.go:236.65,238.5 1 0
github.com/remiges-tech/crux/matching-engine/cache_utils.go:239.4,239.93 1 0
github.com/remiges-tech/crux/matching-engine/cache_utils.go:239.93,241.5 1 0
github.com/remiges-tech/crux/matching-engine/cache_utils.go:244.21,245.32 1 0
github.com/remiges-tech/crux/matching-engine/cache_utils.go:245.32,246.88 1 0
github.com/remiges-tech/crux/matching-engine/cache_utils.go:246.88,248.5 1 0
github.com/remiges-tech/crux/matching-engine/cache_utils.go:250.22,251.37 1 0
github.com/remiges-tech/crux/matching-engine/cache_utils.go:253.2,253.14 1 0
github.com/remiges-tech/crux/matching-engine/cache_utils.go:255.124,258.18 3 0
github.com/remiges-tech/crux/matching-engine/cache_utils.go:258.18,260.3 1 0
github.com/remiges-tech/crux/matching-engine/cache_utils.go:262.2,264.16 3 0
github.com/remiges-tech/crux/matching-engine/cache_utils.go:264.16,266.3 1 0
github.com/remiges-tech/crux/matching-engine/cache_utils.go:268.2,270.18 3 0
github.com/remiges-tech/crux/matching-engine/cache_utils.go:270.18,272.3 1 0
github.com/remiges-tech/crux/matching-engine/cache_utils.go:274.2,277.17 3 0
github.com/remiges-tech/crux/matching-engine/cache_utils.go:277.17,279.3 1 0
github.com/remiges-tech/crux/matching-engine/cache_utils.go:279.8,279.24 1 0
github.com/remiges-tech/crux/matching-engine/cache_utils.go:279.24,281.3 1 0
github.com/remiges-tech/crux/matching-engine/cache_utils.go:283.2,283.23 1 0
github.com/remiges-tech/crux/matching-engine/cache_utils.go:283.23,285.3 1 0
github.com/remiges-tech/crux/matching-engine/cache_utils.go:287.2,287.23 1 0
github.com/remiges-tech/crux/matching-engine/cache_utils.go:287.23,289.3 1 0
github.com/remiges-tech/crux/matching-engine/cache_utils.go:291.2,292.16 2 0
github.com/remiges-tech/crux/matching-engine/cache_utils.go:292.16,294.3 1 0
github.com/remiges-tech/crux/matching-engine/cache_utils.go:296.2,297.16 2 0
github.com/remiges-tech/crux/matching-engine/cache_utils.go:297.16,299.3 1 0
github.com/remiges-tech/crux/matching-engine/cache_utils.go:301.2,301.55 1 0
github.com/remiges-tech/crux/matching-engine/cache_utils.go:305.54,308.13 3 0
github.com/remiges-tech/crux/matching-engine/cache_utils.go:308.13,310.3 1 0
github.com/remiges-tech/crux/matching-engine/cache_utils.go:312.2,314.13 3 0
github.com/remiges-tech/crux/matching-engine/cache_utils.go:314.13,316.3 1 0
github.com/remiges-tech/crux/matching-engine/cache_utils.go:318.2,320.13 3 0
github.com/remiges-tech/crux/matching-engine/cache_utils.go:320.13,322.3 1 0
github.com/remiges-tech/crux/matching-engine/cache_utils.go:324.2,330.20 6 0
github.com/remiges-tech/crux/matching-engine/cache_utils.go:330.20,332.3 1 0
github.com/remiges-tech/crux/matching-engine/cache_utils.go:332.8,334.3 1 0
github.com/remiges-tech/crux/matching-engine/cache_utils.go:336.2,336.24 1 0
github.com/remiges-tech/crux/matching-engine/cache_utils.go:336.24,338.3 1 0
github.com/remiges-tech/crux/matching-engine/cache_utils.go:340.2,343.16 3 0
github.com/remiges-tech/crux/matching-engine/cache_utils.go:343.16,346.3 1 0
github.com/remiges-tech/crux/matching-engine/cache_utils.go:348.2,349.16 2 0
github.com/remiges-tech/crux/matching-engine/cache_utils.go:349.16,352.3 1 0
github.com/remiges-tech/crux/matching-engine/cache_utils.go:354.2,354.86 1 0
github.com/remiges-tech/crux/matching-engine/cache_utils.go:358.107,362.18 3 0
github.com/remiges-tech/crux/matching-engine/cache_utils.go:362.18,365.3 1 0
github.com/remiges-tech/crux/matching-engine/cache_utils.go:367.2,369.16 3 0
github.com/remiges-tech/crux/matching-engine/cache_utils.go:369.16,372.3 1 0
github.com/remiges-tech/crux/matching-engine/cache_utils.go:374.2,377.18 3 0
github.com/remiges-tech/crux/matching-engine/cache_utils.go:377.18,380.3 1 0
github.com/remiges-tech/crux/matching-engine/cache_utils.go:382.2,385.14 3 0
github.com/remiges-tech/crux/matching-engine/cache_utils.go:385.14,386.37 1 0
github.com/remiges-tech/crux/matching-engine/cache_utils.go:386.37,389.4 1 0
github.com/remiges-tech/crux/matching-engine/cache_utils.go:392.2,393.14 2 0
github.com/remiges-tech/crux/matching-engine/cache_utils.go:393.14,394.37 1 0
github.com/remiges-tech/crux/matching-engine/cache_utils.go:394.37,396.4 1 0
github.com/remiges-tech/crux/matching-engine/cache_utils.go:399.2,399.25 1 0
github.com/remiges-tech/crux/matching-engine/cache_utils.go:401.68,405.17 3 0
github.com/remiges-tech/crux/matching-engine/cache_utils.go:406.17,407.60 1 0
github.com/remiges-tech/crux/matching-engine/cache_utils.go:408.16,409.55 1 0
github.com/remiges-tech/crux/matching-engine/cache_utils.go:410.18,411.65 1 0
github.com/remiges-tech/crux/matching-engine/cache_utils.go:412.30,413.36 1 0
github.com/remiges-tech/crux/matching-engine/cache_utils.go:414.22,415.65 1 0
github.com/remiges-tech/crux/matching-engine/cache_utils.go:417.2,417.16 1 0
github.com/remiges-tech/crux/matching-engine/cache_utils.go:417.16,419.3 1 0
github.com/remiges-tech/crux/matching-engine/cache_utils.go:420.2,420.26 1 0
github.com/remiges-tech/crux/matching-engine/cache_utils.go:423.105,427.18 3 0
github.com/remiges-tech/crux/matching-engine/cache_utils.go:427.18,429.3 1 0
github.com/remiges-tech/crux/matching-engine/cache_utils.go:431.2,433.16 3 0
github.com/remiges-tech/crux/matching-engine/cache_utils.go:433.16,435.3 1 0
github.com/remiges-tech/crux/matching-engine/cache_utils.go:437.2,439.18 3 0
github.com/remiges-tech/crux/matching-engine/cache_utils.go:439.18,441.3 1 0
github.com/remiges-tech/crux/matching-engine/cache_utils.go:443.2,445.49 2 0
github.com/remiges-tech/crux/matching-engine/cache_utils.go:445.49,447.3 1 0
github.com/remiges-tech/crux/matching-engine/cache_utils.go:449.2,449.48 1 0
github.com/remiges-tech/crux/matching-engine/cache_utils.go:449.48,451.3 1 0
github.com/remiges-tech/crux/matching-engine/cache_utils.go:453.2,453.22 1 0
github.com/remiges-tech/crux/matching-engine/cache_utils.go:456.127,460.16 3 0
github.com/remiges-tech/crux/matching-engine/cache_utils.go:460.16,462.3 1 0
github.com/remiges-tech/crux/matching-engine/cache_utils.go:464.2,466.30 2 0
github.com/remiges-tech/crux/matching-engine/cache_utils.go:468.43,469.41 1 0
github.com/remiges-tech/crux/matching-engine/cache_utils.go:469.41,470.37 1 0
github.com/remiges-tech/crux/matching-engine/cache_utils.go:470.37,471.40 1 0
github.com/remiges-tech/crux/matching-engine/cache_utils.go:471.40,476.54 3 0
github.com/remiges-tech/crux/matching-engine/cache_utils.go:476.54,478.6 1 0
github.com/remiges-tech/crux/matching-engine/cache_utils.go:481.5,481.58 1 0
github.com/remiges-tech/crux/matching-engine/cache_utils.go:481.58,482.39 1 0
github.com/remiges-tech/crux/matching-engine/cache_utils.go:482.39,484.47 2 0
github.com/remiges-tech/crux/matching-engine/cache_utils.go:484.47,486.8 1 0
github.com/remiges-tech/crux/matching-engine/cache_utils.go:491.5,491.54 1 0
github.com/remiges-tech/crux/matching-engine/cache_utils.go:491.54,493.6 1 0
github.com/remiges-tech/crux/matching-engine/cache_utils.go:496.5,496.58 1 0
github.com/remiges-tech/crux/matching-engine/cache_utils.go:496.58,497.41 1 0
github.com/remiges-tech/crux/matching-engine/cache_utils.go:497.41,499.48 2 0
github.com/remiges-tech/crux/matching-engine/cache_utils.go:499.48,501.8 1 0
github.com/remiges-tech/crux/matching-engine/cache_utils.go:510.112,514.18 3 0
github.com/remiges-tech/crux/matching-engine/cache_utils.go:514.18,516.3 1 0
github.com/remiges-tech/crux/matching-engine/cache_utils.go:518.2,520.16 3 0
github.com/remiges-tech/crux/matching-engine/cache_utils.go:520.16,522.3 1 0
github.com/remiges-tech/crux/matching-engine/cache_utils.go:524.2,526.18 3 0
github.com/remiges-tech/crux/matching-engine/cache_utils.go:526.18,528.3 1 0
github.com/remiges-tech/crux/matching-engine/cache_utils.go:530.2,533.48 3 0
github.com/remiges-tech/crux/matching-engine/cache_utils.go:533.48,535.3 1 0
github.com/remiges-tech/crux/matching-engine/cache_utils.go:537.2,537.22 1 0
github.com/remiges-tech/crux/matching-engine/collect_actions.go:5.83,14.43 3 0
github.com/remiges-tech/crux/matching-engine/collect_actions.go:14.43,16.43 2 0
github.com/remiges-tech/crux/matching-engine/collect_actions.go:16.43,17.23 1 0
github.com/remiges-tech/crux/matching-engine/collect_actions.go:17.23,19.10 2 0
github.com/remiges-tech/crux/matching-engine/collect_actions.go:22.3,22.13 1 0
github.com/remiges-tech/crux/matching-engine/collect_actions.go:22.13,24.4 1 0
github.com/remiges-tech/crux/matching-engine/collect_actions.go:29.2,29.46 1 0
github.com/remiges-tech/crux/matching-engine/collect_actions.go:29.46,31.3 1 0
github.com/remiges-tech/crux/matching-engine/collect_actions.go:34.2,34.60 1 0
github.com/remiges-tech/crux/matching-engine/collect_actions.go:34.60,36.57 2 0
github.com/remiges-tech/crux/matching-engine/collect_actions.go:36.57,37.36 1 0
github.com/remiges-tech/crux/matching-engine/collect_actions.go:37.36,40.10 3 0
github.com/remiges-tech/crux/matching-engine/collect_actions.go:43.3,43.13 1 0
github.com/remiges-tech/crux/matching-engine/collect_actions.go:43.13,45.4 1 0
github.com/remiges-tech/crux/matching-engine/collect_actions.go:48.2,48.21 1 0
github.com/remiges-tech/crux/matching-engine/do_match.go:15.129,19.52 2 0
github.com/remiges-tech/crux/matching-engine/do_match.go:19.52,24.3 1 0
github.com/remiges-tech/crux/matching-engine/do_match.go:26.2,28.37 2 0
github.com/remiges-tech/crux/matching-engine/do_match.go:28.37,34.17 3 0
github.com/remiges-tech/crux/matching-engine/do_match.go:34.17,39.4 1 0
github.com/remiges-tech/crux/matching-engine/do_match.go:41.3,41.14 1 0
github.com/remiges-tech/crux/matching-engine/do_match.go:41.14,45.42 2 0
github.com/remiges-tech/crux/matching-engine/do_match.go:45.42,49.16 2 0
github.com/remiges-tech/crux/matching-engine/do_match.go:49.16,51.6 1 0
github.com/remiges-tech/crux/matching-engine/do_match.go:53.5,53.40 1 0
github.com/remiges-tech/crux/matching-engine/do_match.go:53.40,55.6 1 0
github.com/remiges-tech/crux/matching-engine/do_match.go:57.5,59.19 3 0
github.com/remiges-tech/crux/matching-engine/do_match.go:59.19,64.6 1 0
github.com/remiges-tech/crux/matching-engine/do_match.go:67.4,67.41 1 0
github.com/remiges-tech/crux/matching-engine/do_match.go:67.41,70.5 1 0
github.com/remiges-tech/crux/matching-engine/do_match.go:72.4,72.33 1 0
github.com/remiges-tech/crux/matching-engine/do_match.go:72.33,76.5 2 0
github.com/remiges-tech/crux/matching-engine/do_match.go:77.9,77.48 1 0
github.com/remiges-tech/crux/matching-engine/do_match.go:77.48,80.15 2 0
github.com/remiges-tech/crux/matching-engine/do_match.go:80.15,82.5 1 0
github.com/remiges-tech/crux/matching-engine/do_match.go:84.4,84.39 1 0
github.com/remiges-tech/crux/matching-engine/do_match.go:84.39,86.5 1 0
github.com/remiges-tech/crux/matching-engine/do_match.go:88.4,90.18 3 0
github.com/remiges-tech/crux/matching-engine/do_match.go:90.18,95.5 1 0
github.com/remiges-tech/crux/matching-engine/do_match.go:95.10,95.21 1 0
github.com/remiges-tech/crux/matching-engine/do_match.go:95.21,97.5 1 0
github.com/remiges-tech/crux/matching-engine/do_match.go:101.2,103.30 2 0
github.com/remiges-tech/crux/matching-engine/do_match.go:106.82,107.35 1 0
github.com/remiges-tech/crux/matching-engine/do_match.go:107.35,108.33 1 0
github.com/remiges-tech/crux/matching-engine/do_match.go:108.33,111.39 2 0
github.com/remiges-tech/crux/matching-engine/do_match.go:111.39,115.5 1 0
github.com/remiges-tech/crux/matching-engine/do_match.go:116.4,116.24 1 0
github.com/remiges-tech/crux/matching-engine/do_match.go:117.9,119.39 1 0
github.com/remiges-tech/crux/matching-engine/do_match.go:119.39,123.5 1 0
github.com/remiges-tech/crux/matching-engine/do_match.go:126.2,126.19 1 0
github.com/remiges-tech/crux/matching-engine/do_match.go:129.114,133.2 1 0
github.com/remiges-tech/crux/matching-engine/match_pattern.go:33.124,35.35 1 0
github.com/remiges-tech/crux/matching-engine/match_pattern.go:35.35,40.45 3 0
github.com/remiges-tech/crux/matching-engine/match_pattern.go:40.45,45.4 3 0
github.com/remiges-tech/crux/matching-engine/match_pattern.go:48.3,48.26 1 0
github.com/remiges-tech/crux/matching-engine/match_pattern.go:48.26,49.41 1 0
github.com/remiges-tech/crux/matching-engine/match_pattern.go:49.41,50.26 1 0
github.com/remiges-tech/crux/matching-engine/match_pattern.go:50.26,53.6 2 0
github.com/remiges-tech/crux/matching-engine/match_pattern.go:58.3,58.26 1 0
github.com/remiges-tech/crux/matching-engine/match_pattern.go:58.26,61.4 2 0
github.com/remiges-tech/crux/matching-engine/match_pattern.go:63.3,65.17 2 0
github.com/remiges-tech/crux/matching-engine/match_pattern.go:65.17,67.4 1 0
github.com/remiges-tech/crux/matching-engine/match_pattern.go:69.3,69.15 1 0
github.com/remiges-tech/crux/matching-engine/match_pattern.go:69.15,71.4 1 0
github.com/remiges-tech/crux/matching-engine/match_pattern.go:75.2,75.18 1 0
github.com/remiges-tech/crux/matching-engine/match_pattern.go:78.87,80.41 1 0
github.com/remiges-tech/crux/matching-engine/match_pattern.go:80.41,82.32 1 0
github.com/remiges-tech/crux/matching-engine/match_pattern.go:82.32,83.56 1 0
github.com/remiges-tech/crux/matching-engine/match_pattern.go:83.56,85.36 1 0
github.com/remiges-tech/crux/matching-engine/match_pattern.go:85.36,88.6 1 0
github.com/remiges-tech/crux/matching-engine/match_pattern.go:92.2,92.11 1 0
github.com/remiges-tech/crux/matching-engine/match_pattern.go:97.101,100.16 2 0
github.com/remiges-tech/crux/matching-engine/match_pattern.go:100.16,102.3 1 0
github.com/remiges-tech/crux/matching-engine/match_pattern.go:109.2,110.28 2 0
github.com/remiges-tech/crux/matching-engine/match_pattern.go:110.28,112.3 1 0
github.com/remiges-tech/crux/matching-engine/match_pattern.go:113.2,115.12 3 0
github.com/remiges-tech/crux/matching-engine/match_pattern.go:116.12,118.24 2 0
github.com/remiges-tech/crux/matching-engine/match_pattern.go:119.12,121.25 2 0
github.com/remiges-tech/crux/matching-engine/match_pattern.go:122.12,124.25 2 0
github.com/remiges-tech/crux/matching-engine/match_pattern.go:125.12,127.42 2 0
github.com/remiges-tech/crux/matching-engine/match_pattern.go:128.12,130.24 2 0
github.com/remiges-tech/crux/matching-engine/match_pattern.go:131.12,133.41 2 0
github.com/remiges-tech/crux/matching-engine/match_pattern.go:135.2,135.16 1 0
github.com/remiges-tech/crux/matching-engine/match_pattern.go:135.16,137.3 1 0
github.com/remiges-tech/crux/matching-engine/match_pattern.go:138.2,138.19 1 0
github.com/remiges-tech/crux/matching-engine/match_pattern.go:142.78,146.17 3 0
github.com/remiges-tech/crux/matching-engine/match_pattern.go:147.16,148.60 1 0
github.com/remiges-tech/crux/matching-engine/match_pattern.go:149.15,150.55 1 0
github.com/remiges-tech/crux/matching-engine/match_pattern.go:151.17,152.65 1 0
github.com/remiges-tech/crux/matching-engine/match_pattern.go:153.25,154.36 1 0
github.com/remiges-tech/crux/matching-engine/match_pattern.go:155.14,156.65 1 0
github.com/remiges-tech/crux/matching-engine/match_pattern.go:158.2,158.16 1 0
github.com/remiges-tech/crux/matching-engine/match_pattern.go:158.16,160.3 1 0
github.com/remiges-tech/crux/matching-engine/match_pattern.go:161.2,161.31 1 0
github.com/remiges-tech/crux/matching-engine/match_pattern.go:168.42,170.18 2 0
github.com/remiges-tech/crux/matching-engine/match_pattern.go:171.11,173.21 2 0
github.com/remiges-tech/crux/matching-engine/match_pattern.go:173.21,175.4 1 0
github.com/remiges-tech/crux/matching-engine/match_pattern.go:175.9,175.29 1 0
github.com/remiges-tech/crux/matching-engine/match_pattern.go:175.29,177.4 1 0
github.com/remiges-tech/crux/matching-engine/match_pattern.go:178.15,180.27 2 0
github.com/remiges-tech/crux/matching-engine/match_pattern.go:180.27,182.4 1 0
github.com/remiges-tech/crux/matching-engine/match_pattern.go:182.9,182.35 1 0
github.com/remiges-tech/crux/matching-engine/match_pattern.go:182.35,184.4 1 0
github.com/remiges-tech/crux/matching-engine/match_pattern.go:185.14,186.30 1 0
github.com/remiges-tech/crux/matching-engine/match_pattern.go:186.30,188.4 1 0
github.com/remiges-tech/crux/matching-engine/match_pattern.go:189.17,190.42 1 0
github.com/remiges-tech/crux/matching-engine/match_pattern.go:190.42,192.4 1 0
github.com/remiges-tech/crux/matching-engine/match_pattern.go:193.10,194.40 1 0
github.com/remiges-tech/crux/matching-engine/match_pattern.go:196.2,196.14 1 0
github.com/remiges-tech/crux/matching-engine/match_pattern.go:196.14,198.3 1 0
github.com/remiges-tech/crux/matching-engine/match_pattern.go:198.8,200.3 1 0
github.com/remiges-tech/crux/matching-engine/match_pattern.go:202.76,204.36 1 0
github.com/remiges-tech/crux/matching-engine/match_pattern.go:204.36,206.32 1 0
github.com/remiges-tech/crux/matching-engine/match_pattern.go:206.32,209.4 1 0
github.com/remiges-tech/crux/matching-engine/verify_data.go:41.35,43.2 1 0
github.com/remiges-tech/crux/matching-engine/verify_data.go:48.63,50.29 2 0
github.com/remiges-tech/crux/matching-engine/verify_data.go:50.29,52.25 1 0
github.com/remiges-tech/crux/matching-engine/verify_data.go:52.25,55.4 2 0
github.com/remiges-tech/crux/matching-engine/verify_data.go:56.3,56.56 1 0
github.com/remiges-tech/crux/matching-engine/verify_data.go:56.56,58.4 1 0
github.com/remiges-tech/crux/matching-engine/verify_data.go:59.3,59.55 1 0
github.com/remiges-tech/crux/matching-engine/verify_data.go:59.55,61.4 1 0
github.com/remiges-tech/crux/matching-engine/verify_data.go:63.2,63.13 1 0
github.com/remiges-tech/crux/matching-engine/verify_data.go:66.58,68.32 2 0
github.com/remiges-tech/crux/matching-engine/verify_data.go:68.32,71.3 2 0
github.com/remiges-tech/crux/matching-engine/verify_data.go:72.2,76.46 3 0
github.com/remiges-tech/crux/matching-engine/verify_data.go:76.46,78.58 2 0
github.com/remiges-tech/crux/matching-engine/verify_data.go:78.59,80.4 0 0
github.com/remiges-tech/crux/matching-engine/verify_data.go:80.9,84.4 3 0
github.com/remiges-tech/crux/matching-engine/verify_data.go:86.3,86.39 1 0
github.com/remiges-tech/crux/matching-engine/verify_data.go:86.39,90.4 3 0
github.com/remiges-tech/crux/matching-engine/verify_data.go:90.9,90.77 1 0
github.com/remiges-tech/crux/matching-engine/verify_data.go:90.77,94.4 3 0
github.com/remiges-tech/crux/matching-engine/verify_data.go:95.3,95.40 1 0
github.com/remiges-tech/crux/matching-engine/verify_data.go:95.40,96.44 1 0
github.com/remiges-tech/crux/matching-engine/verify_data.go:96.44,100.5 3 0
github.com/remiges-tech/crux/matching-engine/verify_data.go:104.3,104.64 1 0
github.com/remiges-tech/crux/matching-engine/verify_data.go:104.64,106.4 1 0
github.com/remiges-tech/crux/matching-engine/verify_data.go:108.3,108.82 1 0
github.com/remiges-tech/crux/matching-engine/verify_data.go:108.82,112.4 3 0
github.com/remiges-tech/crux/matching-engine/verify_data.go:113.3,113.70 1 0
github.com/remiges-tech/crux/matching-engine/verify_data.go:113.70,115.4 1 0
github.com/remiges-tech/crux/matching-engine/verify_data.go:119.2,119.46 1 0
github.com/remiges-tech/crux/matching-engine/verify_data.go:119.46,122.3 2 0
github.com/remiges-tech/crux/matching-engine/verify_data.go:124.2,124.13 1 0
github.com/remiges-tech/crux/matching-engine/verify_data.go:128.57,131.77 3 0
github.com/remiges-tech/crux/matching-engine/verify_data.go:131.77,134.3 2 0
github.com/remiges-tech/crux/matching-engine/verify_data.go:135.2,135.45 1 0
github.com/remiges-tech/crux/matching-engine/verify_data.go:135.45,137.28 2 0
github.com/remiges-tech/crux/matching-engine/verify_data.go:137.28,141.4 3 0
github.com/remiges-tech/crux/matching-engine/verify_data.go:146.2,146.50 1 0
github.com/remiges-tech/crux/matching-engine/verify_data.go:146.50,149.3 2 0
github.com/remiges-tech/crux/matching-engine/verify_data.go:150.2,152.54 2 0
github.com/remiges-tech/crux/matching-engine/verify_data.go:152.54,154.32 2 0
github.com/remiges-tech/crux/matching-engine/verify_data.go:154.32,158.4 3 0
github.com/remiges-tech/crux/matching-engine/verify_data.go:158.9,158.34 1 0
github.com/remiges-tech/crux/matching-engine/verify_data.go:158.34,160.4 1 0
github.com/remiges-tech/crux/matching-engine/verify_data.go:160.9,160.30 1 0
github.com/remiges-tech/crux/matching-engine/verify_data.go:160.30,162.4 1 0
github.com/remiges-tech/crux/matching-engine/verify_data.go:166.2,166.44 1 0
github.com/remiges-tech/crux/matching-engine/verify_data.go:166.44,169.3 2 0
github.com/remiges-tech/crux/matching-engine/verify_data.go:171.2,171.94 1 0
github.com/remiges-tech/crux/matching-engine/verify_data.go:171.94,174.3 2 0
github.com/remiges-tech/crux/matching-engine/verify_data.go:175.2,175.13 1 0
github.com/remiges-tech/crux/matching-engine/verify_data.go:178.59,180.26 2 0
github.com/remiges-tech/crux/matching-engine/verify_data.go:180.26,182.3 1 0
github.com/remiges-tech/crux/matching-engine/verify_data.go:186.2,186.11 1 0
github.com/remiges-tech/crux/matching-engine/verify_data.go:189.55,191.38 1 0
github.com/remiges-tech/crux/matching-engine/verify_data.go:191.38,192.22 1 0
github.com/remiges-tech/crux/matching-engine/verify_data.go:192.22,195.4 1 0
github.com/remiges-tech/crux/matching-engine/verify_data.go:197.2,197.12 1 0
github.com/remiges-tech/crux/matching-engine/verify_data.go:204.69,208.16 3 0
github.com/remiges-tech/crux/matching-engine/verify_data.go:208.16,210.3 1 0
github.com/remiges-tech/crux/matching-engine/verify_data.go:211.2,211.61 1 0
github.com/remiges-tech/crux/matching-engine/verify_data.go:211.61,213.3 1 0
github.com/remiges-tech/crux/matching-engine/verify_data.go:214.2,214.60 1 0
github.com/remiges-tech/crux/matching-engine/verify_data.go:214.60,216.3 1 0
github.com/remiges-tech/crux/matching-engine/verify_data.go:218.2,218.13 1 0
github.com/remiges-tech/crux/matching-engine/verify_data.go:221.82,224.37 2 0
github.com/remiges-tech/crux/matching-engine/verify_data.go:224.37,226.42 1 0
github.com/remiges-tech/crux/matching-engine/verify_data.go:226.42,230.21 2 0
github.com/remiges-tech/crux/matching-engine/verify_data.go:230.21,234.63 1 0
github.com/remiges-tech/crux/matching-engine/verify_data.go:234.63,237.6 2 0
github.com/remiges-tech/crux/matching-engine/verify_data.go:239.5,239.22 1 0
github.com/remiges-tech/crux/matching-engine/verify_data.go:241.4,241.38 1 0
github.com/remiges-tech/crux/matching-engine/verify_data.go:241.38,245.5 2 0
github.com/remiges-tech/crux/matching-engine/verify_data.go:246.4,246.26 1 0
github.com/remiges-tech/crux/matching-engine/verify_data.go:246.26,250.5 2 0
github.com/remiges-tech/crux/matching-engine/verify_data.go:253.3,253.11 1 0
github.com/remiges-tech/crux/matching-engine/verify_data.go:253.11,255.43 2 0
github.com/remiges-tech/crux/matching-engine/verify_data.go:255.43,256.26 1 0
github.com/remiges-tech/crux/matching-engine/verify_data.go:256.26,259.11 2 0
github.com/remiges-tech/crux/matching-engine/verify_data.go:262.4,262.18 1 0
github.com/remiges-tech/crux/matching-engine/verify_data.go:262.18,266.5 2 0
github.com/remiges-tech/crux/matching-engine/verify_data.go:269.2,269.13 1 0
github.com/remiges-tech/crux/matching-engine/verify_data.go:272.64,275.26 2 0
github.com/remiges-tech/crux/matching-engine/verify_data.go:275.26,277.33 1 0
github.com/remiges-tech/crux/matching-engine/verify_data.go:277.33,279.24 1 0
github.com/remiges-tech/crux/matching-engine/verify_data.go:279.24,281.5 1 0
github.com/remiges-tech/crux/matching-engine/verify_data.go:284.2,284.63 1 0
github.com/remiges-tech/crux/matching-engine/verify_data.go:287.48,288.38 1 0
github.com/remiges-tech/crux/matching-engine/verify_data.go:288.38,289.22 1 0
github.com/remiges-tech/crux/matching-engine/verify_data.go:289.22,291.4 1 0
github.com/remiges-tech/crux/matching-engine/verify_data.go:293.2,293.11 1 0
github.com/remiges-tech/crux/matching-engine/verify_data.go:296.51,297.24 1 0
github.com/remiges-tech/crux/matching-engine/verify_data.go:297.24,299.13 1 0
github.com/remiges-tech/crux/matching-engine/verify_data.go:299.13,302.4 1 0
github.com/remiges-tech/crux/matching-engine/verify_data.go:304.2,304.14 1 0
github.com/remiges-tech/crux/matching-engine/verify_data.go:308.47,311.17 2 0
github.com/remiges-tech/crux/matching-engine/verify_data.go:312.16,313.21 1 0
github.com/remiges-tech/crux/matching-engine/verify_data.go:314.15,315.20 1 0
github.com/remiges-tech/crux/matching-engine/verify_data.go:316.17,317.24 1 0
github.com/remiges-tech/crux/matching-engine/verify_data.go:318.15,320.23 1 0
github.com/remiges-tech/crux/matching-engine/verify_data.go:321.16,323.23 1 0
github.com/remiges-tech/crux/matching-engine/verify_data.go:324.14,327.20 3 0
github.com/remiges-tech/crux/matching-engine/verify_data.go:330.2,330.11 1 0
github.com/remiges-tech/crux/matching-engine/verify_data.go:333.81,336.37 2 0
github.com/remiges-tech/crux/matching-engine/verify_data.go:336.37,337.43 1 0
github.com/remiges-tech/crux/matching-engine/verify_data.go:337.43,344.23 4 0
github.com/remiges-tech/crux/matching-engine/verify_data.go:344.23,347.5 2 0
github.com/remiges-tech/crux/matching-engine/verify_data.go:348.4,348.53 1 0
github.com/remiges-tech/crux/matching-engine/verify_data.go:348.53,350.10 2 0
github.com/remiges-tech/crux/matching-engine/verify_data.go:353.4,353.14 1 0
github.com/remiges-tech/crux/matching-engine/verify_data.go:353.14,356.5 2 0
github.com/remiges-tech/crux/matching-engine/verify_data.go:359.3,359.53 1 0
github.com/remiges-tech/crux/matching-engine/verify_data.go:359.53,362.65 2 0
github.com/remiges-tech/crux/matching-engine/verify_data.go:362.65,364.10 2 0
github.com/remiges-tech/crux/matching-engine/verify_data.go:367.4,367.14 1 0
github.com/remiges-tech/crux/matching-engine/verify_data.go:367.14,371.5 2 0
github.com/remiges-tech/crux/matching-engine/verify_data.go:375.3,375.11 1 0
github.com/remiges-tech/crux/matching-engine/verify_data.go:375.11,378.30 2 0
github.com/remiges-tech/crux/matching-engine/verify_data.go:378.30,381.5 2 0
github.com/remiges-tech/crux/matching-engine/verify_data.go:382.4,382.53 1 0
github.com/remiges-tech/crux/matching-engine/verify_data.go:382.53,385.5 2 0
github.com/remiges-tech/crux/matching-engine/verify_data.go:386.4,387.74 2 0
github.com/remiges-tech/crux/matching-engine/verify_data.go:387.74,390.5 2 0
github.com/remiges-tech/crux/matching-engine/verify_data.go:394.2,394.13 1 0
github.com/remiges-tech/crux/matching-engine/verify_data.go:397.70,399.31 2 0
github.com/remiges-tech/crux/matching-engine/verify_data.go:399.31,401.23 1 0
github.com/remiges-tech/crux/matching-engine/verify_data.go:401.23,403.4 1 0
github.com/remiges-tech/crux/matching-engine/verify_data.go:404.3,404.37 1 0
github.com/remiges-tech/crux/matching-engine/verify_data.go:404.37,406.4 1 0
github.com/remiges-tech/crux/matching-engine/verify_data.go:408.2,408.27 1 0
github.com/remiges-tech/crux/matching-engine/verify_data.go:411.50,412.31 1 0
github.com/remiges-tech/crux/matching-engine/verify_data.go:412.31,413.23 1 0
github.com/remiges-tech/crux/matching-engine/verify_data.go:413.23,415.4 1 0
github.com/remiges-tech/crux/matching-engine/verify_data.go:417.2,417.11 1 0
github.com/remiges-tech/crux/matching-engine/verify_data.go:420.50,423.35 2 0
github.com/remiges-tech/crux/matching-engine/verify_data.go:423.35,424.38 1 0
github.com/remiges-tech/crux/matching-engine/verify_data.go:424.38,426.74 1 0
github.com/remiges-tech/crux/matching-engine/verify_data.go:426.74,429.5 1 0
github.com/remiges-tech/crux/matching-engine/verify_data.go:433.2,433.18 1 0
github.com/remiges-tech/crux/matching-engine/verify_data.go:436.43,438.16 2 0
github.com/remiges-tech/crux/matching-engine/verify_data.go:438.16,440.3 1 0
github.com/remiges-tech/crux/matching-engine/verify_data.go:441.2,441.41 1 0
github.com/remiges-tech/crux/matching-engine/verify_data.go:441.41,444.14 2 0
github.com/remiges-tech/crux/matching-engine/verify_data.go:444.14,446.4 1 0
github.com/remiges-tech/crux/matching-engine/verify_data.go:447.3,448.17 2 0
github.com/remiges-tech/crux/matching-engine/verify_data.go:448.17,450.4 1 0
github.com/remiges-tech/crux/matching-engine/verify_data.go:452.2,452.43 1 0
github.com/remiges-tech/crux/matching-engine/verify_data.go:452.43,454.3 1 0
github.com/remiges-tech/crux/matching-engine/verify_data.go:455.2,455.18 1 0
github.com/remiges-tech/crux/server/wsc_utils.go:25.58,27.19 2 0
github.com/remiges-tech/crux/server/wsc_utils.go:28.18,29.38 1 0
github.com/remiges-tech/crux/server/wsc_utils.go:30.15,31.52 1 0
github.com/remiges-tech/crux/server/wsc_utils.go:32.12,33.51 1 0
github.com/remiges-tech/crux/server/wsc_utils.go:34.10,35.41 1 0
github.com/remiges-tech/crux/server/wsc_utils.go:37.2,37.13 1 0
github.com/remiges-tech/crux/server/wsc_utils.go:40.35,42.16 2 0
github.com/remiges-tech/crux/server/wsc_utils.go:42.16,44.3 1 0
github.com/remiges-tech/crux/server/wsc_utils.go:45.2,45.17 1 0
github.com/remiges-tech/crux/server/wsc_utils.go:48.56,51.16 2 0
github.com/remiges-tech/crux/server/wsc_utils.go:51.16,53.3 1 0
github.com/remiges-tech/crux/server/wsc_utils.go:54.2,56.16 3 0
github.com/remiges-tech/crux/server/wsc_utils.go:56.16,58.3 1 0
github.com/remiges-tech/crux/server/wsc_utils.go:59.2,59.22 1 0
github.com/remiges-tech/crux/server/wsc_utils.go:63.36,65.2 1 0
github.com/remiges-tech/crux/server/wsc_utils.go:68.40,71.2 2 0
github.com/remiges-tech/crux/server/wsc_utils.go:74.45,76.2 1 0
github.com/remiges-tech/crux/server/wsc_utils.go:78.63,81.2 2 1
github.com/remiges-tech/crux/server/wsc_utils.go:84.82,86.16 2 0
github.com/remiges-tech/crux/server/wsc_utils.go:86.16,88.3 1 0
github.com/remiges-tech/crux/server/wsc_utils.go:89.2,91.16 3 0
github.com/remiges-tech/crux/server/wsc_utils.go:91.16,93.3 1 0
github.com/remiges-tech/crux/server/wsc_utils.go:95.2,95.52 1 0
github.com/remiges-tech/crux/server/wsc_utils.go:95.52,97.3 1 0
github.com/remiges-tech/crux/server/wsc_utils.go:99.2,99.16 1 0
github.com/remiges-tech/crux/server/wsc_utils.go:99.16,101.3 1 0
github.com/remiges-tech/crux/server/wsc_utils.go:103.2,103.18 1 0
github.com/remiges-tech/crux/server/wsc_utils.go:106.58,108.16 2 0
github.com/remiges-tech/crux/server/wsc_utils.go:108.16,110.3 1 0
github.com/remiges-tech/crux/server/wsc_utils.go:111.2,113.19 3 0
github.com/remiges-tech/crux/server/wsc_utils.go:116.61,118.2 1 0
github.com/remiges-tech/crux/server/wsc_utils.go:120.60,122.27 2 0
github.com/remiges-tech/crux/server/wsc_utils.go:122.27,126.31 3 0
github.com/remiges-tech/crux/server/wsc_utils.go:126.31,127.27 1 0
github.com/remiges-tech/crux/server/wsc_utils.go:128.17,130.54 2 0
github.com/remiges-tech/crux/server/wsc_utils.go:131.19,133.54 2 0
github.com/remiges-tech/crux/server/wsc_utils.go:134.22,136.54 2 0
github.com/remiges-tech/crux/server/wsc_utils.go:137.20,139.54 2 0
github.com/remiges-tech/crux/server/wsc_utils.go:140.20,142.54 2 0
github.com/remiges-tech/crux/server/wsc_utils.go:143.20,145.54 2 0
github.com/remiges-tech/crux/server/wsc_utils.go:146.12,148.54 2 0
github.com/remiges-tech/crux/server/wsc_utils.go:153.2,153.25 1 0
github.com/remiges-tech/crux/server/config/configGet.go:13.52,37.16 5 1
github.com/remiges-tech/crux/server/config/configGet.go:37.16,41.3 3 0
github.com/remiges-tech/crux/server/config/configGet.go:43.2,44.9 2 1
github.com/remiges-tech/crux/server/config/configGet.go:44.9,48.3 3 0
github.com/remiges-tech/crux/server/config/configGet.go:49.2,50.16 2 1
github.com/remiges-tech/crux/server/config/configGet.go:50.16,55.3 4 0
github.com/remiges-tech/crux/server/config/configGet.go:56.2,57.53 2 1
github.com/remiges-tech/crux/server/config/configSet.go:25.52,49.16 5 1
github.com/remiges-tech/crux/server/config/configSet.go:49.16,53.3 3 0
github.com/remiges-tech/crux/server/config/configSet.go:55.2,58.16 3 1
github.com/remiges-tech/crux/server/config/configSet.go:58.16,61.3 2 1
github.com/remiges-tech/crux/server/config/configSet.go:64.2,64.88 1 1
github.com/remiges-tech/crux/server/config/configSet.go:64.88,64.109 1 1
github.com/remiges-tech/crux/server/config/configSet.go:65.2,65.31 1 1
github.com/remiges-tech/crux/server/config/configSet.go:65.31,69.3 3 1
github.com/remiges-tech/crux/server/config/configSet.go:71.2,72.9 2 1
github.com/remiges-tech/crux/server/config/configSet.go:72.9,76.3 3 0
github.com/remiges-tech/crux/server/config/configSet.go:78.2,86.16 2 1
github.com/remiges-tech/crux/server/config/configSet.go:86.16,91.3 4 1
github.com/remiges-tech/crux/server/config/configSet.go:92.2,93.53 2 1
github.com/remiges-tech/crux/testutils/test_utils.go:13.35,15.16 2 1
github.com/remiges-tech/crux/testutils/test_utils.go:15.16,17.3 1 0
github.com/remiges-tech/crux/testutils/test_utils.go:18.2,18.17 1 1
github.com/remiges-tech/crux/testutils/test_utils.go:21.56,24.16 2 1
github.com/remiges-tech/crux/testutils/test_utils.go:24.16,26.3 1 0
github.com/remiges-tech/crux/testutils/test_utils.go:27.2,29.16 3 1
github.com/remiges-tech/crux/testutils/test_utils.go:29.16,31.3 1 0
github.com/remiges-tech/crux/testutils/test_utils.go:32.2,32.22 1 1
github.com/remiges-tech/crux/types/types.go:15.39,16.13 1 0
github.com/remiges-tech/crux/types/types.go:17.31,18.14 1 0
github.com/remiges-tech/crux/types/types.go:20.2,20.14 1 0
