mode: set
github.com/remiges-tech/crux/db/error.go:18.59,21.28 2 0
github.com/remiges-tech/crux/db/error.go:21.28,22.21 1 0
github.com/remiges-tech/crux/db/error.go:23.16,24.119 1 0
github.com/remiges-tech/crux/db/error.go:25.16,26.115 1 0
github.com/remiges-tech/crux/db/error.go:27.16,28.112 1 0
github.com/remiges-tech/crux/db/error.go:29.16,31.99 1 0
github.com/remiges-tech/crux/db/error.go:32.16,33.99 1 0
github.com/remiges-tech/crux/db/error.go:35.8,35.51 1 0
github.com/remiges-tech/crux/db/error.go:35.51,38.3 2 0
github.com/remiges-tech/crux/db/error.go:38.8,40.3 1 0
github.com/remiges-tech/crux/db/error.go:41.2,41.32 1 0
github.com/remiges-tech/crux/db/pg.go:9.60,12.16 3 1
github.com/remiges-tech/crux/db/pg.go:12.16,14.3 1 0
github.com/remiges-tech/crux/db/pg.go:15.2,16.16 2 1
github.com/remiges-tech/crux/db/pg.go:16.16,18.3 1 0
github.com/remiges-tech/crux/db/pg.go:19.2,19.22 1 1
github.com/remiges-tech/crux/db/sqlc-gen/db.go:20.28,22.2 1 1
github.com/remiges-tech/crux/db/sqlc-gen/db.go:28.46,32.2 1 0
github.com/remiges-tech/crux/db/sqlc-gen/models.go:21.48,22.25 1 0
github.com/remiges-tech/crux/db/sqlc-gen/models.go:23.14,24.19 1 0
github.com/remiges-tech/crux/db/sqlc-gen/models.go:25.14,26.19 1 0
github.com/remiges-tech/crux/db/sqlc-gen/models.go:27.10,28.67 1 0
github.com/remiges-tech/crux/db/sqlc-gen/models.go:30.2,30.12 1 0
github.com/remiges-tech/crux/db/sqlc-gen/models.go:39.55,40.18 1 0
github.com/remiges-tech/crux/db/sqlc-gen/models.go:40.18,43.3 2 0
github.com/remiges-tech/crux/db/sqlc-gen/models.go:44.2,45.32 2 0
github.com/remiges-tech/crux/db/sqlc-gen/models.go:49.54,50.15 1 0
github.com/remiges-tech/crux/db/sqlc-gen/models.go:50.15,52.3 1 0
github.com/remiges-tech/crux/db/sqlc-gen/models.go:53.2,53.33 1 0
github.com/remiges-tech/crux/db/sqlc-gen/ruleset.sql.go:33.81,43.2 4 1
github.com/remiges-tech/crux/db/sqlc-gen/ruleset.sql.go:63.85,73.2 4 1
github.com/remiges-tech/crux/db/sqlc-gen/ruleset.sql.go:95.108,106.2 4 1
github.com/remiges-tech/crux/db/sqlc-gen/ruleset.sql.go:128.105,139.2 4 1
github.com/remiges-tech/crux/db/sqlc-gen/ruleset.sql.go:157.98,178.2 4 0
github.com/remiges-tech/crux/db/sqlc-gen/ruleset.sql.go:204.81,219.2 2 0
github.com/remiges-tech/crux/db/sqlc-gen/ruleset.sql.go:245.108,255.2 1 0
github.com/remiges-tech/crux/db/sqlc-gen/ruleset.sql.go:277.108,285.2 1 0
github.com/remiges-tech/crux/db/sqlc-gen/ruleset.sql.go:336.104,346.16 2 0
github.com/remiges-tech/crux/db/sqlc-gen/ruleset.sql.go:346.16,348.3 1 0
github.com/remiges-tech/crux/db/sqlc-gen/ruleset.sql.go:349.2,351.18 3 0
github.com/remiges-tech/crux/db/sqlc-gen/ruleset.sql.go:351.18,365.17 2 0
github.com/remiges-tech/crux/db/sqlc-gen/ruleset.sql.go:365.17,367.4 1 0
github.com/remiges-tech/crux/db/sqlc-gen/ruleset.sql.go:368.3,368.27 1 0
github.com/remiges-tech/crux/db/sqlc-gen/ruleset.sql.go:370.2,370.35 1 0
github.com/remiges-tech/crux/db/sqlc-gen/ruleset.sql.go:370.35,372.3 1 0
github.com/remiges-tech/crux/db/sqlc-gen/ruleset.sql.go:373.2,373.19 1 0
github.com/remiges-tech/crux/db/sqlc-gen/ruleset.sql.go:423.99,447.2 4 0
github.com/remiges-tech/crux/db/sqlc-gen/schema.sql.go:45.117,57.2 4 0
github.com/remiges-tech/crux/db/sqlc-gen/schema.sql.go:63.78,67.2 3 0
github.com/remiges-tech/crux/db/sqlc-gen/schema.sql.go:97.95,99.16 2 0
github.com/remiges-tech/crux/db/sqlc-gen/schema.sql.go:99.16,101.3 1 0
github.com/remiges-tech/crux/db/sqlc-gen/schema.sql.go:102.2,104.18 3 0
github.com/remiges-tech/crux/db/sqlc-gen/schema.sql.go:104.18,115.17 2 0
github.com/remiges-tech/crux/db/sqlc-gen/schema.sql.go:115.17,117.4 1 0
github.com/remiges-tech/crux/db/sqlc-gen/schema.sql.go:118.3,118.27 1 0
github.com/remiges-tech/crux/db/sqlc-gen/schema.sql.go:120.2,120.35 1 0
github.com/remiges-tech/crux/db/sqlc-gen/schema.sql.go:120.35,122.3 1 0
github.com/remiges-tech/crux/db/sqlc-gen/schema.sql.go:123.2,123.19 1 0
github.com/remiges-tech/crux/db/sqlc-gen/schema.sql.go:145.76,147.16 2 0
github.com/remiges-tech/crux/db/sqlc-gen/schema.sql.go:147.16,149.3 1 0
github.com/remiges-tech/crux/db/sqlc-gen/schema.sql.go:150.2,152.18 3 0
github.com/remiges-tech/crux/db/sqlc-gen/schema.sql.go:152.18,164.17 2 0
github.com/remiges-tech/crux/db/sqlc-gen/schema.sql.go:164.17,166.4 1 0
github.com/remiges-tech/crux/db/sqlc-gen/schema.sql.go:167.3,167.27 1 0
github.com/remiges-tech/crux/db/sqlc-gen/schema.sql.go:169.2,169.35 1 0
github.com/remiges-tech/crux/db/sqlc-gen/schema.sql.go:169.35,171.3 1 0
github.com/remiges-tech/crux/db/sqlc-gen/schema.sql.go:172.2,172.19 1 0
github.com/remiges-tech/crux/db/sqlc-gen/schema.sql.go:196.98,198.16 2 0
github.com/remiges-tech/crux/db/sqlc-gen/schema.sql.go:198.16,200.3 1 0
github.com/remiges-tech/crux/db/sqlc-gen/schema.sql.go:201.2,203.18 3 0
github.com/remiges-tech/crux/db/sqlc-gen/schema.sql.go:203.18,215.17 2 0
github.com/remiges-tech/crux/db/sqlc-gen/schema.sql.go:215.17,217.4 1 0
github.com/remiges-tech/crux/db/sqlc-gen/schema.sql.go:218.3,218.27 1 0
github.com/remiges-tech/crux/db/sqlc-gen/schema.sql.go:220.2,220.35 1 0
github.com/remiges-tech/crux/db/sqlc-gen/schema.sql.go:220.35,222.3 1 0
github.com/remiges-tech/crux/db/sqlc-gen/schema.sql.go:223.2,223.19 1 0
github.com/remiges-tech/crux/db/sqlc-gen/schema.sql.go:252.137,254.16 2 0
github.com/remiges-tech/crux/db/sqlc-gen/schema.sql.go:254.16,256.3 1 0
github.com/remiges-tech/crux/db/sqlc-gen/schema.sql.go:257.2,259.18 3 0
github.com/remiges-tech/crux/db/sqlc-gen/schema.sql.go:259.18,270.17 2 0
github.com/remiges-tech/crux/db/sqlc-gen/schema.sql.go:270.17,272.4 1 0
github.com/remiges-tech/crux/db/sqlc-gen/schema.sql.go:273.3,273.27 1 0
github.com/remiges-tech/crux/db/sqlc-gen/schema.sql.go:275.2,275.35 1 0
github.com/remiges-tech/crux/db/sqlc-gen/schema.sql.go:275.35,277.3 1 0
github.com/remiges-tech/crux/db/sqlc-gen/schema.sql.go:278.2,278.19 1 0
github.com/remiges-tech/crux/db/sqlc-gen/schema.sql.go:307.137,309.16 2 0
github.com/remiges-tech/crux/db/sqlc-gen/schema.sql.go:309.16,311.3 1 0
github.com/remiges-tech/crux/db/sqlc-gen/schema.sql.go:312.2,314.18 3 0
github.com/remiges-tech/crux/db/sqlc-gen/schema.sql.go:314.18,325.17 2 0
github.com/remiges-tech/crux/db/sqlc-gen/schema.sql.go:325.17,327.4 1 0
github.com/remiges-tech/crux/db/sqlc-gen/schema.sql.go:328.3,328.27 1 0
github.com/remiges-tech/crux/db/sqlc-gen/schema.sql.go:330.2,330.35 1 0
github.com/remiges-tech/crux/db/sqlc-gen/schema.sql.go:330.35,332.3 1 0
github.com/remiges-tech/crux/db/sqlc-gen/schema.sql.go:333.2,333.19 1 0
github.com/remiges-tech/crux/db/sqlc-gen/schema.sql.go:356.104,358.16 2 0
github.com/remiges-tech/crux/db/sqlc-gen/schema.sql.go:358.16,360.3 1 0
github.com/remiges-tech/crux/db/sqlc-gen/schema.sql.go:361.2,363.18 3 0
github.com/remiges-tech/crux/db/sqlc-gen/schema.sql.go:363.18,374.17 2 0
github.com/remiges-tech/crux/db/sqlc-gen/schema.sql.go:374.17,376.4 1 0
github.com/remiges-tech/crux/db/sqlc-gen/schema.sql.go:377.3,377.27 1 0
github.com/remiges-tech/crux/db/sqlc-gen/schema.sql.go:379.2,379.35 1 0
github.com/remiges-tech/crux/db/sqlc-gen/schema.sql.go:379.35,381.3 1 0
github.com/remiges-tech/crux/db/sqlc-gen/schema.sql.go:382.2,382.19 1 0
github.com/remiges-tech/crux/db/sqlc-gen/schema.sql.go:411.143,413.16 2 0
github.com/remiges-tech/crux/db/sqlc-gen/schema.sql.go:413.16,415.3 1 0
github.com/remiges-tech/crux/db/sqlc-gen/schema.sql.go:416.2,418.18 3 0
github.com/remiges-tech/crux/db/sqlc-gen/schema.sql.go:418.18,429.17 2 0
github.com/remiges-tech/crux/db/sqlc-gen/schema.sql.go:429.17,431.4 1 0
github.com/remiges-tech/crux/db/sqlc-gen/schema.sql.go:432.3,432.27 1 0
github.com/remiges-tech/crux/db/sqlc-gen/schema.sql.go:434.2,434.35 1 0
github.com/remiges-tech/crux/db/sqlc-gen/schema.sql.go:434.35,436.3 1 0
github.com/remiges-tech/crux/db/sqlc-gen/schema.sql.go:437.2,437.19 1 0
github.com/remiges-tech/crux/db/sqlc-gen/schema.sql.go:460.103,462.16 2 0
github.com/remiges-tech/crux/db/sqlc-gen/schema.sql.go:462.16,464.3 1 0
github.com/remiges-tech/crux/db/sqlc-gen/schema.sql.go:465.2,467.18 3 0
github.com/remiges-tech/crux/db/sqlc-gen/schema.sql.go:467.18,478.17 2 0
github.com/remiges-tech/crux/db/sqlc-gen/schema.sql.go:478.17,480.4 1 0
github.com/remiges-tech/crux/db/sqlc-gen/schema.sql.go:481.3,481.27 1 0
github.com/remiges-tech/crux/db/sqlc-gen/schema.sql.go:483.2,483.35 1 0
github.com/remiges-tech/crux/db/sqlc-gen/schema.sql.go:483.35,485.3 1 0
github.com/remiges-tech/crux/db/sqlc-gen/schema.sql.go:486.2,486.19 1 0
github.com/remiges-tech/crux/db/sqlc-gen/schema.sql.go:512.86,526.2 4 0
github.com/remiges-tech/crux/db/sqlc-gen/schema.sql.go:552.83,563.2 2 0
github.com/remiges-tech/crux/db/sqlc-gen/schema.sql.go:583.105,593.2 4 1
github.com/remiges-tech/crux/db/sqlc-gen/schema.sql.go:610.91,628.2 4 0
github.com/remiges-tech/crux/db/sqlc-gen/schema.sql.go:660.104,667.16 2 0
github.com/remiges-tech/crux/db/sqlc-gen/schema.sql.go:667.16,669.3 1 0
github.com/remiges-tech/crux/db/sqlc-gen/schema.sql.go:670.2,672.18 3 0
github.com/remiges-tech/crux/db/sqlc-gen/schema.sql.go:672.18,683.17 2 0
github.com/remiges-tech/crux/db/sqlc-gen/schema.sql.go:683.17,685.4 1 0
github.com/remiges-tech/crux/db/sqlc-gen/schema.sql.go:686.3,686.27 1 0
github.com/remiges-tech/crux/db/sqlc-gen/schema.sql.go:688.2,688.35 1 0
github.com/remiges-tech/crux/db/sqlc-gen/schema.sql.go:688.35,690.3 1 0
github.com/remiges-tech/crux/db/sqlc-gen/schema.sql.go:691.2,691.19 1 0
github.com/remiges-tech/crux/db/sqlc-gen/schema.sql.go:718.87,726.2 2 0
github.com/remiges-tech/crux/db/sqlc-gen/schema.sql.go:761.99,782.2 4 0
github.com/remiges-tech/crux/db/sqlc-gen/stepworkflow.sql.go:21.91,23.16 2 1
github.com/remiges-tech/crux/db/sqlc-gen/stepworkflow.sql.go:23.16,25.3 1 0
github.com/remiges-tech/crux/db/sqlc-gen/stepworkflow.sql.go:26.2,28.18 3 1
github.com/remiges-tech/crux/db/sqlc-gen/stepworkflow.sql.go:28.18,30.57 2 1
github.com/remiges-tech/crux/db/sqlc-gen/stepworkflow.sql.go:30.57,32.4 1 0
github.com/remiges-tech/crux/db/sqlc-gen/stepworkflow.sql.go:33.3,33.27 1 1
github.com/remiges-tech/crux/db/sqlc-gen/stepworkflow.sql.go:35.2,35.35 1 1
github.com/remiges-tech/crux/db/sqlc-gen/stepworkflow.sql.go:35.35,37.3 1 0
github.com/remiges-tech/crux/db/sqlc-gen/stepworkflow.sql.go:38.2,38.19 1 1
github.com/remiges-tech/crux/db/sqlc-gen/wfinstance.sql.go:45.119,56.16 2 1
github.com/remiges-tech/crux/db/sqlc-gen/wfinstance.sql.go:56.16,58.3 1 0
github.com/remiges-tech/crux/db/sqlc-gen/wfinstance.sql.go:59.2,61.18 3 1
github.com/remiges-tech/crux/db/sqlc-gen/wfinstance.sql.go:61.18,63.64 2 1
github.com/remiges-tech/crux/db/sqlc-gen/wfinstance.sql.go:63.64,65.4 1 0
github.com/remiges-tech/crux/db/sqlc-gen/wfinstance.sql.go:66.3,66.27 1 1
github.com/remiges-tech/crux/db/sqlc-gen/wfinstance.sql.go:68.2,68.35 1 1
github.com/remiges-tech/crux/db/sqlc-gen/wfinstance.sql.go:68.35,70.3 1 0
github.com/remiges-tech/crux/db/sqlc-gen/wfinstance.sql.go:71.2,71.19 1 1
github.com/remiges-tech/crux/db/sqlc-gen/wfinstance.sql.go:100.100,105.2 4 1
github.com/remiges-tech/crux/db/sqlc-gen/wfinstance.sql.go:124.94,134.2 4 1
github.com/remiges-tech/crux/server/wfinstance/do_match.go:81.122,116.2 2 1
github.com/remiges-tech/crux/server/wfinstance/do_match.go:118.93,122.2 1 0
github.com/remiges-tech/crux/server/wfinstance/wfinstance_abort.go:20.61,34.16 5 1
github.com/remiges-tech/crux/server/wfinstance/wfinstance_abort.go:34.16,38.3 3 0
github.com/remiges-tech/crux/server/wfinstance/wfinstance_abort.go:41.2,42.16 2 1
github.com/remiges-tech/crux/server/wfinstance/wfinstance_abort.go:42.16,45.3 2 0
github.com/remiges-tech/crux/server/wfinstance/wfinstance_abort.go:47.2,47.50 1 1
github.com/remiges-tech/crux/server/wfinstance/wfinstance_abort.go:47.50,51.3 3 1
github.com/remiges-tech/crux/server/wfinstance/wfinstance_abort.go:52.2,52.50 1 1
github.com/remiges-tech/crux/server/wfinstance/wfinstance_abort.go:52.50,56.3 3 0
github.com/remiges-tech/crux/server/wfinstance/wfinstance_abort.go:59.2,59.23 1 1
github.com/remiges-tech/crux/server/wfinstance/wfinstance_abort.go:59.23,62.3 2 1
github.com/remiges-tech/crux/server/wfinstance/wfinstance_abort.go:62.8,64.3 1 1
github.com/remiges-tech/crux/server/wfinstance/wfinstance_abort.go:65.2,68.9 3 1
github.com/remiges-tech/crux/server/wfinstance/wfinstance_abort.go:68.9,71.3 2 0
github.com/remiges-tech/crux/server/wfinstance/wfinstance_abort.go:73.2,77.18 2 1
github.com/remiges-tech/crux/server/wfinstance/wfinstance_abort.go:77.18,82.3 4 0
github.com/remiges-tech/crux/server/wfinstance/wfinstance_abort.go:83.2,84.15 2 1
github.com/remiges-tech/crux/server/wfinstance/wfinstance_abort.go:84.15,88.3 3 1
github.com/remiges-tech/crux/server/wfinstance/wfinstance_abort.go:90.2,90.85 1 1
github.com/remiges-tech/crux/server/wfinstance/wfinstance_new.go:36.59,53.16 13 1
github.com/remiges-tech/crux/server/wfinstance/wfinstance_new.go:53.16,57.3 3 0
github.com/remiges-tech/crux/server/wfinstance/wfinstance_new.go:60.2,61.16 2 1
github.com/remiges-tech/crux/server/wfinstance/wfinstance_new.go:61.16,64.3 2 0
github.com/remiges-tech/crux/server/wfinstance/wfinstance_new.go:66.2,66.101 1 1
github.com/remiges-tech/crux/server/wfinstance/wfinstance_new.go:66.101,66.122 1 0
github.com/remiges-tech/crux/server/wfinstance/wfinstance_new.go:67.2,67.31 1 1
github.com/remiges-tech/crux/server/wfinstance/wfinstance_new.go:67.31,71.3 3 0
github.com/remiges-tech/crux/server/wfinstance/wfinstance_new.go:73.2,75.36 3 1
github.com/remiges-tech/crux/server/wfinstance/wfinstance_new.go:75.36,80.3 3 1
github.com/remiges-tech/crux/server/wfinstance/wfinstance_new.go:80.8,84.3 2 1
github.com/remiges-tech/crux/server/wfinstance/wfinstance_new.go:85.2,89.16 3 1
github.com/remiges-tech/crux/server/wfinstance/wfinstance_new.go:89.16,93.3 3 0
github.com/remiges-tech/crux/server/wfinstance/wfinstance_new.go:96.2,97.18 2 1
github.com/remiges-tech/crux/server/wfinstance/wfinstance_new.go:97.18,101.3 3 1
github.com/remiges-tech/crux/server/wfinstance/wfinstance_new.go:102.2,102.29 1 1
github.com/remiges-tech/crux/server/wfinstance/wfinstance_new.go:102.29,104.3 1 1
github.com/remiges-tech/crux/server/wfinstance/wfinstance_new.go:104.8,106.3 1 1
github.com/remiges-tech/crux/server/wfinstance/wfinstance_new.go:108.2,108.18 1 1
github.com/remiges-tech/crux/server/wfinstance/wfinstance_new.go:108.18,113.3 4 1
github.com/remiges-tech/crux/server/wfinstance/wfinstance_new.go:116.2,119.45 2 1
github.com/remiges-tech/crux/server/wfinstance/wfinstance_new.go:119.45,126.17 3 1
github.com/remiges-tech/crux/server/wfinstance/wfinstance_new.go:126.17,130.4 3 0
github.com/remiges-tech/crux/server/wfinstance/wfinstance_new.go:131.3,131.73 1 1
github.com/remiges-tech/crux/server/wfinstance/wfinstance_new.go:135.2,135.44 1 1
github.com/remiges-tech/crux/server/wfinstance/wfinstance_new.go:135.44,142.17 3 1
github.com/remiges-tech/crux/server/wfinstance/wfinstance_new.go:142.17,146.4 3 0
github.com/remiges-tech/crux/server/wfinstance/wfinstance_new.go:147.3,147.73 1 1
github.com/remiges-tech/crux/server/wfinstance/wfinstance_new.go:153.67,156.36 3 1
github.com/remiges-tech/crux/server/wfinstance/wfinstance_new.go:156.36,157.19 1 1
github.com/remiges-tech/crux/server/wfinstance/wfinstance_new.go:157.19,159.4 1 1
github.com/remiges-tech/crux/server/wfinstance/wfinstance_new.go:159.9,159.30 1 1
github.com/remiges-tech/crux/server/wfinstance/wfinstance_new.go:159.30,161.4 1 1
github.com/remiges-tech/crux/server/wfinstance/wfinstance_new.go:161.9,163.4 1 1
github.com/remiges-tech/crux/server/wfinstance/wfinstance_new.go:166.2,166.23 1 1
github.com/remiges-tech/crux/server/wfinstance/wfinstancenew_add.go:30.102,39.9 7 1
github.com/remiges-tech/crux/server/wfinstance/wfinstancenew_add.go:39.9,43.3 3 0
github.com/remiges-tech/crux/server/wfinstance/wfinstancenew_add.go:46.2,59.18 3 1
github.com/remiges-tech/crux/server/wfinstance/wfinstancenew_add.go:59.18,62.3 2 0
github.com/remiges-tech/crux/server/wfinstance/wfinstancenew_add.go:65.2,66.33 2 1
github.com/remiges-tech/crux/server/wfinstance/wfinstancenew_add.go:66.33,69.62 2 1
github.com/remiges-tech/crux/server/wfinstance/wfinstancenew_add.go:69.62,71.4 1 1
github.com/remiges-tech/crux/server/wfinstance/wfinstancenew_add.go:76.2,85.22 4 1
github.com/remiges-tech/crux/server/wfinstance/wfinstancenew_add.go:89.59,97.37 6 1
github.com/remiges-tech/crux/server/wfinstance/wfinstancenew_add.go:97.37,104.3 4 1
github.com/remiges-tech/crux/server/wfinstance/wfinstancenew_add.go:106.2,106.20 1 1
github.com/remiges-tech/crux/server/wfinstance/wfinstancenew_add.go:106.20,114.3 1 1
github.com/remiges-tech/crux/server/wfinstance/wfinstancenew_add.go:114.8,121.3 1 1
github.com/remiges-tech/crux/server/wfinstance/wfinstancenew_add.go:122.2,122.17 1 1
github.com/remiges-tech/crux/server/wfinstance/wfinstancenew_add.go:126.47,127.16 1 1
github.com/remiges-tech/crux/server/wfinstance/wfinstancenew_add.go:127.16,132.3 1 1
github.com/remiges-tech/crux/server/wfinstance/wfinstancenew_add.go:133.2,133.48 1 0
github.com/remiges-tech/crux/server/wfinstance/wfinstancenew_validation.go:28.123,35.9 6 1
github.com/remiges-tech/crux/server/wfinstance/wfinstancenew_validation.go:35.9,40.3 4 0
github.com/remiges-tech/crux/server/wfinstance/wfinstancenew_validation.go:42.2,43.36 2 1
github.com/remiges-tech/crux/server/wfinstance/wfinstancenew_validation.go:43.36,47.3 3 1
github.com/remiges-tech/crux/server/wfinstance/wfinstancenew_validation.go:50.2,52.36 2 1
github.com/remiges-tech/crux/server/wfinstance/wfinstancenew_validation.go:52.36,56.3 3 0
github.com/remiges-tech/crux/server/wfinstance/wfinstancenew_validation.go:59.2,66.16 3 1
github.com/remiges-tech/crux/server/wfinstance/wfinstancenew_validation.go:66.16,70.3 3 0
github.com/remiges-tech/crux/server/wfinstance/wfinstancenew_validation.go:73.2,75.16 3 1
github.com/remiges-tech/crux/server/wfinstance/wfinstancenew_validation.go:75.16,78.3 2 0
github.com/remiges-tech/crux/server/wfinstance/wfinstancenew_validation.go:81.2,86.34 4 1
github.com/remiges-tech/crux/server/wfinstance/wfinstancenew_validation.go:86.34,91.3 3 0
github.com/remiges-tech/crux/server/wfinstance/wfinstancenew_validation.go:92.2,92.18 1 1
github.com/remiges-tech/crux/server/wfinstance/wfinstancenew_validation.go:96.115,103.9 6 1
github.com/remiges-tech/crux/server/wfinstance/wfinstancenew_validation.go:103.9,108.3 4 0
github.com/remiges-tech/crux/server/wfinstance/wfinstancenew_validation.go:111.2,119.16 3 1
github.com/remiges-tech/crux/server/wfinstance/wfinstancenew_validation.go:119.16,122.3 2 1
github.com/remiges-tech/crux/server/wfinstance/wfinstancenew_validation.go:125.2,133.16 3 1
github.com/remiges-tech/crux/server/wfinstance/wfinstancenew_validation.go:133.16,136.3 2 1
github.com/remiges-tech/crux/server/wfinstance/wfinstancenew_validation.go:141.2,150.40 3 1
github.com/remiges-tech/crux/server/wfinstance/wfinstancenew_validation.go:150.40,153.3 2 1
github.com/remiges-tech/crux/server/wfinstance/wfinstancenew_validation.go:156.2,165.36 3 1
github.com/remiges-tech/crux/server/wfinstance/wfinstancenew_validation.go:165.36,169.3 2 1
github.com/remiges-tech/crux/server/wfinstance/wfinstancenew_validation.go:172.2,180.45 3 1
github.com/remiges-tech/crux/server/wfinstance/wfinstancenew_validation.go:180.45,183.3 2 1
github.com/remiges-tech/crux/server/wfinstance/wfinstancenew_validation.go:185.2,185.21 1 1
github.com/remiges-tech/crux/server/wfinstance/wfinstancenew_validation.go:185.21,187.3 1 1
github.com/remiges-tech/crux/server/wfinstance/wfinstancenew_validation.go:189.2,189.18 1 1
github.com/remiges-tech/crux/server/wfinstance/wfinstancenew_validation.go:193.90,198.25 3 1
github.com/remiges-tech/crux/server/wfinstance/wfinstancenew_validation.go:198.25,201.3 2 0
github.com/remiges-tech/crux/server/wfinstance/wfinstancenew_validation.go:204.2,205.33 2 1
github.com/remiges-tech/crux/server/wfinstance/wfinstancenew_validation.go:205.33,207.14 2 1
github.com/remiges-tech/crux/server/wfinstance/wfinstancenew_validation.go:207.14,211.4 2 0
github.com/remiges-tech/crux/server/wfinstance/wfinstancenew_validation.go:212.3,213.17 2 1
github.com/remiges-tech/crux/server/wfinstance/wfinstancenew_validation.go:213.17,216.4 2 0
github.com/remiges-tech/crux/server/wfinstance/wfinstancenew_validation.go:219.2,219.18 1 1
github.com/remiges-tech/crux/server/wfinstance/wfinstancenew_validation.go:223.58,224.29 1 1
github.com/remiges-tech/crux/server/wfinstance/wfinstancenew_validation.go:224.29,225.22 1 1
github.com/remiges-tech/crux/server/wfinstance/wfinstancenew_validation.go:225.22,227.4 1 1
github.com/remiges-tech/crux/server/wfinstance/wfinstancenew_validation.go:229.2,229.11 1 0
github.com/remiges-tech/crux/server/wfinstance/wfinstancenew_validation.go:233.78,236.17 3 1
github.com/remiges-tech/crux/server/wfinstance/wfinstancenew_validation.go:237.16,238.60 1 0
github.com/remiges-tech/crux/server/wfinstance/wfinstancenew_validation.go:239.15,240.55 1 1
github.com/remiges-tech/crux/server/wfinstance/wfinstancenew_validation.go:241.17,242.65 1 1
github.com/remiges-tech/crux/server/wfinstance/wfinstancenew_validation.go:243.25,244.36 1 1
github.com/remiges-tech/crux/server/wfinstance/wfinstancenew_validation.go:245.14,246.65 1 0
github.com/remiges-tech/crux/server/wfinstance/wfinstancenew_validation.go:249.2,249.16 1 1
github.com/remiges-tech/crux/server/wfinstance/wfinstancenew_validation.go:249.16,251.3 1 0
github.com/remiges-tech/crux/server/wfinstance/wfinstancenew_validation.go:252.2,252.31 1 1
github.com/remiges-tech/crux/server/wfinstance/wfinstancenew_validation.go:256.73,259.16 3 1
github.com/remiges-tech/crux/server/wfinstance/wfinstancenew_validation.go:259.16,261.3 1 0
github.com/remiges-tech/crux/server/wfinstance/wfinstancenew_validation.go:262.2,262.22 1 1
github.com/remiges-tech/crux/server/wfinstance/wfinstancenew_validation.go:266.45,273.31 3 1
github.com/remiges-tech/crux/server/wfinstance/wfinstancenew_validation.go:273.31,274.19 1 1
github.com/remiges-tech/crux/server/wfinstance/wfinstancenew_validation.go:274.19,278.4 2 1
github.com/remiges-tech/crux/server/wfinstance/wfinstancenew_validation.go:281.2,281.21 1 1
github.com/remiges-tech/crux/testutils/test_utils.go:13.35,15.16 2 0
github.com/remiges-tech/crux/testutils/test_utils.go:15.16,17.3 1 0
github.com/remiges-tech/crux/testutils/test_utils.go:18.2,18.17 1 0
github.com/remiges-tech/crux/testutils/test_utils.go:21.56,24.16 2 0
github.com/remiges-tech/crux/testutils/test_utils.go:24.16,26.3 1 0
github.com/remiges-tech/crux/testutils/test_utils.go:27.2,29.16 3 0
github.com/remiges-tech/crux/testutils/test_utils.go:29.16,31.3 1 0
github.com/remiges-tech/crux/testutils/test_utils.go:32.2,32.22 1 0
github.com/remiges-tech/crux/types/types.go:73.39,74.13 1 0
github.com/remiges-tech/crux/types/types.go:75.31,76.14 1 0
github.com/remiges-tech/crux/types/types.go:78.2,78.14 1 0
github.com/remiges-tech/crux/types/types.go:84.58,86.19 2 0
github.com/remiges-tech/crux/types/types.go:87.18,88.38 1 0
github.com/remiges-tech/crux/types/types.go:89.15,90.52 1 0
github.com/remiges-tech/crux/types/types.go:91.12,92.51 1 0
github.com/remiges-tech/crux/types/types.go:93.10,94.41 1 0
github.com/remiges-tech/crux/types/types.go:96.2,96.13 1 0
github.com/remiges-tech/crux/types/types.go:99.35,101.16 2 1
github.com/remiges-tech/crux/types/types.go:101.16,103.3 1 0
github.com/remiges-tech/crux/types/types.go:104.2,104.17 1 1
github.com/remiges-tech/crux/types/types.go:107.56,110.16 2 1
github.com/remiges-tech/crux/types/types.go:110.16,112.3 1 0
github.com/remiges-tech/crux/types/types.go:113.2,115.16 3 1
github.com/remiges-tech/crux/types/types.go:115.16,117.3 1 0
github.com/remiges-tech/crux/types/types.go:118.2,118.22 1 1
github.com/remiges-tech/crux/types/types.go:122.36,124.2 1 1
github.com/remiges-tech/crux/types/types.go:127.40,130.2 2 0
github.com/remiges-tech/crux/types/types.go:133.45,135.2 1 0
github.com/remiges-tech/crux/types/types.go:137.57,140.2 2 1
