mode: set
github.com/remiges-tech/crux/db/error.go:18.59,21.28 2 1
github.com/remiges-tech/crux/db/error.go:21.28,22.21 1 1
github.com/remiges-tech/crux/db/error.go:23.16,24.119 1 1
github.com/remiges-tech/crux/db/error.go:25.16,26.115 1 0
github.com/remiges-tech/crux/db/error.go:27.16,28.112 1 0
github.com/remiges-tech/crux/db/error.go:29.16,31.99 1 0
github.com/remiges-tech/crux/db/error.go:32.16,33.99 1 0
github.com/remiges-tech/crux/db/error.go:34.11,35.98 1 0
github.com/remiges-tech/crux/db/error.go:37.8,37.23 1 0
github.com/remiges-tech/crux/db/error.go:37.23,38.45 1 0
github.com/remiges-tech/crux/db/error.go:38.45,41.4 1 0
github.com/remiges-tech/crux/db/error.go:42.8,44.3 1 0
github.com/remiges-tech/crux/db/error.go:45.2,45.32 1 0
github.com/remiges-tech/crux/db/pg.go:9.60,12.16 3 1
github.com/remiges-tech/crux/db/pg.go:12.16,14.3 1 0
github.com/remiges-tech/crux/db/pg.go:15.2,16.16 2 1
github.com/remiges-tech/crux/db/pg.go:16.16,18.3 1 0
github.com/remiges-tech/crux/db/pg.go:19.2,19.22 1 1
github.com/remiges-tech/crux/db/sqlc-gen/app.sql.go:31.80,39.16 2 1
github.com/remiges-tech/crux/db/sqlc-gen/app.sql.go:39.16,41.3 1 0
github.com/remiges-tech/crux/db/sqlc-gen/app.sql.go:42.2,44.18 3 1
github.com/remiges-tech/crux/db/sqlc-gen/app.sql.go:44.18,54.17 2 1
github.com/remiges-tech/crux/db/sqlc-gen/app.sql.go:54.17,56.4 1 0
github.com/remiges-tech/crux/db/sqlc-gen/app.sql.go:57.3,57.27 1 1
github.com/remiges-tech/crux/db/sqlc-gen/app.sql.go:59.2,59.35 1 1
github.com/remiges-tech/crux/db/sqlc-gen/app.sql.go:59.35,61.3 1 1
github.com/remiges-tech/crux/db/sqlc-gen/app.sql.go:62.2,62.19 1 1
github.com/remiges-tech/crux/db/sqlc-gen/app.sql.go:74.88,79.2 4 0
github.com/remiges-tech/crux/db/sqlc-gen/db.go:20.28,22.2 1 1
github.com/remiges-tech/crux/db/sqlc-gen/db.go:28.46,32.2 1 0
github.com/remiges-tech/crux/db/sqlc-gen/models.go:21.48,22.25 1 0
github.com/remiges-tech/crux/db/sqlc-gen/models.go:23.14,24.19 1 0
github.com/remiges-tech/crux/db/sqlc-gen/models.go:25.14,26.19 1 0
github.com/remiges-tech/crux/db/sqlc-gen/models.go:27.10,28.67 1 0
github.com/remiges-tech/crux/db/sqlc-gen/models.go:30.2,30.12 1 0
github.com/remiges-tech/crux/db/sqlc-gen/models.go:39.55,40.18 1 0
github.com/remiges-tech/crux/db/sqlc-gen/models.go:40.18,43.3 2 0
github.com/remiges-tech/crux/db/sqlc-gen/models.go:44.2,45.32 2 0
github.com/remiges-tech/crux/db/sqlc-gen/models.go:49.54,50.15 1 0
github.com/remiges-tech/crux/db/sqlc-gen/models.go:50.15,52.3 1 0
github.com/remiges-tech/crux/db/sqlc-gen/models.go:53.2,53.33 1 0
github.com/remiges-tech/crux/db/sqlc-gen/realmSlicieManagement.sql.go:31.100,33.2 1 0
github.com/remiges-tech/crux/db/sqlc-gen/realmSlicieManagement.sql.go:68.102,75.2 1 0
github.com/remiges-tech/crux/db/sqlc-gen/realmSlicieManagement.sql.go:107.100,114.2 1 0
github.com/remiges-tech/crux/db/sqlc-gen/realmSlicieManagement.sql.go:145.100,150.2 4 0
github.com/remiges-tech/crux/db/sqlc-gen/ruleset.sql.go:33.81,43.2 4 0
github.com/remiges-tech/crux/db/sqlc-gen/ruleset.sql.go:63.85,73.2 4 0
github.com/remiges-tech/crux/db/sqlc-gen/ruleset.sql.go:95.108,106.2 4 0
github.com/remiges-tech/crux/db/sqlc-gen/ruleset.sql.go:128.105,139.2 4 0
github.com/remiges-tech/crux/db/sqlc-gen/ruleset.sql.go:157.98,178.2 4 0
github.com/remiges-tech/crux/db/sqlc-gen/ruleset.sql.go:204.81,219.2 2 0
github.com/remiges-tech/crux/db/sqlc-gen/ruleset.sql.go:245.108,255.2 1 0
github.com/remiges-tech/crux/db/sqlc-gen/ruleset.sql.go:277.108,285.2 1 0
github.com/remiges-tech/crux/db/sqlc-gen/ruleset.sql.go:336.104,346.16 2 0
github.com/remiges-tech/crux/db/sqlc-gen/ruleset.sql.go:346.16,348.3 1 0
github.com/remiges-tech/crux/db/sqlc-gen/ruleset.sql.go:349.2,351.18 3 0
github.com/remiges-tech/crux/db/sqlc-gen/ruleset.sql.go:351.18,365.17 2 0
github.com/remiges-tech/crux/db/sqlc-gen/ruleset.sql.go:365.17,367.4 1 0
github.com/remiges-tech/crux/db/sqlc-gen/ruleset.sql.go:368.3,368.27 1 0
github.com/remiges-tech/crux/db/sqlc-gen/ruleset.sql.go:370.2,370.35 1 0
github.com/remiges-tech/crux/db/sqlc-gen/ruleset.sql.go:370.35,372.3 1 0
github.com/remiges-tech/crux/db/sqlc-gen/ruleset.sql.go:373.2,373.19 1 0
github.com/remiges-tech/crux/db/sqlc-gen/ruleset.sql.go:423.99,447.2 4 0
github.com/remiges-tech/crux/db/sqlc-gen/schema.sql.go:45.117,57.2 4 0
github.com/remiges-tech/crux/db/sqlc-gen/schema.sql.go:63.78,67.2 3 0
github.com/remiges-tech/crux/db/sqlc-gen/schema.sql.go:97.95,99.16 2 0
github.com/remiges-tech/crux/db/sqlc-gen/schema.sql.go:99.16,101.3 1 0
github.com/remiges-tech/crux/db/sqlc-gen/schema.sql.go:102.2,104.18 3 0
github.com/remiges-tech/crux/db/sqlc-gen/schema.sql.go:104.18,115.17 2 0
github.com/remiges-tech/crux/db/sqlc-gen/schema.sql.go:115.17,117.4 1 0
github.com/remiges-tech/crux/db/sqlc-gen/schema.sql.go:118.3,118.27 1 0
github.com/remiges-tech/crux/db/sqlc-gen/schema.sql.go:120.2,120.35 1 0
github.com/remiges-tech/crux/db/sqlc-gen/schema.sql.go:120.35,122.3 1 0
github.com/remiges-tech/crux/db/sqlc-gen/schema.sql.go:123.2,123.19 1 0
github.com/remiges-tech/crux/db/sqlc-gen/schema.sql.go:145.76,147.16 2 0
github.com/remiges-tech/crux/db/sqlc-gen/schema.sql.go:147.16,149.3 1 0
github.com/remiges-tech/crux/db/sqlc-gen/schema.sql.go:150.2,152.18 3 0
github.com/remiges-tech/crux/db/sqlc-gen/schema.sql.go:152.18,164.17 2 0
github.com/remiges-tech/crux/db/sqlc-gen/schema.sql.go:164.17,166.4 1 0
github.com/remiges-tech/crux/db/sqlc-gen/schema.sql.go:167.3,167.27 1 0
github.com/remiges-tech/crux/db/sqlc-gen/schema.sql.go:169.2,169.35 1 0
github.com/remiges-tech/crux/db/sqlc-gen/schema.sql.go:169.35,171.3 1 0
github.com/remiges-tech/crux/db/sqlc-gen/schema.sql.go:172.2,172.19 1 0
github.com/remiges-tech/crux/db/sqlc-gen/schema.sql.go:196.98,198.16 2 0
github.com/remiges-tech/crux/db/sqlc-gen/schema.sql.go:198.16,200.3 1 0
github.com/remiges-tech/crux/db/sqlc-gen/schema.sql.go:201.2,203.18 3 0
github.com/remiges-tech/crux/db/sqlc-gen/schema.sql.go:203.18,215.17 2 0
github.com/remiges-tech/crux/db/sqlc-gen/schema.sql.go:215.17,217.4 1 0
github.com/remiges-tech/crux/db/sqlc-gen/schema.sql.go:218.3,218.27 1 0
github.com/remiges-tech/crux/db/sqlc-gen/schema.sql.go:220.2,220.35 1 0
github.com/remiges-tech/crux/db/sqlc-gen/schema.sql.go:220.35,222.3 1 0
github.com/remiges-tech/crux/db/sqlc-gen/schema.sql.go:223.2,223.19 1 0
github.com/remiges-tech/crux/db/sqlc-gen/schema.sql.go:252.137,254.16 2 0
github.com/remiges-tech/crux/db/sqlc-gen/schema.sql.go:254.16,256.3 1 0
github.com/remiges-tech/crux/db/sqlc-gen/schema.sql.go:257.2,259.18 3 0
github.com/remiges-tech/crux/db/sqlc-gen/schema.sql.go:259.18,270.17 2 0
github.com/remiges-tech/crux/db/sqlc-gen/schema.sql.go:270.17,272.4 1 0
github.com/remiges-tech/crux/db/sqlc-gen/schema.sql.go:273.3,273.27 1 0
github.com/remiges-tech/crux/db/sqlc-gen/schema.sql.go:275.2,275.35 1 0
github.com/remiges-tech/crux/db/sqlc-gen/schema.sql.go:275.35,277.3 1 0
github.com/remiges-tech/crux/db/sqlc-gen/schema.sql.go:278.2,278.19 1 0
github.com/remiges-tech/crux/db/sqlc-gen/schema.sql.go:307.137,309.16 2 0
github.com/remiges-tech/crux/db/sqlc-gen/schema.sql.go:309.16,311.3 1 0
github.com/remiges-tech/crux/db/sqlc-gen/schema.sql.go:312.2,314.18 3 0
github.com/remiges-tech/crux/db/sqlc-gen/schema.sql.go:314.18,325.17 2 0
github.com/remiges-tech/crux/db/sqlc-gen/schema.sql.go:325.17,327.4 1 0
github.com/remiges-tech/crux/db/sqlc-gen/schema.sql.go:328.3,328.27 1 0
github.com/remiges-tech/crux/db/sqlc-gen/schema.sql.go:330.2,330.35 1 0
github.com/remiges-tech/crux/db/sqlc-gen/schema.sql.go:330.35,332.3 1 0
github.com/remiges-tech/crux/db/sqlc-gen/schema.sql.go:333.2,333.19 1 0
github.com/remiges-tech/crux/db/sqlc-gen/schema.sql.go:356.104,358.16 2 0
github.com/remiges-tech/crux/db/sqlc-gen/schema.sql.go:358.16,360.3 1 0
github.com/remiges-tech/crux/db/sqlc-gen/schema.sql.go:361.2,363.18 3 0
github.com/remiges-tech/crux/db/sqlc-gen/schema.sql.go:363.18,374.17 2 0
github.com/remiges-tech/crux/db/sqlc-gen/schema.sql.go:374.17,376.4 1 0
github.com/remiges-tech/crux/db/sqlc-gen/schema.sql.go:377.3,377.27 1 0
github.com/remiges-tech/crux/db/sqlc-gen/schema.sql.go:379.2,379.35 1 0
github.com/remiges-tech/crux/db/sqlc-gen/schema.sql.go:379.35,381.3 1 0
github.com/remiges-tech/crux/db/sqlc-gen/schema.sql.go:382.2,382.19 1 0
github.com/remiges-tech/crux/db/sqlc-gen/schema.sql.go:411.143,413.16 2 0
github.com/remiges-tech/crux/db/sqlc-gen/schema.sql.go:413.16,415.3 1 0
github.com/remiges-tech/crux/db/sqlc-gen/schema.sql.go:416.2,418.18 3 0
github.com/remiges-tech/crux/db/sqlc-gen/schema.sql.go:418.18,429.17 2 0
github.com/remiges-tech/crux/db/sqlc-gen/schema.sql.go:429.17,431.4 1 0
github.com/remiges-tech/crux/db/sqlc-gen/schema.sql.go:432.3,432.27 1 0
github.com/remiges-tech/crux/db/sqlc-gen/schema.sql.go:434.2,434.35 1 0
github.com/remiges-tech/crux/db/sqlc-gen/schema.sql.go:434.35,436.3 1 0
github.com/remiges-tech/crux/db/sqlc-gen/schema.sql.go:437.2,437.19 1 0
github.com/remiges-tech/crux/db/sqlc-gen/schema.sql.go:460.103,462.16 2 0
github.com/remiges-tech/crux/db/sqlc-gen/schema.sql.go:462.16,464.3 1 0
github.com/remiges-tech/crux/db/sqlc-gen/schema.sql.go:465.2,467.18 3 0
github.com/remiges-tech/crux/db/sqlc-gen/schema.sql.go:467.18,478.17 2 0
github.com/remiges-tech/crux/db/sqlc-gen/schema.sql.go:478.17,480.4 1 0
github.com/remiges-tech/crux/db/sqlc-gen/schema.sql.go:481.3,481.27 1 0
github.com/remiges-tech/crux/db/sqlc-gen/schema.sql.go:483.2,483.35 1 0
github.com/remiges-tech/crux/db/sqlc-gen/schema.sql.go:483.35,485.3 1 0
github.com/remiges-tech/crux/db/sqlc-gen/schema.sql.go:486.2,486.19 1 0
github.com/remiges-tech/crux/db/sqlc-gen/schema.sql.go:512.86,526.2 4 0
github.com/remiges-tech/crux/db/sqlc-gen/schema.sql.go:552.83,563.2 2 0
github.com/remiges-tech/crux/db/sqlc-gen/schema.sql.go:583.105,593.2 4 0
github.com/remiges-tech/crux/db/sqlc-gen/schema.sql.go:610.91,628.2 4 0
github.com/remiges-tech/crux/db/sqlc-gen/schema.sql.go:660.104,667.16 2 0
github.com/remiges-tech/crux/db/sqlc-gen/schema.sql.go:667.16,669.3 1 0
github.com/remiges-tech/crux/db/sqlc-gen/schema.sql.go:670.2,672.18 3 0
github.com/remiges-tech/crux/db/sqlc-gen/schema.sql.go:672.18,683.17 2 0
github.com/remiges-tech/crux/db/sqlc-gen/schema.sql.go:683.17,685.4 1 0
github.com/remiges-tech/crux/db/sqlc-gen/schema.sql.go:686.3,686.27 1 0
github.com/remiges-tech/crux/db/sqlc-gen/schema.sql.go:688.2,688.35 1 0
github.com/remiges-tech/crux/db/sqlc-gen/schema.sql.go:688.35,690.3 1 0
github.com/remiges-tech/crux/db/sqlc-gen/schema.sql.go:691.2,691.19 1 0
github.com/remiges-tech/crux/db/sqlc-gen/schema.sql.go:731.87,739.2 2 0
github.com/remiges-tech/crux/db/sqlc-gen/schema.sql.go:774.99,795.2 4 0
github.com/remiges-tech/crux/db/sqlc-gen/stepworkflow.sql.go:21.91,23.16 2 0
github.com/remiges-tech/crux/db/sqlc-gen/stepworkflow.sql.go:23.16,25.3 1 0
github.com/remiges-tech/crux/db/sqlc-gen/stepworkflow.sql.go:26.2,28.18 3 0
github.com/remiges-tech/crux/db/sqlc-gen/stepworkflow.sql.go:28.18,30.57 2 0
github.com/remiges-tech/crux/db/sqlc-gen/stepworkflow.sql.go:30.57,32.4 1 0
github.com/remiges-tech/crux/db/sqlc-gen/stepworkflow.sql.go:33.3,33.27 1 0
github.com/remiges-tech/crux/db/sqlc-gen/stepworkflow.sql.go:35.2,35.35 1 0
github.com/remiges-tech/crux/db/sqlc-gen/stepworkflow.sql.go:35.35,37.3 1 0
github.com/remiges-tech/crux/db/sqlc-gen/stepworkflow.sql.go:38.2,38.19 1 0
github.com/remiges-tech/crux/db/sqlc-gen/wfinstance.sql.go:36.109,47.16 2 0
github.com/remiges-tech/crux/db/sqlc-gen/wfinstance.sql.go:47.16,49.3 1 0
github.com/remiges-tech/crux/db/sqlc-gen/wfinstance.sql.go:50.2,52.18 3 0
github.com/remiges-tech/crux/db/sqlc-gen/wfinstance.sql.go:52.18,66.17 2 0
github.com/remiges-tech/crux/db/sqlc-gen/wfinstance.sql.go:66.17,68.4 1 0
github.com/remiges-tech/crux/db/sqlc-gen/wfinstance.sql.go:69.3,69.27 1 0
github.com/remiges-tech/crux/db/sqlc-gen/wfinstance.sql.go:71.2,71.35 1 0
github.com/remiges-tech/crux/db/sqlc-gen/wfinstance.sql.go:71.35,73.3 1 0
github.com/remiges-tech/crux/db/sqlc-gen/wfinstance.sql.go:74.2,74.19 1 0
github.com/remiges-tech/crux/db/sqlc-gen/wfinstance.sql.go:89.133,91.16 2 0
github.com/remiges-tech/crux/db/sqlc-gen/wfinstance.sql.go:91.16,93.3 1 0
github.com/remiges-tech/crux/db/sqlc-gen/wfinstance.sql.go:94.2,96.18 3 0
github.com/remiges-tech/crux/db/sqlc-gen/wfinstance.sql.go:96.18,110.17 2 0
github.com/remiges-tech/crux/db/sqlc-gen/wfinstance.sql.go:110.17,112.4 1 0
github.com/remiges-tech/crux/db/sqlc-gen/wfinstance.sql.go:113.3,113.27 1 0
github.com/remiges-tech/crux/db/sqlc-gen/wfinstance.sql.go:115.2,115.35 1 0
github.com/remiges-tech/crux/db/sqlc-gen/wfinstance.sql.go:115.35,117.3 1 0
github.com/remiges-tech/crux/db/sqlc-gen/wfinstance.sql.go:118.2,118.19 1 0
github.com/remiges-tech/crux/db/sqlc-gen/wfinstance.sql.go:133.115,135.16 2 0
github.com/remiges-tech/crux/db/sqlc-gen/wfinstance.sql.go:135.16,137.3 1 0
github.com/remiges-tech/crux/db/sqlc-gen/wfinstance.sql.go:138.2,140.18 3 0
github.com/remiges-tech/crux/db/sqlc-gen/wfinstance.sql.go:140.18,154.17 2 0
github.com/remiges-tech/crux/db/sqlc-gen/wfinstance.sql.go:154.17,156.4 1 0
github.com/remiges-tech/crux/db/sqlc-gen/wfinstance.sql.go:157.3,157.27 1 0
github.com/remiges-tech/crux/db/sqlc-gen/wfinstance.sql.go:159.2,159.35 1 0
github.com/remiges-tech/crux/db/sqlc-gen/wfinstance.sql.go:159.35,161.3 1 0
github.com/remiges-tech/crux/db/sqlc-gen/wfinstance.sql.go:162.2,162.19 1 0
github.com/remiges-tech/crux/db/sqlc-gen/wfinstance.sql.go:182.94,192.2 4 0
github.com/remiges-tech/crux/db/sqlc-gen/wfinstance.sql.go:212.109,220.16 2 0
github.com/remiges-tech/crux/db/sqlc-gen/wfinstance.sql.go:220.16,222.3 1 0
github.com/remiges-tech/crux/db/sqlc-gen/wfinstance.sql.go:223.2,225.18 3 0
github.com/remiges-tech/crux/db/sqlc-gen/wfinstance.sql.go:225.18,239.17 2 0
github.com/remiges-tech/crux/db/sqlc-gen/wfinstance.sql.go:239.17,241.4 1 0
github.com/remiges-tech/crux/db/sqlc-gen/wfinstance.sql.go:242.3,242.27 1 0
github.com/remiges-tech/crux/db/sqlc-gen/wfinstance.sql.go:244.2,244.35 1 0
github.com/remiges-tech/crux/db/sqlc-gen/wfinstance.sql.go:244.35,246.3 1 0
github.com/remiges-tech/crux/db/sqlc-gen/wfinstance.sql.go:247.2,247.19 1 0
github.com/remiges-tech/crux/db/sqlc-gen/wfinstance.sql.go:256.101,258.16 2 0
github.com/remiges-tech/crux/db/sqlc-gen/wfinstance.sql.go:258.16,260.3 1 0
github.com/remiges-tech/crux/db/sqlc-gen/wfinstance.sql.go:261.2,263.18 3 0
github.com/remiges-tech/crux/db/sqlc-gen/wfinstance.sql.go:263.18,277.17 2 0
github.com/remiges-tech/crux/db/sqlc-gen/wfinstance.sql.go:277.17,279.4 1 0
github.com/remiges-tech/crux/db/sqlc-gen/wfinstance.sql.go:280.3,280.27 1 0
github.com/remiges-tech/crux/db/sqlc-gen/wfinstance.sql.go:282.2,282.35 1 0
github.com/remiges-tech/crux/db/sqlc-gen/wfinstance.sql.go:282.35,284.3 1 0
github.com/remiges-tech/crux/db/sqlc-gen/wfinstance.sql.go:285.2,285.19 1 0
github.com/remiges-tech/crux/server/wsc_utils.go:20.58,22.19 2 0
github.com/remiges-tech/crux/server/wsc_utils.go:23.18,24.38 1 0
github.com/remiges-tech/crux/server/wsc_utils.go:25.15,26.52 1 0
github.com/remiges-tech/crux/server/wsc_utils.go:27.12,28.51 1 0
github.com/remiges-tech/crux/server/wsc_utils.go:29.10,30.41 1 0
github.com/remiges-tech/crux/server/wsc_utils.go:32.2,32.13 1 0
github.com/remiges-tech/crux/server/wsc_utils.go:35.35,37.16 2 0
github.com/remiges-tech/crux/server/wsc_utils.go:37.16,39.3 1 0
github.com/remiges-tech/crux/server/wsc_utils.go:40.2,40.17 1 0
github.com/remiges-tech/crux/server/wsc_utils.go:43.56,46.16 2 0
github.com/remiges-tech/crux/server/wsc_utils.go:46.16,48.3 1 0
github.com/remiges-tech/crux/server/wsc_utils.go:49.2,51.16 3 0
github.com/remiges-tech/crux/server/wsc_utils.go:51.16,53.3 1 0
github.com/remiges-tech/crux/server/wsc_utils.go:54.2,54.22 1 0
github.com/remiges-tech/crux/server/wsc_utils.go:58.36,60.2 1 0
github.com/remiges-tech/crux/server/wsc_utils.go:63.40,66.2 2 0
github.com/remiges-tech/crux/server/wsc_utils.go:69.45,71.2 1 0
github.com/remiges-tech/crux/server/wsc_utils.go:73.63,76.2 2 1
github.com/remiges-tech/crux/server/app/app_new.go:30.49,44.16 5 1
github.com/remiges-tech/crux/server/app/app_new.go:44.16,48.3 3 0
github.com/remiges-tech/crux/server/app/app_new.go:51.2,52.16 2 1
github.com/remiges-tech/crux/server/app/app_new.go:52.16,55.3 2 0
github.com/remiges-tech/crux/server/app/app_new.go:57.2,57.92 1 1
github.com/remiges-tech/crux/server/app/app_new.go:57.92,57.113 1 1
github.com/remiges-tech/crux/server/app/app_new.go:58.2,58.31 1 1
github.com/remiges-tech/crux/server/app/app_new.go:58.31,62.3 3 1
github.com/remiges-tech/crux/server/app/app_new.go:63.2,64.9 2 1
github.com/remiges-tech/crux/server/app/app_new.go:64.9,68.3 3 0
github.com/remiges-tech/crux/server/app/app_new.go:71.2,72.16 2 1
github.com/remiges-tech/crux/server/app/app_new.go:72.16,76.3 3 1
github.com/remiges-tech/crux/server/app/app_new.go:79.2,88.16 3 1
github.com/remiges-tech/crux/server/app/app_new.go:88.16,93.3 4 1
github.com/remiges-tech/crux/server/app/app_new.go:95.2,95.30 1 1
github.com/remiges-tech/crux/server/app/app_new.go:95.30,107.3 2 1
github.com/remiges-tech/crux/server/app/app_new.go:108.2,108.67 1 1
github.com/remiges-tech/crux/server/app/app_new.go:113.40,117.61 2 1
github.com/remiges-tech/crux/server/app/app_new.go:117.61,119.3 1 1
github.com/remiges-tech/crux/server/app/app_new.go:122.2,125.20 3 1
github.com/remiges-tech/crux/server/app/app_new.go:125.20,127.3 1 0
github.com/remiges-tech/crux/server/app/app_new.go:128.2,128.12 1 1
github.com/remiges-tech/crux/testutils/test_utils.go:13.35,15.16 2 1
github.com/remiges-tech/crux/testutils/test_utils.go:15.16,17.3 1 0
github.com/remiges-tech/crux/testutils/test_utils.go:18.2,18.17 1 1
github.com/remiges-tech/crux/testutils/test_utils.go:21.56,24.16 2 1
github.com/remiges-tech/crux/testutils/test_utils.go:24.16,26.3 1 0
github.com/remiges-tech/crux/testutils/test_utils.go:27.2,29.16 3 1
github.com/remiges-tech/crux/testutils/test_utils.go:29.16,31.3 1 0
github.com/remiges-tech/crux/testutils/test_utils.go:32.2,32.22 1 1
github.com/remiges-tech/crux/types/types.go:15.39,16.13 1 0
github.com/remiges-tech/crux/types/types.go:17.31,18.14 1 0
github.com/remiges-tech/crux/types/types.go:20.2,20.14 1 0
