mode: set
github.com/remiges-tech/crux/db/error.go:13.52,16.28 2 0
github.com/remiges-tech/crux/db/error.go:16.28,17.21 1 0
github.com/remiges-tech/crux/db/error.go:18.16,19.119 1 0
github.com/remiges-tech/crux/db/error.go:20.16,21.115 1 0
github.com/remiges-tech/crux/db/error.go:23.8,23.51 1 0
github.com/remiges-tech/crux/db/error.go:23.51,26.3 2 0
github.com/remiges-tech/crux/db/error.go:26.8,29.3 1 0
github.com/remiges-tech/crux/db/error.go:30.2,30.32 1 0
github.com/remiges-tech/crux/db/pg.go:9.60,12.16 3 1
github.com/remiges-tech/crux/db/pg.go:12.16,14.3 1 0
github.com/remiges-tech/crux/db/pg.go:15.2,16.16 2 1
github.com/remiges-tech/crux/db/pg.go:16.16,18.3 1 0
github.com/remiges-tech/crux/db/pg.go:19.2,19.22 1 1
github.com/remiges-tech/crux/db/sqlc-gen/db.go:20.28,22.2 1 1
github.com/remiges-tech/crux/db/sqlc-gen/db.go:28.46,32.2 1 1
github.com/remiges-tech/crux/db/sqlc-gen/models.go:21.48,22.25 1 1
github.com/remiges-tech/crux/db/sqlc-gen/models.go:23.14,24.19 1 0
github.com/remiges-tech/crux/db/sqlc-gen/models.go:25.14,26.19 1 1
github.com/remiges-tech/crux/db/sqlc-gen/models.go:27.10,28.67 1 0
github.com/remiges-tech/crux/db/sqlc-gen/models.go:30.2,30.12 1 1
github.com/remiges-tech/crux/db/sqlc-gen/models.go:39.55,40.18 1 0
github.com/remiges-tech/crux/db/sqlc-gen/models.go:40.18,43.3 2 0
github.com/remiges-tech/crux/db/sqlc-gen/models.go:44.2,45.32 2 0
github.com/remiges-tech/crux/db/sqlc-gen/models.go:49.54,50.15 1 0
github.com/remiges-tech/crux/db/sqlc-gen/models.go:50.15,52.3 1 0
github.com/remiges-tech/crux/db/sqlc-gen/models.go:53.2,53.33 1 0
github.com/remiges-tech/crux/db/sqlc-gen/ruleset.sql.go:32.81,42.2 4 0
github.com/remiges-tech/crux/db/sqlc-gen/ruleset.sql.go:62.85,72.2 4 0
github.com/remiges-tech/crux/db/sqlc-gen/ruleset.sql.go:94.108,105.2 4 0
github.com/remiges-tech/crux/db/sqlc-gen/ruleset.sql.go:127.105,138.2 4 0
github.com/remiges-tech/crux/db/sqlc-gen/ruleset.sql.go:164.81,179.2 2 1
github.com/remiges-tech/crux/db/sqlc-gen/ruleset.sql.go:205.87,216.2 2 1
github.com/remiges-tech/crux/db/sqlc-gen/ruleset.sql.go:265.104,274.16 2 0
github.com/remiges-tech/crux/db/sqlc-gen/ruleset.sql.go:274.16,276.3 1 0
github.com/remiges-tech/crux/db/sqlc-gen/ruleset.sql.go:277.2,279.18 3 0
github.com/remiges-tech/crux/db/sqlc-gen/ruleset.sql.go:279.18,293.17 2 0
github.com/remiges-tech/crux/db/sqlc-gen/ruleset.sql.go:293.17,295.4 1 0
github.com/remiges-tech/crux/db/sqlc-gen/ruleset.sql.go:296.3,296.27 1 0
github.com/remiges-tech/crux/db/sqlc-gen/ruleset.sql.go:298.2,298.35 1 0
github.com/remiges-tech/crux/db/sqlc-gen/ruleset.sql.go:298.35,300.3 1 0
github.com/remiges-tech/crux/db/sqlc-gen/ruleset.sql.go:301.2,301.19 1 0
github.com/remiges-tech/crux/db/sqlc-gen/ruleset.sql.go:349.99,372.2 4 1
github.com/remiges-tech/crux/db/sqlc-gen/schema.sql.go:45.117,57.2 4 1
github.com/remiges-tech/crux/db/sqlc-gen/schema.sql.go:63.78,67.2 3 0
github.com/remiges-tech/crux/db/sqlc-gen/schema.sql.go:97.95,99.16 2 0
github.com/remiges-tech/crux/db/sqlc-gen/schema.sql.go:99.16,101.3 1 0
github.com/remiges-tech/crux/db/sqlc-gen/schema.sql.go:102.2,104.18 3 0
github.com/remiges-tech/crux/db/sqlc-gen/schema.sql.go:104.18,115.17 2 0
github.com/remiges-tech/crux/db/sqlc-gen/schema.sql.go:115.17,117.4 1 0
github.com/remiges-tech/crux/db/sqlc-gen/schema.sql.go:118.3,118.27 1 0
github.com/remiges-tech/crux/db/sqlc-gen/schema.sql.go:120.2,120.35 1 0
github.com/remiges-tech/crux/db/sqlc-gen/schema.sql.go:120.35,122.3 1 0
github.com/remiges-tech/crux/db/sqlc-gen/schema.sql.go:123.2,123.19 1 0
github.com/remiges-tech/crux/db/sqlc-gen/schema.sql.go:145.76,147.16 2 0
github.com/remiges-tech/crux/db/sqlc-gen/schema.sql.go:147.16,149.3 1 0
github.com/remiges-tech/crux/db/sqlc-gen/schema.sql.go:150.2,152.18 3 0
github.com/remiges-tech/crux/db/sqlc-gen/schema.sql.go:152.18,164.17 2 0
github.com/remiges-tech/crux/db/sqlc-gen/schema.sql.go:164.17,166.4 1 0
github.com/remiges-tech/crux/db/sqlc-gen/schema.sql.go:167.3,167.27 1 0
github.com/remiges-tech/crux/db/sqlc-gen/schema.sql.go:169.2,169.35 1 0
github.com/remiges-tech/crux/db/sqlc-gen/schema.sql.go:169.35,171.3 1 0
github.com/remiges-tech/crux/db/sqlc-gen/schema.sql.go:172.2,172.19 1 0
github.com/remiges-tech/crux/db/sqlc-gen/schema.sql.go:196.98,198.16 2 0
github.com/remiges-tech/crux/db/sqlc-gen/schema.sql.go:198.16,200.3 1 0
github.com/remiges-tech/crux/db/sqlc-gen/schema.sql.go:201.2,203.18 3 0
github.com/remiges-tech/crux/db/sqlc-gen/schema.sql.go:203.18,215.17 2 0
github.com/remiges-tech/crux/db/sqlc-gen/schema.sql.go:215.17,217.4 1 0
github.com/remiges-tech/crux/db/sqlc-gen/schema.sql.go:218.3,218.27 1 0
github.com/remiges-tech/crux/db/sqlc-gen/schema.sql.go:220.2,220.35 1 0
github.com/remiges-tech/crux/db/sqlc-gen/schema.sql.go:220.35,222.3 1 0
github.com/remiges-tech/crux/db/sqlc-gen/schema.sql.go:223.2,223.19 1 0
github.com/remiges-tech/crux/db/sqlc-gen/schema.sql.go:252.137,254.16 2 0
github.com/remiges-tech/crux/db/sqlc-gen/schema.sql.go:254.16,256.3 1 0
github.com/remiges-tech/crux/db/sqlc-gen/schema.sql.go:257.2,259.18 3 0
github.com/remiges-tech/crux/db/sqlc-gen/schema.sql.go:259.18,270.17 2 0
github.com/remiges-tech/crux/db/sqlc-gen/schema.sql.go:270.17,272.4 1 0
github.com/remiges-tech/crux/db/sqlc-gen/schema.sql.go:273.3,273.27 1 0
github.com/remiges-tech/crux/db/sqlc-gen/schema.sql.go:275.2,275.35 1 0
github.com/remiges-tech/crux/db/sqlc-gen/schema.sql.go:275.35,277.3 1 0
github.com/remiges-tech/crux/db/sqlc-gen/schema.sql.go:278.2,278.19 1 0
github.com/remiges-tech/crux/db/sqlc-gen/schema.sql.go:307.137,309.16 2 0
github.com/remiges-tech/crux/db/sqlc-gen/schema.sql.go:309.16,311.3 1 0
github.com/remiges-tech/crux/db/sqlc-gen/schema.sql.go:312.2,314.18 3 0
github.com/remiges-tech/crux/db/sqlc-gen/schema.sql.go:314.18,325.17 2 0
github.com/remiges-tech/crux/db/sqlc-gen/schema.sql.go:325.17,327.4 1 0
github.com/remiges-tech/crux/db/sqlc-gen/schema.sql.go:328.3,328.27 1 0
github.com/remiges-tech/crux/db/sqlc-gen/schema.sql.go:330.2,330.35 1 0
github.com/remiges-tech/crux/db/sqlc-gen/schema.sql.go:330.35,332.3 1 0
github.com/remiges-tech/crux/db/sqlc-gen/schema.sql.go:333.2,333.19 1 0
github.com/remiges-tech/crux/db/sqlc-gen/schema.sql.go:356.104,358.16 2 0
github.com/remiges-tech/crux/db/sqlc-gen/schema.sql.go:358.16,360.3 1 0
github.com/remiges-tech/crux/db/sqlc-gen/schema.sql.go:361.2,363.18 3 0
github.com/remiges-tech/crux/db/sqlc-gen/schema.sql.go:363.18,374.17 2 0
github.com/remiges-tech/crux/db/sqlc-gen/schema.sql.go:374.17,376.4 1 0
github.com/remiges-tech/crux/db/sqlc-gen/schema.sql.go:377.3,377.27 1 0
github.com/remiges-tech/crux/db/sqlc-gen/schema.sql.go:379.2,379.35 1 0
github.com/remiges-tech/crux/db/sqlc-gen/schema.sql.go:379.35,381.3 1 0
github.com/remiges-tech/crux/db/sqlc-gen/schema.sql.go:382.2,382.19 1 0
github.com/remiges-tech/crux/db/sqlc-gen/schema.sql.go:411.143,413.16 2 0
github.com/remiges-tech/crux/db/sqlc-gen/schema.sql.go:413.16,415.3 1 0
github.com/remiges-tech/crux/db/sqlc-gen/schema.sql.go:416.2,418.18 3 0
github.com/remiges-tech/crux/db/sqlc-gen/schema.sql.go:418.18,429.17 2 0
github.com/remiges-tech/crux/db/sqlc-gen/schema.sql.go:429.17,431.4 1 0
github.com/remiges-tech/crux/db/sqlc-gen/schema.sql.go:432.3,432.27 1 0
github.com/remiges-tech/crux/db/sqlc-gen/schema.sql.go:434.2,434.35 1 0
github.com/remiges-tech/crux/db/sqlc-gen/schema.sql.go:434.35,436.3 1 0
github.com/remiges-tech/crux/db/sqlc-gen/schema.sql.go:437.2,437.19 1 0
github.com/remiges-tech/crux/db/sqlc-gen/schema.sql.go:460.103,462.16 2 0
github.com/remiges-tech/crux/db/sqlc-gen/schema.sql.go:462.16,464.3 1 0
github.com/remiges-tech/crux/db/sqlc-gen/schema.sql.go:465.2,467.18 3 0
github.com/remiges-tech/crux/db/sqlc-gen/schema.sql.go:467.18,478.17 2 0
github.com/remiges-tech/crux/db/sqlc-gen/schema.sql.go:478.17,480.4 1 0
github.com/remiges-tech/crux/db/sqlc-gen/schema.sql.go:481.3,481.27 1 0
github.com/remiges-tech/crux/db/sqlc-gen/schema.sql.go:483.2,483.35 1 0
github.com/remiges-tech/crux/db/sqlc-gen/schema.sql.go:483.35,485.3 1 0
github.com/remiges-tech/crux/db/sqlc-gen/schema.sql.go:486.2,486.19 1 0
github.com/remiges-tech/crux/db/sqlc-gen/schema.sql.go:510.77,522.2 2 0
github.com/remiges-tech/crux/db/sqlc-gen/schema.sql.go:548.83,559.2 2 0
github.com/remiges-tech/crux/db/sqlc-gen/schema.sql.go:578.105,588.2 4 0
github.com/remiges-tech/crux/db/sqlc-gen/schema.sql.go:605.91,623.2 4 0
github.com/remiges-tech/crux/db/sqlc-gen/schema.sql.go:647.87,650.2 2 0
github.com/remiges-tech/crux/db/sqlc-gen/schema.sql.go:683.99,699.2 4 0
github.com/remiges-tech/crux/db/sqlc-gen/stepworkflow.sql.go:17.81,22.2 4 0
github.com/remiges-tech/crux/db/sqlc-gen/wfinstance.sql.go:43.111,57.2 4 0
github.com/remiges-tech/crux/db/sqlc-gen/wfinstance.sql.go:77.94,87.2 4 0
github.com/remiges-tech/crux/server/schema/schema_delete.go:15.55,22.16 5 0
github.com/remiges-tech/crux/server/schema/schema_delete.go:22.16,25.3 2 0
github.com/remiges-tech/crux/server/schema/schema_delete.go:27.2,27.84 1 0
github.com/remiges-tech/crux/server/schema/schema_delete.go:27.84,27.105 1 0
github.com/remiges-tech/crux/server/schema/schema_delete.go:28.2,28.23 1 0
github.com/remiges-tech/crux/server/schema/schema_delete.go:28.23,32.3 3 0
github.com/remiges-tech/crux/server/schema/schema_delete.go:33.2,34.9 2 0
github.com/remiges-tech/crux/server/schema/schema_delete.go:34.9,38.3 3 0
github.com/remiges-tech/crux/server/schema/schema_delete.go:39.2,44.16 2 0
github.com/remiges-tech/crux/server/schema/schema_delete.go:44.16,48.3 3 0
github.com/remiges-tech/crux/server/schema/schema_delete.go:51.2,52.67 2 0
github.com/remiges-tech/crux/server/schema/schema_get.go:15.52,22.16 5 0
github.com/remiges-tech/crux/server/schema/schema_get.go:22.16,25.3 2 0
github.com/remiges-tech/crux/server/schema/schema_get.go:28.2,28.84 1 0
github.com/remiges-tech/crux/server/schema/schema_get.go:28.84,28.105 1 0
github.com/remiges-tech/crux/server/schema/schema_get.go:29.2,29.23 1 0
github.com/remiges-tech/crux/server/schema/schema_get.go:29.23,33.3 3 0
github.com/remiges-tech/crux/server/schema/schema_get.go:34.2,35.9 2 0
github.com/remiges-tech/crux/server/schema/schema_get.go:35.9,39.3 3 0
github.com/remiges-tech/crux/server/schema/schema_get.go:40.2,45.16 2 0
github.com/remiges-tech/crux/server/schema/schema_get.go:45.16,49.3 3 0
github.com/remiges-tech/crux/server/schema/schema_get.go:51.2,52.74 2 0
github.com/remiges-tech/crux/server/schema/schema_list.go:13.53,36.16 5 0
github.com/remiges-tech/crux/server/schema/schema_list.go:36.16,39.3 2 0
github.com/remiges-tech/crux/server/schema/schema_list.go:42.2,42.87 1 0
github.com/remiges-tech/crux/server/schema/schema_list.go:42.87,42.108 1 0
github.com/remiges-tech/crux/server/schema/schema_list.go:43.2,43.31 1 0
github.com/remiges-tech/crux/server/schema/schema_list.go:43.31,46.3 2 0
github.com/remiges-tech/crux/server/schema/schema_list.go:47.2,48.9 2 0
github.com/remiges-tech/crux/server/schema/schema_list.go:48.9,52.3 3 0
github.com/remiges-tech/crux/server/schema/schema_list.go:54.2,54.14 1 0
github.com/remiges-tech/crux/server/schema/schema_list.go:55.59,57.41 2 0
github.com/remiges-tech/crux/server/schema/schema_list.go:57.41,61.4 3 0
github.com/remiges-tech/crux/server/schema/schema_list.go:62.3,62.119 1 0
github.com/remiges-tech/crux/server/schema/schema_list.go:63.59,65.41 2 0
github.com/remiges-tech/crux/server/schema/schema_list.go:65.41,69.4 3 0
github.com/remiges-tech/crux/server/schema/schema_list.go:70.3,70.119 1 0
github.com/remiges-tech/crux/server/schema/schema_list.go:71.59,73.41 2 0
github.com/remiges-tech/crux/server/schema/schema_list.go:73.41,77.4 3 0
github.com/remiges-tech/crux/server/schema/schema_list.go:78.3,78.119 1 0
github.com/remiges-tech/crux/server/schema/schema_list.go:79.59,81.41 2 0
github.com/remiges-tech/crux/server/schema/schema_list.go:81.41,85.4 3 0
github.com/remiges-tech/crux/server/schema/schema_list.go:86.3,86.119 1 0
github.com/remiges-tech/crux/server/schema/schema_list.go:87.59,89.41 2 0
github.com/remiges-tech/crux/server/schema/schema_list.go:89.41,93.4 3 0
github.com/remiges-tech/crux/server/schema/schema_list.go:94.3,94.119 1 0
github.com/remiges-tech/crux/server/schema/schema_list.go:95.59,97.41 2 0
github.com/remiges-tech/crux/server/schema/schema_list.go:97.41,101.4 3 0
github.com/remiges-tech/crux/server/schema/schema_list.go:102.3,102.119 1 0
github.com/remiges-tech/crux/server/schema/schema_list.go:103.59,105.17 2 0
github.com/remiges-tech/crux/server/schema/schema_list.go:105.17,109.4 3 0
github.com/remiges-tech/crux/server/schema/schema_list.go:110.3,110.115 1 0
github.com/remiges-tech/crux/server/schema/schema_list.go:112.10,114.41 2 0
github.com/remiges-tech/crux/server/schema/schema_list.go:114.41,117.4 2 0
github.com/remiges-tech/crux/server/schema/schema_list.go:118.3,118.119 1 0
github.com/remiges-tech/crux/server/schema/schema_new.go:22.52,29.16 5 0
github.com/remiges-tech/crux/server/schema/schema_new.go:29.16,32.3 2 0
github.com/remiges-tech/crux/server/schema/schema_new.go:35.2,35.87 1 0
github.com/remiges-tech/crux/server/schema/schema_new.go:35.87,35.108 1 0
github.com/remiges-tech/crux/server/schema/schema_new.go:36.2,38.31 3 0
github.com/remiges-tech/crux/server/schema/schema_new.go:38.31,41.3 2 0
github.com/remiges-tech/crux/server/schema/schema_new.go:43.2,44.9 2 0
github.com/remiges-tech/crux/server/schema/schema_new.go:44.9,48.3 3 0
github.com/remiges-tech/crux/server/schema/schema_new.go:49.2,50.16 2 0
github.com/remiges-tech/crux/server/schema/schema_new.go:50.16,55.3 4 0
github.com/remiges-tech/crux/server/schema/schema_new.go:57.2,58.16 2 0
github.com/remiges-tech/crux/server/schema/schema_new.go:58.16,63.3 4 0
github.com/remiges-tech/crux/server/schema/schema_new.go:64.2,65.16 2 0
github.com/remiges-tech/crux/server/schema/schema_new.go:65.16,69.3 3 0
github.com/remiges-tech/crux/server/schema/schema_new.go:70.2,71.44 2 0
github.com/remiges-tech/crux/server/schema/schema_new.go:74.64,82.2 6 0
github.com/remiges-tech/crux/server/schema/schema_new.go:84.74,88.37 3 0
github.com/remiges-tech/crux/server/schema/schema_new.go:88.37,90.39 2 0
github.com/remiges-tech/crux/server/schema/schema_new.go:90.39,94.4 3 0
github.com/remiges-tech/crux/server/schema/schema_new.go:95.3,95.38 1 0
github.com/remiges-tech/crux/server/schema/schema_new.go:95.38,99.4 3 0
github.com/remiges-tech/crux/server/schema/schema_new.go:100.3,100.64 1 0
github.com/remiges-tech/crux/server/schema/schema_new.go:100.64,104.4 3 0
github.com/remiges-tech/crux/server/schema/schema_new.go:106.2,106.25 1 0
github.com/remiges-tech/crux/server/schema/schema_new.go:109.72,112.32 3 0
github.com/remiges-tech/crux/server/schema/schema_new.go:112.32,113.28 1 0
github.com/remiges-tech/crux/server/schema/schema_new.go:113.28,117.4 3 0
github.com/remiges-tech/crux/server/schema/schema_new.go:119.2,119.41 1 0
github.com/remiges-tech/crux/server/schema/schema_new.go:119.41,120.32 1 0
github.com/remiges-tech/crux/server/schema/schema_new.go:120.32,124.4 3 0
github.com/remiges-tech/crux/server/schema/schema_new.go:126.2,126.25 1 0
github.com/remiges-tech/crux/server/schema/schema_update.go:31.55,38.16 5 0
github.com/remiges-tech/crux/server/schema/schema_update.go:38.16,41.3 2 0
github.com/remiges-tech/crux/server/schema/schema_update.go:44.2,44.87 1 0
github.com/remiges-tech/crux/server/schema/schema_update.go:44.87,44.108 1 0
github.com/remiges-tech/crux/server/schema/schema_update.go:45.2,47.31 3 0
github.com/remiges-tech/crux/server/schema/schema_update.go:47.31,50.3 2 0
github.com/remiges-tech/crux/server/schema/schema_update.go:52.2,53.9 2 0
github.com/remiges-tech/crux/server/schema/schema_update.go:53.9,57.3 3 0
github.com/remiges-tech/crux/server/schema/schema_update.go:59.2,60.9 2 0
github.com/remiges-tech/crux/server/schema/schema_update.go:60.9,64.3 3 0
github.com/remiges-tech/crux/server/schema/schema_update.go:66.2,67.16 2 0
github.com/remiges-tech/crux/server/schema/schema_update.go:67.16,71.3 3 0
github.com/remiges-tech/crux/server/schema/schema_update.go:72.2,73.47 2 0
github.com/remiges-tech/crux/server/schema/schema_update.go:76.134,78.16 2 0
github.com/remiges-tech/crux/server/schema/schema_update.go:78.16,81.3 2 0
github.com/remiges-tech/crux/server/schema/schema_update.go:83.2,84.16 2 0
github.com/remiges-tech/crux/server/schema/schema_update.go:84.16,87.3 2 0
github.com/remiges-tech/crux/server/schema/schema_update.go:89.2,90.16 2 0
github.com/remiges-tech/crux/server/schema/schema_update.go:90.16,92.3 1 0
github.com/remiges-tech/crux/server/schema/schema_update.go:93.2,100.16 4 0
github.com/remiges-tech/crux/server/schema/schema_update.go:100.16,103.3 2 0
github.com/remiges-tech/crux/server/schema/schema_update.go:104.2,104.49 1 0
github.com/remiges-tech/crux/server/schema/schema_update.go:104.49,114.17 2 0
github.com/remiges-tech/crux/server/schema/schema_update.go:114.17,117.4 2 0
github.com/remiges-tech/crux/server/schema/schema_update.go:118.8,118.56 1 0
github.com/remiges-tech/crux/server/schema/schema_update.go:118.56,128.17 2 0
github.com/remiges-tech/crux/server/schema/schema_update.go:128.17,131.4 2 0
github.com/remiges-tech/crux/server/schema/schema_update.go:132.8,142.17 2 0
github.com/remiges-tech/crux/server/schema/schema_update.go:142.17,145.4 2 0
github.com/remiges-tech/crux/server/schema/schema_update.go:149.2,149.37 1 0
github.com/remiges-tech/crux/server/schema/schema_update.go:149.37,151.3 1 0
github.com/remiges-tech/crux/server/schema/schema_update.go:153.2,168.12 2 0
github.com/remiges-tech/crux/server/schema/schema_update.go:171.79,173.55 2 0
github.com/remiges-tech/crux/server/schema/schema_update.go:173.55,176.3 2 0
github.com/remiges-tech/crux/server/schema/schema_update.go:176.8,176.62 1 0
github.com/remiges-tech/crux/server/schema/schema_update.go:176.62,179.3 2 0
github.com/remiges-tech/crux/server/schema/schema_update.go:179.8,179.62 1 0
github.com/remiges-tech/crux/server/schema/schema_update.go:179.62,183.3 3 0
github.com/remiges-tech/crux/server/schema/schema_update.go:183.8,188.3 4 0
github.com/remiges-tech/crux/server/schema/schema_update.go:190.2,190.25 1 0
github.com/remiges-tech/crux/server/schema/schema_update.go:192.75,196.37 3 0
github.com/remiges-tech/crux/server/schema/schema_update.go:196.37,198.39 2 0
github.com/remiges-tech/crux/server/schema/schema_update.go:198.39,202.4 3 0
github.com/remiges-tech/crux/server/schema/schema_update.go:203.3,203.38 1 0
github.com/remiges-tech/crux/server/schema/schema_update.go:203.38,207.4 3 0
github.com/remiges-tech/crux/server/schema/schema_update.go:208.3,208.64 1 0
github.com/remiges-tech/crux/server/schema/schema_update.go:208.64,212.4 3 0
github.com/remiges-tech/crux/server/schema/schema_update.go:214.2,214.25 1 0
github.com/remiges-tech/crux/server/schema/schema_update.go:217.73,221.32 3 0
github.com/remiges-tech/crux/server/schema/schema_update.go:221.32,222.28 1 0
github.com/remiges-tech/crux/server/schema/schema_update.go:222.28,226.4 3 0
github.com/remiges-tech/crux/server/schema/schema_update.go:228.2,228.41 1 0
github.com/remiges-tech/crux/server/schema/schema_update.go:228.41,229.32 1 0
github.com/remiges-tech/crux/server/schema/schema_update.go:229.32,233.4 3 0
github.com/remiges-tech/crux/server/schema/schema_update.go:235.2,235.25 1 0
github.com/remiges-tech/crux/server/workflow/workflow_get.go:16.54,23.16 5 1
github.com/remiges-tech/crux/server/workflow/workflow_get.go:23.16,26.3 2 0
github.com/remiges-tech/crux/server/workflow/workflow_get.go:28.2,28.84 1 1
github.com/remiges-tech/crux/server/workflow/workflow_get.go:28.84,28.105 1 1
github.com/remiges-tech/crux/server/workflow/workflow_get.go:29.2,29.23 1 1
github.com/remiges-tech/crux/server/workflow/workflow_get.go:29.23,33.3 3 1
github.com/remiges-tech/crux/server/workflow/workflow_get.go:35.2,36.9 2 1
github.com/remiges-tech/crux/server/workflow/workflow_get.go:36.9,40.3 3 0
github.com/remiges-tech/crux/server/workflow/workflow_get.go:42.2,48.16 2 1
github.com/remiges-tech/crux/server/workflow/workflow_get.go:48.16,52.3 3 1
github.com/remiges-tech/crux/server/workflow/workflow_get.go:54.2,57.16 3 1
github.com/remiges-tech/crux/server/workflow/workflow_get.go:57.16,61.3 3 0
github.com/remiges-tech/crux/server/workflow/workflow_get.go:62.2,63.72 2 1
github.com/remiges-tech/crux/server/workflow/workflow_get.go:66.69,81.2 2 1
github.com/remiges-tech/crux/server/workflow/workflow_list.go:31.55,41.16 5 0
github.com/remiges-tech/crux/server/workflow/workflow_list.go:41.16,44.3 2 0
github.com/remiges-tech/crux/server/workflow/workflow_list.go:47.2,47.84 1 0
github.com/remiges-tech/crux/server/workflow/workflow_list.go:47.84,47.105 1 0
github.com/remiges-tech/crux/server/workflow/workflow_list.go:48.2,48.23 1 0
github.com/remiges-tech/crux/server/workflow/workflow_list.go:48.23,52.3 3 0
github.com/remiges-tech/crux/server/workflow/workflow_list.go:54.2,55.9 2 0
github.com/remiges-tech/crux/server/workflow/workflow_list.go:55.9,59.3 3 0
github.com/remiges-tech/crux/server/workflow/workflow_list.go:62.2,70.16 4 0
github.com/remiges-tech/crux/server/workflow/workflow_list.go:70.16,71.32 1 0
github.com/remiges-tech/crux/server/workflow/workflow_list.go:71.32,75.4 2 0
github.com/remiges-tech/crux/server/workflow/workflow_list.go:76.3,78.9 3 0
github.com/remiges-tech/crux/server/workflow/workflow_list.go:81.2,83.122 2 0
github.com/remiges-tech/crux/server/workflow/workflow_list.go:87.75,88.26 1 0
github.com/remiges-tech/crux/server/workflow/workflow_list.go:88.26,90.3 1 0
github.com/remiges-tech/crux/server/workflow/workflow_list.go:92.2,92.24 1 0
github.com/remiges-tech/crux/server/workflow/workflow_list.go:92.24,94.3 1 0
github.com/remiges-tech/crux/server/workflow/workflow_list.go:95.2,95.26 1 0
github.com/remiges-tech/crux/server/workflow/workflow_list.go:95.26,97.3 1 0
github.com/remiges-tech/crux/server/workflow/workflow_list.go:98.2,98.25 1 0
github.com/remiges-tech/crux/server/workflow/workflow_list.go:98.25,100.3 1 0
github.com/remiges-tech/crux/server/workflow/workflow_list.go:101.2,101.29 1 0
github.com/remiges-tech/crux/server/workflow/workflow_list.go:101.29,103.3 1 0
github.com/remiges-tech/crux/server/workflow/workflow_list.go:104.2,104.31 1 0
github.com/remiges-tech/crux/server/workflow/workflow_list.go:104.31,106.3 1 0
github.com/remiges-tech/crux/server/workflow/workflow_list.go:110.192,112.26 2 0
github.com/remiges-tech/crux/server/workflow/workflow_list.go:112.26,115.34 2 0
github.com/remiges-tech/crux/server/workflow/workflow_list.go:115.34,118.38 2 0
github.com/remiges-tech/crux/server/workflow/workflow_list.go:118.38,129.5 2 0
github.com/remiges-tech/crux/server/workflow/workflow_list.go:130.4,132.38 2 0
github.com/remiges-tech/crux/server/workflow/workflow_list.go:135.3,139.5 3 0
github.com/remiges-tech/crux/server/workflow/workflow_list.go:142.2,142.33 1 0
github.com/remiges-tech/crux/server/workflow/workflow_list.go:142.33,153.3 2 0
github.com/remiges-tech/crux/server/workflow/workflow_list.go:154.2,156.57 2 0
github.com/remiges-tech/crux/server/workflow/workflow_list.go:160.36,162.2 1 0
github.com/remiges-tech/crux/server/workflow/workflow_list.go:165.40,168.2 2 0
github.com/remiges-tech/crux/server/workflow/workflow_list.go:171.33,173.2 1 0
github.com/remiges-tech/crux/server/workflow/workflow_list.go:176.45,178.2 1 0
github.com/remiges-tech/crux/server/workflow/workflow_new.go:29.54,37.16 6 1
github.com/remiges-tech/crux/server/workflow/workflow_new.go:37.16,40.3 2 1
github.com/remiges-tech/crux/server/workflow/workflow_new.go:42.2,42.87 1 1
github.com/remiges-tech/crux/server/workflow/workflow_new.go:42.87,42.108 1 1
github.com/remiges-tech/crux/server/workflow/workflow_new.go:43.2,43.31 1 1
github.com/remiges-tech/crux/server/workflow/workflow_new.go:43.31,46.3 2 1
github.com/remiges-tech/crux/server/workflow/workflow_new.go:48.2,49.9 2 1
github.com/remiges-tech/crux/server/workflow/workflow_new.go:49.9,53.3 3 0
github.com/remiges-tech/crux/server/workflow/workflow_new.go:55.2,56.9 2 1
github.com/remiges-tech/crux/server/workflow/workflow_new.go:56.9,60.3 3 0
github.com/remiges-tech/crux/server/workflow/workflow_new.go:61.2,62.16 2 1
github.com/remiges-tech/crux/server/workflow/workflow_new.go:62.16,66.3 3 0
github.com/remiges-tech/crux/server/workflow/workflow_new.go:67.2,75.16 4 1
github.com/remiges-tech/crux/server/workflow/workflow_new.go:75.16,80.3 4 0
github.com/remiges-tech/crux/server/workflow/workflow_new.go:81.2,85.16 5 1
github.com/remiges-tech/crux/server/workflow/workflow_new.go:85.16,89.3 3 0
github.com/remiges-tech/crux/server/workflow/workflow_new.go:90.2,91.16 2 1
github.com/remiges-tech/crux/server/workflow/workflow_new.go:91.16,95.3 3 0
github.com/remiges-tech/crux/server/workflow/workflow_new.go:98.2,100.31 3 1
github.com/remiges-tech/crux/server/workflow/workflow_new.go:100.31,103.3 2 1
github.com/remiges-tech/crux/server/workflow/workflow_new.go:105.2,106.16 2 1
github.com/remiges-tech/crux/server/workflow/workflow_new.go:106.16,111.3 4 0
github.com/remiges-tech/crux/server/workflow/workflow_new.go:113.2,126.16 2 1
github.com/remiges-tech/crux/server/workflow/workflow_new.go:126.16,131.3 4 0
github.com/remiges-tech/crux/server/workflow/workflow_new.go:132.2,132.37 1 1
github.com/remiges-tech/crux/server/workflow/workflow_new.go:132.37,136.3 3 0
github.com/remiges-tech/crux/server/workflow/workflow_new.go:137.2,138.46 2 1
github.com/remiges-tech/crux/server/workflow/workflow_new.go:141.95,143.28 2 1
github.com/remiges-tech/crux/server/workflow/workflow_new.go:143.28,147.3 3 0
github.com/remiges-tech/crux/server/workflow/workflow_new.go:148.2,153.25 5 1
github.com/remiges-tech/crux/server/workflow/workflow_new.go:156.96,159.41 2 1
github.com/remiges-tech/crux/server/workflow/workflow_new.go:159.41,161.41 2 1
github.com/remiges-tech/crux/server/workflow/workflow_new.go:161.41,164.21 3 1
github.com/remiges-tech/crux/server/workflow/workflow_new.go:164.21,167.67 1 1
github.com/remiges-tech/crux/server/workflow/workflow_new.go:167.67,171.6 3 1
github.com/remiges-tech/crux/server/workflow/workflow_new.go:171.11,174.6 1 0
github.com/remiges-tech/crux/server/workflow/workflow_new.go:176.4,176.25 1 1
github.com/remiges-tech/crux/server/workflow/workflow_new.go:176.25,177.39 1 1
github.com/remiges-tech/crux/server/workflow/workflow_new.go:177.39,182.6 3 1
github.com/remiges-tech/crux/server/workflow/workflow_new.go:184.4,184.26 1 1
github.com/remiges-tech/crux/server/workflow/workflow_new.go:184.26,188.5 3 1
github.com/remiges-tech/crux/server/workflow/workflow_new.go:191.3,192.41 2 1
github.com/remiges-tech/crux/server/workflow/workflow_new.go:192.41,193.25 1 1
github.com/remiges-tech/crux/server/workflow/workflow_new.go:193.25,195.10 2 1
github.com/remiges-tech/crux/server/workflow/workflow_new.go:198.3,198.17 1 1
github.com/remiges-tech/crux/server/workflow/workflow_new.go:198.17,202.4 3 1
github.com/remiges-tech/crux/server/workflow/workflow_new.go:204.2,204.25 1 1
github.com/remiges-tech/crux/server/workflow/workflow_new.go:207.60,208.51 1 1
github.com/remiges-tech/crux/server/workflow/workflow_new.go:208.51,209.22 1 1
github.com/remiges-tech/crux/server/workflow/workflow_new.go:209.22,211.4 1 1
github.com/remiges-tech/crux/server/workflow/workflow_new.go:213.2,213.11 1 1
github.com/remiges-tech/crux/server/workflow/workflow_new.go:216.51,217.24 1 1
github.com/remiges-tech/crux/server/workflow/workflow_new.go:217.24,218.13 1 1
github.com/remiges-tech/crux/server/workflow/workflow_new.go:218.13,220.4 1 1
github.com/remiges-tech/crux/server/workflow/workflow_new.go:222.2,222.14 1 1
github.com/remiges-tech/crux/server/workflow/workflow_new.go:226.47,228.17 2 1
github.com/remiges-tech/crux/server/workflow/workflow_new.go:229.16,230.21 1 0
github.com/remiges-tech/crux/server/workflow/workflow_new.go:231.15,232.20 1 0
github.com/remiges-tech/crux/server/workflow/workflow_new.go:233.17,234.24 1 0
github.com/remiges-tech/crux/server/workflow/workflow_new.go:235.25,236.23 1 1
github.com/remiges-tech/crux/server/workflow/workflow_new.go:237.14,240.20 3 0
github.com/remiges-tech/crux/server/workflow/workflow_new.go:242.2,242.11 1 1
github.com/remiges-tech/crux/server/workflow/workflow_new.go:245.95,247.41 2 1
github.com/remiges-tech/crux/server/workflow/workflow_new.go:247.41,249.44 2 1
github.com/remiges-tech/crux/server/workflow/workflow_new.go:249.44,251.58 2 1
github.com/remiges-tech/crux/server/workflow/workflow_new.go:251.58,255.5 3 1
github.com/remiges-tech/crux/server/workflow/workflow_new.go:258.3,258.49 1 1
github.com/remiges-tech/crux/server/workflow/workflow_new.go:258.49,260.68 2 1
github.com/remiges-tech/crux/server/workflow/workflow_new.go:260.68,264.5 3 1
github.com/remiges-tech/crux/server/workflow/workflow_new.go:267.3,267.63 1 1
github.com/remiges-tech/crux/server/workflow/workflow_new.go:267.63,271.4 3 1
github.com/remiges-tech/crux/server/workflow/workflow_new.go:273.3,274.29 2 1
github.com/remiges-tech/crux/server/workflow/workflow_new.go:274.29,278.4 3 1
github.com/remiges-tech/crux/server/workflow/workflow_new.go:280.3,280.55 1 1
github.com/remiges-tech/crux/server/workflow/workflow_new.go:280.55,284.4 3 1
github.com/remiges-tech/crux/server/workflow/workflow_new.go:285.3,286.74 2 1
github.com/remiges-tech/crux/server/workflow/workflow_new.go:286.74,290.4 3 1
github.com/remiges-tech/crux/server/workflow/workflow_new.go:293.2,293.25 1 1
github.com/remiges-tech/crux/server/workflow/workflow_new.go:296.63,298.26 2 1
github.com/remiges-tech/crux/server/workflow/workflow_new.go:298.26,299.25 1 1
github.com/remiges-tech/crux/server/workflow/workflow_new.go:299.25,301.4 1 1
github.com/remiges-tech/crux/server/workflow/workflow_new.go:302.3,302.41 1 1
github.com/remiges-tech/crux/server/workflow/workflow_new.go:302.41,304.4 1 1
github.com/remiges-tech/crux/server/workflow/workflow_new.go:306.2,306.27 1 1
github.com/remiges-tech/crux/server/workflow/workflow_new.go:309.43,310.26 1 1
github.com/remiges-tech/crux/server/workflow/workflow_new.go:310.26,311.25 1 1
github.com/remiges-tech/crux/server/workflow/workflow_new.go:311.25,313.4 1 1
github.com/remiges-tech/crux/server/workflow/workflow_new.go:315.2,315.11 1 1
github.com/remiges-tech/crux/server/workflow/workflow_update.go:27.57,35.16 6 1
github.com/remiges-tech/crux/server/workflow/workflow_update.go:35.16,38.3 2 1
github.com/remiges-tech/crux/server/workflow/workflow_update.go:40.2,40.87 1 1
github.com/remiges-tech/crux/server/workflow/workflow_update.go:40.87,40.108 1 1
github.com/remiges-tech/crux/server/workflow/workflow_update.go:41.2,41.31 1 1
github.com/remiges-tech/crux/server/workflow/workflow_update.go:41.31,44.3 2 1
github.com/remiges-tech/crux/server/workflow/workflow_update.go:46.2,47.9 2 1
github.com/remiges-tech/crux/server/workflow/workflow_update.go:47.9,51.3 3 0
github.com/remiges-tech/crux/server/workflow/workflow_update.go:53.2,54.9 2 1
github.com/remiges-tech/crux/server/workflow/workflow_update.go:54.9,58.3 3 0
github.com/remiges-tech/crux/server/workflow/workflow_update.go:59.2,60.16 2 1
github.com/remiges-tech/crux/server/workflow/workflow_update.go:60.16,64.3 3 0
github.com/remiges-tech/crux/server/workflow/workflow_update.go:65.2,73.16 4 1
github.com/remiges-tech/crux/server/workflow/workflow_update.go:73.16,78.3 4 0
github.com/remiges-tech/crux/server/workflow/workflow_update.go:79.2,83.16 5 1
github.com/remiges-tech/crux/server/workflow/workflow_update.go:83.16,87.3 3 0
github.com/remiges-tech/crux/server/workflow/workflow_update.go:88.2,89.16 2 1
github.com/remiges-tech/crux/server/workflow/workflow_update.go:89.16,93.3 3 0
github.com/remiges-tech/crux/server/workflow/workflow_update.go:96.2,98.31 3 1
github.com/remiges-tech/crux/server/workflow/workflow_update.go:98.31,101.3 2 1
github.com/remiges-tech/crux/server/workflow/workflow_update.go:103.2,104.16 2 1
github.com/remiges-tech/crux/server/workflow/workflow_update.go:104.16,109.3 4 0
github.com/remiges-tech/crux/server/workflow/workflow_update.go:111.2,120.16 2 1
github.com/remiges-tech/crux/server/workflow/workflow_update.go:120.16,125.3 4 0
github.com/remiges-tech/crux/server/workflow/workflow_update.go:126.2,126.37 1 1
github.com/remiges-tech/crux/server/workflow/workflow_update.go:126.37,130.3 3 0
github.com/remiges-tech/crux/server/workflow/workflow_update.go:131.2,132.49 2 1
github.com/remiges-tech/crux/server/workflow/workflow_update.go:136.107,138.28 2 1
github.com/remiges-tech/crux/server/workflow/workflow_update.go:138.28,142.3 3 0
github.com/remiges-tech/crux/server/workflow/workflow_update.go:143.2,148.25 5 1
github.com/remiges-tech/crux/server/workflow/workflow_update.go:151.108,154.41 2 1
github.com/remiges-tech/crux/server/workflow/workflow_update.go:154.41,156.41 2 1
github.com/remiges-tech/crux/server/workflow/workflow_update.go:156.41,159.21 3 1
github.com/remiges-tech/crux/server/workflow/workflow_update.go:159.21,162.67 1 1
github.com/remiges-tech/crux/server/workflow/workflow_update.go:162.67,166.6 3 1
github.com/remiges-tech/crux/server/workflow/workflow_update.go:166.11,169.6 1 0
github.com/remiges-tech/crux/server/workflow/workflow_update.go:171.4,171.25 1 1
github.com/remiges-tech/crux/server/workflow/workflow_update.go:171.25,172.39 1 1
github.com/remiges-tech/crux/server/workflow/workflow_update.go:172.39,177.6 3 1
github.com/remiges-tech/crux/server/workflow/workflow_update.go:179.4,179.26 1 1
github.com/remiges-tech/crux/server/workflow/workflow_update.go:179.26,183.5 3 1
github.com/remiges-tech/crux/server/workflow/workflow_update.go:186.3,187.41 2 1
github.com/remiges-tech/crux/server/workflow/workflow_update.go:187.41,188.25 1 1
github.com/remiges-tech/crux/server/workflow/workflow_update.go:188.25,190.10 2 1
github.com/remiges-tech/crux/server/workflow/workflow_update.go:193.3,193.17 1 1
github.com/remiges-tech/crux/server/workflow/workflow_update.go:193.17,197.4 3 1
github.com/remiges-tech/crux/server/workflow/workflow_update.go:199.2,199.25 1 1
github.com/remiges-tech/crux/server/workflow/workflow_update.go:202.107,204.41 2 1
github.com/remiges-tech/crux/server/workflow/workflow_update.go:204.41,206.44 2 1
github.com/remiges-tech/crux/server/workflow/workflow_update.go:206.44,208.58 2 1
github.com/remiges-tech/crux/server/workflow/workflow_update.go:208.58,212.5 3 1
github.com/remiges-tech/crux/server/workflow/workflow_update.go:215.3,215.49 1 1
github.com/remiges-tech/crux/server/workflow/workflow_update.go:215.49,217.68 2 1
github.com/remiges-tech/crux/server/workflow/workflow_update.go:217.68,221.5 3 1
github.com/remiges-tech/crux/server/workflow/workflow_update.go:224.3,224.63 1 1
github.com/remiges-tech/crux/server/workflow/workflow_update.go:224.63,228.4 3 1
github.com/remiges-tech/crux/server/workflow/workflow_update.go:230.3,231.29 2 1
github.com/remiges-tech/crux/server/workflow/workflow_update.go:231.29,235.4 3 1
github.com/remiges-tech/crux/server/workflow/workflow_update.go:237.3,237.55 1 1
github.com/remiges-tech/crux/server/workflow/workflow_update.go:237.55,241.4 3 1
github.com/remiges-tech/crux/server/workflow/workflow_update.go:242.3,243.74 2 1
github.com/remiges-tech/crux/server/workflow/workflow_update.go:243.74,247.4 3 1
github.com/remiges-tech/crux/server/workflow/workflow_update.go:250.2,250.25 1 1
github.com/remiges-tech/crux/testutils/test_utils.go:13.35,15.16 2 1
github.com/remiges-tech/crux/testutils/test_utils.go:15.16,17.3 1 0
github.com/remiges-tech/crux/testutils/test_utils.go:18.2,18.17 1 1
github.com/remiges-tech/crux/testutils/test_utils.go:21.56,24.16 2 1
github.com/remiges-tech/crux/testutils/test_utils.go:24.16,26.3 1 0
github.com/remiges-tech/crux/testutils/test_utils.go:27.2,29.16 3 1
github.com/remiges-tech/crux/testutils/test_utils.go:29.16,31.3 1 0
github.com/remiges-tech/crux/testutils/test_utils.go:32.2,32.22 1 1
github.com/remiges-tech/crux/types/types.go:73.39,74.13 1 0
github.com/remiges-tech/crux/types/types.go:75.31,76.14 1 0
github.com/remiges-tech/crux/types/types.go:78.2,78.14 1 0
github.com/remiges-tech/crux/types/types.go:84.58,86.19 2 0
github.com/remiges-tech/crux/types/types.go:87.18,88.38 1 0
github.com/remiges-tech/crux/types/types.go:89.15,90.52 1 0
github.com/remiges-tech/crux/types/types.go:91.12,92.51 1 0
github.com/remiges-tech/crux/types/types.go:93.10,94.41 1 0
github.com/remiges-tech/crux/types/types.go:96.2,96.13 1 0
github.com/remiges-tech/crux/types/types.go:99.35,101.16 2 1
github.com/remiges-tech/crux/types/types.go:101.16,103.3 1 0
github.com/remiges-tech/crux/types/types.go:104.2,104.17 1 1
github.com/remiges-tech/crux/types/types.go:107.56,110.16 2 1
github.com/remiges-tech/crux/types/types.go:110.16,112.3 1 0
github.com/remiges-tech/crux/types/types.go:113.2,115.16 3 1
github.com/remiges-tech/crux/types/types.go:115.16,117.3 1 0
github.com/remiges-tech/crux/types/types.go:118.2,118.22 1 1
