mode: set
github.com/remiges-tech/crux/db/error.go:18.59,21.28 2 1
github.com/remiges-tech/crux/db/error.go:21.28,22.21 1 1
github.com/remiges-tech/crux/db/error.go:23.16,24.119 1 1
github.com/remiges-tech/crux/db/error.go:25.16,26.115 1 0
github.com/remiges-tech/crux/db/error.go:27.16,28.110 1 0
github.com/remiges-tech/crux/db/error.go:29.16,31.99 1 0
github.com/remiges-tech/crux/db/error.go:32.16,33.99 1 0
github.com/remiges-tech/crux/db/error.go:34.11,35.98 1 0
github.com/remiges-tech/crux/db/error.go:37.8,37.23 1 0
github.com/remiges-tech/crux/db/error.go:37.23,38.45 1 0
github.com/remiges-tech/crux/db/error.go:38.45,41.4 1 0
github.com/remiges-tech/crux/db/error.go:41.9,43.4 1 0
github.com/remiges-tech/crux/db/error.go:44.8,46.3 1 0
github.com/remiges-tech/crux/db/pg.go:9.60,12.16 3 1
github.com/remiges-tech/crux/db/pg.go:12.16,14.3 1 0
github.com/remiges-tech/crux/db/pg.go:15.2,16.16 2 1
github.com/remiges-tech/crux/db/pg.go:16.16,18.3 1 0
github.com/remiges-tech/crux/db/pg.go:19.2,19.22 1 1
github.com/remiges-tech/crux/db/sqlc-gen/app.sql.go:24.77,27.2 2 0
github.com/remiges-tech/crux/db/sqlc-gen/app.sql.go:39.76,44.2 4 0
github.com/remiges-tech/crux/db/sqlc-gen/app.sql.go:66.80,74.16 2 0
github.com/remiges-tech/crux/db/sqlc-gen/app.sql.go:74.16,76.3 1 0
github.com/remiges-tech/crux/db/sqlc-gen/app.sql.go:77.2,79.18 3 0
github.com/remiges-tech/crux/db/sqlc-gen/app.sql.go:79.18,89.17 2 0
github.com/remiges-tech/crux/db/sqlc-gen/app.sql.go:89.17,91.4 1 0
github.com/remiges-tech/crux/db/sqlc-gen/app.sql.go:92.3,92.27 1 0
github.com/remiges-tech/crux/db/sqlc-gen/app.sql.go:94.2,94.35 1 0
github.com/remiges-tech/crux/db/sqlc-gen/app.sql.go:94.35,96.3 1 0
github.com/remiges-tech/crux/db/sqlc-gen/app.sql.go:97.2,97.19 1 0
github.com/remiges-tech/crux/db/sqlc-gen/app.sql.go:118.77,126.2 2 0
github.com/remiges-tech/crux/db/sqlc-gen/app.sql.go:162.90,164.16 2 0
github.com/remiges-tech/crux/db/sqlc-gen/app.sql.go:164.16,166.3 1 0
github.com/remiges-tech/crux/db/sqlc-gen/app.sql.go:167.2,169.18 3 0
github.com/remiges-tech/crux/db/sqlc-gen/app.sql.go:169.18,179.17 2 0
github.com/remiges-tech/crux/db/sqlc-gen/app.sql.go:179.17,181.4 1 0
github.com/remiges-tech/crux/db/sqlc-gen/app.sql.go:182.3,182.27 1 0
github.com/remiges-tech/crux/db/sqlc-gen/app.sql.go:184.2,184.35 1 0
github.com/remiges-tech/crux/db/sqlc-gen/app.sql.go:184.35,186.3 1 0
github.com/remiges-tech/crux/db/sqlc-gen/app.sql.go:187.2,187.19 1 0
github.com/remiges-tech/crux/db/sqlc-gen/app.sql.go:199.88,201.16 2 0
github.com/remiges-tech/crux/db/sqlc-gen/app.sql.go:201.16,203.3 1 0
github.com/remiges-tech/crux/db/sqlc-gen/app.sql.go:204.2,206.18 3 0
github.com/remiges-tech/crux/db/sqlc-gen/app.sql.go:206.18,216.17 2 0
github.com/remiges-tech/crux/db/sqlc-gen/app.sql.go:216.17,218.4 1 0
github.com/remiges-tech/crux/db/sqlc-gen/app.sql.go:219.3,219.27 1 0
github.com/remiges-tech/crux/db/sqlc-gen/app.sql.go:221.2,221.35 1 0
github.com/remiges-tech/crux/db/sqlc-gen/app.sql.go:221.35,223.3 1 0
github.com/remiges-tech/crux/db/sqlc-gen/app.sql.go:224.2,224.19 1 0
github.com/remiges-tech/crux/db/sqlc-gen/capgrant.sql.go:32.86,34.16 2 0
github.com/remiges-tech/crux/db/sqlc-gen/capgrant.sql.go:34.16,36.3 1 0
github.com/remiges-tech/crux/db/sqlc-gen/capgrant.sql.go:37.2,39.18 3 0
github.com/remiges-tech/crux/db/sqlc-gen/capgrant.sql.go:39.18,48.17 2 0
github.com/remiges-tech/crux/db/sqlc-gen/capgrant.sql.go:48.17,50.4 1 0
github.com/remiges-tech/crux/db/sqlc-gen/capgrant.sql.go:51.3,51.27 1 0
github.com/remiges-tech/crux/db/sqlc-gen/capgrant.sql.go:53.2,53.35 1 0
github.com/remiges-tech/crux/db/sqlc-gen/capgrant.sql.go:53.35,55.3 1 0
github.com/remiges-tech/crux/db/sqlc-gen/capgrant.sql.go:56.2,56.19 1 0
github.com/remiges-tech/crux/db/sqlc-gen/capgrant.sql.go:82.89,84.16 2 0
github.com/remiges-tech/crux/db/sqlc-gen/capgrant.sql.go:84.16,86.3 1 0
github.com/remiges-tech/crux/db/sqlc-gen/capgrant.sql.go:87.2,89.18 3 0
github.com/remiges-tech/crux/db/sqlc-gen/capgrant.sql.go:89.18,99.17 2 0
github.com/remiges-tech/crux/db/sqlc-gen/capgrant.sql.go:99.17,101.4 1 0
github.com/remiges-tech/crux/db/sqlc-gen/capgrant.sql.go:102.3,102.27 1 0
github.com/remiges-tech/crux/db/sqlc-gen/capgrant.sql.go:104.2,104.35 1 0
github.com/remiges-tech/crux/db/sqlc-gen/capgrant.sql.go:104.35,106.3 1 0
github.com/remiges-tech/crux/db/sqlc-gen/capgrant.sql.go:107.2,107.19 1 0
github.com/remiges-tech/crux/db/sqlc-gen/capgrant.sql.go:121.97,124.2 2 0
github.com/remiges-tech/crux/db/sqlc-gen/capgrant.sql.go:137.107,139.16 2 0
github.com/remiges-tech/crux/db/sqlc-gen/capgrant.sql.go:139.16,141.3 1 0
github.com/remiges-tech/crux/db/sqlc-gen/capgrant.sql.go:142.2,144.18 3 0
github.com/remiges-tech/crux/db/sqlc-gen/capgrant.sql.go:144.18,156.17 2 0
github.com/remiges-tech/crux/db/sqlc-gen/capgrant.sql.go:156.17,158.4 1 0
github.com/remiges-tech/crux/db/sqlc-gen/capgrant.sql.go:159.3,159.27 1 0
github.com/remiges-tech/crux/db/sqlc-gen/capgrant.sql.go:161.2,161.35 1 0
github.com/remiges-tech/crux/db/sqlc-gen/capgrant.sql.go:161.35,163.3 1 0
github.com/remiges-tech/crux/db/sqlc-gen/capgrant.sql.go:164.2,164.19 1 0
github.com/remiges-tech/crux/db/sqlc-gen/capgrant.sql.go:171.86,173.16 2 1
github.com/remiges-tech/crux/db/sqlc-gen/capgrant.sql.go:173.16,175.3 1 0
github.com/remiges-tech/crux/db/sqlc-gen/capgrant.sql.go:176.2,178.18 3 1
github.com/remiges-tech/crux/db/sqlc-gen/capgrant.sql.go:178.18,180.43 2 1
github.com/remiges-tech/crux/db/sqlc-gen/capgrant.sql.go:180.43,182.4 1 0
github.com/remiges-tech/crux/db/sqlc-gen/capgrant.sql.go:183.3,183.31 1 1
github.com/remiges-tech/crux/db/sqlc-gen/capgrant.sql.go:185.2,185.35 1 1
github.com/remiges-tech/crux/db/sqlc-gen/capgrant.sql.go:185.35,187.3 1 0
github.com/remiges-tech/crux/db/sqlc-gen/capgrant.sql.go:188.2,188.19 1 1
github.com/remiges-tech/crux/db/sqlc-gen/capgrant.sql.go:217.95,228.2 2 1
github.com/remiges-tech/crux/db/sqlc-gen/capgrant.sql.go:244.99,254.2 2 1
github.com/remiges-tech/crux/db/sqlc-gen/capgrant.sql.go:260.82,263.2 2 0
github.com/remiges-tech/crux/db/sqlc-gen/capgrant.sql.go:289.95,304.2 4 0
github.com/remiges-tech/crux/db/sqlc-gen/capgrant.sql.go:330.99,345.2 4 0
github.com/remiges-tech/crux/db/sqlc-gen/config.sql.go:30.88,32.16 2 0
github.com/remiges-tech/crux/db/sqlc-gen/config.sql.go:32.16,34.3 1 0
github.com/remiges-tech/crux/db/sqlc-gen/config.sql.go:35.2,37.18 3 0
github.com/remiges-tech/crux/db/sqlc-gen/config.sql.go:37.18,44.17 2 0
github.com/remiges-tech/crux/db/sqlc-gen/config.sql.go:44.17,46.4 1 0
github.com/remiges-tech/crux/db/sqlc-gen/config.sql.go:47.3,47.27 1 0
github.com/remiges-tech/crux/db/sqlc-gen/config.sql.go:49.2,49.35 1 0
github.com/remiges-tech/crux/db/sqlc-gen/config.sql.go:49.35,51.3 1 0
github.com/remiges-tech/crux/db/sqlc-gen/config.sql.go:52.2,52.19 1 0
github.com/remiges-tech/crux/db/sqlc-gen/config.sql.go:74.77,84.2 2 0
github.com/remiges-tech/crux/db/sqlc-gen/db.go:20.28,22.2 1 1
github.com/remiges-tech/crux/db/sqlc-gen/db.go:28.46,32.2 1 0
github.com/remiges-tech/crux/db/sqlc-gen/deactivated.sql.go:23.87,26.2 2 0
github.com/remiges-tech/crux/db/sqlc-gen/deactivated.sql.go:40.91,48.2 2 0
github.com/remiges-tech/crux/db/sqlc-gen/models.go:21.48,22.25 1 0
github.com/remiges-tech/crux/db/sqlc-gen/models.go:23.14,24.19 1 0
github.com/remiges-tech/crux/db/sqlc-gen/models.go:25.14,26.19 1 0
github.com/remiges-tech/crux/db/sqlc-gen/models.go:27.10,28.67 1 0
github.com/remiges-tech/crux/db/sqlc-gen/models.go:30.2,30.12 1 0
github.com/remiges-tech/crux/db/sqlc-gen/models.go:39.55,40.18 1 0
github.com/remiges-tech/crux/db/sqlc-gen/models.go:40.18,43.3 2 0
github.com/remiges-tech/crux/db/sqlc-gen/models.go:44.2,45.32 2 0
github.com/remiges-tech/crux/db/sqlc-gen/models.go:49.54,50.15 1 0
github.com/remiges-tech/crux/db/sqlc-gen/models.go:50.15,52.3 1 0
github.com/remiges-tech/crux/db/sqlc-gen/models.go:53.2,53.33 1 0
github.com/remiges-tech/crux/db/sqlc-gen/realmslice.sql.go:32.136,34.2 1 0
github.com/remiges-tech/crux/db/sqlc-gen/realmslice.sql.go:65.132,75.2 4 0
github.com/remiges-tech/crux/db/sqlc-gen/realmslice.sql.go:110.138,117.2 1 0
github.com/remiges-tech/crux/db/sqlc-gen/realmslice.sql.go:149.136,156.2 1 0
github.com/remiges-tech/crux/db/sqlc-gen/realmslice.sql.go:178.118,180.16 2 0
github.com/remiges-tech/crux/db/sqlc-gen/realmslice.sql.go:180.16,182.3 1 0
github.com/remiges-tech/crux/db/sqlc-gen/realmslice.sql.go:183.2,185.18 3 0
github.com/remiges-tech/crux/db/sqlc-gen/realmslice.sql.go:185.18,196.17 2 0
github.com/remiges-tech/crux/db/sqlc-gen/realmslice.sql.go:196.17,198.4 1 0
github.com/remiges-tech/crux/db/sqlc-gen/realmslice.sql.go:199.3,199.27 1 0
github.com/remiges-tech/crux/db/sqlc-gen/realmslice.sql.go:201.2,201.35 1 0
github.com/remiges-tech/crux/db/sqlc-gen/realmslice.sql.go:201.35,203.3 1 0
github.com/remiges-tech/crux/db/sqlc-gen/realmslice.sql.go:204.2,204.19 1 0
github.com/remiges-tech/crux/db/sqlc-gen/realmslice.sql.go:221.122,226.2 4 0
github.com/remiges-tech/crux/db/sqlc-gen/realmslice.sql.go:253.109,269.2 4 0
github.com/remiges-tech/crux/db/sqlc-gen/realmslice.sql.go:284.102,286.16 2 0
github.com/remiges-tech/crux/db/sqlc-gen/realmslice.sql.go:286.16,288.3 1 0
github.com/remiges-tech/crux/db/sqlc-gen/realmslice.sql.go:289.2,291.18 3 0
github.com/remiges-tech/crux/db/sqlc-gen/realmslice.sql.go:291.18,293.62 2 0
github.com/remiges-tech/crux/db/sqlc-gen/realmslice.sql.go:293.62,295.4 1 0
github.com/remiges-tech/crux/db/sqlc-gen/realmslice.sql.go:296.3,296.27 1 0
github.com/remiges-tech/crux/db/sqlc-gen/realmslice.sql.go:298.2,298.35 1 0
github.com/remiges-tech/crux/db/sqlc-gen/realmslice.sql.go:298.35,300.3 1 0
github.com/remiges-tech/crux/db/sqlc-gen/realmslice.sql.go:301.2,301.19 1 0
github.com/remiges-tech/crux/db/sqlc-gen/realmslice.sql.go:329.113,345.2 4 0
github.com/remiges-tech/crux/db/sqlc-gen/realmslice.sql.go:369.97,371.2 1 0
github.com/remiges-tech/crux/db/sqlc-gen/ruleset.sql.go:22.70,24.16 2 0
github.com/remiges-tech/crux/db/sqlc-gen/ruleset.sql.go:24.16,26.3 1 0
github.com/remiges-tech/crux/db/sqlc-gen/ruleset.sql.go:27.2,29.18 3 0
github.com/remiges-tech/crux/db/sqlc-gen/ruleset.sql.go:29.18,47.17 2 0
github.com/remiges-tech/crux/db/sqlc-gen/ruleset.sql.go:47.17,49.4 1 0
github.com/remiges-tech/crux/db/sqlc-gen/ruleset.sql.go:50.3,50.27 1 0
github.com/remiges-tech/crux/db/sqlc-gen/ruleset.sql.go:52.2,52.35 1 0
github.com/remiges-tech/crux/db/sqlc-gen/ruleset.sql.go:52.35,54.3 1 0
github.com/remiges-tech/crux/db/sqlc-gen/ruleset.sql.go:55.2,55.19 1 0
github.com/remiges-tech/crux/db/sqlc-gen/ruleset.sql.go:76.81,86.2 4 0
github.com/remiges-tech/crux/db/sqlc-gen/ruleset.sql.go:106.85,116.2 4 0
github.com/remiges-tech/crux/db/sqlc-gen/ruleset.sql.go:138.108,149.2 4 0
github.com/remiges-tech/crux/db/sqlc-gen/ruleset.sql.go:171.105,182.2 4 0
github.com/remiges-tech/crux/db/sqlc-gen/ruleset.sql.go:202.98,228.2 4 0
github.com/remiges-tech/crux/db/sqlc-gen/ruleset.sql.go:256.81,270.2 2 0
github.com/remiges-tech/crux/db/sqlc-gen/ruleset.sql.go:299.108,310.2 1 0
github.com/remiges-tech/crux/db/sqlc-gen/ruleset.sql.go:332.108,340.2 1 0
github.com/remiges-tech/crux/db/sqlc-gen/ruleset.sql.go:391.104,401.16 2 0
github.com/remiges-tech/crux/db/sqlc-gen/ruleset.sql.go:401.16,403.3 1 0
github.com/remiges-tech/crux/db/sqlc-gen/ruleset.sql.go:404.2,406.18 3 0
github.com/remiges-tech/crux/db/sqlc-gen/ruleset.sql.go:406.18,420.17 2 0
github.com/remiges-tech/crux/db/sqlc-gen/ruleset.sql.go:420.17,422.4 1 0
github.com/remiges-tech/crux/db/sqlc-gen/ruleset.sql.go:423.3,423.27 1 0
github.com/remiges-tech/crux/db/sqlc-gen/ruleset.sql.go:425.2,425.35 1 0
github.com/remiges-tech/crux/db/sqlc-gen/ruleset.sql.go:425.35,427.3 1 0
github.com/remiges-tech/crux/db/sqlc-gen/ruleset.sql.go:428.2,428.19 1 0
github.com/remiges-tech/crux/db/sqlc-gen/ruleset.sql.go:478.99,502.2 4 0
github.com/remiges-tech/crux/db/sqlc-gen/schema.sql.go:18.69,20.16 2 0
github.com/remiges-tech/crux/db/sqlc-gen/schema.sql.go:20.16,22.3 1 0
github.com/remiges-tech/crux/db/sqlc-gen/schema.sql.go:23.2,25.18 3 0
github.com/remiges-tech/crux/db/sqlc-gen/schema.sql.go:25.18,40.17 2 0
github.com/remiges-tech/crux/db/sqlc-gen/schema.sql.go:40.17,42.4 1 0
github.com/remiges-tech/crux/db/sqlc-gen/schema.sql.go:43.3,43.27 1 0
github.com/remiges-tech/crux/db/sqlc-gen/schema.sql.go:45.2,45.35 1 0
github.com/remiges-tech/crux/db/sqlc-gen/schema.sql.go:45.35,47.3 1 0
github.com/remiges-tech/crux/db/sqlc-gen/schema.sql.go:48.2,48.19 1 0
github.com/remiges-tech/crux/db/sqlc-gen/schema.sql.go:84.117,101.2 4 0
github.com/remiges-tech/crux/db/sqlc-gen/schema.sql.go:107.78,111.2 3 0
github.com/remiges-tech/crux/db/sqlc-gen/schema.sql.go:143.95,150.16 2 0
github.com/remiges-tech/crux/db/sqlc-gen/schema.sql.go:150.16,152.3 1 0
github.com/remiges-tech/crux/db/sqlc-gen/schema.sql.go:153.2,155.18 3 0
github.com/remiges-tech/crux/db/sqlc-gen/schema.sql.go:155.18,166.17 2 0
github.com/remiges-tech/crux/db/sqlc-gen/schema.sql.go:166.17,168.4 1 0
github.com/remiges-tech/crux/db/sqlc-gen/schema.sql.go:169.3,169.27 1 0
github.com/remiges-tech/crux/db/sqlc-gen/schema.sql.go:171.2,171.35 1 0
github.com/remiges-tech/crux/db/sqlc-gen/schema.sql.go:171.35,173.3 1 0
github.com/remiges-tech/crux/db/sqlc-gen/schema.sql.go:174.2,174.19 1 0
github.com/remiges-tech/crux/db/sqlc-gen/schema.sql.go:201.86,215.2 4 0
github.com/remiges-tech/crux/db/sqlc-gen/schema.sql.go:243.83,255.2 2 0
github.com/remiges-tech/crux/db/sqlc-gen/schema.sql.go:275.105,285.2 4 0
github.com/remiges-tech/crux/db/sqlc-gen/schema.sql.go:304.91,327.2 4 0
github.com/remiges-tech/crux/db/sqlc-gen/schema.sql.go:359.104,366.16 2 0
github.com/remiges-tech/crux/db/sqlc-gen/schema.sql.go:366.16,368.3 1 0
github.com/remiges-tech/crux/db/sqlc-gen/schema.sql.go:369.2,371.18 3 0
github.com/remiges-tech/crux/db/sqlc-gen/schema.sql.go:371.18,382.17 2 0
github.com/remiges-tech/crux/db/sqlc-gen/schema.sql.go:382.17,384.4 1 0
github.com/remiges-tech/crux/db/sqlc-gen/schema.sql.go:385.3,385.27 1 0
github.com/remiges-tech/crux/db/sqlc-gen/schema.sql.go:387.2,387.35 1 0
github.com/remiges-tech/crux/db/sqlc-gen/schema.sql.go:387.35,389.3 1 0
github.com/remiges-tech/crux/db/sqlc-gen/schema.sql.go:390.2,390.19 1 0
github.com/remiges-tech/crux/db/sqlc-gen/schema.sql.go:430.87,438.2 2 0
github.com/remiges-tech/crux/db/sqlc-gen/schema.sql.go:473.99,494.2 4 0
github.com/remiges-tech/crux/db/sqlc-gen/sqlc_tx.go:26.57,31.2 1 0
github.com/remiges-tech/crux/db/sqlc-gen/sqlc_tx.go:38.117,40.2 1 0
github.com/remiges-tech/crux/db/sqlc-gen/sqlc_tx.go:47.106,49.16 2 0
github.com/remiges-tech/crux/db/sqlc-gen/sqlc_tx.go:49.16,51.3 1 0
github.com/remiges-tech/crux/db/sqlc-gen/sqlc_tx.go:52.2,54.16 3 0
github.com/remiges-tech/crux/db/sqlc-gen/sqlc_tx.go:54.16,55.46 1 0
github.com/remiges-tech/crux/db/sqlc-gen/sqlc_tx.go:55.46,57.4 1 0
github.com/remiges-tech/crux/db/sqlc-gen/sqlc_tx.go:58.3,58.21 1 0
github.com/remiges-tech/crux/db/sqlc-gen/sqlc_tx.go:60.2,60.31 1 0
github.com/remiges-tech/crux/db/sqlc-gen/stepworkflow.sql.go:21.111,26.2 4 0
github.com/remiges-tech/crux/db/sqlc-gen/wfinstance.sql.go:36.109,47.16 2 0
github.com/remiges-tech/crux/db/sqlc-gen/wfinstance.sql.go:47.16,49.3 1 0
github.com/remiges-tech/crux/db/sqlc-gen/wfinstance.sql.go:50.2,52.18 3 0
github.com/remiges-tech/crux/db/sqlc-gen/wfinstance.sql.go:52.18,66.17 2 0
github.com/remiges-tech/crux/db/sqlc-gen/wfinstance.sql.go:66.17,68.4 1 0
github.com/remiges-tech/crux/db/sqlc-gen/wfinstance.sql.go:69.3,69.27 1 0
github.com/remiges-tech/crux/db/sqlc-gen/wfinstance.sql.go:71.2,71.35 1 0
github.com/remiges-tech/crux/db/sqlc-gen/wfinstance.sql.go:71.35,73.3 1 0
github.com/remiges-tech/crux/db/sqlc-gen/wfinstance.sql.go:74.2,74.19 1 0
github.com/remiges-tech/crux/db/sqlc-gen/wfinstance.sql.go:89.133,91.16 2 0
github.com/remiges-tech/crux/db/sqlc-gen/wfinstance.sql.go:91.16,93.3 1 0
github.com/remiges-tech/crux/db/sqlc-gen/wfinstance.sql.go:94.2,96.18 3 0
github.com/remiges-tech/crux/db/sqlc-gen/wfinstance.sql.go:96.18,110.17 2 0
github.com/remiges-tech/crux/db/sqlc-gen/wfinstance.sql.go:110.17,112.4 1 0
github.com/remiges-tech/crux/db/sqlc-gen/wfinstance.sql.go:113.3,113.27 1 0
github.com/remiges-tech/crux/db/sqlc-gen/wfinstance.sql.go:115.2,115.35 1 0
github.com/remiges-tech/crux/db/sqlc-gen/wfinstance.sql.go:115.35,117.3 1 0
github.com/remiges-tech/crux/db/sqlc-gen/wfinstance.sql.go:118.2,118.19 1 0
github.com/remiges-tech/crux/db/sqlc-gen/wfinstance.sql.go:136.93,139.2 2 0
github.com/remiges-tech/crux/db/sqlc-gen/wfinstance.sql.go:153.115,155.16 2 0
github.com/remiges-tech/crux/db/sqlc-gen/wfinstance.sql.go:155.16,157.3 1 0
github.com/remiges-tech/crux/db/sqlc-gen/wfinstance.sql.go:158.2,160.18 3 0
github.com/remiges-tech/crux/db/sqlc-gen/wfinstance.sql.go:160.18,174.17 2 0
github.com/remiges-tech/crux/db/sqlc-gen/wfinstance.sql.go:174.17,176.4 1 0
github.com/remiges-tech/crux/db/sqlc-gen/wfinstance.sql.go:177.3,177.27 1 0
github.com/remiges-tech/crux/db/sqlc-gen/wfinstance.sql.go:179.2,179.35 1 0
github.com/remiges-tech/crux/db/sqlc-gen/wfinstance.sql.go:179.35,181.3 1 0
github.com/remiges-tech/crux/db/sqlc-gen/wfinstance.sql.go:182.2,182.19 1 0
github.com/remiges-tech/crux/db/sqlc-gen/wfinstance.sql.go:202.94,212.2 4 0
github.com/remiges-tech/crux/db/sqlc-gen/wfinstance.sql.go:231.106,241.2 4 0
github.com/remiges-tech/crux/db/sqlc-gen/wfinstance.sql.go:259.113,281.2 4 0
github.com/remiges-tech/crux/db/sqlc-gen/wfinstance.sql.go:289.90,306.2 4 0
github.com/remiges-tech/crux/db/sqlc-gen/wfinstance.sql.go:326.109,334.16 2 0
github.com/remiges-tech/crux/db/sqlc-gen/wfinstance.sql.go:334.16,336.3 1 0
github.com/remiges-tech/crux/db/sqlc-gen/wfinstance.sql.go:337.2,339.18 3 0
github.com/remiges-tech/crux/db/sqlc-gen/wfinstance.sql.go:339.18,353.17 2 0
github.com/remiges-tech/crux/db/sqlc-gen/wfinstance.sql.go:353.17,355.4 1 0
github.com/remiges-tech/crux/db/sqlc-gen/wfinstance.sql.go:356.3,356.27 1 0
github.com/remiges-tech/crux/db/sqlc-gen/wfinstance.sql.go:358.2,358.35 1 0
github.com/remiges-tech/crux/db/sqlc-gen/wfinstance.sql.go:358.35,360.3 1 0
github.com/remiges-tech/crux/db/sqlc-gen/wfinstance.sql.go:361.2,361.19 1 0
github.com/remiges-tech/crux/db/sqlc-gen/wfinstance.sql.go:370.101,372.16 2 0
github.com/remiges-tech/crux/db/sqlc-gen/wfinstance.sql.go:372.16,374.3 1 0
github.com/remiges-tech/crux/db/sqlc-gen/wfinstance.sql.go:375.2,377.18 3 0
github.com/remiges-tech/crux/db/sqlc-gen/wfinstance.sql.go:377.18,391.17 2 0
github.com/remiges-tech/crux/db/sqlc-gen/wfinstance.sql.go:391.17,393.4 1 0
github.com/remiges-tech/crux/db/sqlc-gen/wfinstance.sql.go:394.3,394.27 1 0
github.com/remiges-tech/crux/db/sqlc-gen/wfinstance.sql.go:396.2,396.35 1 0
github.com/remiges-tech/crux/db/sqlc-gen/wfinstance.sql.go:396.35,398.3 1 0
github.com/remiges-tech/crux/db/sqlc-gen/wfinstance.sql.go:399.2,399.19 1 0
github.com/remiges-tech/crux/db/sqlc-gen/wfinstance.sql.go:418.131,425.16 2 0
github.com/remiges-tech/crux/db/sqlc-gen/wfinstance.sql.go:425.16,427.3 1 0
github.com/remiges-tech/crux/db/sqlc-gen/wfinstance.sql.go:428.2,430.18 3 0
github.com/remiges-tech/crux/db/sqlc-gen/wfinstance.sql.go:430.18,444.17 2 0
github.com/remiges-tech/crux/db/sqlc-gen/wfinstance.sql.go:444.17,446.4 1 0
github.com/remiges-tech/crux/db/sqlc-gen/wfinstance.sql.go:447.3,447.27 1 0
github.com/remiges-tech/crux/db/sqlc-gen/wfinstance.sql.go:449.2,449.35 1 0
github.com/remiges-tech/crux/db/sqlc-gen/wfinstance.sql.go:449.35,451.3 1 0
github.com/remiges-tech/crux/db/sqlc-gen/wfinstance.sql.go:452.2,452.19 1 0
github.com/remiges-tech/crux/db/sqlc-gen/wfinstance.sql.go:475.103,484.2 2 0
github.com/remiges-tech/crux/db/sqlc-gen/wfinstance.sql.go:504.99,513.2 2 0
github.com/remiges-tech/crux/matching-engine/cache.go:13.63,15.32 1 0
github.com/remiges-tech/crux/matching-engine/cache.go:15.32,17.3 1 0
github.com/remiges-tech/crux/matching-engine/cache.go:19.2,19.39 1 0
github.com/remiges-tech/crux/matching-engine/cache.go:19.39,22.14 3 0
github.com/remiges-tech/crux/matching-engine/cache.go:22.14,25.4 2 0
github.com/remiges-tech/crux/matching-engine/cache.go:27.3,29.14 3 0
github.com/remiges-tech/crux/matching-engine/cache.go:29.14,32.4 2 0
github.com/remiges-tech/crux/matching-engine/cache.go:34.3,36.14 3 0
github.com/remiges-tech/crux/matching-engine/cache.go:36.14,42.4 1 0
github.com/remiges-tech/crux/matching-engine/cache.go:43.3,45.70 2 0
github.com/remiges-tech/crux/matching-engine/cache.go:45.70,47.12 2 0
github.com/remiges-tech/crux/matching-engine/cache.go:50.3,52.68 2 0
github.com/remiges-tech/crux/matching-engine/cache.go:52.68,54.12 2 0
github.com/remiges-tech/crux/matching-engine/cache.go:57.3,64.22 3 0
github.com/remiges-tech/crux/matching-engine/cache.go:64.22,66.4 1 0
github.com/remiges-tech/crux/matching-engine/cache.go:66.9,66.29 1 0
github.com/remiges-tech/crux/matching-engine/cache.go:66.29,68.4 1 0
github.com/remiges-tech/crux/matching-engine/cache.go:71.2,71.12 1 0
github.com/remiges-tech/crux/matching-engine/cache.go:74.66,76.33 1 0
github.com/remiges-tech/crux/matching-engine/cache.go:76.33,78.3 1 0
github.com/remiges-tech/crux/matching-engine/cache.go:79.2,79.40 1 0
github.com/remiges-tech/crux/matching-engine/cache.go:79.40,83.14 3 0
github.com/remiges-tech/crux/matching-engine/cache.go:83.14,86.4 2 0
github.com/remiges-tech/crux/matching-engine/cache.go:88.3,90.14 3 0
github.com/remiges-tech/crux/matching-engine/cache.go:90.14,93.4 2 0
github.com/remiges-tech/crux/matching-engine/cache.go:95.3,97.14 3 0
github.com/remiges-tech/crux/matching-engine/cache.go:97.14,103.4 1 0
github.com/remiges-tech/crux/matching-engine/cache.go:105.3,107.17 3 0
github.com/remiges-tech/crux/matching-engine/cache.go:107.17,110.4 2 0
github.com/remiges-tech/crux/matching-engine/cache.go:112.3,119.22 3 0
github.com/remiges-tech/crux/matching-engine/cache.go:119.22,122.4 1 0
github.com/remiges-tech/crux/matching-engine/cache.go:122.9,122.29 1 0
github.com/remiges-tech/crux/matching-engine/cache.go:122.29,126.4 3 0
github.com/remiges-tech/crux/matching-engine/cache.go:129.2,130.12 2 0
github.com/remiges-tech/crux/matching-engine/cache.go:132.91,137.16 4 0
github.com/remiges-tech/crux/matching-engine/cache.go:137.16,139.3 1 0
github.com/remiges-tech/crux/matching-engine/cache.go:141.2,142.16 2 0
github.com/remiges-tech/crux/matching-engine/cache.go:142.16,144.3 1 0
github.com/remiges-tech/crux/matching-engine/cache.go:145.2,145.12 1 0
github.com/remiges-tech/crux/matching-engine/cache.go:148.28,153.2 3 0
github.com/remiges-tech/crux/matching-engine/cache.go:155.58,161.16 4 0
github.com/remiges-tech/crux/matching-engine/cache.go:161.16,163.3 1 0
github.com/remiges-tech/crux/matching-engine/cache.go:164.2,164.32 1 0
github.com/remiges-tech/crux/matching-engine/cache.go:164.32,166.3 1 0
github.com/remiges-tech/crux/matching-engine/cache.go:168.2,169.16 2 0
github.com/remiges-tech/crux/matching-engine/cache.go:169.16,171.3 1 0
github.com/remiges-tech/crux/matching-engine/cache.go:172.2,172.33 1 0
github.com/remiges-tech/crux/matching-engine/cache.go:172.33,174.3 1 0
github.com/remiges-tech/crux/matching-engine/cache.go:175.2,176.16 2 0
github.com/remiges-tech/crux/matching-engine/cache.go:176.16,178.3 1 0
github.com/remiges-tech/crux/matching-engine/cache.go:180.2,180.12 1 0
github.com/remiges-tech/crux/matching-engine/cache.go:183.20,187.40 3 0
github.com/remiges-tech/crux/matching-engine/cache.go:187.40,190.3 2 0
github.com/remiges-tech/crux/matching-engine/cache.go:192.2,192.12 1 0
github.com/remiges-tech/crux/matching-engine/cache.go:195.62,199.40 3 0
github.com/remiges-tech/crux/matching-engine/cache.go:199.40,202.3 2 0
github.com/remiges-tech/crux/matching-engine/cache.go:204.2,205.16 2 0
github.com/remiges-tech/crux/matching-engine/cache.go:205.16,207.3 1 0
github.com/remiges-tech/crux/matching-engine/cache.go:209.2,210.16 2 0
github.com/remiges-tech/crux/matching-engine/cache.go:210.16,212.3 1 0
github.com/remiges-tech/crux/matching-engine/cache.go:213.2,214.16 2 0
github.com/remiges-tech/crux/matching-engine/cache.go:214.16,216.3 1 0
github.com/remiges-tech/crux/matching-engine/cache.go:218.2,218.12 1 0
github.com/remiges-tech/crux/matching-engine/cache_data_structures.go:138.13,141.2 2 1
github.com/remiges-tech/crux/matching-engine/cache_stats_collection.go:36.91,43.18 5 0
github.com/remiges-tech/crux/matching-engine/cache_stats_collection.go:43.18,45.3 1 0
github.com/remiges-tech/crux/matching-engine/cache_stats_collection.go:46.2,47.16 2 0
github.com/remiges-tech/crux/matching-engine/cache_stats_collection.go:47.16,49.3 1 0
github.com/remiges-tech/crux/matching-engine/cache_stats_collection.go:50.2,51.18 2 0
github.com/remiges-tech/crux/matching-engine/cache_stats_collection.go:51.18,53.3 1 0
github.com/remiges-tech/crux/matching-engine/cache_stats_collection.go:54.2,63.66 3 0
github.com/remiges-tech/crux/matching-engine/cache_stats_collection.go:63.66,64.54 1 0
github.com/remiges-tech/crux/matching-engine/cache_stats_collection.go:64.54,69.4 1 0
github.com/remiges-tech/crux/matching-engine/cache_stats_collection.go:70.3,70.54 1 0
github.com/remiges-tech/crux/matching-engine/cache_stats_collection.go:70.54,74.4 1 0
github.com/remiges-tech/crux/matching-engine/cache_stats_collection.go:76.2,76.68 1 0
github.com/remiges-tech/crux/matching-engine/cache_stats_collection.go:76.68,77.59 1 0
github.com/remiges-tech/crux/matching-engine/cache_stats_collection.go:77.59,79.37 2 0
github.com/remiges-tech/crux/matching-engine/cache_stats_collection.go:79.37,84.40 2 0
github.com/remiges-tech/crux/matching-engine/cache_stats_collection.go:84.40,89.6 1 0
github.com/remiges-tech/crux/matching-engine/cache_stats_collection.go:92.3,92.58 1 0
github.com/remiges-tech/crux/matching-engine/cache_stats_collection.go:92.58,94.37 2 0
github.com/remiges-tech/crux/matching-engine/cache_stats_collection.go:94.37,99.40 2 0
github.com/remiges-tech/crux/matching-engine/cache_stats_collection.go:99.40,104.6 1 0
github.com/remiges-tech/crux/matching-engine/cache_stats_collection.go:109.2,117.34 6 0
github.com/remiges-tech/crux/matching-engine/cache_utils.go:20.18,22.2 1 0
github.com/remiges-tech/crux/matching-engine/cache_utils.go:24.20,26.2 1 0
github.com/remiges-tech/crux/matching-engine/cache_utils.go:28.43,31.16 3 0
github.com/remiges-tech/crux/matching-engine/cache_utils.go:31.16,33.3 1 0
github.com/remiges-tech/crux/matching-engine/cache_utils.go:34.2,35.16 2 0
github.com/remiges-tech/crux/matching-engine/cache_utils.go:35.16,37.3 1 0
github.com/remiges-tech/crux/matching-engine/cache_utils.go:38.2,39.34 2 0
github.com/remiges-tech/crux/matching-engine/cache_utils.go:42.36,43.47 1 0
github.com/remiges-tech/crux/matching-engine/cache_utils.go:43.47,44.35 1 0
github.com/remiges-tech/crux/matching-engine/cache_utils.go:44.35,45.43 1 0
github.com/remiges-tech/crux/matching-engine/cache_utils.go:45.43,46.50 1 0
github.com/remiges-tech/crux/matching-engine/cache_utils.go:46.50,47.36 1 0
github.com/remiges-tech/crux/matching-engine/cache_utils.go:47.36,48.35 1 0
github.com/remiges-tech/crux/matching-engine/cache_utils.go:48.35,50.8 1 0
github.com/remiges-tech/crux/matching-engine/cache_utils.go:53.5,53.49 1 0
github.com/remiges-tech/crux/matching-engine/cache_utils.go:53.49,54.36 1 0
github.com/remiges-tech/crux/matching-engine/cache_utils.go:54.36,55.35 1 0
github.com/remiges-tech/crux/matching-engine/cache_utils.go:55.35,57.8 1 0
github.com/remiges-tech/crux/matching-engine/cache_utils.go:65.74,66.40 1 0
github.com/remiges-tech/crux/matching-engine/cache_utils.go:66.40,68.26 2 0
github.com/remiges-tech/crux/matching-engine/cache_utils.go:68.26,70.4 1 0
github.com/remiges-tech/crux/matching-engine/cache_utils.go:72.2,72.40 1 0
github.com/remiges-tech/crux/matching-engine/cache_utils.go:72.40,74.26 2 0
github.com/remiges-tech/crux/matching-engine/cache_utils.go:74.26,76.4 1 0
github.com/remiges-tech/crux/matching-engine/cache_utils.go:81.48,82.41 1 0
github.com/remiges-tech/crux/matching-engine/cache_utils.go:82.41,83.47 1 0
github.com/remiges-tech/crux/matching-engine/cache_utils.go:83.47,84.33 1 0
github.com/remiges-tech/crux/matching-engine/cache_utils.go:84.33,85.13 1 0
github.com/remiges-tech/crux/matching-engine/cache_utils.go:87.4,87.57 1 0
github.com/remiges-tech/crux/matching-engine/cache_utils.go:87.57,88.51 1 0
github.com/remiges-tech/crux/matching-engine/cache_utils.go:88.51,89.47 1 0
github.com/remiges-tech/crux/matching-engine/cache_utils.go:89.47,93.7 2 0
github.com/remiges-tech/crux/matching-engine/cache_utils.go:96.4,96.56 1 0
github.com/remiges-tech/crux/matching-engine/cache_utils.go:96.56,97.51 1 0
github.com/remiges-tech/crux/matching-engine/cache_utils.go:97.51,98.47 1 0
github.com/remiges-tech/crux/matching-engine/cache_utils.go:98.47,101.7 2 0
github.com/remiges-tech/crux/matching-engine/cache_utils.go:106.2,106.12 1 0
github.com/remiges-tech/crux/matching-engine/cache_utils.go:109.29,111.47 1 0
github.com/remiges-tech/crux/matching-engine/cache_utils.go:111.47,113.40 2 0
github.com/remiges-tech/crux/matching-engine/cache_utils.go:113.40,115.43 2 0
github.com/remiges-tech/crux/matching-engine/cache_utils.go:115.43,121.60 3 0
github.com/remiges-tech/crux/matching-engine/cache_utils.go:121.60,123.38 2 0
github.com/remiges-tech/crux/matching-engine/cache_utils.go:123.38,124.36 1 0
github.com/remiges-tech/crux/matching-engine/cache_utils.go:124.36,130.57 5 0
github.com/remiges-tech/crux/matching-engine/cache_utils.go:130.57,131.41 1 0
github.com/remiges-tech/crux/matching-engine/cache_utils.go:131.41,137.10 5 0
github.com/remiges-tech/crux/matching-engine/cache_utils.go:144.5,144.58 1 0
github.com/remiges-tech/crux/matching-engine/cache_utils.go:144.58,146.41 2 0
github.com/remiges-tech/crux/matching-engine/cache_utils.go:146.41,147.40 1 0
github.com/remiges-tech/crux/matching-engine/cache_utils.go:147.40,153.57 5 0
github.com/remiges-tech/crux/matching-engine/cache_utils.go:153.57,154.41 1 0
github.com/remiges-tech/crux/matching-engine/cache_utils.go:154.41,160.10 5 0
github.com/remiges-tech/crux/matching-engine/cache_utils.go:169.28,171.46 1 0
github.com/remiges-tech/crux/matching-engine/cache_utils.go:171.46,173.40 2 0
github.com/remiges-tech/crux/matching-engine/cache_utils.go:173.40,175.43 2 0
github.com/remiges-tech/crux/matching-engine/cache_utils.go:175.43,178.54 3 0
github.com/remiges-tech/crux/matching-engine/cache_utils.go:178.54,185.6 4 0
github.com/remiges-tech/crux/matching-engine/cache_utils.go:186.5,186.54 1 0
github.com/remiges-tech/crux/matching-engine/cache_utils.go:186.54,193.6 4 0
github.com/remiges-tech/crux/matching-engine/cache_utils.go:201.76,203.27 1 0
github.com/remiges-tech/crux/matching-engine/cache_utils.go:205.14,208.49 2 0
github.com/remiges-tech/crux/matching-engine/cache_utils.go:208.49,211.4 2 0
github.com/remiges-tech/crux/matching-engine/cache_utils.go:213.3,214.52 2 0
github.com/remiges-tech/crux/matching-engine/cache_utils.go:214.52,216.58 2 0
github.com/remiges-tech/crux/matching-engine/cache_utils.go:216.58,219.5 2 0
github.com/remiges-tech/crux/matching-engine/cache_utils.go:220.4,220.38 1 0
github.com/remiges-tech/crux/matching-engine/cache_utils.go:220.38,221.46 1 0
github.com/remiges-tech/crux/matching-engine/cache_utils.go:221.46,223.6 1 0
github.com/remiges-tech/crux/matching-engine/cache_utils.go:226.3,226.30 1 0
github.com/remiges-tech/crux/matching-engine/cache_utils.go:226.30,227.43 1 0
github.com/remiges-tech/crux/matching-engine/cache_utils.go:227.43,229.5 1 0
github.com/remiges-tech/crux/matching-engine/cache_utils.go:231.30,233.22 1 0
github.com/remiges-tech/crux/matching-engine/cache_utils.go:233.22,234.24 1 0
github.com/remiges-tech/crux/matching-engine/cache_utils.go:234.24,236.5 1 0
github.com/remiges-tech/crux/matching-engine/cache_utils.go:239.21,240.26 1 0
github.com/remiges-tech/crux/matching-engine/cache_utils.go:240.26,241.41 1 0
github.com/remiges-tech/crux/matching-engine/cache_utils.go:241.41,243.5 1 0
github.com/remiges-tech/crux/matching-engine/cache_utils.go:245.14,246.24 1 0
github.com/remiges-tech/crux/matching-engine/cache_utils.go:248.2,248.14 1 0
github.com/remiges-tech/crux/matching-engine/cache_utils.go:251.66,255.18 2 0
github.com/remiges-tech/crux/matching-engine/cache_utils.go:256.19,257.35 1 0
github.com/remiges-tech/crux/matching-engine/cache_utils.go:257.35,258.65 1 0
github.com/remiges-tech/crux/matching-engine/cache_utils.go:258.65,260.5 1 0
github.com/remiges-tech/crux/matching-engine/cache_utils.go:261.4,261.93 1 0
github.com/remiges-tech/crux/matching-engine/cache_utils.go:261.93,263.5 1 0
github.com/remiges-tech/crux/matching-engine/cache_utils.go:266.21,267.32 1 0
github.com/remiges-tech/crux/matching-engine/cache_utils.go:267.32,268.88 1 0
github.com/remiges-tech/crux/matching-engine/cache_utils.go:268.88,270.5 1 0
github.com/remiges-tech/crux/matching-engine/cache_utils.go:272.22,273.37 1 0
github.com/remiges-tech/crux/matching-engine/cache_utils.go:275.2,275.14 1 0
github.com/remiges-tech/crux/matching-engine/cache_utils.go:278.105,282.18 3 0
github.com/remiges-tech/crux/matching-engine/cache_utils.go:282.18,285.3 1 0
github.com/remiges-tech/crux/matching-engine/cache_utils.go:287.2,289.16 3 0
github.com/remiges-tech/crux/matching-engine/cache_utils.go:289.16,292.3 1 0
github.com/remiges-tech/crux/matching-engine/cache_utils.go:294.2,297.18 3 0
github.com/remiges-tech/crux/matching-engine/cache_utils.go:297.18,300.3 1 0
github.com/remiges-tech/crux/matching-engine/cache_utils.go:302.2,303.14 2 0
github.com/remiges-tech/crux/matching-engine/cache_utils.go:303.14,306.3 1 0
github.com/remiges-tech/crux/matching-engine/cache_utils.go:308.2,309.14 2 0
github.com/remiges-tech/crux/matching-engine/cache_utils.go:309.14,311.3 1 0
github.com/remiges-tech/crux/matching-engine/cache_utils.go:313.2,313.17 1 0
github.com/remiges-tech/crux/matching-engine/cache_utils.go:315.68,319.17 3 0
github.com/remiges-tech/crux/matching-engine/cache_utils.go:320.17,321.60 1 0
github.com/remiges-tech/crux/matching-engine/cache_utils.go:322.16,323.55 1 0
github.com/remiges-tech/crux/matching-engine/cache_utils.go:324.18,325.65 1 0
github.com/remiges-tech/crux/matching-engine/cache_utils.go:326.30,327.36 1 0
github.com/remiges-tech/crux/matching-engine/cache_utils.go:328.22,329.65 1 0
github.com/remiges-tech/crux/matching-engine/cache_utils.go:331.2,331.16 1 0
github.com/remiges-tech/crux/matching-engine/cache_utils.go:331.16,333.3 1 0
github.com/remiges-tech/crux/matching-engine/cache_utils.go:334.2,334.26 1 0
github.com/remiges-tech/crux/matching-engine/cache_utils.go:337.105,341.18 3 0
github.com/remiges-tech/crux/matching-engine/cache_utils.go:341.18,343.3 1 0
github.com/remiges-tech/crux/matching-engine/cache_utils.go:345.2,347.16 3 0
github.com/remiges-tech/crux/matching-engine/cache_utils.go:347.16,349.3 1 0
github.com/remiges-tech/crux/matching-engine/cache_utils.go:351.2,353.18 3 0
github.com/remiges-tech/crux/matching-engine/cache_utils.go:353.18,355.3 1 0
github.com/remiges-tech/crux/matching-engine/cache_utils.go:357.2,359.49 2 0
github.com/remiges-tech/crux/matching-engine/cache_utils.go:359.49,361.3 1 0
github.com/remiges-tech/crux/matching-engine/cache_utils.go:363.2,363.48 1 0
github.com/remiges-tech/crux/matching-engine/cache_utils.go:363.48,365.3 1 0
github.com/remiges-tech/crux/matching-engine/cache_utils.go:367.2,367.22 1 0
github.com/remiges-tech/crux/matching-engine/cache_utils.go:370.125,374.16 3 0
github.com/remiges-tech/crux/matching-engine/cache_utils.go:374.16,376.3 1 0
github.com/remiges-tech/crux/matching-engine/cache_utils.go:378.2,379.16 2 0
github.com/remiges-tech/crux/matching-engine/cache_utils.go:379.16,381.3 1 0
github.com/remiges-tech/crux/matching-engine/cache_utils.go:383.2,383.30 1 0
github.com/remiges-tech/crux/matching-engine/cache_utils.go:386.118,392.2 3 0
github.com/remiges-tech/crux/matching-engine/cache_utils.go:394.43,395.41 1 0
github.com/remiges-tech/crux/matching-engine/cache_utils.go:395.41,396.37 1 0
github.com/remiges-tech/crux/matching-engine/cache_utils.go:396.37,397.40 1 0
github.com/remiges-tech/crux/matching-engine/cache_utils.go:397.40,402.54 3 0
github.com/remiges-tech/crux/matching-engine/cache_utils.go:402.54,404.6 1 0
github.com/remiges-tech/crux/matching-engine/cache_utils.go:407.5,407.58 1 0
github.com/remiges-tech/crux/matching-engine/cache_utils.go:407.58,408.39 1 0
github.com/remiges-tech/crux/matching-engine/cache_utils.go:408.39,410.47 2 0
github.com/remiges-tech/crux/matching-engine/cache_utils.go:410.47,412.8 1 0
github.com/remiges-tech/crux/matching-engine/cache_utils.go:417.5,417.54 1 0
github.com/remiges-tech/crux/matching-engine/cache_utils.go:417.54,419.6 1 0
github.com/remiges-tech/crux/matching-engine/cache_utils.go:422.5,422.58 1 0
github.com/remiges-tech/crux/matching-engine/cache_utils.go:422.58,423.41 1 0
github.com/remiges-tech/crux/matching-engine/cache_utils.go:423.41,425.48 2 0
github.com/remiges-tech/crux/matching-engine/cache_utils.go:425.48,427.8 1 0
github.com/remiges-tech/crux/matching-engine/cache_utils.go:434.112,438.18 3 0
github.com/remiges-tech/crux/matching-engine/cache_utils.go:438.18,440.3 1 0
github.com/remiges-tech/crux/matching-engine/cache_utils.go:442.2,444.16 3 0
github.com/remiges-tech/crux/matching-engine/cache_utils.go:444.16,446.3 1 0
github.com/remiges-tech/crux/matching-engine/cache_utils.go:448.2,450.18 3 0
github.com/remiges-tech/crux/matching-engine/cache_utils.go:450.18,452.3 1 0
github.com/remiges-tech/crux/matching-engine/cache_utils.go:460.2,466.22 2 0
github.com/remiges-tech/crux/matching-engine/cache_utils.go:470.125,472.30 2 0
github.com/remiges-tech/crux/matching-engine/cache_utils.go:472.30,473.26 1 0
github.com/remiges-tech/crux/matching-engine/cache_utils.go:473.26,475.4 1 0
github.com/remiges-tech/crux/matching-engine/cache_utils.go:477.2,477.12 1 0
github.com/remiges-tech/crux/matching-engine/collect_actions.go:5.83,14.43 3 0
github.com/remiges-tech/crux/matching-engine/collect_actions.go:14.43,16.43 2 0
github.com/remiges-tech/crux/matching-engine/collect_actions.go:16.43,17.23 1 0
github.com/remiges-tech/crux/matching-engine/collect_actions.go:17.23,19.10 2 0
github.com/remiges-tech/crux/matching-engine/collect_actions.go:22.3,22.13 1 0
github.com/remiges-tech/crux/matching-engine/collect_actions.go:22.13,24.4 1 0
github.com/remiges-tech/crux/matching-engine/collect_actions.go:29.2,29.46 1 0
github.com/remiges-tech/crux/matching-engine/collect_actions.go:29.46,31.3 1 0
github.com/remiges-tech/crux/matching-engine/collect_actions.go:34.2,34.60 1 0
github.com/remiges-tech/crux/matching-engine/collect_actions.go:34.60,36.57 2 0
github.com/remiges-tech/crux/matching-engine/collect_actions.go:36.57,37.36 1 0
github.com/remiges-tech/crux/matching-engine/collect_actions.go:37.36,40.10 3 0
github.com/remiges-tech/crux/matching-engine/collect_actions.go:43.3,43.13 1 0
github.com/remiges-tech/crux/matching-engine/collect_actions.go:43.13,45.4 1 0
github.com/remiges-tech/crux/matching-engine/collect_actions.go:48.2,48.21 1 0
github.com/remiges-tech/crux/matching-engine/do_match.go:15.129,18.52 2 0
github.com/remiges-tech/crux/matching-engine/do_match.go:18.52,23.3 1 0
github.com/remiges-tech/crux/matching-engine/do_match.go:25.2,27.37 2 0
github.com/remiges-tech/crux/matching-engine/do_match.go:27.37,33.17 3 0
github.com/remiges-tech/crux/matching-engine/do_match.go:33.17,38.4 1 0
github.com/remiges-tech/crux/matching-engine/do_match.go:40.3,40.14 1 0
github.com/remiges-tech/crux/matching-engine/do_match.go:40.14,44.42 2 0
github.com/remiges-tech/crux/matching-engine/do_match.go:44.42,48.16 2 0
github.com/remiges-tech/crux/matching-engine/do_match.go:48.16,50.6 1 0
github.com/remiges-tech/crux/matching-engine/do_match.go:52.5,52.40 1 0
github.com/remiges-tech/crux/matching-engine/do_match.go:52.40,54.6 1 0
github.com/remiges-tech/crux/matching-engine/do_match.go:56.5,58.19 3 0
github.com/remiges-tech/crux/matching-engine/do_match.go:58.19,63.6 1 0
github.com/remiges-tech/crux/matching-engine/do_match.go:64.10,64.48 1 0
github.com/remiges-tech/crux/matching-engine/do_match.go:64.48,67.5 1 0
github.com/remiges-tech/crux/matching-engine/do_match.go:67.10,67.40 1 0
github.com/remiges-tech/crux/matching-engine/do_match.go:67.40,71.5 2 0
github.com/remiges-tech/crux/matching-engine/do_match.go:71.10,71.49 1 0
github.com/remiges-tech/crux/matching-engine/do_match.go:71.49,74.16 2 0
github.com/remiges-tech/crux/matching-engine/do_match.go:74.16,76.6 1 0
github.com/remiges-tech/crux/matching-engine/do_match.go:78.5,78.40 1 0
github.com/remiges-tech/crux/matching-engine/do_match.go:78.40,80.6 1 0
github.com/remiges-tech/crux/matching-engine/do_match.go:82.5,84.19 3 0
github.com/remiges-tech/crux/matching-engine/do_match.go:84.19,89.6 1 0
github.com/remiges-tech/crux/matching-engine/do_match.go:89.11,89.22 1 0
github.com/remiges-tech/crux/matching-engine/do_match.go:89.22,91.6 1 0
github.com/remiges-tech/crux/matching-engine/do_match.go:97.2,99.30 2 0
github.com/remiges-tech/crux/matching-engine/do_match.go:102.85,103.35 1 0
github.com/remiges-tech/crux/matching-engine/do_match.go:103.35,104.38 1 0
github.com/remiges-tech/crux/matching-engine/do_match.go:104.38,106.61 2 0
github.com/remiges-tech/crux/matching-engine/do_match.go:106.61,107.40 1 0
github.com/remiges-tech/crux/matching-engine/do_match.go:107.40,110.6 2 0
github.com/remiges-tech/crux/matching-engine/do_match.go:112.4,112.14 1 0
github.com/remiges-tech/crux/matching-engine/do_match.go:112.14,114.5 1 0
github.com/remiges-tech/crux/matching-engine/do_match.go:117.2,117.19 1 0
github.com/remiges-tech/crux/matching-engine/do_match.go:120.114,124.2 1 0
github.com/remiges-tech/crux/matching-engine/match_pattern.go:33.122,35.35 1 0
github.com/remiges-tech/crux/matching-engine/match_pattern.go:35.35,40.45 3 0
github.com/remiges-tech/crux/matching-engine/match_pattern.go:40.45,45.4 3 0
github.com/remiges-tech/crux/matching-engine/match_pattern.go:48.3,48.26 1 0
github.com/remiges-tech/crux/matching-engine/match_pattern.go:48.26,49.41 1 0
github.com/remiges-tech/crux/matching-engine/match_pattern.go:49.41,50.26 1 0
github.com/remiges-tech/crux/matching-engine/match_pattern.go:50.26,53.6 2 0
github.com/remiges-tech/crux/matching-engine/match_pattern.go:58.3,58.26 1 0
github.com/remiges-tech/crux/matching-engine/match_pattern.go:58.26,61.4 2 0
github.com/remiges-tech/crux/matching-engine/match_pattern.go:63.3,66.17 3 0
github.com/remiges-tech/crux/matching-engine/match_pattern.go:66.17,68.4 1 0
github.com/remiges-tech/crux/matching-engine/match_pattern.go:70.3,70.15 1 0
github.com/remiges-tech/crux/matching-engine/match_pattern.go:70.15,72.4 1 0
github.com/remiges-tech/crux/matching-engine/match_pattern.go:76.2,76.18 1 0
github.com/remiges-tech/crux/matching-engine/match_pattern.go:80.79,81.17 1 0
github.com/remiges-tech/crux/matching-engine/match_pattern.go:82.15,83.42 1 0
github.com/remiges-tech/crux/matching-engine/match_pattern.go:83.42,85.18 2 0
github.com/remiges-tech/crux/matching-engine/match_pattern.go:85.18,87.5 1 0
github.com/remiges-tech/crux/matching-engine/match_pattern.go:88.4,88.24 1 0
github.com/remiges-tech/crux/matching-engine/match_pattern.go:90.3,90.26 1 0
github.com/remiges-tech/crux/matching-engine/match_pattern.go:91.17,92.42 1 0
github.com/remiges-tech/crux/matching-engine/match_pattern.go:92.42,94.18 2 0
github.com/remiges-tech/crux/matching-engine/match_pattern.go:94.18,96.5 1 0
github.com/remiges-tech/crux/matching-engine/match_pattern.go:97.4,97.26 1 0
github.com/remiges-tech/crux/matching-engine/match_pattern.go:99.3,99.26 1 0
github.com/remiges-tech/crux/matching-engine/match_pattern.go:100.16,101.42 1 0
github.com/remiges-tech/crux/matching-engine/match_pattern.go:101.42,103.18 2 0
github.com/remiges-tech/crux/matching-engine/match_pattern.go:103.18,105.5 1 0
github.com/remiges-tech/crux/matching-engine/match_pattern.go:106.4,106.25 1 0
github.com/remiges-tech/crux/matching-engine/match_pattern.go:108.3,108.26 1 0
github.com/remiges-tech/crux/matching-engine/match_pattern.go:109.14,111.26 1 0
github.com/remiges-tech/crux/matching-engine/match_pattern.go:112.25,114.26 1 0
github.com/remiges-tech/crux/matching-engine/match_pattern.go:115.10,116.48 1 0
github.com/remiges-tech/crux/matching-engine/match_pattern.go:120.84,122.23 1 0
github.com/remiges-tech/crux/matching-engine/match_pattern.go:122.23,124.3 1 0
github.com/remiges-tech/crux/matching-engine/match_pattern.go:125.2,125.31 1 0
github.com/remiges-tech/crux/matching-engine/match_pattern.go:125.31,126.55 1 0
github.com/remiges-tech/crux/matching-engine/match_pattern.go:126.55,128.35 1 0
github.com/remiges-tech/crux/matching-engine/match_pattern.go:128.35,131.5 1 0
github.com/remiges-tech/crux/matching-engine/match_pattern.go:134.2,134.11 1 0
github.com/remiges-tech/crux/matching-engine/match_pattern.go:141.101,144.16 2 0
github.com/remiges-tech/crux/matching-engine/match_pattern.go:144.16,146.3 1 0
github.com/remiges-tech/crux/matching-engine/match_pattern.go:147.2,147.12 1 0
github.com/remiges-tech/crux/matching-engine/match_pattern.go:148.12,150.39 1 0
github.com/remiges-tech/crux/matching-engine/match_pattern.go:150.39,152.4 1 0
github.com/remiges-tech/crux/matching-engine/match_pattern.go:153.3,153.19 1 0
github.com/remiges-tech/crux/matching-engine/match_pattern.go:154.12,155.39 1 0
github.com/remiges-tech/crux/matching-engine/match_pattern.go:155.39,157.4 1 0
github.com/remiges-tech/crux/matching-engine/match_pattern.go:158.3,158.19 1 0
github.com/remiges-tech/crux/matching-engine/match_pattern.go:160.2,161.28 2 0
github.com/remiges-tech/crux/matching-engine/match_pattern.go:161.28,163.3 1 0
github.com/remiges-tech/crux/matching-engine/match_pattern.go:164.2,167.12 3 0
github.com/remiges-tech/crux/matching-engine/match_pattern.go:169.12,171.25 2 0
github.com/remiges-tech/crux/matching-engine/match_pattern.go:172.12,174.42 2 0
github.com/remiges-tech/crux/matching-engine/match_pattern.go:175.12,177.24 2 0
github.com/remiges-tech/crux/matching-engine/match_pattern.go:178.12,180.41 2 0
github.com/remiges-tech/crux/matching-engine/match_pattern.go:182.2,182.16 1 0
github.com/remiges-tech/crux/matching-engine/match_pattern.go:182.16,184.3 1 0
github.com/remiges-tech/crux/matching-engine/match_pattern.go:185.2,185.19 1 0
github.com/remiges-tech/crux/matching-engine/match_pattern.go:192.42,193.12 1 0
github.com/remiges-tech/crux/matching-engine/match_pattern.go:193.12,195.3 1 0
github.com/remiges-tech/crux/matching-engine/match_pattern.go:196.2,197.18 2 0
github.com/remiges-tech/crux/matching-engine/match_pattern.go:198.12,199.27 1 0
github.com/remiges-tech/crux/matching-engine/match_pattern.go:199.27,201.4 1 0
github.com/remiges-tech/crux/matching-engine/match_pattern.go:202.11,203.24 1 0
github.com/remiges-tech/crux/matching-engine/match_pattern.go:203.24,205.4 1 0
github.com/remiges-tech/crux/matching-engine/match_pattern.go:206.3,206.25 1 0
github.com/remiges-tech/crux/matching-engine/match_pattern.go:206.25,208.4 1 0
github.com/remiges-tech/crux/matching-engine/match_pattern.go:209.15,210.32 1 0
github.com/remiges-tech/crux/matching-engine/match_pattern.go:210.32,212.4 1 0
github.com/remiges-tech/crux/matching-engine/match_pattern.go:213.3,213.33 1 0
github.com/remiges-tech/crux/matching-engine/match_pattern.go:213.33,215.4 1 0
github.com/remiges-tech/crux/matching-engine/match_pattern.go:216.14,217.30 1 0
github.com/remiges-tech/crux/matching-engine/match_pattern.go:217.30,219.4 1 0
github.com/remiges-tech/crux/matching-engine/match_pattern.go:220.3,220.31 1 0
github.com/remiges-tech/crux/matching-engine/match_pattern.go:220.31,222.4 1 0
github.com/remiges-tech/crux/matching-engine/match_pattern.go:223.17,224.42 1 0
github.com/remiges-tech/crux/matching-engine/match_pattern.go:224.42,226.4 1 0
github.com/remiges-tech/crux/matching-engine/match_pattern.go:227.3,227.37 1 0
github.com/remiges-tech/crux/matching-engine/match_pattern.go:227.37,229.4 1 0
github.com/remiges-tech/crux/matching-engine/match_pattern.go:230.10,231.40 1 0
github.com/remiges-tech/crux/matching-engine/match_pattern.go:233.2,233.14 1 0
github.com/remiges-tech/crux/matching-engine/match_pattern.go:233.14,235.3 1 0
github.com/remiges-tech/crux/matching-engine/match_pattern.go:235.8,237.3 1 0
github.com/remiges-tech/crux/matching-engine/match_pattern.go:241.78,245.17 3 0
github.com/remiges-tech/crux/matching-engine/match_pattern.go:246.16,247.60 1 0
github.com/remiges-tech/crux/matching-engine/match_pattern.go:248.15,249.55 1 0
github.com/remiges-tech/crux/matching-engine/match_pattern.go:250.17,251.65 1 0
github.com/remiges-tech/crux/matching-engine/match_pattern.go:252.25,253.36 1 0
github.com/remiges-tech/crux/matching-engine/match_pattern.go:254.14,255.65 1 0
github.com/remiges-tech/crux/matching-engine/match_pattern.go:257.2,257.16 1 0
github.com/remiges-tech/crux/matching-engine/match_pattern.go:257.16,259.3 1 0
github.com/remiges-tech/crux/matching-engine/match_pattern.go:260.2,260.31 1 0
github.com/remiges-tech/crux/matching-engine/match_pattern.go:263.74,265.19 1 0
github.com/remiges-tech/crux/matching-engine/match_pattern.go:265.19,267.28 1 0
github.com/remiges-tech/crux/matching-engine/match_pattern.go:267.28,270.4 1 0
github.com/remiges-tech/crux/matching-engine/verify_data.go:41.35,43.2 1 0
github.com/remiges-tech/crux/matching-engine/verify_data.go:48.63,50.29 2 0
github.com/remiges-tech/crux/matching-engine/verify_data.go:50.29,52.25 1 0
github.com/remiges-tech/crux/matching-engine/verify_data.go:52.25,55.4 2 0
github.com/remiges-tech/crux/matching-engine/verify_data.go:56.3,56.56 1 0
github.com/remiges-tech/crux/matching-engine/verify_data.go:56.56,58.4 1 0
github.com/remiges-tech/crux/matching-engine/verify_data.go:59.3,59.55 1 0
github.com/remiges-tech/crux/matching-engine/verify_data.go:59.55,61.4 1 0
github.com/remiges-tech/crux/matching-engine/verify_data.go:63.2,63.13 1 0
github.com/remiges-tech/crux/matching-engine/verify_data.go:66.58,68.32 2 0
github.com/remiges-tech/crux/matching-engine/verify_data.go:68.32,71.3 2 0
github.com/remiges-tech/crux/matching-engine/verify_data.go:72.2,76.46 3 0
github.com/remiges-tech/crux/matching-engine/verify_data.go:76.46,78.58 2 0
github.com/remiges-tech/crux/matching-engine/verify_data.go:78.59,80.4 0 0
github.com/remiges-tech/crux/matching-engine/verify_data.go:80.9,84.4 3 0
github.com/remiges-tech/crux/matching-engine/verify_data.go:86.3,86.39 1 0
github.com/remiges-tech/crux/matching-engine/verify_data.go:86.39,90.4 3 0
github.com/remiges-tech/crux/matching-engine/verify_data.go:90.9,90.77 1 0
github.com/remiges-tech/crux/matching-engine/verify_data.go:90.77,94.4 3 0
github.com/remiges-tech/crux/matching-engine/verify_data.go:95.3,95.40 1 0
github.com/remiges-tech/crux/matching-engine/verify_data.go:95.40,96.44 1 0
github.com/remiges-tech/crux/matching-engine/verify_data.go:96.44,100.5 3 0
github.com/remiges-tech/crux/matching-engine/verify_data.go:104.3,104.64 1 0
github.com/remiges-tech/crux/matching-engine/verify_data.go:104.64,106.4 1 0
github.com/remiges-tech/crux/matching-engine/verify_data.go:108.3,108.82 1 0
github.com/remiges-tech/crux/matching-engine/verify_data.go:108.82,112.4 3 0
github.com/remiges-tech/crux/matching-engine/verify_data.go:113.3,113.70 1 0
github.com/remiges-tech/crux/matching-engine/verify_data.go:113.70,115.4 1 0
github.com/remiges-tech/crux/matching-engine/verify_data.go:119.2,119.46 1 0
github.com/remiges-tech/crux/matching-engine/verify_data.go:119.46,122.3 2 0
github.com/remiges-tech/crux/matching-engine/verify_data.go:124.2,124.13 1 0
github.com/remiges-tech/crux/matching-engine/verify_data.go:128.57,131.77 3 0
github.com/remiges-tech/crux/matching-engine/verify_data.go:131.77,134.3 2 0
github.com/remiges-tech/crux/matching-engine/verify_data.go:135.2,135.45 1 0
github.com/remiges-tech/crux/matching-engine/verify_data.go:135.45,137.28 2 0
github.com/remiges-tech/crux/matching-engine/verify_data.go:137.28,141.4 3 0
github.com/remiges-tech/crux/matching-engine/verify_data.go:146.2,146.50 1 0
github.com/remiges-tech/crux/matching-engine/verify_data.go:146.50,149.3 2 0
github.com/remiges-tech/crux/matching-engine/verify_data.go:150.2,152.54 2 0
github.com/remiges-tech/crux/matching-engine/verify_data.go:152.54,154.32 2 0
github.com/remiges-tech/crux/matching-engine/verify_data.go:154.32,158.4 3 0
github.com/remiges-tech/crux/matching-engine/verify_data.go:158.9,158.34 1 0
github.com/remiges-tech/crux/matching-engine/verify_data.go:158.34,160.4 1 0
github.com/remiges-tech/crux/matching-engine/verify_data.go:160.9,160.30 1 0
github.com/remiges-tech/crux/matching-engine/verify_data.go:160.30,162.4 1 0
github.com/remiges-tech/crux/matching-engine/verify_data.go:166.2,166.44 1 0
github.com/remiges-tech/crux/matching-engine/verify_data.go:166.44,169.3 2 0
github.com/remiges-tech/crux/matching-engine/verify_data.go:171.2,171.94 1 0
github.com/remiges-tech/crux/matching-engine/verify_data.go:171.94,174.3 2 0
github.com/remiges-tech/crux/matching-engine/verify_data.go:175.2,175.13 1 0
github.com/remiges-tech/crux/matching-engine/verify_data.go:178.59,180.26 2 0
github.com/remiges-tech/crux/matching-engine/verify_data.go:180.26,182.3 1 0
github.com/remiges-tech/crux/matching-engine/verify_data.go:186.2,186.11 1 0
github.com/remiges-tech/crux/matching-engine/verify_data.go:189.55,191.38 1 0
github.com/remiges-tech/crux/matching-engine/verify_data.go:191.38,192.22 1 0
github.com/remiges-tech/crux/matching-engine/verify_data.go:192.22,195.4 1 0
github.com/remiges-tech/crux/matching-engine/verify_data.go:197.2,197.12 1 0
github.com/remiges-tech/crux/matching-engine/verify_data.go:204.69,208.16 3 0
github.com/remiges-tech/crux/matching-engine/verify_data.go:208.16,210.3 1 0
github.com/remiges-tech/crux/matching-engine/verify_data.go:211.2,211.61 1 0
github.com/remiges-tech/crux/matching-engine/verify_data.go:211.61,213.3 1 0
github.com/remiges-tech/crux/matching-engine/verify_data.go:214.2,214.60 1 0
github.com/remiges-tech/crux/matching-engine/verify_data.go:214.60,216.3 1 0
github.com/remiges-tech/crux/matching-engine/verify_data.go:218.2,218.13 1 0
github.com/remiges-tech/crux/matching-engine/verify_data.go:221.82,224.37 2 0
github.com/remiges-tech/crux/matching-engine/verify_data.go:224.37,226.42 2 0
github.com/remiges-tech/crux/matching-engine/verify_data.go:226.42,242.38 3 0
github.com/remiges-tech/crux/matching-engine/verify_data.go:242.38,246.5 3 0
github.com/remiges-tech/crux/matching-engine/verify_data.go:247.4,247.26 1 0
github.com/remiges-tech/crux/matching-engine/verify_data.go:247.26,251.5 3 0
github.com/remiges-tech/crux/matching-engine/verify_data.go:254.3,254.11 1 0
github.com/remiges-tech/crux/matching-engine/verify_data.go:254.11,256.43 2 0
github.com/remiges-tech/crux/matching-engine/verify_data.go:256.43,257.26 1 0
github.com/remiges-tech/crux/matching-engine/verify_data.go:257.26,260.11 2 0
github.com/remiges-tech/crux/matching-engine/verify_data.go:263.4,263.18 1 0
github.com/remiges-tech/crux/matching-engine/verify_data.go:263.18,267.5 3 0
github.com/remiges-tech/crux/matching-engine/verify_data.go:270.2,270.13 1 0
github.com/remiges-tech/crux/matching-engine/verify_data.go:273.64,276.24 2 0
github.com/remiges-tech/crux/matching-engine/verify_data.go:276.24,278.3 1 0
github.com/remiges-tech/crux/matching-engine/verify_data.go:279.2,279.32 1 0
github.com/remiges-tech/crux/matching-engine/verify_data.go:279.32,281.3 1 0
github.com/remiges-tech/crux/matching-engine/verify_data.go:283.2,283.63 1 0
github.com/remiges-tech/crux/matching-engine/verify_data.go:286.48,287.38 1 0
github.com/remiges-tech/crux/matching-engine/verify_data.go:287.38,288.22 1 0
github.com/remiges-tech/crux/matching-engine/verify_data.go:288.22,290.4 1 0
github.com/remiges-tech/crux/matching-engine/verify_data.go:292.2,292.11 1 0
github.com/remiges-tech/crux/matching-engine/verify_data.go:295.51,296.24 1 0
github.com/remiges-tech/crux/matching-engine/verify_data.go:296.24,298.13 1 0
github.com/remiges-tech/crux/matching-engine/verify_data.go:298.13,301.4 1 0
github.com/remiges-tech/crux/matching-engine/verify_data.go:303.2,303.14 1 0
github.com/remiges-tech/crux/matching-engine/verify_data.go:307.47,310.17 2 0
github.com/remiges-tech/crux/matching-engine/verify_data.go:311.16,312.21 1 0
github.com/remiges-tech/crux/matching-engine/verify_data.go:313.15,314.20 1 0
github.com/remiges-tech/crux/matching-engine/verify_data.go:315.17,316.24 1 0
github.com/remiges-tech/crux/matching-engine/verify_data.go:317.15,319.23 1 0
github.com/remiges-tech/crux/matching-engine/verify_data.go:320.16,322.23 1 0
github.com/remiges-tech/crux/matching-engine/verify_data.go:323.14,326.20 3 0
github.com/remiges-tech/crux/matching-engine/verify_data.go:329.2,329.11 1 0
github.com/remiges-tech/crux/matching-engine/verify_data.go:332.81,335.37 2 0
github.com/remiges-tech/crux/matching-engine/verify_data.go:335.37,337.43 2 0
github.com/remiges-tech/crux/matching-engine/verify_data.go:337.43,344.23 5 0
github.com/remiges-tech/crux/matching-engine/verify_data.go:344.23,348.5 3 0
github.com/remiges-tech/crux/matching-engine/verify_data.go:349.4,349.53 1 0
github.com/remiges-tech/crux/matching-engine/verify_data.go:349.53,351.10 2 0
github.com/remiges-tech/crux/matching-engine/verify_data.go:354.4,354.14 1 0
github.com/remiges-tech/crux/matching-engine/verify_data.go:354.14,358.5 3 0
github.com/remiges-tech/crux/matching-engine/verify_data.go:361.3,361.53 1 0
github.com/remiges-tech/crux/matching-engine/verify_data.go:361.53,364.65 2 0
github.com/remiges-tech/crux/matching-engine/verify_data.go:364.65,366.10 2 0
github.com/remiges-tech/crux/matching-engine/verify_data.go:369.4,369.14 1 0
github.com/remiges-tech/crux/matching-engine/verify_data.go:369.14,373.5 2 0
github.com/remiges-tech/crux/matching-engine/verify_data.go:377.3,377.11 1 0
github.com/remiges-tech/crux/matching-engine/verify_data.go:377.11,380.30 2 0
github.com/remiges-tech/crux/matching-engine/verify_data.go:380.30,383.5 2 0
github.com/remiges-tech/crux/matching-engine/verify_data.go:384.4,384.53 1 0
github.com/remiges-tech/crux/matching-engine/verify_data.go:384.53,387.5 2 0
github.com/remiges-tech/crux/matching-engine/verify_data.go:388.4,389.74 2 0
github.com/remiges-tech/crux/matching-engine/verify_data.go:389.74,392.5 2 0
github.com/remiges-tech/crux/matching-engine/verify_data.go:396.2,396.13 1 0
github.com/remiges-tech/crux/matching-engine/verify_data.go:399.70,401.31 2 0
github.com/remiges-tech/crux/matching-engine/verify_data.go:401.31,403.23 1 0
github.com/remiges-tech/crux/matching-engine/verify_data.go:403.23,405.4 1 0
github.com/remiges-tech/crux/matching-engine/verify_data.go:406.3,406.37 1 0
github.com/remiges-tech/crux/matching-engine/verify_data.go:406.37,408.4 1 0
github.com/remiges-tech/crux/matching-engine/verify_data.go:410.2,410.27 1 0
github.com/remiges-tech/crux/matching-engine/verify_data.go:413.50,414.31 1 0
github.com/remiges-tech/crux/matching-engine/verify_data.go:414.31,415.23 1 0
github.com/remiges-tech/crux/matching-engine/verify_data.go:415.23,417.4 1 0
github.com/remiges-tech/crux/matching-engine/verify_data.go:419.2,419.11 1 0
github.com/remiges-tech/crux/matching-engine/verify_data.go:422.50,425.35 2 0
github.com/remiges-tech/crux/matching-engine/verify_data.go:425.35,426.38 1 0
github.com/remiges-tech/crux/matching-engine/verify_data.go:426.38,428.74 1 0
github.com/remiges-tech/crux/matching-engine/verify_data.go:428.74,431.5 1 0
github.com/remiges-tech/crux/matching-engine/verify_data.go:435.2,435.18 1 0
github.com/remiges-tech/crux/matching-engine/verify_data.go:438.43,440.16 2 0
github.com/remiges-tech/crux/matching-engine/verify_data.go:440.16,442.3 1 0
github.com/remiges-tech/crux/matching-engine/verify_data.go:443.2,443.41 1 0
github.com/remiges-tech/crux/matching-engine/verify_data.go:443.41,446.14 2 0
github.com/remiges-tech/crux/matching-engine/verify_data.go:446.14,448.4 1 0
github.com/remiges-tech/crux/matching-engine/verify_data.go:449.3,450.17 2 0
github.com/remiges-tech/crux/matching-engine/verify_data.go:450.17,452.4 1 0
github.com/remiges-tech/crux/matching-engine/verify_data.go:454.2,454.43 1 0
github.com/remiges-tech/crux/matching-engine/verify_data.go:454.43,456.3 1 0
github.com/remiges-tech/crux/matching-engine/verify_data.go:457.2,457.18 1 0
github.com/remiges-tech/crux/server/wsc_utils.go:26.58,28.19 2 0
github.com/remiges-tech/crux/server/wsc_utils.go:29.18,30.38 1 0
github.com/remiges-tech/crux/server/wsc_utils.go:31.15,32.52 1 0
github.com/remiges-tech/crux/server/wsc_utils.go:33.12,34.51 1 0
github.com/remiges-tech/crux/server/wsc_utils.go:35.10,36.41 1 0
github.com/remiges-tech/crux/server/wsc_utils.go:38.2,38.13 1 0
github.com/remiges-tech/crux/server/wsc_utils.go:41.35,43.16 2 0
github.com/remiges-tech/crux/server/wsc_utils.go:43.16,45.3 1 0
github.com/remiges-tech/crux/server/wsc_utils.go:46.2,46.17 1 0
github.com/remiges-tech/crux/server/wsc_utils.go:49.56,52.16 2 0
github.com/remiges-tech/crux/server/wsc_utils.go:52.16,54.3 1 0
github.com/remiges-tech/crux/server/wsc_utils.go:55.2,57.16 3 0
github.com/remiges-tech/crux/server/wsc_utils.go:57.16,59.3 1 0
github.com/remiges-tech/crux/server/wsc_utils.go:60.2,60.22 1 0
github.com/remiges-tech/crux/server/wsc_utils.go:64.36,66.2 1 0
github.com/remiges-tech/crux/server/wsc_utils.go:69.40,72.2 2 0
github.com/remiges-tech/crux/server/wsc_utils.go:75.45,77.2 1 0
github.com/remiges-tech/crux/server/wsc_utils.go:79.63,82.2 2 1
github.com/remiges-tech/crux/server/wsc_utils.go:85.82,87.16 2 1
github.com/remiges-tech/crux/server/wsc_utils.go:87.16,89.3 1 1
github.com/remiges-tech/crux/server/wsc_utils.go:90.2,92.16 3 0
github.com/remiges-tech/crux/server/wsc_utils.go:92.16,94.3 1 0
github.com/remiges-tech/crux/server/wsc_utils.go:96.2,96.52 1 0
github.com/remiges-tech/crux/server/wsc_utils.go:96.52,98.3 1 0
github.com/remiges-tech/crux/server/wsc_utils.go:100.2,100.16 1 0
github.com/remiges-tech/crux/server/wsc_utils.go:100.16,102.3 1 0
github.com/remiges-tech/crux/server/wsc_utils.go:104.2,104.18 1 0
github.com/remiges-tech/crux/server/wsc_utils.go:107.58,109.16 2 0
github.com/remiges-tech/crux/server/wsc_utils.go:109.16,111.3 1 0
github.com/remiges-tech/crux/server/wsc_utils.go:112.2,114.19 3 0
github.com/remiges-tech/crux/server/wsc_utils.go:117.61,119.2 1 1
github.com/remiges-tech/crux/server/wsc_utils.go:121.60,123.27 2 0
github.com/remiges-tech/crux/server/wsc_utils.go:123.27,127.31 3 0
github.com/remiges-tech/crux/server/wsc_utils.go:127.31,128.27 1 0
github.com/remiges-tech/crux/server/wsc_utils.go:129.17,131.54 2 0
github.com/remiges-tech/crux/server/wsc_utils.go:132.19,134.54 2 0
github.com/remiges-tech/crux/server/wsc_utils.go:135.22,137.54 2 0
github.com/remiges-tech/crux/server/wsc_utils.go:138.20,140.54 2 0
github.com/remiges-tech/crux/server/wsc_utils.go:141.20,143.54 2 0
github.com/remiges-tech/crux/server/wsc_utils.go:144.20,146.54 2 0
github.com/remiges-tech/crux/server/wsc_utils.go:147.12,149.54 2 0
github.com/remiges-tech/crux/server/wsc_utils.go:154.2,154.25 1 0
github.com/remiges-tech/crux/server/wsc_utils.go:157.49,159.2 1 0
github.com/remiges-tech/crux/server/capability/cap_get.go:14.49,19.16 4 1
github.com/remiges-tech/crux/server/capability/cap_get.go:19.16,23.3 3 1
github.com/remiges-tech/crux/server/capability/cap_get.go:25.2,26.16 2 0
github.com/remiges-tech/crux/server/capability/cap_get.go:26.16,30.3 3 0
github.com/remiges-tech/crux/server/capability/cap_get.go:33.2,38.16 2 0
github.com/remiges-tech/crux/server/capability/cap_get.go:38.16,42.3 3 0
github.com/remiges-tech/crux/server/capability/cap_get.go:45.2,46.20 2 0
github.com/remiges-tech/crux/server/capability/cap_get.go:46.20,50.3 3 0
github.com/remiges-tech/crux/server/capability/cap_get.go:53.2,54.9 2 0
github.com/remiges-tech/crux/server/capability/cap_get.go:54.9,58.3 3 0
github.com/remiges-tech/crux/server/capability/cap_get.go:61.2,65.16 2 0
github.com/remiges-tech/crux/server/capability/cap_get.go:65.16,70.3 4 0
github.com/remiges-tech/crux/server/capability/cap_get.go:73.2,74.119 2 0
github.com/remiges-tech/crux/server/capability/cap_grant.go:30.51,62.31 9 1
github.com/remiges-tech/crux/server/capability/cap_grant.go:62.31,66.3 3 0
github.com/remiges-tech/crux/server/capability/cap_grant.go:69.2,70.16 2 1
github.com/remiges-tech/crux/server/capability/cap_grant.go:70.16,73.3 2 0
github.com/remiges-tech/crux/server/capability/cap_grant.go:76.2,76.84 1 1
github.com/remiges-tech/crux/server/capability/cap_grant.go:76.84,76.105 1 0
github.com/remiges-tech/crux/server/capability/cap_grant.go:77.2,77.23 1 1
github.com/remiges-tech/crux/server/capability/cap_grant.go:77.23,81.3 3 0
github.com/remiges-tech/crux/server/capability/cap_grant.go:84.2,85.16 2 1
github.com/remiges-tech/crux/server/capability/cap_grant.go:85.16,89.3 3 1
github.com/remiges-tech/crux/server/capability/cap_grant.go:91.2,92.9 2 1
github.com/remiges-tech/crux/server/capability/cap_grant.go:92.9,96.3 3 0
github.com/remiges-tech/crux/server/capability/cap_grant.go:99.2,100.16 2 1
github.com/remiges-tech/crux/server/capability/cap_grant.go:100.16,105.3 3 0
github.com/remiges-tech/crux/server/capability/cap_grant.go:107.2,107.43 1 1
github.com/remiges-tech/crux/server/capability/cap_grant.go:107.43,117.3 3 1
github.com/remiges-tech/crux/server/capability/cap_grant.go:120.2,120.34 1 1
github.com/remiges-tech/crux/server/capability/cap_grant.go:120.34,122.49 2 1
github.com/remiges-tech/crux/server/capability/cap_grant.go:122.49,124.4 1 1
github.com/remiges-tech/crux/server/capability/cap_grant.go:125.3,125.47 1 1
github.com/remiges-tech/crux/server/capability/cap_grant.go:125.47,127.4 1 1
github.com/remiges-tech/crux/server/capability/cap_grant.go:131.2,131.22 1 1
github.com/remiges-tech/crux/server/capability/cap_grant.go:131.22,140.17 2 1
github.com/remiges-tech/crux/server/capability/cap_grant.go:140.17,145.4 4 0
github.com/remiges-tech/crux/server/capability/cap_grant.go:147.2,147.20 1 1
github.com/remiges-tech/crux/server/capability/cap_grant.go:147.20,158.17 2 1
github.com/remiges-tech/crux/server/capability/cap_grant.go:158.17,163.4 4 1
github.com/remiges-tech/crux/server/capability/cap_grant.go:166.2,167.67 2 1
github.com/remiges-tech/crux/server/capability/cap_grant.go:172.55,177.34 2 1
github.com/remiges-tech/crux/server/capability/cap_grant.go:177.34,180.27 1 1
github.com/remiges-tech/crux/server/capability/cap_grant.go:180.27,182.4 1 0
github.com/remiges-tech/crux/server/capability/cap_grant.go:184.3,184.33 1 1
github.com/remiges-tech/crux/server/capability/cap_grant.go:184.33,186.4 1 1
github.com/remiges-tech/crux/server/capability/cap_grant.go:188.3,188.31 1 1
github.com/remiges-tech/crux/server/capability/cap_grant.go:188.31,190.4 1 0
github.com/remiges-tech/crux/server/capability/cap_grant.go:194.2,194.34 1 1
github.com/remiges-tech/crux/server/capability/cap_grant.go:194.34,195.33 1 0
github.com/remiges-tech/crux/server/capability/cap_grant.go:195.33,197.4 1 0
github.com/remiges-tech/crux/server/capability/cap_grant.go:201.2,201.34 1 1
github.com/remiges-tech/crux/server/capability/cap_grant.go:201.34,202.31 1 0
github.com/remiges-tech/crux/server/capability/cap_grant.go:202.31,204.4 1 0
github.com/remiges-tech/crux/server/capability/cap_grant.go:207.2,207.34 1 1
github.com/remiges-tech/crux/server/capability/cap_grant.go:207.34,209.3 1 0
github.com/remiges-tech/crux/server/capability/cap_grant.go:211.2,211.12 1 1
github.com/remiges-tech/crux/server/capability/cap_list.go:20.50,29.16 5 1
github.com/remiges-tech/crux/server/capability/cap_list.go:29.16,33.3 3 1
github.com/remiges-tech/crux/server/capability/cap_list.go:35.2,36.16 2 0
github.com/remiges-tech/crux/server/capability/cap_list.go:36.16,40.3 3 0
github.com/remiges-tech/crux/server/capability/cap_list.go:43.2,48.16 2 0
github.com/remiges-tech/crux/server/capability/cap_list.go:48.16,52.3 3 0
github.com/remiges-tech/crux/server/capability/cap_list.go:54.2,55.16 2 0
github.com/remiges-tech/crux/server/capability/cap_list.go:55.16,58.3 2 0
github.com/remiges-tech/crux/server/capability/cap_list.go:61.2,61.92 1 0
github.com/remiges-tech/crux/server/capability/cap_list.go:61.92,61.113 1 0
github.com/remiges-tech/crux/server/capability/cap_list.go:62.2,62.31 1 0
github.com/remiges-tech/crux/server/capability/cap_list.go:62.31,66.3 3 0
github.com/remiges-tech/crux/server/capability/cap_list.go:69.2,70.9 2 0
github.com/remiges-tech/crux/server/capability/cap_list.go:70.9,74.3 3 0
github.com/remiges-tech/crux/server/capability/cap_list.go:77.2,83.16 2 0
github.com/remiges-tech/crux/server/capability/cap_list.go:83.16,88.3 4 0
github.com/remiges-tech/crux/server/capability/cap_list.go:91.2,92.120 2 0
github.com/remiges-tech/crux/testutils/test_utils.go:13.35,15.16 2 1
github.com/remiges-tech/crux/testutils/test_utils.go:15.16,17.3 1 0
github.com/remiges-tech/crux/testutils/test_utils.go:18.2,18.17 1 1
github.com/remiges-tech/crux/testutils/test_utils.go:21.56,24.16 2 1
github.com/remiges-tech/crux/testutils/test_utils.go:24.16,26.3 1 0
github.com/remiges-tech/crux/testutils/test_utils.go:27.2,29.16 3 1
github.com/remiges-tech/crux/testutils/test_utils.go:29.16,31.3 1 0
github.com/remiges-tech/crux/testutils/test_utils.go:32.2,32.22 1 1
github.com/remiges-tech/crux/types/types.go:15.39,16.13 1 0
github.com/remiges-tech/crux/types/types.go:17.31,18.14 1 0
github.com/remiges-tech/crux/types/types.go:20.2,20.14 1 0
